DC-Build-Header: hsail-tools 0~20180830-1 / 2021-10-26 22:52:20 +0000
DC-Task: type:rebuild-binarch-only source:hsail-tools version:0~20180830-1 chroot:unstable esttime:87 logfile:/tmp/hsail-tools_0~20180830-1_unstable_clang13.log modes:clang13:binarch-only
DC-Sbuild-call: su user42 -c 'sbuild -n --arch-any --apt-update -d unstable -v --no-run-lintian --chroot-setup-commands=/tmp/clang13 hsail-tools_0~20180830-1'
sbuild (Debian sbuild) 0.78.1 (09 February 2019) on ip-172-31-6-10.eu-central-1.compute.internal

+==============================================================================+
| hsail-tools 0~20180830-1 (amd64)             Tue, 26 Oct 2021 22:52:20 +0000 |
+==============================================================================+

Package: hsail-tools
Version: 0~20180830-1
Source Version: 0~20180830-1
Distribution: unstable
Machine Architecture: amd64
Host Architecture: amd64
Build Architecture: amd64
Build Type: binary

I: NOTICE: Log filtering will replace 'var/run/schroot/mount/sid-amd64-sbuild-acdd3a42-908c-4cd8-a037-2230c44f6e0e' with '<<CHROOT>>'

+------------------------------------------------------------------------------+
| Chroot Setup Commands                                                        |
+------------------------------------------------------------------------------+


/tmp/clang13
------------

+ echo 'Entering customization script...'
Entering customization script...
+ CLANG_VERSION=13
+ echo 'Install of clang-13'
Install of clang-13
+ apt-get update
Get:1 http://127.0.0.1:12990/debian sid InRelease [165 kB]
Get:2 http://127.0.0.1:12990/debian sid/main Sources.diff/Index [63.6 kB]
Get:3 http://127.0.0.1:12990/debian sid/main amd64 Packages.diff/Index [63.6 kB]
Get:4 http://127.0.0.1:12990/debian sid/main Sources T-2021-10-26-2004.40-F-2021-10-26-0202.15.pdiff [47.3 kB]
Get:4 http://127.0.0.1:12990/debian sid/main Sources T-2021-10-26-2004.40-F-2021-10-26-0202.15.pdiff [47.3 kB]
Get:5 http://127.0.0.1:12990/debian sid/main amd64 Packages T-2021-10-26-2004.40-F-2021-10-26-0202.15.pdiff [55.9 kB]
Get:5 http://127.0.0.1:12990/debian sid/main amd64 Packages T-2021-10-26-2004.40-F-2021-10-26-0202.15.pdiff [55.9 kB]
Get:6 http://127.0.0.1:12990/debian sid/main Translation-en [6586 kB]
Fetched 6981 kB in 3s (2758 kB/s)
Reading package lists...
+ apt-get install --yes --no-install-recommends --force-yes clang-13 libomp-13-dev libobjc-9-dev
Reading package lists...
Building dependency tree...
The following additional packages will be installed:
  lib32gcc-s1 lib32stdc++6 libasan5 libbsd0 libc6-i386 libclang-common-13-dev
  libclang-cpp13 libclang1-13 libedit2 libgc1 libgcc-9-dev libicu67 libllvm13
  libmd0 libobjc-11-dev libobjc4 libomp5-13 libxml2 libz3-4
Suggested packages:
  clang-13-doc libomp-13-doc
Recommended packages:
  llvm-13-dev python3
The following NEW packages will be installed:
  clang-13 lib32gcc-s1 lib32stdc++6 libasan5 libbsd0 libc6-i386
  libclang-common-13-dev libclang-cpp13 libclang1-13 libedit2 libgc1
  libgcc-9-dev libicu67 libllvm13 libmd0 libobjc-11-dev libobjc-9-dev libobjc4
  libomp-13-dev libomp5-13 libxml2 libz3-4
0 upgraded, 22 newly installed, 0 to remove and 0 not upgraded.
Need to get 68.5 MB of archives.
After this operation, 379 MB of additional disk space will be used.
Get:1 http://127.0.0.1:12990/debian sid/main amd64 libmd0 amd64 1.0.4-1 [29.6 kB]
Get:2 http://127.0.0.1:12990/debian sid/main amd64 libbsd0 amd64 0.11.3-1 [108 kB]
Get:3 http://127.0.0.1:12990/debian sid/main amd64 libedit2 amd64 3.1-20210910-1 [97.5 kB]
Get:4 http://127.0.0.1:12990/debian sid/main amd64 libicu67 amd64 67.1-7 [8622 kB]
Get:5 http://127.0.0.1:12990/debian sid/main amd64 libxml2 amd64 2.9.12+dfsg-5 [696 kB]
Get:6 http://127.0.0.1:12990/debian sid/main amd64 libz3-4 amd64 4.8.12-1+b1 [6997 kB]
Get:7 http://127.0.0.1:12990/debian sid/main amd64 libllvm13 amd64 1:13.0.0-8 [19.7 MB]
Get:8 http://127.0.0.1:12990/debian sid/main amd64 libclang-cpp13 amd64 1:13.0.0-8 [10.5 MB]
Get:9 http://127.0.0.1:12990/debian sid/main amd64 libgc1 amd64 1:8.0.4-3 [239 kB]
Get:10 http://127.0.0.1:12990/debian sid/main amd64 libobjc4 amd64 11.2.0-10 [43.2 kB]
Get:11 http://127.0.0.1:12990/debian sid/main amd64 libobjc-11-dev amd64 11.2.0-10 [170 kB]
Get:12 http://127.0.0.1:12990/debian sid/main amd64 libc6-i386 amd64 2.32-4 [2624 kB]
Get:13 http://127.0.0.1:12990/debian sid/main amd64 lib32gcc-s1 amd64 11.2.0-10 [49.9 kB]
Get:14 http://127.0.0.1:12990/debian sid/main amd64 lib32stdc++6 amd64 11.2.0-10 [601 kB]
Get:15 http://127.0.0.1:12990/debian sid/main amd64 libclang-common-13-dev amd64 1:13.0.0-8 [5730 kB]
Get:16 http://127.0.0.1:12990/debian sid/main amd64 libclang1-13 amd64 1:13.0.0-8 [6093 kB]
Get:17 http://127.0.0.1:12990/debian sid/main amd64 clang-13 amd64 1:13.0.0-8 [119 kB]
Get:18 http://127.0.0.1:12990/debian sid/main amd64 libasan5 amd64 9.4.0-3 [2734 kB]
Get:19 http://127.0.0.1:12990/debian sid/main amd64 libgcc-9-dev amd64 9.4.0-3 [2343 kB]
Get:20 http://127.0.0.1:12990/debian sid/main amd64 libobjc-9-dev amd64 9.4.0-3 [219 kB]
Get:21 http://127.0.0.1:12990/debian sid/main amd64 libomp5-13 amd64 1:13.0.0-8 [377 kB]
Get:22 http://127.0.0.1:12990/debian sid/main amd64 libomp-13-dev amd64 1:13.0.0-8 [482 kB]
debconf: delaying package configuration, since apt-utils is not installed
Fetched 68.5 MB in 0s (155 MB/s)
Selecting previously unselected package libmd0:amd64.
(Reading database ... (Reading database ... 5%(Reading database ... 10%(Reading database ... 15%(Reading database ... 20%(Reading database ... 25%(Reading database ... 30%(Reading database ... 35%(Reading database ... 40%(Reading database ... 45%(Reading database ... 50%(Reading database ... 55%(Reading database ... 60%(Reading database ... 65%(Reading database ... 70%(Reading database ... 75%(Reading database ... 80%(Reading database ... 85%(Reading database ... 90%(Reading database ... 95%(Reading database ... 100%(Reading database ... 12431 files and directories currently installed.)
Preparing to unpack .../00-libmd0_1.0.4-1_amd64.deb ...
Unpacking libmd0:amd64 (1.0.4-1) ...
Selecting previously unselected package libbsd0:amd64.
Preparing to unpack .../01-libbsd0_0.11.3-1_amd64.deb ...
Unpacking libbsd0:amd64 (0.11.3-1) ...
Selecting previously unselected package libedit2:amd64.
Preparing to unpack .../02-libedit2_3.1-20210910-1_amd64.deb ...
Unpacking libedit2:amd64 (3.1-20210910-1) ...
Selecting previously unselected package libicu67:amd64.
Preparing to unpack .../03-libicu67_67.1-7_amd64.deb ...
Unpacking libicu67:amd64 (67.1-7) ...
Selecting previously unselected package libxml2:amd64.
Preparing to unpack .../04-libxml2_2.9.12+dfsg-5_amd64.deb ...
Unpacking libxml2:amd64 (2.9.12+dfsg-5) ...
Selecting previously unselected package libz3-4:amd64.
Preparing to unpack .../05-libz3-4_4.8.12-1+b1_amd64.deb ...
Unpacking libz3-4:amd64 (4.8.12-1+b1) ...
Selecting previously unselected package libllvm13:amd64.
Preparing to unpack .../06-libllvm13_1%3a13.0.0-8_amd64.deb ...
Unpacking libllvm13:amd64 (1:13.0.0-8) ...
Selecting previously unselected package libclang-cpp13.
Preparing to unpack .../07-libclang-cpp13_1%3a13.0.0-8_amd64.deb ...
Unpacking libclang-cpp13 (1:13.0.0-8) ...
Selecting previously unselected package libgc1:amd64.
Preparing to unpack .../08-libgc1_1%3a8.0.4-3_amd64.deb ...
Unpacking libgc1:amd64 (1:8.0.4-3) ...
Selecting previously unselected package libobjc4:amd64.
Preparing to unpack .../09-libobjc4_11.2.0-10_amd64.deb ...
Unpacking libobjc4:amd64 (11.2.0-10) ...
Selecting previously unselected package libobjc-11-dev:amd64.
Preparing to unpack .../10-libobjc-11-dev_11.2.0-10_amd64.deb ...
Unpacking libobjc-11-dev:amd64 (11.2.0-10) ...
Selecting previously unselected package libc6-i386.
Preparing to unpack .../11-libc6-i386_2.32-4_amd64.deb ...
Unpacking libc6-i386 (2.32-4) ...
Selecting previously unselected package lib32gcc-s1.
Preparing to unpack .../12-lib32gcc-s1_11.2.0-10_amd64.deb ...
Unpacking lib32gcc-s1 (11.2.0-10) ...
Selecting previously unselected package lib32stdc++6.
Preparing to unpack .../13-lib32stdc++6_11.2.0-10_amd64.deb ...
Unpacking lib32stdc++6 (11.2.0-10) ...
Selecting previously unselected package libclang-common-13-dev.
Preparing to unpack .../14-libclang-common-13-dev_1%3a13.0.0-8_amd64.deb ...
Unpacking libclang-common-13-dev (1:13.0.0-8) ...
Selecting previously unselected package libclang1-13.
Preparing to unpack .../15-libclang1-13_1%3a13.0.0-8_amd64.deb ...
Unpacking libclang1-13 (1:13.0.0-8) ...
Selecting previously unselected package clang-13.
Preparing to unpack .../16-clang-13_1%3a13.0.0-8_amd64.deb ...
Unpacking clang-13 (1:13.0.0-8) ...
Selecting previously unselected package libasan5:amd64.
Preparing to unpack .../17-libasan5_9.4.0-3_amd64.deb ...
Unpacking libasan5:amd64 (9.4.0-3) ...
Selecting previously unselected package libgcc-9-dev:amd64.
Preparing to unpack .../18-libgcc-9-dev_9.4.0-3_amd64.deb ...
Unpacking libgcc-9-dev:amd64 (9.4.0-3) ...
Selecting previously unselected package libobjc-9-dev:amd64.
Preparing to unpack .../19-libobjc-9-dev_9.4.0-3_amd64.deb ...
Unpacking libobjc-9-dev:amd64 (9.4.0-3) ...
Selecting previously unselected package libomp5-13:amd64.
Preparing to unpack .../20-libomp5-13_1%3a13.0.0-8_amd64.deb ...
Unpacking libomp5-13:amd64 (1:13.0.0-8) ...
Selecting previously unselected package libomp-13-dev.
Preparing to unpack .../21-libomp-13-dev_1%3a13.0.0-8_amd64.deb ...
Unpacking libomp-13-dev (1:13.0.0-8) ...
Setting up libicu67:amd64 (67.1-7) ...
Setting up libasan5:amd64 (9.4.0-3) ...
Setting up libz3-4:amd64 (4.8.12-1+b1) ...
Setting up libgc1:amd64 (1:8.0.4-3) ...
Setting up libmd0:amd64 (1.0.4-1) ...
Setting up libc6-i386 (2.32-4) ...
Setting up libomp5-13:amd64 (1:13.0.0-8) ...
Setting up libbsd0:amd64 (0.11.3-1) ...
Setting up libxml2:amd64 (2.9.12+dfsg-5) ...
Setting up libedit2:amd64 (3.1-20210910-1) ...
Setting up libobjc4:amd64 (11.2.0-10) ...
Setting up libgcc-9-dev:amd64 (9.4.0-3) ...
Setting up lib32gcc-s1 (11.2.0-10) ...
Setting up lib32stdc++6 (11.2.0-10) ...
Setting up libllvm13:amd64 (1:13.0.0-8) ...
Setting up libobjc-9-dev:amd64 (9.4.0-3) ...
Setting up libclang-common-13-dev (1:13.0.0-8) ...
Setting up libomp-13-dev (1:13.0.0-8) ...
Setting up libobjc-11-dev:amd64 (11.2.0-10) ...
Setting up libclang1-13 (1:13.0.0-8) ...
Setting up libclang-cpp13 (1:13.0.0-8) ...
Setting up clang-13 (1:13.0.0-8) ...
Processing triggers for libc-bin (2.32-4) ...
W: --force-yes is deprecated, use one of the options starting with --allow instead.
+ echo 'Replace gcc, g++ & cpp by clang'
Replace gcc, g++ & cpp by clang
+ VERSIONS='4.6 4.7 4.8 4.9 5 6 7 8 9 10 11'
+ cd /usr/bin
+ for VERSION in $VERSIONS
+ rm -f g++-4.6 gcc-4.6 cpp-4.6 gcc
+ ln -s clang++-13 g++-4.6
+ ln -s clang-13 gcc-4.6
+ ln -s clang-13 cpp-4.6
+ ln -s clang-13 gcc
+ echo 'gcc-4.6 hold'
+ dpkg --set-selections
dpkg: warning: package not in status nor available database at line 1: gcc-4.6
dpkg: warning: found unknown packages; this might mean the available database
is outdated, and needs to be updated through a frontend method;
please see the FAQ <https://wiki.debian.org/Teams/Dpkg/FAQ>
+ echo 'g++-4.6 hold'
+ dpkg --set-selections
dpkg: warning: package not in status nor available database at line 1: g++-4.6
dpkg: warning: found unknown packages; this might mean the available database
is outdated, and needs to be updated through a frontend method;
please see the FAQ <https://wiki.debian.org/Teams/Dpkg/FAQ>
+ for VERSION in $VERSIONS
+ rm -f g++-4.7 gcc-4.7 cpp-4.7 gcc
+ ln -s clang++-13 g++-4.7
+ ln -s clang-13 gcc-4.7
+ ln -s clang-13 cpp-4.7
+ ln -s clang-13 gcc
+ echo 'gcc-4.7 hold'
+ dpkg --set-selections
dpkg: warning: package not in status nor available database at line 1: gcc-4.7
dpkg: warning: found unknown packages; this might mean the available database
is outdated, and needs to be updated through a frontend method;
please see the FAQ <https://wiki.debian.org/Teams/Dpkg/FAQ>
+ echo 'g++-4.7 hold'
+ dpkg --set-selections
dpkg: warning: package not in status nor available database at line 1: g++-4.7
dpkg: warning: found unknown packages; this might mean the available database
is outdated, and needs to be updated through a frontend method;
please see the FAQ <https://wiki.debian.org/Teams/Dpkg/FAQ>
+ for VERSION in $VERSIONS
+ rm -f g++-4.8 gcc-4.8 cpp-4.8 gcc
+ ln -s clang++-13 g++-4.8
+ ln -s clang-13 gcc-4.8
+ ln -s clang-13 cpp-4.8
+ ln -s clang-13 gcc
+ echo 'gcc-4.8 hold'
+ dpkg --set-selections
dpkg: warning: package not in status nor available database at line 1: gcc-4.8
dpkg: warning: found unknown packages; this might mean the available database
is outdated, and needs to be updated through a frontend method;
please see the FAQ <https://wiki.debian.org/Teams/Dpkg/FAQ>
+ echo 'g++-4.8 hold'
+ dpkg --set-selections
dpkg: warning: package not in status nor available database at line 1: g++-4.8
dpkg: warning: found unknown packages; this might mean the available database
is outdated, and needs to be updated through a frontend method;
please see the FAQ <https://wiki.debian.org/Teams/Dpkg/FAQ>
+ for VERSION in $VERSIONS
+ rm -f g++-4.9 gcc-4.9 cpp-4.9 gcc
+ ln -s clang++-13 g++-4.9
+ ln -s clang-13 gcc-4.9
+ ln -s clang-13 cpp-4.9
+ ln -s clang-13 gcc
+ echo 'gcc-4.9 hold'
+ dpkg --set-selections
dpkg: warning: package not in status nor available database at line 1: gcc-4.9
dpkg: warning: found unknown packages; this might mean the available database
is outdated, and needs to be updated through a frontend method;
please see the FAQ <https://wiki.debian.org/Teams/Dpkg/FAQ>
+ echo 'g++-4.9 hold'
+ dpkg --set-selections
dpkg: warning: package not in status nor available database at line 1: g++-4.9
dpkg: warning: found unknown packages; this might mean the available database
is outdated, and needs to be updated through a frontend method;
please see the FAQ <https://wiki.debian.org/Teams/Dpkg/FAQ>
+ for VERSION in $VERSIONS
+ rm -f g++-5 gcc-5 cpp-5 gcc
+ ln -s clang++-13 g++-5
+ ln -s clang-13 gcc-5
+ ln -s clang-13 cpp-5
+ ln -s clang-13 gcc
+ echo 'gcc-5 hold'
+ dpkg --set-selections
dpkg: warning: package not in status nor available database at line 1: gcc-5
dpkg: warning: found unknown packages; this might mean the available database
is outdated, and needs to be updated through a frontend method;
please see the FAQ <https://wiki.debian.org/Teams/Dpkg/FAQ>
+ echo 'g++-5 hold'
+ dpkg --set-selections
dpkg: warning: package not in status nor available database at line 1: g++-5
dpkg: warning: found unknown packages; this might mean the available database
is outdated, and needs to be updated through a frontend method;
please see the FAQ <https://wiki.debian.org/Teams/Dpkg/FAQ>
+ for VERSION in $VERSIONS
+ rm -f g++-6 gcc-6 cpp-6 gcc
+ ln -s clang++-13 g++-6
+ ln -s clang-13 gcc-6
+ ln -s clang-13 cpp-6
+ ln -s clang-13 gcc
+ echo 'gcc-6 hold'
+ dpkg --set-selections
dpkg: warning: package not in status nor available database at line 1: gcc-6
dpkg: warning: found unknown packages; this might mean the available database
is outdated, and needs to be updated through a frontend method;
please see the FAQ <https://wiki.debian.org/Teams/Dpkg/FAQ>
+ echo 'g++-6 hold'
+ dpkg --set-selections
dpkg: warning: package not in status nor available database at line 1: g++-6
dpkg: warning: found unknown packages; this might mean the available database
is outdated, and needs to be updated through a frontend method;
please see the FAQ <https://wiki.debian.org/Teams/Dpkg/FAQ>
+ for VERSION in $VERSIONS
+ rm -f g++-7 gcc-7 cpp-7 gcc
+ ln -s clang++-13 g++-7
+ ln -s clang-13 gcc-7
+ ln -s clang-13 cpp-7
+ ln -s clang-13 gcc
+ echo 'gcc-7 hold'
+ dpkg --set-selections
dpkg: warning: package not in status nor available database at line 1: gcc-7
dpkg: warning: found unknown packages; this might mean the available database
is outdated, and needs to be updated through a frontend method;
please see the FAQ <https://wiki.debian.org/Teams/Dpkg/FAQ>
+ echo 'g++-7 hold'
+ dpkg --set-selections
dpkg: warning: package not in status nor available database at line 1: g++-7
dpkg: warning: found unknown packages; this might mean the available database
is outdated, and needs to be updated through a frontend method;
please see the FAQ <https://wiki.debian.org/Teams/Dpkg/FAQ>
+ for VERSION in $VERSIONS
+ rm -f g++-8 gcc-8 cpp-8 gcc
+ ln -s clang++-13 g++-8
+ ln -s clang-13 gcc-8
+ ln -s clang-13 cpp-8
+ ln -s clang-13 gcc
+ echo 'gcc-8 hold'
+ dpkg --set-selections
dpkg: warning: package not in status nor available database at line 1: gcc-8
dpkg: warning: found unknown packages; this might mean the available database
is outdated, and needs to be updated through a frontend method;
please see the FAQ <https://wiki.debian.org/Teams/Dpkg/FAQ>
+ echo 'g++-8 hold'
+ dpkg --set-selections
dpkg: warning: package not in status nor available database at line 1: g++-8
dpkg: warning: found unknown packages; this might mean the available database
is outdated, and needs to be updated through a frontend method;
please see the FAQ <https://wiki.debian.org/Teams/Dpkg/FAQ>
+ for VERSION in $VERSIONS
+ rm -f g++-9 gcc-9 cpp-9 gcc
+ ln -s clang++-13 g++-9
+ ln -s clang-13 gcc-9
+ ln -s clang-13 cpp-9
+ ln -s clang-13 gcc
+ echo 'gcc-9 hold'
+ dpkg --set-selections
dpkg: warning: package not in status nor available database at line 1: gcc-9
dpkg: warning: found unknown packages; this might mean the available database
is outdated, and needs to be updated through a frontend method;
please see the FAQ <https://wiki.debian.org/Teams/Dpkg/FAQ>
+ echo 'g++-9 hold'
+ dpkg --set-selections
dpkg: warning: package not in status nor available database at line 1: g++-9
dpkg: warning: found unknown packages; this might mean the available database
is outdated, and needs to be updated through a frontend method;
please see the FAQ <https://wiki.debian.org/Teams/Dpkg/FAQ>
+ for VERSION in $VERSIONS
+ rm -f g++-10 gcc-10 cpp-10 gcc
+ ln -s clang++-13 g++-10
+ ln -s clang-13 gcc-10
+ ln -s clang-13 cpp-10
+ ln -s clang-13 gcc
+ echo 'gcc-10 hold'
+ dpkg --set-selections
dpkg: warning: package not in status nor available database at line 1: gcc-10
dpkg: warning: found unknown packages; this might mean the available database
is outdated, and needs to be updated through a frontend method;
please see the FAQ <https://wiki.debian.org/Teams/Dpkg/FAQ>
+ echo 'g++-10 hold'
+ dpkg --set-selections
dpkg: warning: package not in status nor available database at line 1: g++-10
dpkg: warning: found unknown packages; this might mean the available database
is outdated, and needs to be updated through a frontend method;
please see the FAQ <https://wiki.debian.org/Teams/Dpkg/FAQ>
+ for VERSION in $VERSIONS
+ rm -f g++-11 gcc-11 cpp-11 gcc
+ ln -s clang++-13 g++-11
+ ln -s clang-13 gcc-11
+ ln -s clang-13 cpp-11
+ ln -s clang-13 gcc
+ echo 'gcc-11 hold'
+ dpkg --set-selections
+ echo 'g++-11 hold'
+ dpkg --set-selections
+ cd -
/build/hsail-tools-1qp17m
+ echo 'Check if gcc, g++ & cpp are actually clang'
Check if gcc, g++ & cpp are actually clang
+ gcc --version
+ grep clang
+ cpp --version
+ grep clang
+ g++ --version
+ grep clang
+ cd /usr/bin/
+ rm -f clang++ clang
+ ln -s clang-13 clang++
+ ln -s clang-13 clang
+ clang++ --version
Debian clang version 13.0.0-8
Target: x86_64-pc-linux-gnu
Thread model: posix
InstalledDir: /usr/bin
+ clang --version
Debian clang version 13.0.0-8
Target: x86_64-pc-linux-gnu
Thread model: posix
InstalledDir: /usr/bin
+ cd -
/build/hsail-tools-1qp17m
+ apt install --yes --no-install-recommends --force-yes qt5-qmake

WARNING: apt does not have a stable CLI interface. Use with caution in scripts.

Reading package lists...
Building dependency tree...
Reading state information...
The following additional packages will be installed:
  qt5-qmake-bin qtchooser
The following NEW packages will be installed:
  qt5-qmake qt5-qmake-bin qtchooser
0 upgraded, 3 newly installed, 0 to remove and 0 not upgraded.
Need to get 1322 kB of archives.
After this operation, 4914 kB of additional disk space will be used.
Get:1 http://127.0.0.1:12990/debian sid/main amd64 qt5-qmake-bin amd64 5.15.2+dfsg-12 [1046 kB]
Get:2 http://127.0.0.1:12990/debian sid/main amd64 qtchooser amd64 66-2 [26.3 kB]
Get:3 http://127.0.0.1:12990/debian sid/main amd64 qt5-qmake amd64 5.15.2+dfsg-12 [249 kB]
debconf: delaying package configuration, since apt-utils is not installed
Fetched 1322 kB in 0s (20.9 MB/s)
Selecting previously unselected package qt5-qmake-bin.
(Reading database ... (Reading database ... 5%(Reading database ... 10%(Reading database ... 15%(Reading database ... 20%(Reading database ... 25%(Reading database ... 30%(Reading database ... 35%(Reading database ... 40%(Reading database ... 45%(Reading database ... 50%(Reading database ... 55%(Reading database ... 60%(Reading database ... 65%(Reading database ... 70%(Reading database ... 75%(Reading database ... 80%(Reading database ... 85%(Reading database ... 90%(Reading database ... 95%(Reading database ... 100%(Reading database ... 13528 files and directories currently installed.)
Preparing to unpack .../qt5-qmake-bin_5.15.2+dfsg-12_amd64.deb ...
Unpacking qt5-qmake-bin (5.15.2+dfsg-12) ...
Selecting previously unselected package qtchooser.
Preparing to unpack .../qtchooser_66-2_amd64.deb ...
Unpacking qtchooser (66-2) ...
Selecting previously unselected package qt5-qmake:amd64.
Preparing to unpack .../qt5-qmake_5.15.2+dfsg-12_amd64.deb ...
Unpacking qt5-qmake:amd64 (5.15.2+dfsg-12) ...
Setting up qt5-qmake-bin (5.15.2+dfsg-12) ...
Setting up qtchooser (66-2) ...
Setting up qt5-qmake:amd64 (5.15.2+dfsg-12) ...
W: --force-yes is deprecated, use one of the options starting with --allow instead.
+ cp /usr/lib/x86_64-linux-gnu/qt5/mkspecs/linux-clang/qmake.conf /usr/lib/x86_64-linux-gnu/qt5/mkspecs/linux-clang/qplatformdefs.h /usr/lib/x86_64-linux-gnu/qt5/mkspecs/linux-g++/
+ ls -al /usr/lib/x86_64-linux-gnu/qt5/mkspecs/linux-g++/
total 16
drwxr-xr-x  2 root root 4096 Oct 26 22:52 .
drwxr-xr-x 76 root root 4096 Oct 26 22:52 ..
-rw-r--r--  1 root root  276 Oct 26 22:52 qmake.conf
-rw-r--r--  1 root root 3218 Oct 26 22:52 qplatformdefs.h
+ cat /usr/lib/x86_64-linux-gnu/qt5/mkspecs/linux-g++/qmake.conf
#
# qmake configuration for linux-clang
#

MAKEFILE_GENERATOR = UNIX
CONFIG += incremental

QMAKE_INCREMENTAL_STYLE = sublib

include(../common/linux.conf)
include(../common/gcc-base-unix.conf)
include(../common/clang.conf)

QMAKE_LFLAGS += -ccc-gcc-name g++

load(qt_config)
+ export QMAKESPEC=/usr/lib/x86_64-linux-gnu/qt5/mkspecs/linux-clang/
+ QMAKESPEC=/usr/lib/x86_64-linux-gnu/qt5/mkspecs/linux-clang/
+ sed -i -e 's|compare_problem(2,|compare_problem(0,|g' /usr/bin/dpkg-gensymbols
+ sed -i -e 's|compare_problem(1,|compare_problem(0,|g' /usr/bin/dpkg-gensymbols
+ grep 'compare_problem(' /usr/bin/dpkg-gensymbols
        compare_problem(4, g_('new libraries appeared in the symbols file: %s'), "@libs");
        compare_problem(3, g_('some libraries disappeared in the symbols file: %s'), "@libs");
        compare_problem(0, g_('some new symbols appeared in the symbols file: %s'),
        compare_problem(0, g_('some symbols or patterns disappeared in the symbols file: %s'),

I: Finished running '/tmp/clang13'.

Finished processing commands.
--------------------------------------------------------------------------------
I: NOTICE: Log filtering will replace 'build/hsail-tools-1qp17m/resolver-R0P6lu' with '<<RESOLVERDIR>>'

+------------------------------------------------------------------------------+
| Update chroot                                                                |
+------------------------------------------------------------------------------+

Hit:1 http://127.0.0.1:12990/debian sid InRelease
Reading package lists...
Reading package lists...
Building dependency tree...
Reading state information...
Calculating upgrade...
0 upgraded, 0 newly installed, 0 to remove and 0 not upgraded.

+------------------------------------------------------------------------------+
| Fetch source files                                                           |
+------------------------------------------------------------------------------+


Check APT
---------

Checking available source versions...

Download source files with APT
------------------------------

Reading package lists...
Need to get 4227 kB of source archives.
Get:1 http://127.0.0.1:12990/debian sid/main hsail-tools 0~20180830-1 (dsc) [1932 B]
Get:2 http://127.0.0.1:12990/debian sid/main hsail-tools 0~20180830-1 (tar) [4222 kB]
Get:3 http://127.0.0.1:12990/debian sid/main hsail-tools 0~20180830-1 (diff) [3508 B]
Fetched 4227 kB in 0s (39.2 MB/s)
Download complete and in download only mode
I: NOTICE: Log filtering will replace 'build/hsail-tools-1qp17m/hsail-tools-0~20180830' with '<<PKGBUILDDIR>>'
I: NOTICE: Log filtering will replace 'build/hsail-tools-1qp17m' with '<<BUILDDIR>>'

+------------------------------------------------------------------------------+
| Install package build dependencies                                           |
+------------------------------------------------------------------------------+


Setup apt archive
-----------------

Merged Build-Depends: debhelper (>= 9), cmake, libdwarf-dev, libelf-dev, libncursesw5-dev, re2c, build-essential, fakeroot
Filtered Build-Depends: debhelper (>= 9), cmake, libdwarf-dev, libelf-dev, libncursesw5-dev, re2c, build-essential, fakeroot
dpkg-deb: building package 'sbuild-build-depends-main-dummy' in '/<<RESOLVERDIR>>/apt_archive/sbuild-build-depends-main-dummy.deb'.
Ign:1 copy:/<<RESOLVERDIR>>/apt_archive ./ InRelease
Get:2 copy:/<<RESOLVERDIR>>/apt_archive ./ Release [957 B]
Ign:3 copy:/<<RESOLVERDIR>>/apt_archive ./ Release.gpg
Get:4 copy:/<<RESOLVERDIR>>/apt_archive ./ Sources [392 B]
Get:5 copy:/<<RESOLVERDIR>>/apt_archive ./ Packages [478 B]
Fetched 1827 B in 0s (0 B/s)
Reading package lists...
Reading package lists...

Install main build dependencies (apt-based resolver)
----------------------------------------------------

Installing build dependencies
Reading package lists...
Building dependency tree...
Reading state information...
The following additional packages will be installed:
  autoconf automake autopoint autotools-dev bsdextrautils cmake cmake-data
  debhelper dh-autoreconf dh-elpa-helper dh-strip-nondeterminism dwz
  emacsen-common file gettext gettext-base groff-base intltool-debian
  libarchive-zip-perl libarchive13 libbrotli1 libcurl4 libdebhelper-perl
  libdwarf-dev libdwarf1 libelf-dev libelf1 libexpat1
  libfile-stripnondeterminism-perl libjsoncpp24 libldap-2.4-2 libmagic-mgc
  libmagic1 libncurses-dev libncurses6 libncursesw5-dev libncursesw6
  libnghttp2-14 libpipeline1 libprocps8 libpsl5 librhash0 librtmp1 libsasl2-2
  libsasl2-modules-db libsigsegv2 libssh2-1 libsub-override-perl libtool
  libuchardet0 libuv1 m4 man-db po-debconf procps re2c sensible-utils
  zlib1g-dev
Suggested packages:
  autoconf-archive gnu-standards autoconf-doc cmake-doc ninja-build dh-make
  gettext-doc libasprintf-dev libgettextpo-dev groff lrzip ncurses-doc
  libtool-doc gfortran | fortran95-compiler gcj-jdk m4-doc apparmor less
  www-browser libmail-box-perl
Recommended packages:
  curl | wget | lynx ca-certificates libarchive-cpio-perl libldap-common
  libgpm2 publicsuffix libsasl2-modules libltdl-dev libmail-sendmail-perl
  psmisc
The following NEW packages will be installed:
  autoconf automake autopoint autotools-dev bsdextrautils cmake cmake-data
  debhelper dh-autoreconf dh-elpa-helper dh-strip-nondeterminism dwz
  emacsen-common file gettext gettext-base groff-base intltool-debian
  libarchive-zip-perl libarchive13 libbrotli1 libcurl4 libdebhelper-perl
  libdwarf-dev libdwarf1 libelf-dev libelf1 libexpat1
  libfile-stripnondeterminism-perl libjsoncpp24 libldap-2.4-2 libmagic-mgc
  libmagic1 libncurses-dev libncurses6 libncursesw5-dev libncursesw6
  libnghttp2-14 libpipeline1 libprocps8 libpsl5 librhash0 librtmp1 libsasl2-2
  libsasl2-modules-db libsigsegv2 libssh2-1 libsub-override-perl libtool
  libuchardet0 libuv1 m4 man-db po-debconf procps re2c
  sbuild-build-depends-main-dummy sensible-utils zlib1g-dev
0 upgraded, 59 newly installed, 0 to remove and 0 not upgraded.
Need to get 24.2 MB of archives.
After this operation, 85.8 MB of additional disk space will be used.
Get:1 copy:/<<RESOLVERDIR>>/apt_archive ./ sbuild-build-depends-main-dummy 0.invalid.0 [904 B]
Get:2 http://127.0.0.1:12990/debian sid/main amd64 bsdextrautils amd64 2.37.2-4 [143 kB]
Get:3 http://127.0.0.1:12990/debian sid/main amd64 libuchardet0 amd64 0.0.7-1 [67.8 kB]
Get:4 http://127.0.0.1:12990/debian sid/main amd64 groff-base amd64 1.22.4-7 [935 kB]
Get:5 http://127.0.0.1:12990/debian sid/main amd64 libpipeline1 amd64 1.5.3-1 [34.3 kB]
Get:6 http://127.0.0.1:12990/debian sid/main amd64 man-db amd64 2.9.4-2 [1354 kB]
Get:7 http://127.0.0.1:12990/debian sid/main amd64 libncurses6 amd64 6.2+20210905-1 [102 kB]
Get:8 http://127.0.0.1:12990/debian sid/main amd64 libncursesw6 amd64 6.2+20210905-1 [133 kB]
Get:9 http://127.0.0.1:12990/debian sid/main amd64 libprocps8 amd64 2:3.3.17-5 [63.9 kB]
Get:10 http://127.0.0.1:12990/debian sid/main amd64 procps amd64 2:3.3.17-5 [502 kB]
Get:11 http://127.0.0.1:12990/debian sid/main amd64 sensible-utils all 0.0.17 [21.5 kB]
Get:12 http://127.0.0.1:12990/debian sid/main amd64 libmagic-mgc amd64 1:5.39-3 [273 kB]
Get:13 http://127.0.0.1:12990/debian sid/main amd64 libmagic1 amd64 1:5.39-3 [126 kB]
Get:14 http://127.0.0.1:12990/debian sid/main amd64 file amd64 1:5.39-3 [69.1 kB]
Get:15 http://127.0.0.1:12990/debian sid/main amd64 gettext-base amd64 0.21-4 [175 kB]
Get:16 http://127.0.0.1:12990/debian sid/main amd64 libsigsegv2 amd64 2.13-1 [34.8 kB]
Get:17 http://127.0.0.1:12990/debian sid/main amd64 m4 amd64 1.4.18-5 [204 kB]
Get:18 http://127.0.0.1:12990/debian sid/main amd64 autoconf all 2.71-2 [343 kB]
Get:19 http://127.0.0.1:12990/debian sid/main amd64 autotools-dev all 20180224.1+nmu1 [77.1 kB]
Get:20 http://127.0.0.1:12990/debian sid/main amd64 automake all 1:1.16.5-1 [823 kB]
Get:21 http://127.0.0.1:12990/debian sid/main amd64 autopoint all 0.21-4 [510 kB]
Get:22 http://127.0.0.1:12990/debian sid/main amd64 libarchive13 amd64 3.4.3-2+b1 [343 kB]
Get:23 http://127.0.0.1:12990/debian sid/main amd64 libbrotli1 amd64 1.0.9-2+b2 [279 kB]
Get:24 http://127.0.0.1:12990/debian sid/main amd64 libsasl2-modules-db amd64 2.1.27+dfsg-2.1 [69.1 kB]
Get:25 http://127.0.0.1:12990/debian sid/main amd64 libsasl2-2 amd64 2.1.27+dfsg-2.1 [106 kB]
Get:26 http://127.0.0.1:12990/debian sid/main amd64 libldap-2.4-2 amd64 2.4.59+dfsg-1 [232 kB]
Get:27 http://127.0.0.1:12990/debian sid/main amd64 libnghttp2-14 amd64 1.43.0-1 [77.1 kB]
Get:28 http://127.0.0.1:12990/debian sid/main amd64 libpsl5 amd64 0.21.0-1.2 [57.3 kB]
Get:29 http://127.0.0.1:12990/debian sid/main amd64 librtmp1 amd64 2.4+20151223.gitfa8646d.1-2+b2 [60.8 kB]
Get:30 http://127.0.0.1:12990/debian sid/main amd64 libssh2-1 amd64 1.10.0-2 [178 kB]
Get:31 http://127.0.0.1:12990/debian sid/main amd64 libcurl4 amd64 7.74.0-1.3+b1 [341 kB]
Get:32 http://127.0.0.1:12990/debian sid/main amd64 libexpat1 amd64 2.4.1-3 [104 kB]
Get:33 http://127.0.0.1:12990/debian sid/main amd64 libjsoncpp24 amd64 1.9.4-5 [78.8 kB]
Get:34 http://127.0.0.1:12990/debian sid/main amd64 librhash0 amd64 1.4.2-1 [129 kB]
Get:35 http://127.0.0.1:12990/debian sid/main amd64 libuv1 amd64 1.42.0-1 [135 kB]
Get:36 http://127.0.0.1:12990/debian sid/main amd64 dh-elpa-helper all 2.0.9 [11.2 kB]
Get:37 http://127.0.0.1:12990/debian sid/main amd64 emacsen-common all 3.0.4 [19.3 kB]
Get:38 http://127.0.0.1:12990/debian sid/main amd64 cmake-data all 3.21.3-5 [1878 kB]
Get:39 http://127.0.0.1:12990/debian sid/main amd64 cmake amd64 3.21.3-5 [7907 kB]
Get:40 http://127.0.0.1:12990/debian sid/main amd64 libdebhelper-perl all 13.5.2 [192 kB]
Get:41 http://127.0.0.1:12990/debian sid/main amd64 libtool all 2.4.6-15 [513 kB]
Get:42 http://127.0.0.1:12990/debian sid/main amd64 dh-autoreconf all 20 [17.1 kB]
Get:43 http://127.0.0.1:12990/debian sid/main amd64 libarchive-zip-perl all 1.68-1 [104 kB]
Get:44 http://127.0.0.1:12990/debian sid/main amd64 libsub-override-perl all 0.09-2 [10.2 kB]
Get:45 http://127.0.0.1:12990/debian sid/main amd64 libfile-stripnondeterminism-perl all 1.12.0-2 [26.3 kB]
Get:46 http://127.0.0.1:12990/debian sid/main amd64 dh-strip-nondeterminism all 1.12.0-2 [15.5 kB]
Get:47 http://127.0.0.1:12990/debian sid/main amd64 libelf1 amd64 0.185-2 [172 kB]
Get:48 http://127.0.0.1:12990/debian sid/main amd64 dwz amd64 0.14-1 [98.3 kB]
Get:49 http://127.0.0.1:12990/debian sid/main amd64 gettext amd64 0.21-4 [1311 kB]
Get:50 http://127.0.0.1:12990/debian sid/main amd64 intltool-debian all 0.35.0+20060710.5 [26.8 kB]
Get:51 http://127.0.0.1:12990/debian sid/main amd64 po-debconf all 1.0.21+nmu1 [248 kB]
Get:52 http://127.0.0.1:12990/debian sid/main amd64 debhelper all 13.5.2 [1056 kB]
Get:53 http://127.0.0.1:12990/debian sid/main amd64 libdwarf1 amd64 20210528-1 [297 kB]
Get:54 http://127.0.0.1:12990/debian sid/main amd64 libdwarf-dev amd64 20210528-1 [1103 kB]
Get:55 http://127.0.0.1:12990/debian sid/main amd64 zlib1g-dev amd64 1:1.2.11.dfsg-2 [190 kB]
Get:56 http://127.0.0.1:12990/debian sid/main amd64 libelf-dev amd64 0.185-2 [76.9 kB]
Get:57 http://127.0.0.1:12990/debian sid/main amd64 libncurses-dev amd64 6.2+20210905-1 [344 kB]
Get:58 http://127.0.0.1:12990/debian sid/main amd64 libncursesw5-dev amd64 6.2+20210905-1 [940 B]
Get:59 http://127.0.0.1:12990/debian sid/main amd64 re2c amd64 2.2-1 [398 kB]
debconf: delaying package configuration, since apt-utils is not installed
Fetched 24.2 MB in 0s (107 MB/s)
Selecting previously unselected package bsdextrautils.
(Reading database ... 14273 files and directories currently installed.)
Preparing to unpack .../00-bsdextrautils_2.37.2-4_amd64.deb ...
Unpacking bsdextrautils (2.37.2-4) ...
Selecting previously unselected package libuchardet0:amd64.
Preparing to unpack .../01-libuchardet0_0.0.7-1_amd64.deb ...
Unpacking libuchardet0:amd64 (0.0.7-1) ...
Selecting previously unselected package groff-base.
Preparing to unpack .../02-groff-base_1.22.4-7_amd64.deb ...
Unpacking groff-base (1.22.4-7) ...
Selecting previously unselected package libpipeline1:amd64.
Preparing to unpack .../03-libpipeline1_1.5.3-1_amd64.deb ...
Unpacking libpipeline1:amd64 (1.5.3-1) ...
Selecting previously unselected package man-db.
Preparing to unpack .../04-man-db_2.9.4-2_amd64.deb ...
Unpacking man-db (2.9.4-2) ...
Selecting previously unselected package libncurses6:amd64.
Preparing to unpack .../05-libncurses6_6.2+20210905-1_amd64.deb ...
Unpacking libncurses6:amd64 (6.2+20210905-1) ...
Selecting previously unselected package libncursesw6:amd64.
Preparing to unpack .../06-libncursesw6_6.2+20210905-1_amd64.deb ...
Unpacking libncursesw6:amd64 (6.2+20210905-1) ...
Selecting previously unselected package libprocps8:amd64.
Preparing to unpack .../07-libprocps8_2%3a3.3.17-5_amd64.deb ...
Unpacking libprocps8:amd64 (2:3.3.17-5) ...
Selecting previously unselected package procps.
Preparing to unpack .../08-procps_2%3a3.3.17-5_amd64.deb ...
Unpacking procps (2:3.3.17-5) ...
Selecting previously unselected package sensible-utils.
Preparing to unpack .../09-sensible-utils_0.0.17_all.deb ...
Unpacking sensible-utils (0.0.17) ...
Selecting previously unselected package libmagic-mgc.
Preparing to unpack .../10-libmagic-mgc_1%3a5.39-3_amd64.deb ...
Unpacking libmagic-mgc (1:5.39-3) ...
Selecting previously unselected package libmagic1:amd64.
Preparing to unpack .../11-libmagic1_1%3a5.39-3_amd64.deb ...
Unpacking libmagic1:amd64 (1:5.39-3) ...
Selecting previously unselected package file.
Preparing to unpack .../12-file_1%3a5.39-3_amd64.deb ...
Unpacking file (1:5.39-3) ...
Selecting previously unselected package gettext-base.
Preparing to unpack .../13-gettext-base_0.21-4_amd64.deb ...
Unpacking gettext-base (0.21-4) ...
Selecting previously unselected package libsigsegv2:amd64.
Preparing to unpack .../14-libsigsegv2_2.13-1_amd64.deb ...
Unpacking libsigsegv2:amd64 (2.13-1) ...
Selecting previously unselected package m4.
Preparing to unpack .../15-m4_1.4.18-5_amd64.deb ...
Unpacking m4 (1.4.18-5) ...
Selecting previously unselected package autoconf.
Preparing to unpack .../16-autoconf_2.71-2_all.deb ...
Unpacking autoconf (2.71-2) ...
Selecting previously unselected package autotools-dev.
Preparing to unpack .../17-autotools-dev_20180224.1+nmu1_all.deb ...
Unpacking autotools-dev (20180224.1+nmu1) ...
Selecting previously unselected package automake.
Preparing to unpack .../18-automake_1%3a1.16.5-1_all.deb ...
Unpacking automake (1:1.16.5-1) ...
Selecting previously unselected package autopoint.
Preparing to unpack .../19-autopoint_0.21-4_all.deb ...
Unpacking autopoint (0.21-4) ...
Selecting previously unselected package libarchive13:amd64.
Preparing to unpack .../20-libarchive13_3.4.3-2+b1_amd64.deb ...
Unpacking libarchive13:amd64 (3.4.3-2+b1) ...
Selecting previously unselected package libbrotli1:amd64.
Preparing to unpack .../21-libbrotli1_1.0.9-2+b2_amd64.deb ...
Unpacking libbrotli1:amd64 (1.0.9-2+b2) ...
Selecting previously unselected package libsasl2-modules-db:amd64.
Preparing to unpack .../22-libsasl2-modules-db_2.1.27+dfsg-2.1_amd64.deb ...
Unpacking libsasl2-modules-db:amd64 (2.1.27+dfsg-2.1) ...
Selecting previously unselected package libsasl2-2:amd64.
Preparing to unpack .../23-libsasl2-2_2.1.27+dfsg-2.1_amd64.deb ...
Unpacking libsasl2-2:amd64 (2.1.27+dfsg-2.1) ...
Selecting previously unselected package libldap-2.4-2:amd64.
Preparing to unpack .../24-libldap-2.4-2_2.4.59+dfsg-1_amd64.deb ...
Unpacking libldap-2.4-2:amd64 (2.4.59+dfsg-1) ...
Selecting previously unselected package libnghttp2-14:amd64.
Preparing to unpack .../25-libnghttp2-14_1.43.0-1_amd64.deb ...
Unpacking libnghttp2-14:amd64 (1.43.0-1) ...
Selecting previously unselected package libpsl5:amd64.
Preparing to unpack .../26-libpsl5_0.21.0-1.2_amd64.deb ...
Unpacking libpsl5:amd64 (0.21.0-1.2) ...
Selecting previously unselected package librtmp1:amd64.
Preparing to unpack .../27-librtmp1_2.4+20151223.gitfa8646d.1-2+b2_amd64.deb ...
Unpacking librtmp1:amd64 (2.4+20151223.gitfa8646d.1-2+b2) ...
Selecting previously unselected package libssh2-1:amd64.
Preparing to unpack .../28-libssh2-1_1.10.0-2_amd64.deb ...
Unpacking libssh2-1:amd64 (1.10.0-2) ...
Selecting previously unselected package libcurl4:amd64.
Preparing to unpack .../29-libcurl4_7.74.0-1.3+b1_amd64.deb ...
Unpacking libcurl4:amd64 (7.74.0-1.3+b1) ...
Selecting previously unselected package libexpat1:amd64.
Preparing to unpack .../30-libexpat1_2.4.1-3_amd64.deb ...
Unpacking libexpat1:amd64 (2.4.1-3) ...
Selecting previously unselected package libjsoncpp24:amd64.
Preparing to unpack .../31-libjsoncpp24_1.9.4-5_amd64.deb ...
Unpacking libjsoncpp24:amd64 (1.9.4-5) ...
Selecting previously unselected package librhash0:amd64.
Preparing to unpack .../32-librhash0_1.4.2-1_amd64.deb ...
Unpacking librhash0:amd64 (1.4.2-1) ...
Selecting previously unselected package libuv1:amd64.
Preparing to unpack .../33-libuv1_1.42.0-1_amd64.deb ...
Unpacking libuv1:amd64 (1.42.0-1) ...
Selecting previously unselected package dh-elpa-helper.
Preparing to unpack .../34-dh-elpa-helper_2.0.9_all.deb ...
Unpacking dh-elpa-helper (2.0.9) ...
Selecting previously unselected package emacsen-common.
Preparing to unpack .../35-emacsen-common_3.0.4_all.deb ...
Unpacking emacsen-common (3.0.4) ...
Selecting previously unselected package cmake-data.
Preparing to unpack .../36-cmake-data_3.21.3-5_all.deb ...
Unpacking cmake-data (3.21.3-5) ...
Selecting previously unselected package cmake.
Preparing to unpack .../37-cmake_3.21.3-5_amd64.deb ...
Unpacking cmake (3.21.3-5) ...
Selecting previously unselected package libdebhelper-perl.
Preparing to unpack .../38-libdebhelper-perl_13.5.2_all.deb ...
Unpacking libdebhelper-perl (13.5.2) ...
Selecting previously unselected package libtool.
Preparing to unpack .../39-libtool_2.4.6-15_all.deb ...
Unpacking libtool (2.4.6-15) ...
Selecting previously unselected package dh-autoreconf.
Preparing to unpack .../40-dh-autoreconf_20_all.deb ...
Unpacking dh-autoreconf (20) ...
Selecting previously unselected package libarchive-zip-perl.
Preparing to unpack .../41-libarchive-zip-perl_1.68-1_all.deb ...
Unpacking libarchive-zip-perl (1.68-1) ...
Selecting previously unselected package libsub-override-perl.
Preparing to unpack .../42-libsub-override-perl_0.09-2_all.deb ...
Unpacking libsub-override-perl (0.09-2) ...
Selecting previously unselected package libfile-stripnondeterminism-perl.
Preparing to unpack .../43-libfile-stripnondeterminism-perl_1.12.0-2_all.deb ...
Unpacking libfile-stripnondeterminism-perl (1.12.0-2) ...
Selecting previously unselected package dh-strip-nondeterminism.
Preparing to unpack .../44-dh-strip-nondeterminism_1.12.0-2_all.deb ...
Unpacking dh-strip-nondeterminism (1.12.0-2) ...
Selecting previously unselected package libelf1:amd64.
Preparing to unpack .../45-libelf1_0.185-2_amd64.deb ...
Unpacking libelf1:amd64 (0.185-2) ...
Selecting previously unselected package dwz.
Preparing to unpack .../46-dwz_0.14-1_amd64.deb ...
Unpacking dwz (0.14-1) ...
Selecting previously unselected package gettext.
Preparing to unpack .../47-gettext_0.21-4_amd64.deb ...
Unpacking gettext (0.21-4) ...
Selecting previously unselected package intltool-debian.
Preparing to unpack .../48-intltool-debian_0.35.0+20060710.5_all.deb ...
Unpacking intltool-debian (0.35.0+20060710.5) ...
Selecting previously unselected package po-debconf.
Preparing to unpack .../49-po-debconf_1.0.21+nmu1_all.deb ...
Unpacking po-debconf (1.0.21+nmu1) ...
Selecting previously unselected package debhelper.
Preparing to unpack .../50-debhelper_13.5.2_all.deb ...
Unpacking debhelper (13.5.2) ...
Selecting previously unselected package libdwarf1:amd64.
Preparing to unpack .../51-libdwarf1_20210528-1_amd64.deb ...
Unpacking libdwarf1:amd64 (20210528-1) ...
Selecting previously unselected package libdwarf-dev:amd64.
Preparing to unpack .../52-libdwarf-dev_20210528-1_amd64.deb ...
Unpacking libdwarf-dev:amd64 (20210528-1) ...
Selecting previously unselected package zlib1g-dev:amd64.
Preparing to unpack .../53-zlib1g-dev_1%3a1.2.11.dfsg-2_amd64.deb ...
Unpacking zlib1g-dev:amd64 (1:1.2.11.dfsg-2) ...
Selecting previously unselected package libelf-dev:amd64.
Preparing to unpack .../54-libelf-dev_0.185-2_amd64.deb ...
Unpacking libelf-dev:amd64 (0.185-2) ...
Selecting previously unselected package libncurses-dev:amd64.
Preparing to unpack .../55-libncurses-dev_6.2+20210905-1_amd64.deb ...
Unpacking libncurses-dev:amd64 (6.2+20210905-1) ...
Selecting previously unselected package libncursesw5-dev:amd64.
Preparing to unpack .../56-libncursesw5-dev_6.2+20210905-1_amd64.deb ...
Unpacking libncursesw5-dev:amd64 (6.2+20210905-1) ...
Selecting previously unselected package re2c.
Preparing to unpack .../57-re2c_2.2-1_amd64.deb ...
Unpacking re2c (2.2-1) ...
Selecting previously unselected package sbuild-build-depends-main-dummy.
Preparing to unpack .../58-sbuild-build-depends-main-dummy_0.invalid.0_amd64.deb ...
Unpacking sbuild-build-depends-main-dummy (0.invalid.0) ...
Setting up libexpat1:amd64 (2.4.1-3) ...
Setting up libpipeline1:amd64 (1.5.3-1) ...
Setting up libpsl5:amd64 (0.21.0-1.2) ...
Setting up bsdextrautils (2.37.2-4) ...
update-alternatives: using /usr/bin/write.ul to provide /usr/bin/write (write) in auto mode
Setting up libmagic-mgc (1:5.39-3) ...
Setting up libarchive13:amd64 (3.4.3-2+b1) ...
Setting up libarchive-zip-perl (1.68-1) ...
Setting up libdebhelper-perl (13.5.2) ...
Setting up libbrotli1:amd64 (1.0.9-2+b2) ...
Setting up libnghttp2-14:amd64 (1.43.0-1) ...
Setting up libmagic1:amd64 (1:5.39-3) ...
Setting up gettext-base (0.21-4) ...
Setting up file (1:5.39-3) ...
Setting up libsasl2-modules-db:amd64 (2.1.27+dfsg-2.1) ...
Setting up autotools-dev (20180224.1+nmu1) ...
Setting up libuv1:amd64 (1.42.0-1) ...
Setting up emacsen-common (3.0.4) ...
Setting up librtmp1:amd64 (2.4+20151223.gitfa8646d.1-2+b2) ...
Setting up dh-elpa-helper (2.0.9) ...
Setting up libncurses6:amd64 (6.2+20210905-1) ...
Setting up libsigsegv2:amd64 (2.13-1) ...
Setting up autopoint (0.21-4) ...
Setting up libncursesw6:amd64 (6.2+20210905-1) ...
Setting up libsasl2-2:amd64 (2.1.27+dfsg-2.1) ...
Setting up libjsoncpp24:amd64 (1.9.4-5) ...
Setting up zlib1g-dev:amd64 (1:1.2.11.dfsg-2) ...
Setting up sensible-utils (0.0.17) ...
Setting up librhash0:amd64 (1.4.2-1) ...
Setting up libuchardet0:amd64 (0.0.7-1) ...
Setting up libsub-override-perl (0.09-2) ...
Setting up libssh2-1:amd64 (1.10.0-2) ...
Setting up cmake-data (3.21.3-5) ...
Setting up re2c (2.2-1) ...
Setting up libelf1:amd64 (0.185-2) ...
Setting up libprocps8:amd64 (2:3.3.17-5) ...
Setting up libfile-stripnondeterminism-perl (1.12.0-2) ...
Setting up libncurses-dev:amd64 (6.2+20210905-1) ...
Setting up gettext (0.21-4) ...
Setting up libncursesw5-dev:amd64 (6.2+20210905-1) ...
Setting up libtool (2.4.6-15) ...
Setting up libldap-2.4-2:amd64 (2.4.59+dfsg-1) ...
Setting up m4 (1.4.18-5) ...
Setting up intltool-debian (0.35.0+20060710.5) ...
Setting up libdwarf1:amd64 (20210528-1) ...
Setting up libelf-dev:amd64 (0.185-2) ...
Setting up autoconf (2.71-2) ...
Setting up dh-strip-nondeterminism (1.12.0-2) ...
Setting up dwz (0.14-1) ...
Setting up groff-base (1.22.4-7) ...
Setting up procps (2:3.3.17-5) ...
Setting up libcurl4:amd64 (7.74.0-1.3+b1) ...
Setting up automake (1:1.16.5-1) ...
update-alternatives: using /usr/bin/automake-1.16 to provide /usr/bin/automake (automake) in auto mode
Setting up libdwarf-dev:amd64 (20210528-1) ...
Setting up po-debconf (1.0.21+nmu1) ...
Setting up man-db (2.9.4-2) ...
Not building database; man-db/auto-update is not 'true'.
Setting up dh-autoreconf (20) ...
Setting up cmake (3.21.3-5) ...
Setting up debhelper (13.5.2) ...
Setting up sbuild-build-depends-main-dummy (0.invalid.0) ...
Processing triggers for libc-bin (2.32-4) ...

+------------------------------------------------------------------------------+
| Check architectures                                                          |
+------------------------------------------------------------------------------+

Arch check ok (amd64 included in any)

+------------------------------------------------------------------------------+
| Build environment                                                            |
+------------------------------------------------------------------------------+

Kernel: Linux 4.19.0-6-cloud-amd64 #1 SMP Debian 4.19.67-2+deb10u2 (2019-11-11) amd64 (x86_64)
Toolchain package versions: binutils_2.37-7 dpkg-dev_1.20.9 g++-11_11.2.0-10 gcc-11_11.2.0-10 libc6-dev_2.32-4 libstdc++-11-dev_11.2.0-10 libstdc++6_11.2.0-10 linux-libc-dev_5.14.12-1
Package versions: adduser_3.118 apt_2.3.11 autoconf_2.71-2 automake_1:1.16.5-1 autopoint_0.21-4 autotools-dev_20180224.1+nmu1 base-files_12 base-passwd_3.5.52 bash_5.1-3+b2 binutils_2.37-7 binutils-common_2.37-7 binutils-x86-64-linux-gnu_2.37-7 bsdextrautils_2.37.2-4 bsdutils_1:2.37.2-4 build-essential_12.9 bzip2_1.0.8-4 clang-13_1:13.0.0-8 cmake_3.21.3-5 cmake-data_3.21.3-5 coreutils_8.32-4+b1 cpp_4:11.2.0-2 cpp-11_11.2.0-10 dash_0.5.11+git20210120+802ebd4-2 debconf_1.5.78 debhelper_13.5.2 debian-archive-keyring_2021.1.1 debianutils_5.5-1 dh-autoreconf_20 dh-elpa-helper_2.0.9 dh-strip-nondeterminism_1.12.0-2 diffutils_1:3.7-5 dpkg_1.20.9 dpkg-dev_1.20.9 dwz_0.14-1 e2fsprogs_1.46.4-1 emacsen-common_3.0.4 fakeroot_1.26-1 file_1:5.39-3 findutils_4.8.0-1 g++_4:11.2.0-2 g++-11_11.2.0-10 gcc_4:11.2.0-2 gcc-10-base_10.3.0-11 gcc-11_11.2.0-10 gcc-11-base_11.2.0-10 gcc-9-base_9.4.0-3 gettext_0.21-4 gettext-base_0.21-4 gpgv_2.2.27-2 grep_3.7-1 groff-base_1.22.4-7 gzip_1.10-4 hostname_3.23 init-system-helpers_1.60 intltool-debian_0.35.0+20060710.5 lib32gcc-s1_11.2.0-10 lib32stdc++6_11.2.0-10 libacl1_2.3.1-1 libapt-pkg6.0_2.3.11 libarchive-zip-perl_1.68-1 libarchive13_3.4.3-2+b1 libasan5_9.4.0-3 libasan6_11.2.0-10 libatomic1_11.2.0-10 libattr1_1:2.5.1-1 libaudit-common_1:3.0.6-1 libaudit1_1:3.0.6-1 libbinutils_2.37-7 libblkid1_2.37.2-4 libbrotli1_1.0.9-2+b2 libbsd0_0.11.3-1 libbz2-1.0_1.0.8-4 libc-bin_2.32-4 libc-dev-bin_2.32-4 libc6_2.32-4 libc6-dev_2.32-4 libc6-i386_2.32-4 libcap-ng0_0.7.9-2.2+b1 libcap2_1:2.44-1 libcc1-0_11.2.0-10 libclang-common-13-dev_1:13.0.0-8 libclang-cpp13_1:13.0.0-8 libclang1-13_1:13.0.0-8 libcom-err2_1.46.4-1 libcrypt-dev_1:4.4.25-2 libcrypt1_1:4.4.25-2 libctf-nobfd0_2.37-7 libctf0_2.37-7 libcurl4_7.74.0-1.3+b1 libdb5.3_5.3.28+dfsg1-0.8 libdebconfclient0_0.260 libdebhelper-perl_13.5.2 libdpkg-perl_1.20.9 libdwarf-dev_20210528-1 libdwarf1_20210528-1 libedit2_3.1-20210910-1 libelf-dev_0.185-2 libelf1_0.185-2 libexpat1_2.4.1-3 libext2fs2_1.46.4-1 libfakeroot_1.26-1 libffi8_3.4.2-3 libfile-stripnondeterminism-perl_1.12.0-2 libgc1_1:8.0.4-3 libgcc-11-dev_11.2.0-10 libgcc-9-dev_9.4.0-3 libgcc-s1_11.2.0-10 libgcrypt20_1.9.4-3+b1 libgdbm-compat4_1.22-1 libgdbm6_1.22-1 libgmp10_2:6.2.1+dfsg-2 libgnutls30_3.7.2-2 libgomp1_11.2.0-10 libgpg-error0_1.42-3 libgssapi-krb5-2_1.18.3-7 libhogweed6_3.7.3-1 libicu67_67.1-7 libidn2-0_2.3.2-2 libisl23_0.24-2 libitm1_11.2.0-10 libjsoncpp24_1.9.4-5 libk5crypto3_1.18.3-7 libkeyutils1_1.6.1-2 libkrb5-3_1.18.3-7 libkrb5support0_1.18.3-7 libldap-2.4-2_2.4.59+dfsg-1 libllvm13_1:13.0.0-8 liblsan0_11.2.0-10 liblz4-1_1.9.3-2 liblzma5_5.2.5-2 libmagic-mgc_1:5.39-3 libmagic1_1:5.39-3 libmd0_1.0.4-1 libmount1_2.37.2-4 libmpc3_1.2.1-1 libmpfr6_4.1.0-3 libncurses-dev_6.2+20210905-1 libncurses6_6.2+20210905-1 libncursesw5-dev_6.2+20210905-1 libncursesw6_6.2+20210905-1 libnettle8_3.7.3-1 libnghttp2-14_1.43.0-1 libnsl-dev_1.3.0-2 libnsl2_1.3.0-2 libobjc-11-dev_11.2.0-10 libobjc-9-dev_9.4.0-3 libobjc4_11.2.0-10 libomp-13-dev_1:13.0.0-8 libomp5-13_1:13.0.0-8 libp11-kit0_0.24.0-5 libpam-modules_1.4.0-10 libpam-modules-bin_1.4.0-10 libpam-runtime_1.4.0-10 libpam0g_1.4.0-10 libpcre2-8-0_10.36-2 libpcre3_2:8.39-13 libperl5.32_5.32.1-6 libpipeline1_1.5.3-1 libprocps8_2:3.3.17-5 libpsl5_0.21.0-1.2 libquadmath0_11.2.0-10 librhash0_1.4.2-1 librtmp1_2.4+20151223.gitfa8646d.1-2+b2 libsasl2-2_2.1.27+dfsg-2.1 libsasl2-modules-db_2.1.27+dfsg-2.1 libseccomp2_2.5.2-2 libselinux1_3.1-3 libsemanage-common_3.1-1 libsemanage1_3.1-1+b2 libsepol1_3.1-1 libsigsegv2_2.13-1 libsmartcols1_2.37.2-4 libss2_1.46.4-1 libssh2-1_1.10.0-2 libssl1.1_1.1.1l-1 libstdc++-11-dev_11.2.0-10 libstdc++6_11.2.0-10 libsub-override-perl_0.09-2 libsystemd0_249.5-1 libtasn1-6_4.17.0-2 libtinfo6_6.2+20210905-1 libtirpc-common_1.3.2-2 libtirpc-dev_1.3.2-2 libtirpc3_1.3.2-2 libtool_2.4.6-15 libtsan0_11.2.0-10 libubsan1_11.2.0-10 libuchardet0_0.0.7-1 libudev1_249.5-1 libunistring2_0.9.10-6 libuuid1_2.37.2-4 libuv1_1.42.0-1 libxml2_2.9.12+dfsg-5 libxxhash0_0.8.0-2 libz3-4_4.8.12-1+b1 libzstd1_1.4.8+dfsg-3 linux-libc-dev_5.14.12-1 login_1:4.8.1-1 logsave_1.46.4-1 lsb-base_11.1.0 m4_1.4.18-5 make_4.3-4.1 man-db_2.9.4-2 mawk_1.3.4.20200120-2 mount_2.37.2-4 ncurses-base_6.2+20210905-1 ncurses-bin_6.2+20210905-1 passwd_1:4.8.1-1 patch_2.7.6-7 perl_5.32.1-6 perl-base_5.32.1-6 perl-modules-5.32_5.32.1-6 po-debconf_1.0.21+nmu1 procps_2:3.3.17-5 qt5-qmake_5.15.2+dfsg-12 qt5-qmake-bin_5.15.2+dfsg-12 qtchooser_66-2 re2c_2.2-1 rpcsvc-proto_1.4.2-4 sbuild-build-depends-main-dummy_0.invalid.0 sed_4.8-1 sensible-utils_0.0.17 sysvinit-utils_3.00-1 tar_1.34+dfsg-1 tzdata_2021e-1 util-linux_2.37.2-4 xz-utils_5.2.5-2 zlib1g_1:1.2.11.dfsg-2 zlib1g-dev_1:1.2.11.dfsg-2

+------------------------------------------------------------------------------+
| Build                                                                        |
+------------------------------------------------------------------------------+


Unpack source
-------------

-----BEGIN PGP SIGNED MESSAGE-----
Hash: SHA256

Format: 3.0 (quilt)
Source: hsail-tools
Binary: hsail-tools
Architecture: any
Version: 0~20180830-1
Maintainer: Debian GCC Maintainers <debian-gcc@lists.debian.org>
Uploaders: Matthias Klose <doko@debian.org>
Homepage: http://www.hsafoundation.com/hsa-developer-tools/
Standards-Version: 4.4.1
Build-Depends: debhelper (>= 9), cmake, libdwarf-dev, libelf-dev, libncursesw5-dev, re2c
Package-List:
 hsail-tools deb devel optional arch=any
Checksums-Sha1:
 40d6084a0ee1cdf2009b33c2913b5c3df8b1a905 4221704 hsail-tools_0~20180830.orig.tar.xz
 67be65efbf75ca16bcf51d80c2c87af60c978ff9 3508 hsail-tools_0~20180830-1.debian.tar.xz
Checksums-Sha256:
 7debfee388480c42c05c44c840f75c29c883f272a3db9329031bce800d1a3aa5 4221704 hsail-tools_0~20180830.orig.tar.xz
 a6c0c2e618813ed038dbda157890d4c91559aacba96ac1f69b698584089ce98f 3508 hsail-tools_0~20180830-1.debian.tar.xz
Files:
 1a94a42443873a52361d49814c9596bf 4221704 hsail-tools_0~20180830.orig.tar.xz
 8e05431fca6b80a8c71f277403b2fd17 3508 hsail-tools_0~20180830-1.debian.tar.xz

-----BEGIN PGP SIGNATURE-----

iQJEBAEBCAAuFiEE1WVxuIqLuvFAv2PWvX6qYHePpvUFAl4XiisQHGRva29AZGVi
aWFuLm9yZwAKCRC9fqpgd4+m9V58D/0SkkINbhVjHbgfh3x5yXlEFYstGzVgQPEq
MLVUhponn93fNeaOwPfM1hY4TyGVZUGjgtjSXTFO/CGNiJ1bbTG21WY1WPOyxyiL
sPU8I5YcupgzoifYN/gXzUpFS9t8wq/eJj3P1/NYquUAx+oDZJhruNn3TGe3ci8G
2Wnt5JyzXQ9VsK+x1HCx/bzCJKpNqnCQa5PNS/+nZsxXf63sibdLvZ58t+8hfj+T
GD0dEtDdnEaTVoNgvsEiNX+a0NGeA4an8nEB9xkIQgqAxVOk9DFMBxJxMSPLZOMw
ZZIqoWBivBxD9wRjZa5/voLiXszm4MijTF/Y4wtmuuR1C0Wg09Lhb8229V7tunnH
pF2eETGG++dCqtj0p1oxM3L2l8NruG5N5+kQOcR7G/AAhGGK7OD95xx0vTy7KizA
S8Xi8p3k6BaMjWx2cgXhKSElgwLevXYecBLHWXNzXw94+fO7HcYM7JI4ejYCqBcf
yHrGUG05NOy02t+m0key16z/Dlge7Dba5w5lLCVDbxiXUfrta21wKlZOHy1EDZ5B
WDYNtSLUvZ/6trdsVjnGfOT4ghb0nwTQbW+CCCVaD5FnVSePLoDM+QLR4nJd3Gn3
cMkKLatBkL1waJxiWYU7+GWodUKhqRJ11TgAMz3qw2ueMLDKbcCWJoFSW1MnbPFc
AxcwjYUGkw==
=w4PZ
-----END PGP SIGNATURE-----

gpgv: unknown type of key resource 'trustedkeys.kbx'
gpgv: keyblock resource '/tmp/dpkg-verify-sig.lRlZf_iY/trustedkeys.kbx': General error
gpgv: Signature made Thu Jan  9 20:16:43 2020 UTC
gpgv:                using RSA key D56571B88A8BBAF140BF63D6BD7EAA60778FA6F5
gpgv:                issuer "doko@debian.org"
gpgv: Can't check signature: No public key
dpkg-source: warning: failed to verify signature on ./hsail-tools_0~20180830-1.dsc
dpkg-source: info: extracting hsail-tools in /<<PKGBUILDDIR>>
dpkg-source: info: unpacking hsail-tools_0~20180830.orig.tar.xz
dpkg-source: info: unpacking hsail-tools_0~20180830-1.debian.tar.xz
dpkg-source: info: using patch list from debian/patches/series
dpkg-source: info: applying no-werror.diff
dpkg-source: info: applying depend-tests.patch

Check disk space
----------------

Sufficient free space for build

User Environment
----------------

APT_CONFIG=/var/lib/sbuild/apt.conf
HOME=/sbuild-nonexistent
LANG=C.UTF-8
LC_ALL=C.UTF-8
LOGNAME=user42
PATH=/usr/local/sbin:/usr/local/bin:/usr/sbin:/usr/bin:/sbin:/bin:/usr/games
SCHROOT_ALIAS_NAME=unstable
SCHROOT_CHROOT_NAME=sid-amd64-sbuild
SCHROOT_COMMAND=env
SCHROOT_GID=1001
SCHROOT_GROUP=user42
SCHROOT_SESSION_ID=sid-amd64-sbuild-acdd3a42-908c-4cd8-a037-2230c44f6e0e
SCHROOT_UID=1001
SCHROOT_USER=user42
SHELL=/bin/sh
USER=user42

dpkg-buildpackage
-----------------

Command: dpkg-buildpackage -us -uc -b -rfakeroot
dpkg-buildpackage: info: source package hsail-tools
dpkg-buildpackage: info: source version 0~20180830-1
dpkg-buildpackage: info: source distribution unstable
dpkg-buildpackage: info: source changed by Matthias Klose <doko@debian.org>
 dpkg-source --before-build .
dpkg-buildpackage: info: host architecture amd64
 fakeroot debian/rules clean
dh clean --parallel
dh: warning: Compatibility levels before 10 are deprecated (level 9 in use)
   dh_auto_clean -O--parallel
dh_auto_clean: warning: Compatibility levels before 10 are deprecated (level 9 in use)
   dh_clean -O--parallel
dh_clean: warning: Compatibility levels before 10 are deprecated (level 9 in use)
 debian/rules build
dh build --parallel
dh: warning: Compatibility levels before 10 are deprecated (level 9 in use)
   dh_update_autotools_config -O--parallel
   debian/rules override_dh_auto_configure
make[1]: Entering directory '/<<PKGBUILDDIR>>'
dh_auto_configure
dh_auto_configure: warning: Compatibility levels before 10 are deprecated (level 9 in use)
	cd obj-x86_64-linux-gnu && cmake -DCMAKE_INSTALL_PREFIX=/usr -DCMAKE_BUILD_TYPE=None -DCMAKE_INSTALL_SYSCONFDIR=/etc -DCMAKE_INSTALL_LOCALSTATEDIR=/var -DCMAKE_EXPORT_NO_PACKAGE_REGISTRY=ON -DCMAKE_FIND_USE_PACKAGE_REGISTRY=OFF -DCMAKE_FIND_PACKAGE_NO_PACKAGE_REGISTRY=ON "-GUnix Makefiles" -DCMAKE_VERBOSE_MAKEFILE=ON -DCMAKE_INSTALL_LIBDIR=lib/x86_64-linux-gnu ..
CMake Deprecation Warning at CMakeLists.txt:1 (cmake_minimum_required):
  Compatibility with CMake < 2.8.12 will be removed from a future version of
  CMake.

  Update the VERSION argument <min> value or use a ...<max> suffix to tell
  CMake that the project does not need compatibility with older versions.


-- The C compiler identification is Clang 13.0.0
-- The CXX compiler identification is Clang 13.0.0
-- Detecting C compiler ABI info
-- Detecting C compiler ABI info - done
-- Check for working C compiler: /usr/bin/cc - skipped
-- Detecting C compile features
-- Detecting C compile features - done
-- Detecting CXX compiler ABI info
-- Detecting CXX compiler ABI info - done
-- Check for working CXX compiler: /usr/bin/c++ - skipped
-- Detecting CXX compile features
-- Detecting CXX compile features - done
-- Found RE2C: /usr/bin/re2c  
-- Vendor extensions: ON
-- AMD extensions: ON
-- Building HSAILAsm: ON
-- Found Perl: /usr/bin/perl (found version "5.32.1") 
-- Found LibElf: /usr/lib/x86_64-linux-gnu/libelf.so  
-- Performing Test ELF_GETSHDRSTRNDX
-- Performing Test ELF_GETSHDRSTRNDX - Success
-- Found LibDwarf: /usr/lib/x86_64-linux-gnu/libdwarf.so  
-- Looking for dwarf_producer_init
-- Looking for dwarf_producer_init - found
-- Performing Test DW_CONST
-- Performing Test DW_CONST - Success
-- Looking for dwarf_producer_init_c
-- Looking for dwarf_producer_init_c - not found
-- libdwarf uses const char* type
-- libdwarf does not have dwarf_producer_init_c, using dwarf_producer_init
-- Building with BRIG DWARF support: ON
-- Configuring done
-- Generating done
CMake Warning:
  Manually-specified variables were not used by the project:

    CMAKE_EXPORT_NO_PACKAGE_REGISTRY
    CMAKE_FIND_PACKAGE_NO_PACKAGE_REGISTRY
    CMAKE_INSTALL_LIBDIR
    CMAKE_INSTALL_LOCALSTATEDIR
    CMAKE_INSTALL_SYSCONFDIR


-- Build files have been written to: /<<PKGBUILDDIR>>/obj-x86_64-linux-gnu
make[1]: Leaving directory '/<<PKGBUILDDIR>>'
   dh_auto_build -O--parallel
dh_auto_build: warning: Compatibility levels before 10 are deprecated (level 9 in use)
	cd obj-x86_64-linux-gnu && make -j4 VERBOSE=1
make[1]: Entering directory '/<<PKGBUILDDIR>>/obj-x86_64-linux-gnu'
/usr/bin/cmake -S"/<<PKGBUILDDIR>>" -B"/<<PKGBUILDDIR>>/obj-x86_64-linux-gnu" --check-build-system CMakeFiles/Makefile.cmake 0
/usr/bin/cmake -E cmake_progress_start "/<<PKGBUILDDIR>>/obj-x86_64-linux-gnu/CMakeFiles" "/<<PKGBUILDDIR>>/obj-x86_64-linux-gnu//CMakeFiles/progress.marks"
make  -f CMakeFiles/Makefile2 all
make[2]: Entering directory '/<<PKGBUILDDIR>>/obj-x86_64-linux-gnu'
make  -f libHSAIL/CMakeFiles/libhsail-includes.dir/build.make libHSAIL/CMakeFiles/libhsail-includes.dir/depend
make[3]: Entering directory '/<<PKGBUILDDIR>>/obj-x86_64-linux-gnu'
cd "/<<PKGBUILDDIR>>/obj-x86_64-linux-gnu" && /usr/bin/cmake -E cmake_depends "Unix Makefiles" "/<<PKGBUILDDIR>>" "/<<PKGBUILDDIR>>/libHSAIL" "/<<PKGBUILDDIR>>/obj-x86_64-linux-gnu" "/<<PKGBUILDDIR>>/obj-x86_64-linux-gnu/libHSAIL" "/<<PKGBUILDDIR>>/obj-x86_64-linux-gnu/libHSAIL/CMakeFiles/libhsail-includes.dir/DependInfo.cmake" --color=
make[3]: Leaving directory '/<<PKGBUILDDIR>>/obj-x86_64-linux-gnu'
make  -f libHSAIL/CMakeFiles/libhsail-includes.dir/build.make libHSAIL/CMakeFiles/libhsail-includes.dir/build
make[3]: Entering directory '/<<PKGBUILDDIR>>/obj-x86_64-linux-gnu'
[  3%] Generating libHSAIL sources
cd "/<<PKGBUILDDIR>>/obj-x86_64-linux-gnu/libHSAIL" && /usr/bin/perl /<<PKGBUILDDIR>>/libHSAIL/generate.pl -re2c /usr/bin/re2c /<<PKGBUILDDIR>>/libHSAIL /<<PKGBUILDDIR>>/obj-x86_64-linux-gnu/libHSAIL/generated
/usr/bin/perl -I "/etc/perl" /<<PKGBUILDDIR>>/libHSAIL/HDLProcessor.pl -target=validator /<<PKGBUILDDIR>>/libHSAIL/HSAILDefs.hdl /<<PKGBUILDDIR>>/libHSAIL/HSAILCore.hdl  >/<<PKGBUILDDIR>>/obj-x86_64-linux-gnu/libHSAIL/generated/HSAILInstValidation_core_gen.hpp.tmp
/usr/bin/perl -I "/etc/perl" /<<PKGBUILDDIR>>/libHSAIL/HDLProcessor.pl -target=validator /<<PKGBUILDDIR>>/libHSAIL/HSAILDefs.hdl /<<PKGBUILDDIR>>/libHSAIL/HSAILImage.hdl  >/<<PKGBUILDDIR>>/obj-x86_64-linux-gnu/libHSAIL/generated/HSAILInstValidation_image_gen.hpp.tmp
/usr/bin/re2c -i --no-generation-date /<<PKGBUILDDIR>>/obj-x86_64-linux-gnu/libHSAIL/generated/HSAILScannerRules_gen.re2c.tmp >/<<PKGBUILDDIR>>/obj-x86_64-linux-gnu/libHSAIL/generated/HSAILScannerRules_gen_re2c.hpp.tmp
updating /<<PKGBUILDDIR>>/obj-x86_64-linux-gnu/libHSAIL/generated/HSAILInitBrig_gen.hpp
updating /<<PKGBUILDDIR>>/obj-x86_64-linux-gnu/libHSAIL/generated/HSAILScannerRules_gen_re2c.hpp
updating /<<PKGBUILDDIR>>/obj-x86_64-linux-gnu/libHSAIL/generated/HSAILItems_gen.hpp
updating /<<PKGBUILDDIR>>/obj-x86_64-linux-gnu/libHSAIL/generated/HSAILInstValidation_image_gen.hpp
updating /<<PKGBUILDDIR>>/obj-x86_64-linux-gnu/libHSAIL/generated/HSAILBrigPropsFastAcc_gen.hpp
updating /<<PKGBUILDDIR>>/obj-x86_64-linux-gnu/libHSAIL/generated/HSAILBrigEnum2str_gen.hpp
updating /<<PKGBUILDDIR>>/obj-x86_64-linux-gnu/libHSAIL/generated/HSAILPropAccessors_gen.hpp
updating /<<PKGBUILDDIR>>/obj-x86_64-linux-gnu/libHSAIL/generated/HSAILBrigUtilities_gen.hpp
updating /<<PKGBUILDDIR>>/obj-x86_64-linux-gnu/libHSAIL/generated/HSAILBrigPropsVisitor_gen.hpp
updating /<<PKGBUILDDIR>>/obj-x86_64-linux-gnu/libHSAIL/generated/HSAILEnums.td
updating /<<PKGBUILDDIR>>/obj-x86_64-linux-gnu/libHSAIL/generated/HSAILInstValidation_core_gen.hpp
updating /<<PKGBUILDDIR>>/obj-x86_64-linux-gnu/libHSAIL/generated/HSAILBrigProps_gen.hpp
updating /<<PKGBUILDDIR>>/obj-x86_64-linux-gnu/libHSAIL/generated/HSAILBrigInstUtils_gen.hpp
updating /<<PKGBUILDDIR>>/obj-x86_64-linux-gnu/libHSAIL/generated/HSAILVisitItems_gen.hpp
updating /<<PKGBUILDDIR>>/obj-x86_64-linux-gnu/libHSAIL/generated/HSAILTemplateUtilities_gen.hpp
updating /<<PKGBUILDDIR>>/obj-x86_64-linux-gnu/libHSAIL/generated/HSAILItemImpls_gen.hpp
updating /<<PKGBUILDDIR>>/obj-x86_64-linux-gnu/libHSAIL/generated/HSAILBrigPropsAcc_gen.hpp
updating /<<PKGBUILDDIR>>/obj-x86_64-linux-gnu/libHSAIL/generated/HSAILBrigStaticChecks_gen.hpp
updating /<<PKGBUILDDIR>>/obj-x86_64-linux-gnu/libHSAIL/generated/HSAILParserUtilities_gen.hpp
updating /<<PKGBUILDDIR>>/obj-x86_64-linux-gnu/libHSAIL/generated/HSAILBrigPropsName_gen.hpp
updating /<<PKGBUILDDIR>>/obj-x86_64-linux-gnu/libHSAIL/generated/HSAILBrigValidation_gen.hpp
updating /<<PKGBUILDDIR>>/obj-x86_64-linux-gnu/libHSAIL/generated/HSAILScannerRules_gen.re2c
make[3]: Leaving directory '/<<PKGBUILDDIR>>/obj-x86_64-linux-gnu'
[  3%] Built target libhsail-includes
make  -f libHSAIL/CMakeFiles/hsail.dir/build.make libHSAIL/CMakeFiles/hsail.dir/depend
make[3]: Entering directory '/<<PKGBUILDDIR>>/obj-x86_64-linux-gnu'
cd "/<<PKGBUILDDIR>>/obj-x86_64-linux-gnu" && /usr/bin/cmake -E cmake_depends "Unix Makefiles" "/<<PKGBUILDDIR>>" "/<<PKGBUILDDIR>>/libHSAIL" "/<<PKGBUILDDIR>>/obj-x86_64-linux-gnu" "/<<PKGBUILDDIR>>/obj-x86_64-linux-gnu/libHSAIL" "/<<PKGBUILDDIR>>/obj-x86_64-linux-gnu/libHSAIL/CMakeFiles/hsail.dir/DependInfo.cmake" --color=
make[3]: Leaving directory '/<<PKGBUILDDIR>>/obj-x86_64-linux-gnu'
make  -f libHSAIL/CMakeFiles/hsail.dir/build.make libHSAIL/CMakeFiles/hsail.dir/build
make[3]: Entering directory '/<<PKGBUILDDIR>>/obj-x86_64-linux-gnu'
[  6%] Building CXX object libHSAIL/CMakeFiles/hsail.dir/HSAILDisassembler.cpp.o
cd "/<<PKGBUILDDIR>>/obj-x86_64-linux-gnu/libHSAIL" && /usr/bin/c++ -DWITH_LIBBRIGDWARF=1 -D__STDC_CONSTANT_MACROS -D__STDC_FORMAT_MACROS -D__STDC_LIMIT_MACROS -I"/<<PKGBUILDDIR>>/libHSAIL" -I"/<<PKGBUILDDIR>>/obj-x86_64-linux-gnu/libHSAIL/generated" -isystem /usr/include/libdwarf -g -O2 -ffile-prefix-map=/<<PKGBUILDDIR>>=. -fstack-protector-strong -Wformat -Werror=format-security -Wdate-time -D_FORTIFY_SOURCE=2 -fpic -Wall -std=c++11 -pthread -fno-rtti -fvisibility-inlines-hidden -MD -MT libHSAIL/CMakeFiles/hsail.dir/HSAILDisassembler.cpp.o -MF CMakeFiles/hsail.dir/HSAILDisassembler.cpp.o.d -o CMakeFiles/hsail.dir/HSAILDisassembler.cpp.o -c "/<<PKGBUILDDIR>>/libHSAIL/HSAILDisassembler.cpp"
[ 13%] Building CXX object libHSAIL/CMakeFiles/hsail.dir/HSAILBrigContainer.cpp.o
[ 13%] Building CXX object libHSAIL/CMakeFiles/hsail.dir/HSAILBrigObjectFile.cpp.o
cd "/<<PKGBUILDDIR>>/obj-x86_64-linux-gnu/libHSAIL" && /usr/bin/c++ -DWITH_LIBBRIGDWARF=1 -D__STDC_CONSTANT_MACROS -D__STDC_FORMAT_MACROS -D__STDC_LIMIT_MACROS -I"/<<PKGBUILDDIR>>/libHSAIL" -I"/<<PKGBUILDDIR>>/obj-x86_64-linux-gnu/libHSAIL/generated" -isystem /usr/include/libdwarf -g -O2 -ffile-prefix-map=/<<PKGBUILDDIR>>=. -fstack-protector-strong -Wformat -Werror=format-security -Wdate-time -D_FORTIFY_SOURCE=2 -fpic -Wall -std=c++11 -pthread -fno-rtti -fvisibility-inlines-hidden -MD -MT libHSAIL/CMakeFiles/hsail.dir/HSAILBrigObjectFile.cpp.o -MF CMakeFiles/hsail.dir/HSAILBrigObjectFile.cpp.o.d -o CMakeFiles/hsail.dir/HSAILBrigObjectFile.cpp.o -c "/<<PKGBUILDDIR>>/libHSAIL/HSAILBrigObjectFile.cpp"
cd "/<<PKGBUILDDIR>>/obj-x86_64-linux-gnu/libHSAIL" && /usr/bin/c++ -DWITH_LIBBRIGDWARF=1 -D__STDC_CONSTANT_MACROS -D__STDC_FORMAT_MACROS -D__STDC_LIMIT_MACROS -I"/<<PKGBUILDDIR>>/libHSAIL" -I"/<<PKGBUILDDIR>>/obj-x86_64-linux-gnu/libHSAIL/generated" -isystem /usr/include/libdwarf -g -O2 -ffile-prefix-map=/<<PKGBUILDDIR>>=. -fstack-protector-strong -Wformat -Werror=format-security -Wdate-time -D_FORTIFY_SOURCE=2 -fpic -Wall -std=c++11 -pthread -fno-rtti -fvisibility-inlines-hidden -MD -MT libHSAIL/CMakeFiles/hsail.dir/HSAILBrigContainer.cpp.o -MF CMakeFiles/hsail.dir/HSAILBrigContainer.cpp.o.d -o CMakeFiles/hsail.dir/HSAILBrigContainer.cpp.o -c "/<<PKGBUILDDIR>>/libHSAIL/HSAILBrigContainer.cpp"
[ 16%] Building CXX object libHSAIL/CMakeFiles/hsail.dir/HSAILBrigantine.cpp.o
cd "/<<PKGBUILDDIR>>/obj-x86_64-linux-gnu/libHSAIL" && /usr/bin/c++ -DWITH_LIBBRIGDWARF=1 -D__STDC_CONSTANT_MACROS -D__STDC_FORMAT_MACROS -D__STDC_LIMIT_MACROS -I"/<<PKGBUILDDIR>>/libHSAIL" -I"/<<PKGBUILDDIR>>/obj-x86_64-linux-gnu/libHSAIL/generated" -isystem /usr/include/libdwarf -g -O2 -ffile-prefix-map=/<<PKGBUILDDIR>>=. -fstack-protector-strong -Wformat -Werror=format-security -Wdate-time -D_FORTIFY_SOURCE=2 -fpic -Wall -std=c++11 -pthread -fno-rtti -fvisibility-inlines-hidden -MD -MT libHSAIL/CMakeFiles/hsail.dir/HSAILBrigantine.cpp.o -MF CMakeFiles/hsail.dir/HSAILBrigantine.cpp.o.d -o CMakeFiles/hsail.dir/HSAILBrigantine.cpp.o -c "/<<PKGBUILDDIR>>/libHSAIL/HSAILBrigantine.cpp"
/<<PKGBUILDDIR>>/libHSAIL/HSAILBrigObjectFile.cpp:227:61: warning: expression does not compute the number of elements in this array; element type is 'struct SectionDesc', not 'const HSAIL_ASM::SectionDesc *' [-Wsizeof-array-div]
const int NUM_PREDEFINED_ELF_SECTIONS = sizeof(sectionDescs)/sizeof(const SectionDesc*);
                                               ~~~~~~~~~~~~ ^
/<<PKGBUILDDIR>>/libHSAIL/HSAILBrigObjectFile.cpp:216:3: note: array 'sectionDescs' declared here
} sectionDescs[] = {
  ^
/<<PKGBUILDDIR>>/libHSAIL/HSAILBrigObjectFile.cpp:227:61: note: place parentheses around the 'sizeof(const HSAIL_ASM::SectionDesc *)' expression to silence this warning
const int NUM_PREDEFINED_ELF_SECTIONS = sizeof(sectionDescs)/sizeof(const SectionDesc*);
                                                            ^
/<<PKGBUILDDIR>>/libHSAIL/HSAILBrigObjectFile.cpp:227:11: warning: unused variable 'NUM_PREDEFINED_ELF_SECTIONS' [-Wunused-const-variable]
const int NUM_PREDEFINED_ELF_SECTIONS = sizeof(sectionDescs)/sizeof(const SectionDesc*);
          ^
2 warnings generated.
[ 20%] Building CXX object libHSAIL/CMakeFiles/hsail.dir/HSAILDump.cpp.o
cd "/<<PKGBUILDDIR>>/obj-x86_64-linux-gnu/libHSAIL" && /usr/bin/c++ -DWITH_LIBBRIGDWARF=1 -D__STDC_CONSTANT_MACROS -D__STDC_FORMAT_MACROS -D__STDC_LIMIT_MACROS -I"/<<PKGBUILDDIR>>/libHSAIL" -I"/<<PKGBUILDDIR>>/obj-x86_64-linux-gnu/libHSAIL/generated" -isystem /usr/include/libdwarf -g -O2 -ffile-prefix-map=/<<PKGBUILDDIR>>=. -fstack-protector-strong -Wformat -Werror=format-security -Wdate-time -D_FORTIFY_SOURCE=2 -fpic -Wall -std=c++11 -pthread -fno-rtti -fvisibility-inlines-hidden -MD -MT libHSAIL/CMakeFiles/hsail.dir/HSAILDump.cpp.o -MF CMakeFiles/hsail.dir/HSAILDump.cpp.o.d -o CMakeFiles/hsail.dir/HSAILDump.cpp.o -c "/<<PKGBUILDDIR>>/libHSAIL/HSAILDump.cpp"
[ 23%] Building CXX object libHSAIL/CMakeFiles/hsail.dir/HSAILFloats.cpp.o
cd "/<<PKGBUILDDIR>>/obj-x86_64-linux-gnu/libHSAIL" && /usr/bin/c++ -DWITH_LIBBRIGDWARF=1 -D__STDC_CONSTANT_MACROS -D__STDC_FORMAT_MACROS -D__STDC_LIMIT_MACROS -I"/<<PKGBUILDDIR>>/libHSAIL" -I"/<<PKGBUILDDIR>>/obj-x86_64-linux-gnu/libHSAIL/generated" -isystem /usr/include/libdwarf -g -O2 -ffile-prefix-map=/<<PKGBUILDDIR>>=. -fstack-protector-strong -Wformat -Werror=format-security -Wdate-time -D_FORTIFY_SOURCE=2 -fpic -Wall -std=c++11 -pthread -fno-rtti -fvisibility-inlines-hidden -MD -MT libHSAIL/CMakeFiles/hsail.dir/HSAILFloats.cpp.o -MF CMakeFiles/hsail.dir/HSAILFloats.cpp.o.d -o CMakeFiles/hsail.dir/HSAILFloats.cpp.o -c "/<<PKGBUILDDIR>>/libHSAIL/HSAILFloats.cpp"
[ 26%] Building CXX object libHSAIL/CMakeFiles/hsail.dir/HSAILItems.cpp.o
cd "/<<PKGBUILDDIR>>/obj-x86_64-linux-gnu/libHSAIL" && /usr/bin/c++ -DWITH_LIBBRIGDWARF=1 -D__STDC_CONSTANT_MACROS -D__STDC_FORMAT_MACROS -D__STDC_LIMIT_MACROS -I"/<<PKGBUILDDIR>>/libHSAIL" -I"/<<PKGBUILDDIR>>/obj-x86_64-linux-gnu/libHSAIL/generated" -isystem /usr/include/libdwarf -g -O2 -ffile-prefix-map=/<<PKGBUILDDIR>>=. -fstack-protector-strong -Wformat -Werror=format-security -Wdate-time -D_FORTIFY_SOURCE=2 -fpic -Wall -std=c++11 -pthread -fno-rtti -fvisibility-inlines-hidden -MD -MT libHSAIL/CMakeFiles/hsail.dir/HSAILItems.cpp.o -MF CMakeFiles/hsail.dir/HSAILItems.cpp.o.d -o CMakeFiles/hsail.dir/HSAILItems.cpp.o -c "/<<PKGBUILDDIR>>/libHSAIL/HSAILItems.cpp"
[ 30%] Building CXX object libHSAIL/CMakeFiles/hsail.dir/HSAILParser.cpp.o
cd "/<<PKGBUILDDIR>>/obj-x86_64-linux-gnu/libHSAIL" && /usr/bin/c++ -DWITH_LIBBRIGDWARF=1 -D__STDC_CONSTANT_MACROS -D__STDC_FORMAT_MACROS -D__STDC_LIMIT_MACROS -I"/<<PKGBUILDDIR>>/libHSAIL" -I"/<<PKGBUILDDIR>>/obj-x86_64-linux-gnu/libHSAIL/generated" -isystem /usr/include/libdwarf -g -O2 -ffile-prefix-map=/<<PKGBUILDDIR>>=. -fstack-protector-strong -Wformat -Werror=format-security -Wdate-time -D_FORTIFY_SOURCE=2 -fpic -Wall -std=c++11 -pthread -fno-rtti -fvisibility-inlines-hidden -MD -MT libHSAIL/CMakeFiles/hsail.dir/HSAILParser.cpp.o -MF CMakeFiles/hsail.dir/HSAILParser.cpp.o.d -o CMakeFiles/hsail.dir/HSAILParser.cpp.o -c "/<<PKGBUILDDIR>>/libHSAIL/HSAILParser.cpp"
[ 33%] Building CXX object libHSAIL/CMakeFiles/hsail.dir/HSAILScanner.cpp.o
cd "/<<PKGBUILDDIR>>/obj-x86_64-linux-gnu/libHSAIL" && /usr/bin/c++ -DWITH_LIBBRIGDWARF=1 -D__STDC_CONSTANT_MACROS -D__STDC_FORMAT_MACROS -D__STDC_LIMIT_MACROS -I"/<<PKGBUILDDIR>>/libHSAIL" -I"/<<PKGBUILDDIR>>/obj-x86_64-linux-gnu/libHSAIL/generated" -isystem /usr/include/libdwarf -g -O2 -ffile-prefix-map=/<<PKGBUILDDIR>>=. -fstack-protector-strong -Wformat -Werror=format-security -Wdate-time -D_FORTIFY_SOURCE=2 -fpic -Wall -std=c++11 -pthread -fno-rtti -fvisibility-inlines-hidden -MD -MT libHSAIL/CMakeFiles/hsail.dir/HSAILScanner.cpp.o -MF CMakeFiles/hsail.dir/HSAILScanner.cpp.o.d -o CMakeFiles/hsail.dir/HSAILScanner.cpp.o -c "/<<PKGBUILDDIR>>/libHSAIL/HSAILScanner.cpp"
[ 36%] Building CXX object libHSAIL/CMakeFiles/hsail.dir/HSAILScannerRules.cpp.o
cd "/<<PKGBUILDDIR>>/obj-x86_64-linux-gnu/libHSAIL" && /usr/bin/c++ -DWITH_LIBBRIGDWARF=1 -D__STDC_CONSTANT_MACROS -D__STDC_FORMAT_MACROS -D__STDC_LIMIT_MACROS -I"/<<PKGBUILDDIR>>/libHSAIL" -I"/<<PKGBUILDDIR>>/obj-x86_64-linux-gnu/libHSAIL/generated" -isystem /usr/include/libdwarf -g -O2 -ffile-prefix-map=/<<PKGBUILDDIR>>=. -fstack-protector-strong -Wformat -Werror=format-security -Wdate-time -D_FORTIFY_SOURCE=2 -fpic -Wall -std=c++11 -pthread -fno-rtti -fvisibility-inlines-hidden -MD -MT libHSAIL/CMakeFiles/hsail.dir/HSAILScannerRules.cpp.o -MF CMakeFiles/hsail.dir/HSAILScannerRules.cpp.o.d -o CMakeFiles/hsail.dir/HSAILScannerRules.cpp.o -c "/<<PKGBUILDDIR>>/libHSAIL/HSAILScannerRules.cpp"
In file included from /<<PKGBUILDDIR>>/libHSAIL/HSAILScannerRules.cpp:46:
/<<PKGBUILDDIR>>/obj-x86_64-linux-gnu/libHSAIL/generated/HSAILScannerRules_gen_re2c.hpp:271:17: warning: unused variable 'ctxMarker' [-Wunused-variable]
    const char *ctxMarker = NULL;
                ^
/<<PKGBUILDDIR>>/obj-x86_64-linux-gnu/libHSAIL/generated/HSAILScannerRules_gen_re2c.hpp:14080:17: warning: unused variable 'ctxMarker' [-Wunused-variable]
    const char *ctxMarker = NULL;
                ^
[ 40%] Building CXX object libHSAIL/CMakeFiles/hsail.dir/HSAILTool.cpp.o
cd "/<<PKGBUILDDIR>>/obj-x86_64-linux-gnu/libHSAIL" && /usr/bin/c++ -DWITH_LIBBRIGDWARF=1 -D__STDC_CONSTANT_MACROS -D__STDC_FORMAT_MACROS -D__STDC_LIMIT_MACROS -I"/<<PKGBUILDDIR>>/libHSAIL" -I"/<<PKGBUILDDIR>>/obj-x86_64-linux-gnu/libHSAIL/generated" -isystem /usr/include/libdwarf -g -O2 -ffile-prefix-map=/<<PKGBUILDDIR>>=. -fstack-protector-strong -Wformat -Werror=format-security -Wdate-time -D_FORTIFY_SOURCE=2 -fpic -Wall -std=c++11 -pthread -fno-rtti -fvisibility-inlines-hidden -MD -MT libHSAIL/CMakeFiles/hsail.dir/HSAILTool.cpp.o -MF CMakeFiles/hsail.dir/HSAILTool.cpp.o.d -o CMakeFiles/hsail.dir/HSAILTool.cpp.o -c "/<<PKGBUILDDIR>>/libHSAIL/HSAILTool.cpp"
/<<PKGBUILDDIR>>/libHSAIL/HSAILTool.cpp:301:26: warning: expansion of date or time macro is not reproducible [-Wdate-time]
    out << "  Built " << __DATE__ << " (" << __TIME__ << ")." << std::endl;
                         ^
/<<PKGBUILDDIR>>/libHSAIL/HSAILTool.cpp:301:46: warning: expansion of date or time macro is not reproducible [-Wdate-time]
    out << "  Built " << __DATE__ << " (" << __TIME__ << ")." << std::endl;
                                             ^
2 warnings generated.
[ 43%] Building CXX object libHSAIL/CMakeFiles/hsail.dir/HSAILUtilities.cpp.o
cd "/<<PKGBUILDDIR>>/obj-x86_64-linux-gnu/libHSAIL" && /usr/bin/c++ -DWITH_LIBBRIGDWARF=1 -D__STDC_CONSTANT_MACROS -D__STDC_FORMAT_MACROS -D__STDC_LIMIT_MACROS -I"/<<PKGBUILDDIR>>/libHSAIL" -I"/<<PKGBUILDDIR>>/obj-x86_64-linux-gnu/libHSAIL/generated" -isystem /usr/include/libdwarf -g -O2 -ffile-prefix-map=/<<PKGBUILDDIR>>=. -fstack-protector-strong -Wformat -Werror=format-security -Wdate-time -D_FORTIFY_SOURCE=2 -fpic -Wall -std=c++11 -pthread -fno-rtti -fvisibility-inlines-hidden -MD -MT libHSAIL/CMakeFiles/hsail.dir/HSAILUtilities.cpp.o -MF CMakeFiles/hsail.dir/HSAILUtilities.cpp.o.d -o CMakeFiles/hsail.dir/HSAILUtilities.cpp.o -c "/<<PKGBUILDDIR>>/libHSAIL/HSAILUtilities.cpp"
2 warnings generated.
[ 46%] Building CXX object libHSAIL/CMakeFiles/hsail.dir/HSAILValidator.cpp.o
cd "/<<PKGBUILDDIR>>/obj-x86_64-linux-gnu/libHSAIL" && /usr/bin/c++ -DWITH_LIBBRIGDWARF=1 -D__STDC_CONSTANT_MACROS -D__STDC_FORMAT_MACROS -D__STDC_LIMIT_MACROS -I"/<<PKGBUILDDIR>>/libHSAIL" -I"/<<PKGBUILDDIR>>/obj-x86_64-linux-gnu/libHSAIL/generated" -isystem /usr/include/libdwarf -g -O2 -ffile-prefix-map=/<<PKGBUILDDIR>>=. -fstack-protector-strong -Wformat -Werror=format-security -Wdate-time -D_FORTIFY_SOURCE=2 -fpic -Wall -std=c++11 -pthread -fno-rtti -fvisibility-inlines-hidden -MD -MT libHSAIL/CMakeFiles/hsail.dir/HSAILValidator.cpp.o -MF CMakeFiles/hsail.dir/HSAILValidator.cpp.o.d -o CMakeFiles/hsail.dir/HSAILValidator.cpp.o -c "/<<PKGBUILDDIR>>/libHSAIL/HSAILValidator.cpp"
[ 50%] Building CXX object libHSAIL/CMakeFiles/hsail.dir/HSAILValidatorBase.cpp.o
cd "/<<PKGBUILDDIR>>/obj-x86_64-linux-gnu/libHSAIL" && /usr/bin/c++ -DWITH_LIBBRIGDWARF=1 -D__STDC_CONSTANT_MACROS -D__STDC_FORMAT_MACROS -D__STDC_LIMIT_MACROS -I"/<<PKGBUILDDIR>>/libHSAIL" -I"/<<PKGBUILDDIR>>/obj-x86_64-linux-gnu/libHSAIL/generated" -isystem /usr/include/libdwarf -g -O2 -ffile-prefix-map=/<<PKGBUILDDIR>>=. -fstack-protector-strong -Wformat -Werror=format-security -Wdate-time -D_FORTIFY_SOURCE=2 -fpic -Wall -std=c++11 -pthread -fno-rtti -fvisibility-inlines-hidden -MD -MT libHSAIL/CMakeFiles/hsail.dir/HSAILValidatorBase.cpp.o -MF CMakeFiles/hsail.dir/HSAILValidatorBase.cpp.o.d -o CMakeFiles/hsail.dir/HSAILValidatorBase.cpp.o -c "/<<PKGBUILDDIR>>/libHSAIL/HSAILValidatorBase.cpp"
[ 53%] Building CXX object libHSAIL/CMakeFiles/hsail.dir/hsail_c.cpp.o
cd "/<<PKGBUILDDIR>>/obj-x86_64-linux-gnu/libHSAIL" && /usr/bin/c++ -DWITH_LIBBRIGDWARF=1 -D__STDC_CONSTANT_MACROS -D__STDC_FORMAT_MACROS -D__STDC_LIMIT_MACROS -I"/<<PKGBUILDDIR>>/libHSAIL" -I"/<<PKGBUILDDIR>>/obj-x86_64-linux-gnu/libHSAIL/generated" -isystem /usr/include/libdwarf -g -O2 -ffile-prefix-map=/<<PKGBUILDDIR>>=. -fstack-protector-strong -Wformat -Werror=format-security -Wdate-time -D_FORTIFY_SOURCE=2 -fpic -Wall -std=c++11 -pthread -fno-rtti -fvisibility-inlines-hidden -MD -MT libHSAIL/CMakeFiles/hsail.dir/hsail_c.cpp.o -MF CMakeFiles/hsail.dir/hsail_c.cpp.o.d -o CMakeFiles/hsail.dir/hsail_c.cpp.o -c "/<<PKGBUILDDIR>>/libHSAIL/hsail_c.cpp"
[ 56%] Building CXX object libHSAIL/CMakeFiles/hsail.dir/HSAILExtManager.cpp.o
cd "/<<PKGBUILDDIR>>/obj-x86_64-linux-gnu/libHSAIL" && /usr/bin/c++ -DWITH_LIBBRIGDWARF=1 -D__STDC_CONSTANT_MACROS -D__STDC_FORMAT_MACROS -D__STDC_LIMIT_MACROS -I"/<<PKGBUILDDIR>>/libHSAIL" -I"/<<PKGBUILDDIR>>/obj-x86_64-linux-gnu/libHSAIL/generated" -isystem /usr/include/libdwarf -g -O2 -ffile-prefix-map=/<<PKGBUILDDIR>>=. -fstack-protector-strong -Wformat -Werror=format-security -Wdate-time -D_FORTIFY_SOURCE=2 -fpic -Wall -std=c++11 -pthread -fno-rtti -fvisibility-inlines-hidden -MD -MT libHSAIL/CMakeFiles/hsail.dir/HSAILExtManager.cpp.o -MF CMakeFiles/hsail.dir/HSAILExtManager.cpp.o.d -o CMakeFiles/hsail.dir/HSAILExtManager.cpp.o -c "/<<PKGBUILDDIR>>/libHSAIL/HSAILExtManager.cpp"
[ 60%] Building CXX object libHSAIL/CMakeFiles/hsail.dir/HSAILInstProps.cpp.o
cd "/<<PKGBUILDDIR>>/obj-x86_64-linux-gnu/libHSAIL" && /usr/bin/c++ -DWITH_LIBBRIGDWARF=1 -D__STDC_CONSTANT_MACROS -D__STDC_FORMAT_MACROS -D__STDC_LIMIT_MACROS -I"/<<PKGBUILDDIR>>/libHSAIL" -I"/<<PKGBUILDDIR>>/obj-x86_64-linux-gnu/libHSAIL/generated" -isystem /usr/include/libdwarf -g -O2 -ffile-prefix-map=/<<PKGBUILDDIR>>=. -fstack-protector-strong -Wformat -Werror=format-security -Wdate-time -D_FORTIFY_SOURCE=2 -fpic -Wall -std=c++11 -pthread -fno-rtti -fvisibility-inlines-hidden -MD -MT libHSAIL/CMakeFiles/hsail.dir/HSAILInstProps.cpp.o -MF CMakeFiles/hsail.dir/HSAILInstProps.cpp.o.d -o CMakeFiles/hsail.dir/HSAILInstProps.cpp.o -c "/<<PKGBUILDDIR>>/libHSAIL/HSAILInstProps.cpp"
[ 63%] Building CXX object libHSAIL/CMakeFiles/hsail.dir/HSAILImageExt.cpp.o
cd "/<<PKGBUILDDIR>>/obj-x86_64-linux-gnu/libHSAIL" && /usr/bin/c++ -DWITH_LIBBRIGDWARF=1 -D__STDC_CONSTANT_MACROS -D__STDC_FORMAT_MACROS -D__STDC_LIMIT_MACROS -I"/<<PKGBUILDDIR>>/libHSAIL" -I"/<<PKGBUILDDIR>>/obj-x86_64-linux-gnu/libHSAIL/generated" -isystem /usr/include/libdwarf -g -O2 -ffile-prefix-map=/<<PKGBUILDDIR>>=. -fstack-protector-strong -Wformat -Werror=format-security -Wdate-time -D_FORTIFY_SOURCE=2 -fpic -Wall -std=c++11 -pthread -fno-rtti -fvisibility-inlines-hidden -MD -MT libHSAIL/CMakeFiles/hsail.dir/HSAILImageExt.cpp.o -MF CMakeFiles/hsail.dir/HSAILImageExt.cpp.o.d -o CMakeFiles/hsail.dir/HSAILImageExt.cpp.o -c "/<<PKGBUILDDIR>>/libHSAIL/HSAILImageExt.cpp"
[ 66%] Building CXX object libHSAIL/CMakeFiles/hsail.dir/BrigDwarfGenerator.cpp.o
cd "/<<PKGBUILDDIR>>/obj-x86_64-linux-gnu/libHSAIL" && /usr/bin/c++ -DWITH_LIBBRIGDWARF=1 -D__STDC_CONSTANT_MACROS -D__STDC_FORMAT_MACROS -D__STDC_LIMIT_MACROS -I"/<<PKGBUILDDIR>>/libHSAIL" -I"/<<PKGBUILDDIR>>/obj-x86_64-linux-gnu/libHSAIL/generated" -isystem /usr/include/libdwarf -g -O2 -ffile-prefix-map=/<<PKGBUILDDIR>>=. -fstack-protector-strong -Wformat -Werror=format-security -Wdate-time -D_FORTIFY_SOURCE=2 -fpic -Wall -std=c++11 -pthread -fno-rtti -fvisibility-inlines-hidden -MD -MT libHSAIL/CMakeFiles/hsail.dir/BrigDwarfGenerator.cpp.o -MF CMakeFiles/hsail.dir/BrigDwarfGenerator.cpp.o.d -o CMakeFiles/hsail.dir/BrigDwarfGenerator.cpp.o -c "/<<PKGBUILDDIR>>/libHSAIL/BrigDwarfGenerator.cpp"
[ 70%] Linking CXX static library libhsail.a
cd "/<<PKGBUILDDIR>>/obj-x86_64-linux-gnu/libHSAIL" && /usr/bin/cmake -P CMakeFiles/hsail.dir/cmake_clean_target.cmake
cd "/<<PKGBUILDDIR>>/obj-x86_64-linux-gnu/libHSAIL" && /usr/bin/cmake -E cmake_link_script CMakeFiles/hsail.dir/link.txt --verbose=1
/usr/bin/ar qc libhsail.a CMakeFiles/hsail.dir/HSAILBrigContainer.cpp.o CMakeFiles/hsail.dir/HSAILBrigObjectFile.cpp.o CMakeFiles/hsail.dir/HSAILBrigantine.cpp.o CMakeFiles/hsail.dir/HSAILDisassembler.cpp.o CMakeFiles/hsail.dir/HSAILDump.cpp.o CMakeFiles/hsail.dir/HSAILFloats.cpp.o CMakeFiles/hsail.dir/HSAILItems.cpp.o CMakeFiles/hsail.dir/HSAILParser.cpp.o CMakeFiles/hsail.dir/HSAILScanner.cpp.o CMakeFiles/hsail.dir/HSAILScannerRules.cpp.o CMakeFiles/hsail.dir/HSAILTool.cpp.o CMakeFiles/hsail.dir/HSAILUtilities.cpp.o CMakeFiles/hsail.dir/HSAILValidator.cpp.o CMakeFiles/hsail.dir/HSAILValidatorBase.cpp.o CMakeFiles/hsail.dir/hsail_c.cpp.o CMakeFiles/hsail.dir/HSAILExtManager.cpp.o CMakeFiles/hsail.dir/HSAILInstProps.cpp.o CMakeFiles/hsail.dir/HSAILImageExt.cpp.o CMakeFiles/hsail.dir/BrigDwarfGenerator.cpp.o
/usr/bin/ranlib libhsail.a
make[3]: Leaving directory '/<<PKGBUILDDIR>>/obj-x86_64-linux-gnu'
[ 73%] Built target hsail
make  -f libHSAIL-AMD/CMakeFiles/hsail-amd.dir/build.make libHSAIL-AMD/CMakeFiles/hsail-amd.dir/depend
make[3]: Entering directory '/<<PKGBUILDDIR>>/obj-x86_64-linux-gnu'
[ 76%] Generating libHSAIL-AMD sources
cd "/<<PKGBUILDDIR>>/obj-x86_64-linux-gnu/libHSAIL-AMD" && /usr/bin/perl /<<PKGBUILDDIR>>/libHSAIL-AMD/../libHSAIL/HDLProcessor.pl -target=validator /<<PKGBUILDDIR>>/libHSAIL-AMD/../libHSAIL/HSAILDefs.hdl /<<PKGBUILDDIR>>/libHSAIL-AMD/gcn.hdl > /<<PKGBUILDDIR>>/obj-x86_64-linux-gnu/libHSAIL-AMD/generated/InstValidation_gcn_gen.hpp
cd "/<<PKGBUILDDIR>>/obj-x86_64-linux-gnu/libHSAIL-AMD" && /usr/bin/perl /<<PKGBUILDDIR>>/libHSAIL-AMD/../libHSAIL/HDLProcessor.pl -target=validator /<<PKGBUILDDIR>>/libHSAIL-AMD/../libHSAIL/HSAILDefs.hdl /<<PKGBUILDDIR>>/libHSAIL-AMD/mipmap.hdl > /<<PKGBUILDDIR>>/obj-x86_64-linux-gnu/libHSAIL-AMD/generated/InstValidation_mipmap_gen.hpp
cd "/<<PKGBUILDDIR>>/obj-x86_64-linux-gnu/libHSAIL-AMD" && /usr/bin/perl /<<PKGBUILDDIR>>/libHSAIL-AMD/../libHSAIL/HDLProcessor.pl -target=validator /<<PKGBUILDDIR>>/libHSAIL-AMD/../libHSAIL/HSAILDefs.hdl /<<PKGBUILDDIR>>/libHSAIL-AMD/dg.hdl > /<<PKGBUILDDIR>>/obj-x86_64-linux-gnu/libHSAIL-AMD/generated/InstValidation_dg_gen.hpp
cd "/<<PKGBUILDDIR>>/obj-x86_64-linux-gnu" && /usr/bin/cmake -E cmake_depends "Unix Makefiles" "/<<PKGBUILDDIR>>" "/<<PKGBUILDDIR>>/libHSAIL-AMD" "/<<PKGBUILDDIR>>/obj-x86_64-linux-gnu" "/<<PKGBUILDDIR>>/obj-x86_64-linux-gnu/libHSAIL-AMD" "/<<PKGBUILDDIR>>/obj-x86_64-linux-gnu/libHSAIL-AMD/CMakeFiles/hsail-amd.dir/DependInfo.cmake" --color=
make[3]: Leaving directory '/<<PKGBUILDDIR>>/obj-x86_64-linux-gnu'
make  -f libHSAIL-AMD/CMakeFiles/hsail-amd.dir/build.make libHSAIL-AMD/CMakeFiles/hsail-amd.dir/build
make[3]: Entering directory '/<<PKGBUILDDIR>>/obj-x86_64-linux-gnu'
[ 80%] Building CXX object libHSAIL-AMD/CMakeFiles/hsail-amd.dir/mipmap.cpp.o
cd "/<<PKGBUILDDIR>>/obj-x86_64-linux-gnu/libHSAIL-AMD" && /usr/bin/c++ -D__STDC_CONSTANT_MACROS -D__STDC_FORMAT_MACROS -D__STDC_LIMIT_MACROS -I"/<<PKGBUILDDIR>>/libHSAIL-AMD" -I"/<<PKGBUILDDIR>>/obj-x86_64-linux-gnu/libHSAIL-AMD/generated" -I"/<<PKGBUILDDIR>>/libHSAIL" -I"/<<PKGBUILDDIR>>/obj-x86_64-linux-gnu/libHSAIL/generated" -isystem /usr/include/libdwarf -g -O2 -ffile-prefix-map=/<<PKGBUILDDIR>>=. -fstack-protector-strong -Wformat -Werror=format-security -Wdate-time -D_FORTIFY_SOURCE=2 -fpic -Wall -std=c++11 -pthread -fno-rtti -fvisibility-inlines-hidden -MD -MT libHSAIL-AMD/CMakeFiles/hsail-amd.dir/mipmap.cpp.o -MF CMakeFiles/hsail-amd.dir/mipmap.cpp.o.d -o CMakeFiles/hsail-amd.dir/mipmap.cpp.o -c "/<<PKGBUILDDIR>>/libHSAIL-AMD/mipmap.cpp"
[ 83%] Building CXX object libHSAIL-AMD/CMakeFiles/hsail-amd.dir/gcn.cpp.o
[ 86%] Building CXX object libHSAIL-AMD/CMakeFiles/hsail-amd.dir/HSAILAmdExt.cpp.o
cd "/<<PKGBUILDDIR>>/obj-x86_64-linux-gnu/libHSAIL-AMD" && /usr/bin/c++ -D__STDC_CONSTANT_MACROS -D__STDC_FORMAT_MACROS -D__STDC_LIMIT_MACROS -I"/<<PKGBUILDDIR>>/libHSAIL-AMD" -I"/<<PKGBUILDDIR>>/obj-x86_64-linux-gnu/libHSAIL-AMD/generated" -I"/<<PKGBUILDDIR>>/libHSAIL" -I"/<<PKGBUILDDIR>>/obj-x86_64-linux-gnu/libHSAIL/generated" -isystem /usr/include/libdwarf -g -O2 -ffile-prefix-map=/<<PKGBUILDDIR>>=. -fstack-protector-strong -Wformat -Werror=format-security -Wdate-time -D_FORTIFY_SOURCE=2 -fpic -Wall -std=c++11 -pthread -fno-rtti -fvisibility-inlines-hidden -MD -MT libHSAIL-AMD/CMakeFiles/hsail-amd.dir/gcn.cpp.o -MF CMakeFiles/hsail-amd.dir/gcn.cpp.o.d -o CMakeFiles/hsail-amd.dir/gcn.cpp.o -c "/<<PKGBUILDDIR>>/libHSAIL-AMD/gcn.cpp"
cd "/<<PKGBUILDDIR>>/obj-x86_64-linux-gnu/libHSAIL-AMD" && /usr/bin/c++ -D__STDC_CONSTANT_MACROS -D__STDC_FORMAT_MACROS -D__STDC_LIMIT_MACROS -I"/<<PKGBUILDDIR>>/libHSAIL-AMD" -I"/<<PKGBUILDDIR>>/obj-x86_64-linux-gnu/libHSAIL-AMD/generated" -I"/<<PKGBUILDDIR>>/libHSAIL" -I"/<<PKGBUILDDIR>>/obj-x86_64-linux-gnu/libHSAIL/generated" -isystem /usr/include/libdwarf -g -O2 -ffile-prefix-map=/<<PKGBUILDDIR>>=. -fstack-protector-strong -Wformat -Werror=format-security -Wdate-time -D_FORTIFY_SOURCE=2 -fpic -Wall -std=c++11 -pthread -fno-rtti -fvisibility-inlines-hidden -MD -MT libHSAIL-AMD/CMakeFiles/hsail-amd.dir/HSAILAmdExt.cpp.o -MF CMakeFiles/hsail-amd.dir/HSAILAmdExt.cpp.o.d -o CMakeFiles/hsail-amd.dir/HSAILAmdExt.cpp.o -c "/<<PKGBUILDDIR>>/libHSAIL-AMD/HSAILAmdExt.cpp"
[ 90%] Building CXX object libHSAIL-AMD/CMakeFiles/hsail-amd.dir/dg.cpp.o
cd "/<<PKGBUILDDIR>>/obj-x86_64-linux-gnu/libHSAIL-AMD" && /usr/bin/c++ -D__STDC_CONSTANT_MACROS -D__STDC_FORMAT_MACROS -D__STDC_LIMIT_MACROS -I"/<<PKGBUILDDIR>>/libHSAIL-AMD" -I"/<<PKGBUILDDIR>>/obj-x86_64-linux-gnu/libHSAIL-AMD/generated" -I"/<<PKGBUILDDIR>>/libHSAIL" -I"/<<PKGBUILDDIR>>/obj-x86_64-linux-gnu/libHSAIL/generated" -isystem /usr/include/libdwarf -g -O2 -ffile-prefix-map=/<<PKGBUILDDIR>>=. -fstack-protector-strong -Wformat -Werror=format-security -Wdate-time -D_FORTIFY_SOURCE=2 -fpic -Wall -std=c++11 -pthread -fno-rtti -fvisibility-inlines-hidden -MD -MT libHSAIL-AMD/CMakeFiles/hsail-amd.dir/dg.cpp.o -MF CMakeFiles/hsail-amd.dir/dg.cpp.o.d -o CMakeFiles/hsail-amd.dir/dg.cpp.o -c "/<<PKGBUILDDIR>>/libHSAIL-AMD/dg.cpp"
[ 93%] Linking CXX static library libhsail-amd.a
cd "/<<PKGBUILDDIR>>/obj-x86_64-linux-gnu/libHSAIL-AMD" && /usr/bin/cmake -P CMakeFiles/hsail-amd.dir/cmake_clean_target.cmake
cd "/<<PKGBUILDDIR>>/obj-x86_64-linux-gnu/libHSAIL-AMD" && /usr/bin/cmake -E cmake_link_script CMakeFiles/hsail-amd.dir/link.txt --verbose=1
/usr/bin/ar qc libhsail-amd.a CMakeFiles/hsail-amd.dir/gcn.cpp.o CMakeFiles/hsail-amd.dir/mipmap.cpp.o CMakeFiles/hsail-amd.dir/HSAILAmdExt.cpp.o CMakeFiles/hsail-amd.dir/dg.cpp.o
/usr/bin/ranlib libhsail-amd.a
make[3]: Leaving directory '/<<PKGBUILDDIR>>/obj-x86_64-linux-gnu'
[ 93%] Built target hsail-amd
make  -f HSAILAsm/CMakeFiles/HSAILasm.dir/build.make HSAILAsm/CMakeFiles/HSAILasm.dir/depend
make[3]: Entering directory '/<<PKGBUILDDIR>>/obj-x86_64-linux-gnu'
cd "/<<PKGBUILDDIR>>/obj-x86_64-linux-gnu" && /usr/bin/cmake -E cmake_depends "Unix Makefiles" "/<<PKGBUILDDIR>>" "/<<PKGBUILDDIR>>/HSAILAsm" "/<<PKGBUILDDIR>>/obj-x86_64-linux-gnu" "/<<PKGBUILDDIR>>/obj-x86_64-linux-gnu/HSAILAsm" "/<<PKGBUILDDIR>>/obj-x86_64-linux-gnu/HSAILAsm/CMakeFiles/HSAILasm.dir/DependInfo.cmake" --color=
make[3]: Leaving directory '/<<PKGBUILDDIR>>/obj-x86_64-linux-gnu'
make  -f HSAILAsm/CMakeFiles/HSAILasm.dir/build.make HSAILAsm/CMakeFiles/HSAILasm.dir/build
make[3]: Entering directory '/<<PKGBUILDDIR>>/obj-x86_64-linux-gnu'
[ 96%] Building CXX object HSAILAsm/CMakeFiles/HSAILasm.dir/HSAILAsm.cpp.o
cd "/<<PKGBUILDDIR>>/obj-x86_64-linux-gnu/HSAILAsm" && /usr/bin/c++ -DAMD_EXTENSIONS -D__STDC_CONSTANT_MACROS -D__STDC_FORMAT_MACROS -D__STDC_LIMIT_MACROS -I"/<<PKGBUILDDIR>>/libHSAIL" -I"/<<PKGBUILDDIR>>/obj-x86_64-linux-gnu/libHSAIL/generated" -I"/<<PKGBUILDDIR>>/libHSAIL-AMD" -I"/<<PKGBUILDDIR>>/obj-x86_64-linux-gnu/libHSAIL-AMD/generated" -isystem /usr/include/libdwarf -g -O2 -ffile-prefix-map=/<<PKGBUILDDIR>>=. -fstack-protector-strong -Wformat -Werror=format-security -Wdate-time -D_FORTIFY_SOURCE=2 -fpic -Wall -std=c++11 -pthread -fno-rtti -fvisibility-inlines-hidden -MD -MT HSAILAsm/CMakeFiles/HSAILasm.dir/HSAILAsm.cpp.o -MF CMakeFiles/HSAILasm.dir/HSAILAsm.cpp.o.d -o CMakeFiles/HSAILasm.dir/HSAILAsm.cpp.o -c "/<<PKGBUILDDIR>>/HSAILAsm/HSAILAsm.cpp"
[100%] Linking CXX executable HSAILasm
cd "/<<PKGBUILDDIR>>/obj-x86_64-linux-gnu/HSAILAsm" && /usr/bin/cmake -E cmake_link_script CMakeFiles/HSAILasm.dir/link.txt --verbose=1
/usr/bin/c++ -g -O2 -ffile-prefix-map=/<<PKGBUILDDIR>>=. -fstack-protector-strong -Wformat -Werror=format-security -Wdate-time -D_FORTIFY_SOURCE=2 -Wl,-z,relro -rdynamic CMakeFiles/HSAILasm.dir/HSAILAsm.cpp.o -o HSAILasm  ../libHSAIL/libhsail.a ../libHSAIL-AMD/libhsail-amd.a -lelf -ldwarf -lcurses -ltinfo -lpthread ../libHSAIL/libhsail.a /usr/lib/x86_64-linux-gnu/libdwarf.so /usr/lib/x86_64-linux-gnu/libelf.so -ldl 
/usr/bin/ld: ../libHSAIL/libhsail.a(BrigDwarfGenerator.cpp.o): in function `BrigDebug::BrigDwarfGenerator_impl::initializeElf()':
./obj-x86_64-linux-gnu/libHSAIL/./libHSAIL/BrigDwarfGenerator.cpp:1058: warning: the use of `tempnam' is dangerous, better use `mkstemp'
make[3]: Leaving directory '/<<PKGBUILDDIR>>/obj-x86_64-linux-gnu'
[100%] Built target HSAILasm
make[2]: Leaving directory '/<<PKGBUILDDIR>>/obj-x86_64-linux-gnu'
/usr/bin/cmake -E cmake_progress_start "/<<PKGBUILDDIR>>/obj-x86_64-linux-gnu/CMakeFiles" 0
make[1]: Leaving directory '/<<PKGBUILDDIR>>/obj-x86_64-linux-gnu'
   dh_auto_test -O--parallel
dh_auto_test: warning: Compatibility levels before 10 are deprecated (level 9 in use)
	cd obj-x86_64-linux-gnu && make -j4 test ARGS\+=--verbose ARGS\+=-j4
make[1]: Entering directory '/<<PKGBUILDDIR>>/obj-x86_64-linux-gnu'
Running tests...
/usr/bin/ctest --force-new-ctest-process --verbose -j4
UpdateCTestConfiguration  from :/<<PKGBUILDDIR>>/obj-x86_64-linux-gnu/DartConfiguration.tcl
UpdateCTestConfiguration  from :/<<PKGBUILDDIR>>/obj-x86_64-linux-gnu/DartConfiguration.tcl
Test project /<<PKGBUILDDIR>>/obj-x86_64-linux-gnu
Constructing a list of tests
Done constructing a list of tests
Updating test list for fixtures
Added 0 tests to meet fixture requirements
Checking test dependency graph...
Checking test dependency graph end
test 3
        Start   3: HSAILAsm-assemble

3: Test command: /<<PKGBUILDDIR>>/obj-x86_64-linux-gnu/HSAILAsm/HSAILasm "-assemble" "/<<PKGBUILDDIR>>/tests/1.0/simple.hsail" "-o" "test.brig"
3: Test timeout computed to be: 10000000
test 6
        Start   6: HSAILAsm-assemble-g

6: Test command: /<<PKGBUILDDIR>>/obj-x86_64-linux-gnu/HSAILAsm/HSAILasm "-assemble" "-g" "/<<PKGBUILDDIR>>/tests/1.0/simple.hsail" "-o" "test-g.brig"
6: Test timeout computed to be: 10000000
test 1
        Start   1: HSAILAsm-help

1: Test command: /<<PKGBUILDDIR>>/obj-x86_64-linux-gnu/HSAILAsm/HSAILasm "-help"
1: Test timeout computed to be: 10000000
test 2
        Start   2: HSAILAsm-version

2: Test command: /<<PKGBUILDDIR>>/obj-x86_64-linux-gnu/HSAILAsm/HSAILasm "-version"
2: Test timeout computed to be: 10000000
  1/115 Test   #3: HSAILAsm-assemble .................................   Passed    0.00 sec
test 4
        Start   4: HSAILAsm-disassemble

4: Test command: /<<PKGBUILDDIR>>/obj-x86_64-linux-gnu/HSAILAsm/HSAILasm "-disassemble" "test.brig"
4: Test timeout computed to be: 10000000
1: HSAIL Assembler and Disassembler.
1: 
1: Usage: HSAILAsm [-assemble|-disassemble|-decode|-version|-help] [options] [input file]
1: 
1: Action to perform:
1:   -assemble          - Assemble a .hsail file (default)
1:   -disassemble       - Disassemble an .brig file
1:   -version           - Display version information
1:   -decode            - Decode contents of .brig file in YAML format
1:   -help              - Display this help
1: 
1: Options:
1:   -bif32             - Use BIF in ELF32 container format
1:   -bif64             - Use BIF in ELF64 container format
1:   -brig              - Use BRIG format
1:   -enable-comments   - Enable Comments in BRIG
1:   -g                 - Enable debug info generation for assemble
1:   -include-source    - Include HSAIL text in debug information
1:   -o <filename>      - Set output filename (if not specified, input file name with appropriate extension is used)
1:   -odebug <filename> - Set debug information dump filename and enable dump
1:   -floatraw          - Set float disassembly mode to 0[DFH]rawbits
1:   -floatc99          - Set float disassembly mode to +-0xX.XXXp+-DD C99 format
1:   -floatdec          - Set float disassembly mode to decimal form
  2/115 Test   #6: HSAILAsm-assemble-g ...............................   Passed    0.00 sec
test 5
        Start   5: HSAILAsm-decode

5: Test command: /<<PKGBUILDDIR>>/obj-x86_64-linux-gnu/HSAILAsm/HSAILasm "-decode" "test.brig" "-o" "test.yaml"
5: Test timeout computed to be: 10000000
  3/115 Test   #1: HSAILAsm-help .....................................   Passed    0.00 sec
test 7
        Start   7: HSAILAsm-disassemble-g

7: Test command: /<<PKGBUILDDIR>>/obj-x86_64-linux-gnu/HSAILAsm/HSAILasm "-disassemble" "test-g.brig"
7: Test timeout computed to be: 10000000
2: HSAIL Assembler and Disassembler.
2:   (C) AMD 2015, all rights reserved.
2:   Built Oct 26 2021 (22:52:58).
2:   Version 3.0.
2:   HSAIL version 1:0.
2:   BRIG version 1:0.
  4/115 Test   #2: HSAILAsm-version ..................................   Passed    0.00 sec
test 8
        Start   8: HSAILAsm-assemble-g-odebug

8: Test command: /<<PKGBUILDDIR>>/obj-x86_64-linux-gnu/HSAILAsm/HSAILasm "-assemble" "-g" "/<<PKGBUILDDIR>>/tests/1.0/simple.hsail" "-odebug" "test-g.dbg" "-o" "test-g.brig"
8: Test timeout computed to be: 10000000
  5/115 Test   #4: HSAILAsm-disassemble ..............................   Passed    0.00 sec
test 9
        Start   9: HSAILAsm-assemble-g-include-source

9: Test command: /<<PKGBUILDDIR>>/obj-x86_64-linux-gnu/HSAILAsm/HSAILasm "-assemble" "-g" "-include-source" "/<<PKGBUILDDIR>>/tests/1.0/simple.hsail" "-o" "test-g.brig"
9: Test timeout computed to be: 10000000
  6/115 Test   #5: HSAILAsm-decode ...................................   Passed    0.00 sec
test 10
        Start  10: 1.0/instruction/CORE-base-large

10: Test command: /<<PKGBUILDDIR>>/tests/1.0/instruction/run_test "/<<PKGBUILDDIR>>/obj-x86_64-linux-gnu/HSAILAsm/HSAILasm" "CORE-base-large" "/<<PKGBUILDDIR>>/tests/1.0/instruction"
10: Test timeout computed to be: 10000000
  7/115 Test   #7: HSAILAsm-disassemble-g ............................   Passed    0.00 sec
test 11
        Start  11: 1.0/instruction/CORE-base-small

11: Test command: /<<PKGBUILDDIR>>/tests/1.0/instruction/run_test "/<<PKGBUILDDIR>>/obj-x86_64-linux-gnu/HSAILAsm/HSAILasm" "CORE-base-small" "/<<PKGBUILDDIR>>/tests/1.0/instruction"
11: Test timeout computed to be: 10000000
10: Assembling
  8/115 Test   #8: HSAILAsm-assemble-g-odebug ........................   Passed    0.00 sec
test 12
        Start  12: 1.0/instruction/CORE-full-large

12: Test command: /<<PKGBUILDDIR>>/tests/1.0/instruction/run_test "/<<PKGBUILDDIR>>/obj-x86_64-linux-gnu/HSAILAsm/HSAILasm" "CORE-full-large" "/<<PKGBUILDDIR>>/tests/1.0/instruction"
12: Test timeout computed to be: 10000000
  9/115 Test   #9: HSAILAsm-assemble-g-include-source ................   Passed    0.00 sec
test 13
        Start  13: 1.0/instruction/CORE-full-small

13: Test command: /<<PKGBUILDDIR>>/tests/1.0/instruction/run_test "/<<PKGBUILDDIR>>/obj-x86_64-linux-gnu/HSAILAsm/HSAILasm" "CORE-full-small" "/<<PKGBUILDDIR>>/tests/1.0/instruction"
13: Test timeout computed to be: 10000000
11: Assembling
12: Assembling
13: Assembling
10: Disassembling
11: Disassembling
13: Disassembling
12: Disassembling
10: Comparing with disassembly
11: Comparing with disassembly
10: Decoding
11: Decoding
12: Comparing with disassembly
13: Comparing with disassembly
12: Decoding
13: Decoding
 10/115 Test  #10: 1.0/instruction/CORE-base-large ...................   Passed    0.32 sec
test 14
        Start  14: 1.0/instruction/IMAGE-base-large

14: Test command: /<<PKGBUILDDIR>>/tests/1.0/instruction/run_test "/<<PKGBUILDDIR>>/obj-x86_64-linux-gnu/HSAILAsm/HSAILasm" "IMAGE-base-large" "/<<PKGBUILDDIR>>/tests/1.0/instruction"
14: Test timeout computed to be: 10000000
 11/115 Test  #11: 1.0/instruction/CORE-base-small ...................   Passed    0.32 sec
test 15
        Start  15: 1.0/instruction/IMAGE-base-small

15: Test command: /<<PKGBUILDDIR>>/tests/1.0/instruction/run_test "/<<PKGBUILDDIR>>/obj-x86_64-linux-gnu/HSAILAsm/HSAILasm" "IMAGE-base-small" "/<<PKGBUILDDIR>>/tests/1.0/instruction"
15: Test timeout computed to be: 10000000
14: Assembling
15: Assembling
14: Disassembling
15: Disassembling
14: Comparing with disassembly
14: Decoding
15: Comparing with disassembly
15: Decoding
 12/115 Test  #12: 1.0/instruction/CORE-full-large ...................   Passed    0.37 sec
test 16
        Start  16: 1.0/instruction/IMAGE-full-large

16: Test command: /<<PKGBUILDDIR>>/tests/1.0/instruction/run_test "/<<PKGBUILDDIR>>/obj-x86_64-linux-gnu/HSAILAsm/HSAILasm" "IMAGE-full-large" "/<<PKGBUILDDIR>>/tests/1.0/instruction"
16: Test timeout computed to be: 10000000
 13/115 Test  #13: 1.0/instruction/CORE-full-small ...................   Passed    0.37 sec
test 17
        Start  17: 1.0/instruction/IMAGE-full-small

17: Test command: /<<PKGBUILDDIR>>/tests/1.0/instruction/run_test "/<<PKGBUILDDIR>>/obj-x86_64-linux-gnu/HSAILAsm/HSAILasm" "IMAGE-full-small" "/<<PKGBUILDDIR>>/tests/1.0/instruction"
17: Test timeout computed to be: 10000000
16: Assembling
17: Assembling
16: Disassembling
17: Disassembling
 14/115 Test  #14: 1.0/instruction/IMAGE-base-large ..................   Passed    0.07 sec
test 18
        Start  18: 1.0/instruction/amd_gcn-base-large

18: Test command: /<<PKGBUILDDIR>>/tests/1.0/instruction/run_test "/<<PKGBUILDDIR>>/obj-x86_64-linux-gnu/HSAILAsm/HSAILasm" "amd_gcn-base-large" "/<<PKGBUILDDIR>>/tests/1.0/instruction"
18: Test timeout computed to be: 10000000
 15/115 Test  #15: 1.0/instruction/IMAGE-base-small ..................   Passed    0.07 sec
test 19
        Start  19: 1.0/instruction/amd_gcn-base-small

19: Test command: /<<PKGBUILDDIR>>/tests/1.0/instruction/run_test "/<<PKGBUILDDIR>>/obj-x86_64-linux-gnu/HSAILAsm/HSAILasm" "amd_gcn-base-small" "/<<PKGBUILDDIR>>/tests/1.0/instruction"
19: Test timeout computed to be: 10000000
18: Assembling
19: Assembling
16: Comparing with disassembly
16: Decoding
17: Comparing with disassembly
17: Decoding
18: Disassembling
19: Disassembling
18: Comparing with disassembly
18: Decoding
19: Comparing with disassembly
19: Decoding
 16/115 Test  #18: 1.0/instruction/amd_gcn-base-large ................   Passed    0.04 sec
test 20
        Start  20: 1.0/instruction/amd_gcn-full-large

20: Test command: /<<PKGBUILDDIR>>/tests/1.0/instruction/run_test "/<<PKGBUILDDIR>>/obj-x86_64-linux-gnu/HSAILAsm/HSAILasm" "amd_gcn-full-large" "/<<PKGBUILDDIR>>/tests/1.0/instruction"
20: Test timeout computed to be: 10000000
 17/115 Test  #19: 1.0/instruction/amd_gcn-base-small ................   Passed    0.04 sec
test 21
        Start  21: 1.0/instruction/amd_gcn-full-small

21: Test command: /<<PKGBUILDDIR>>/tests/1.0/instruction/run_test "/<<PKGBUILDDIR>>/obj-x86_64-linux-gnu/HSAILAsm/HSAILasm" "amd_gcn-full-small" "/<<PKGBUILDDIR>>/tests/1.0/instruction"
21: Test timeout computed to be: 10000000
20: Assembling
21: Assembling
 18/115 Test  #16: 1.0/instruction/IMAGE-full-large ..................   Passed    0.07 sec
test 22
        Start  22: 1.0/instruction/amd_mipmap-base-large

22: Test command: /<<PKGBUILDDIR>>/tests/1.0/instruction/run_test "/<<PKGBUILDDIR>>/obj-x86_64-linux-gnu/HSAILAsm/HSAILasm" "amd_mipmap-base-large" "/<<PKGBUILDDIR>>/tests/1.0/instruction"
22: Test timeout computed to be: 10000000
 19/115 Test  #17: 1.0/instruction/IMAGE-full-small ..................   Passed    0.07 sec
test 23
        Start  23: 1.0/instruction/amd_mipmap-base-small

23: Test command: /<<PKGBUILDDIR>>/tests/1.0/instruction/run_test "/<<PKGBUILDDIR>>/obj-x86_64-linux-gnu/HSAILAsm/HSAILasm" "amd_mipmap-base-small" "/<<PKGBUILDDIR>>/tests/1.0/instruction"
23: Test timeout computed to be: 10000000
22: Assembling
23: Assembling
20: Disassembling
21: Disassembling
20: Comparing with disassembly
20: Decoding
21: Comparing with disassembly
21: Decoding
22: Disassembling
 20/115 Test  #20: 1.0/instruction/amd_gcn-full-large ................   Passed    0.04 sec
test 24
        Start  24: 1.0/instruction/amd_mipmap-full-large

24: Test command: /<<PKGBUILDDIR>>/tests/1.0/instruction/run_test "/<<PKGBUILDDIR>>/obj-x86_64-linux-gnu/HSAILAsm/HSAILasm" "amd_mipmap-full-large" "/<<PKGBUILDDIR>>/tests/1.0/instruction"
24: Test timeout computed to be: 10000000
23: Disassembling
24: Assembling
 21/115 Test  #21: 1.0/instruction/amd_gcn-full-small ................   Passed    0.05 sec
test 25
        Start  25: 1.0/instruction/amd_mipmap-full-small

25: Test command: /<<PKGBUILDDIR>>/tests/1.0/instruction/run_test "/<<PKGBUILDDIR>>/obj-x86_64-linux-gnu/HSAILAsm/HSAILasm" "amd_mipmap-full-small" "/<<PKGBUILDDIR>>/tests/1.0/instruction"
25: Test timeout computed to be: 10000000
25: Assembling
22: Comparing with disassembly
22: Decoding
23: Comparing with disassembly
23: Decoding
24: Disassembling
25: Disassembling
24: Comparing with disassembly
24: Decoding
25: Comparing with disassembly
25: Decoding
 22/115 Test  #22: 1.0/instruction/amd_mipmap-base-large .............   Passed    0.12 sec
test 26
        Start  26: 1.0/syntax/000_empty_1

26: Test command: /<<PKGBUILDDIR>>/tests/1.0/syntax/run_test "/<<PKGBUILDDIR>>/obj-x86_64-linux-gnu/HSAILAsm/HSAILasm" "000_empty_1" "/<<PKGBUILDDIR>>/tests/1.0/syntax"
26: Test timeout computed to be: 10000000
26: Assembling
 23/115 Test  #23: 1.0/instruction/amd_mipmap-base-small .............   Passed    0.12 sec
test 27
        Start  27: 1.0/syntax/000_inst_image_large

27: Test command: /<<PKGBUILDDIR>>/tests/1.0/syntax/run_test "/<<PKGBUILDDIR>>/obj-x86_64-linux-gnu/HSAILAsm/HSAILasm" "000_inst_image_large" "/<<PKGBUILDDIR>>/tests/1.0/syntax"
27: Test timeout computed to be: 10000000
27: Assembling
26: Disassembling
26: Comparing with disassembly
26: Decoding
27: Disassembling
 24/115 Test  #26: 1.0/syntax/000_empty_1 ............................   Passed    0.01 sec
test 28
        Start  28: 1.0/syntax/000_inst_image_small

28: Test command: /<<PKGBUILDDIR>>/tests/1.0/syntax/run_test "/<<PKGBUILDDIR>>/obj-x86_64-linux-gnu/HSAILAsm/HSAILasm" "000_inst_image_small" "/<<PKGBUILDDIR>>/tests/1.0/syntax"
28: Test timeout computed to be: 10000000
28: Assembling
27: Comparing with disassembly
27: Decoding
28: Disassembling
28: Comparing with disassembly
28: Decoding
 25/115 Test  #27: 1.0/syntax/000_inst_image_large ...................   Passed    0.02 sec
test 29
        Start  29: 1.0/syntax/000_inst_large

29: Test command: /<<PKGBUILDDIR>>/tests/1.0/syntax/run_test "/<<PKGBUILDDIR>>/obj-x86_64-linux-gnu/HSAILAsm/HSAILasm" "000_inst_large" "/<<PKGBUILDDIR>>/tests/1.0/syntax"
29: Test timeout computed to be: 10000000
 26/115 Test  #28: 1.0/syntax/000_inst_image_small ...................   Passed    0.01 sec
test 30
        Start  30: 1.0/syntax/000_inst_large_base

30: Test command: /<<PKGBUILDDIR>>/tests/1.0/syntax/run_test "/<<PKGBUILDDIR>>/obj-x86_64-linux-gnu/HSAILAsm/HSAILasm" "000_inst_large_base" "/<<PKGBUILDDIR>>/tests/1.0/syntax"
30: Test timeout computed to be: 10000000
29: Assembling
30: Assembling
 27/115 Test  #24: 1.0/instruction/amd_mipmap-full-large .............   Passed    0.12 sec
test 31
        Start  31: 1.0/syntax/000_inst_small

31: Test command: /<<PKGBUILDDIR>>/tests/1.0/syntax/run_test "/<<PKGBUILDDIR>>/obj-x86_64-linux-gnu/HSAILAsm/HSAILasm" "000_inst_small" "/<<PKGBUILDDIR>>/tests/1.0/syntax"
31: Test timeout computed to be: 10000000
31: Assembling
 28/115 Test  #25: 1.0/instruction/amd_mipmap-full-small .............   Passed    0.12 sec
test 32
        Start  32: 1.0/syntax/001_delimiters

32: Test command: /<<PKGBUILDDIR>>/tests/1.0/syntax/run_test "/<<PKGBUILDDIR>>/obj-x86_64-linux-gnu/HSAILAsm/HSAILasm" "001_delimiters" "/<<PKGBUILDDIR>>/tests/1.0/syntax"
32: Test timeout computed to be: 10000000
31: Disassembling
30: Disassembling
29: Disassembling
32: Assembling
31: Comparing with disassembly
32: Disassembling
31: Decoding
32: Comparing with disassembly
30: Comparing with disassembly
32: Decoding
30: Decoding
29: Comparing with disassembly
 29/115 Test  #31: 1.0/syntax/000_inst_small .........................   Passed    0.02 sec
test 33
        Start  33: 1.0/syntax/001_order_1

33: Test command: /<<PKGBUILDDIR>>/tests/1.0/syntax/run_test "/<<PKGBUILDDIR>>/obj-x86_64-linux-gnu/HSAILAsm/HSAILasm" "001_order_1" "/<<PKGBUILDDIR>>/tests/1.0/syntax"
33: Test timeout computed to be: 10000000
29: Decoding
 30/115 Test  #32: 1.0/syntax/001_delimiters .........................   Passed    0.01 sec
test 34
        Start  34: 1.0/syntax/001_order_2

34: Test command: /<<PKGBUILDDIR>>/tests/1.0/syntax/run_test "/<<PKGBUILDDIR>>/obj-x86_64-linux-gnu/HSAILAsm/HSAILasm" "001_order_2" "/<<PKGBUILDDIR>>/tests/1.0/syntax"
34: Test timeout computed to be: 10000000
33: Assembling
34: Assembling
33: Disassembling
34: Disassembling
33: Comparing with disassembly
34: Comparing with disassembly
33: Decoding
34: Decoding
 31/115 Test  #33: 1.0/syntax/001_order_1 ............................   Passed    0.01 sec
test 35
        Start  35: 1.0/syntax/001_order_3

35: Test command: /<<PKGBUILDDIR>>/tests/1.0/syntax/run_test "/<<PKGBUILDDIR>>/obj-x86_64-linux-gnu/HSAILAsm/HSAILasm" "001_order_3" "/<<PKGBUILDDIR>>/tests/1.0/syntax"
35: Test timeout computed to be: 10000000
 32/115 Test  #34: 1.0/syntax/001_order_2 ............................   Passed    0.01 sec
test 36
        Start  36: 1.0/syntax/002_version_large

36: Test command: /<<PKGBUILDDIR>>/tests/1.0/syntax/run_test "/<<PKGBUILDDIR>>/obj-x86_64-linux-gnu/HSAILAsm/HSAILasm" "002_version_large" "/<<PKGBUILDDIR>>/tests/1.0/syntax"
36: Test timeout computed to be: 10000000
35: Assembling
 33/115 Test  #30: 1.0/syntax/000_inst_large_base ....................   Passed    0.04 sec
test 37
        Start  37: 1.0/syntax/002_version_small

37: Test command: /<<PKGBUILDDIR>>/tests/1.0/syntax/run_test "/<<PKGBUILDDIR>>/obj-x86_64-linux-gnu/HSAILAsm/HSAILasm" "002_version_small" "/<<PKGBUILDDIR>>/tests/1.0/syntax"
37: Test timeout computed to be: 10000000
36: Assembling
35: Disassembling
37: Assembling
36: Disassembling
35: Comparing with disassembly
35: Decoding
37: Disassembling
 34/115 Test  #29: 1.0/syntax/000_inst_large .........................   Passed    0.04 sec
test 38
        Start  38: 1.0/syntax/003_pragma

38: Test command: /<<PKGBUILDDIR>>/tests/1.0/syntax/run_test "/<<PKGBUILDDIR>>/obj-x86_64-linux-gnu/HSAILAsm/HSAILasm" "003_pragma" "/<<PKGBUILDDIR>>/tests/1.0/syntax"
38: Test timeout computed to be: 10000000
36: Comparing with disassembly
36: Decoding
38: Assembling
37: Comparing with disassembly
 35/115 Test  #35: 1.0/syntax/001_order_3 ............................   Passed    0.01 sec
test 39
        Start  39: 1.0/syntax/004_extension

39: Test command: /<<PKGBUILDDIR>>/tests/1.0/syntax/run_test "/<<PKGBUILDDIR>>/obj-x86_64-linux-gnu/HSAILAsm/HSAILasm" "004_extension" "/<<PKGBUILDDIR>>/tests/1.0/syntax"
39: Test timeout computed to be: 10000000
37: Decoding
39: Assembling
 36/115 Test  #36: 1.0/syntax/002_version_large ......................   Passed    0.01 sec
test 40
        Start  40: 1.0/syntax/004_extension_CORE

40: Test command: /<<PKGBUILDDIR>>/tests/1.0/syntax/run_test "/<<PKGBUILDDIR>>/obj-x86_64-linux-gnu/HSAILAsm/HSAILasm" "004_extension_CORE" "/<<PKGBUILDDIR>>/tests/1.0/syntax"
40: Test timeout computed to be: 10000000
38: Disassembling
39: Disassembling
 37/115 Test  #37: 1.0/syntax/002_version_small ......................   Passed    0.01 sec
test 41
        Start  41: 1.0/syntax/004_extension_CORE_0

41: Test command: /<<PKGBUILDDIR>>/tests/1.0/syntax/run_test "/<<PKGBUILDDIR>>/obj-x86_64-linux-gnu/HSAILAsm/HSAILasm" "004_extension_CORE_0" "/<<PKGBUILDDIR>>/tests/1.0/syntax"
41: Test timeout computed to be: 10000000
40: Assembling
39: Comparing with disassembly
38: Comparing with disassembly
40: Disassembling
41: Assembling
38: Decoding
39: Decoding
40: Comparing with disassembly
 38/115 Test  #38: 1.0/syntax/003_pragma .............................   Passed    0.01 sec
test 42
        Start  42: 1.0/syntax/005_control_00

42: Test command: /<<PKGBUILDDIR>>/tests/1.0/syntax/run_test "/<<PKGBUILDDIR>>/obj-x86_64-linux-gnu/HSAILAsm/HSAILasm" "005_control_00" "/<<PKGBUILDDIR>>/tests/1.0/syntax"
42: Test timeout computed to be: 10000000
40: Decoding
 39/115 Test  #39: 1.0/syntax/004_extension ..........................   Passed    0.01 sec
test 43
        Start  43: 1.0/syntax/005_control_01

43: Test command: /<<PKGBUILDDIR>>/tests/1.0/syntax/run_test "/<<PKGBUILDDIR>>/obj-x86_64-linux-gnu/HSAILAsm/HSAILasm" "005_control_01" "/<<PKGBUILDDIR>>/tests/1.0/syntax"
43: Test timeout computed to be: 10000000
41: Disassembling
42: Assembling
43: Assembling
41: Comparing with disassembly
 40/115 Test  #40: 1.0/syntax/004_extension_CORE .....................   Passed    0.01 sec
test 44
        Start  44: 1.0/syntax/005_control_02

44: Test command: /<<PKGBUILDDIR>>/tests/1.0/syntax/run_test "/<<PKGBUILDDIR>>/obj-x86_64-linux-gnu/HSAILAsm/HSAILasm" "005_control_02" "/<<PKGBUILDDIR>>/tests/1.0/syntax"
44: Test timeout computed to be: 10000000
42: Disassembling
41: Decoding
44: Assembling
43: Disassembling
 41/115 Test  #41: 1.0/syntax/004_extension_CORE_0 ...................   Passed    0.01 sec
test 45
        Start  45: 1.0/syntax/005_control_03

45: Test command: /<<PKGBUILDDIR>>/tests/1.0/syntax/run_test "/<<PKGBUILDDIR>>/obj-x86_64-linux-gnu/HSAILAsm/HSAILasm" "005_control_03" "/<<PKGBUILDDIR>>/tests/1.0/syntax"
45: Test timeout computed to be: 10000000
42: Comparing with disassembly
42: Decoding
45: Assembling
44: Disassembling
43: Comparing with disassembly
43: Decoding
 42/115 Test  #42: 1.0/syntax/005_control_00 .........................   Passed    0.01 sec
test 46
        Start  46: 1.0/syntax/005_control_04

46: Test command: /<<PKGBUILDDIR>>/tests/1.0/syntax/run_test "/<<PKGBUILDDIR>>/obj-x86_64-linux-gnu/HSAILAsm/HSAILasm" "005_control_04" "/<<PKGBUILDDIR>>/tests/1.0/syntax"
46: Test timeout computed to be: 10000000
44: Comparing with disassembly
44: Decoding
45: Disassembling
 43/115 Test  #43: 1.0/syntax/005_control_01 .........................   Passed    0.01 sec
test 47
        Start  47: 1.0/syntax/005_control_05

47: Test command: /<<PKGBUILDDIR>>/tests/1.0/syntax/run_test "/<<PKGBUILDDIR>>/obj-x86_64-linux-gnu/HSAILAsm/HSAILasm" "005_control_05" "/<<PKGBUILDDIR>>/tests/1.0/syntax"
47: Test timeout computed to be: 10000000
46: Assembling
 44/115 Test  #44: 1.0/syntax/005_control_02 .........................   Passed    0.01 sec
test 48
        Start  48: 1.0/syntax/005_control_06

48: Test command: /<<PKGBUILDDIR>>/tests/1.0/syntax/run_test "/<<PKGBUILDDIR>>/obj-x86_64-linux-gnu/HSAILAsm/HSAILasm" "005_control_06" "/<<PKGBUILDDIR>>/tests/1.0/syntax"
48: Test timeout computed to be: 10000000
45: Comparing with disassembly
45: Decoding
47: Assembling
46: Disassembling
48: Assembling
47: Disassembling
46: Comparing with disassembly
48: Disassembling
 45/115 Test  #45: 1.0/syntax/005_control_03 .........................   Passed    0.01 sec
test 49
        Start  49: 1.0/syntax/005_control_07

49: Test command: /<<PKGBUILDDIR>>/tests/1.0/syntax/run_test "/<<PKGBUILDDIR>>/obj-x86_64-linux-gnu/HSAILAsm/HSAILasm" "005_control_07" "/<<PKGBUILDDIR>>/tests/1.0/syntax"
49: Test timeout computed to be: 10000000
47: Comparing with disassembly
47: Decoding
46: Decoding
48: Comparing with disassembly
49: Assembling
48: Decoding
 46/115 Test  #46: 1.0/syntax/005_control_04 .........................   Passed    0.01 sec
test 50
        Start  50: 1.0/syntax/005_control_08

50: Test command: /<<PKGBUILDDIR>>/tests/1.0/syntax/run_test "/<<PKGBUILDDIR>>/obj-x86_64-linux-gnu/HSAILAsm/HSAILasm" "005_control_08" "/<<PKGBUILDDIR>>/tests/1.0/syntax"
50: Test timeout computed to be: 10000000
50: Assembling
 47/115 Test  #47: 1.0/syntax/005_control_05 .........................   Passed    0.01 sec
test 51
        Start  51: 1.0/syntax/005_control_09

51: Test command: /<<PKGBUILDDIR>>/tests/1.0/syntax/run_test "/<<PKGBUILDDIR>>/obj-x86_64-linux-gnu/HSAILAsm/HSAILasm" "005_control_09" "/<<PKGBUILDDIR>>/tests/1.0/syntax"
51: Test timeout computed to be: 10000000
 48/115 Test  #48: 1.0/syntax/005_control_06 .........................   Passed    0.01 sec
test 52
        Start  52: 1.0/syntax/005_control_10

52: Test command: /<<PKGBUILDDIR>>/tests/1.0/syntax/run_test "/<<PKGBUILDDIR>>/obj-x86_64-linux-gnu/HSAILAsm/HSAILasm" "005_control_10" "/<<PKGBUILDDIR>>/tests/1.0/syntax"
52: Test timeout computed to be: 10000000
51: Assembling
49: Disassembling
52: Assembling
51: Disassembling
50: Disassembling
49: Comparing with disassembly
49: Decoding
50: Comparing with disassembly
51: Comparing with disassembly
52: Disassembling
51: Decoding
50: Decoding
 49/115 Test  #49: 1.0/syntax/005_control_07 .........................   Passed    0.02 sec
test 53
        Start  53: 1.0/syntax/005_control_enablebreakexceptions_1

53: Test command: /<<PKGBUILDDIR>>/tests/1.0/syntax/run_test "/<<PKGBUILDDIR>>/obj-x86_64-linux-gnu/HSAILAsm/HSAILasm" "005_control_enablebreakexceptions_1" "/<<PKGBUILDDIR>>/tests/1.0/syntax"
53: Test timeout computed to be: 10000000
52: Comparing with disassembly
 50/115 Test  #51: 1.0/syntax/005_control_09 .........................   Passed    0.01 sec
test 54
        Start  54: 1.0/syntax/005_control_enablebreakexceptions_2

54: Test command: /<<PKGBUILDDIR>>/tests/1.0/syntax/run_test "/<<PKGBUILDDIR>>/obj-x86_64-linux-gnu/HSAILAsm/HSAILasm" "005_control_enablebreakexceptions_2" "/<<PKGBUILDDIR>>/tests/1.0/syntax"
54: Test timeout computed to be: 10000000
53: Assembling
52: Decoding
 51/115 Test  #50: 1.0/syntax/005_control_08 .........................   Passed    0.01 sec
test 55
        Start  55: 1.0/syntax/005_control_enabledetectexceptions_1

55: Test command: /<<PKGBUILDDIR>>/tests/1.0/syntax/run_test "/<<PKGBUILDDIR>>/obj-x86_64-linux-gnu/HSAILAsm/HSAILasm" "005_control_enabledetectexceptions_1" "/<<PKGBUILDDIR>>/tests/1.0/syntax"
55: Test timeout computed to be: 10000000
54: Assembling
53: Disassembling
 52/115 Test  #52: 1.0/syntax/005_control_10 .........................   Passed    0.01 sec
test 56
        Start  56: 1.0/syntax/005_control_enabledetectexceptions_2

56: Test command: /<<PKGBUILDDIR>>/tests/1.0/syntax/run_test "/<<PKGBUILDDIR>>/obj-x86_64-linux-gnu/HSAILAsm/HSAILasm" "005_control_enabledetectexceptions_2" "/<<PKGBUILDDIR>>/tests/1.0/syntax"
56: Test timeout computed to be: 10000000
55: Assembling
54: Disassembling
53: Comparing with disassembly
56: Assembling
53: Decoding
55: Disassembling
54: Comparing with disassembly
55: Comparing with disassembly
56: Disassembling
54: Decoding
55: Decoding
 53/115 Test  #53: 1.0/syntax/005_control_enablebreakexceptions_1 ....   Passed    0.01 sec
test 57
        Start  57: 1.0/syntax/005_control_maxdynamicgroupsize

57: Test command: /<<PKGBUILDDIR>>/tests/1.0/syntax/run_test "/<<PKGBUILDDIR>>/obj-x86_64-linux-gnu/HSAILAsm/HSAILasm" "005_control_maxdynamicgroupsize" "/<<PKGBUILDDIR>>/tests/1.0/syntax"
57: Test timeout computed to be: 10000000
56: Comparing with disassembly
56: Decoding
 54/115 Test  #54: 1.0/syntax/005_control_enablebreakexceptions_2 ....   Passed    0.01 sec
test 58
        Start  58: 1.0/syntax/005_control_maxflatgridsize_1

58: Test command: /<<PKGBUILDDIR>>/tests/1.0/syntax/run_test "/<<PKGBUILDDIR>>/obj-x86_64-linux-gnu/HSAILAsm/HSAILasm" "005_control_maxflatgridsize_1" "/<<PKGBUILDDIR>>/tests/1.0/syntax"
58: Test timeout computed to be: 10000000
57: Assembling
58: Assembling
 55/115 Test  #56: 1.0/syntax/005_control_enabledetectexceptions_2 ...   Passed    0.01 sec
test 59
        Start  59: 1.0/syntax/005_control_maxflatgridsize_2

59: Test command: /<<PKGBUILDDIR>>/tests/1.0/syntax/run_test "/<<PKGBUILDDIR>>/obj-x86_64-linux-gnu/HSAILAsm/HSAILasm" "005_control_maxflatgridsize_2" "/<<PKGBUILDDIR>>/tests/1.0/syntax"
59: Test timeout computed to be: 10000000
 56/115 Test  #55: 1.0/syntax/005_control_enabledetectexceptions_1 ...   Passed    0.02 sec
test 60
        Start  60: 1.0/syntax/005_control_maxflatworkgroupsize_1

60: Test command: /<<PKGBUILDDIR>>/tests/1.0/syntax/run_test "/<<PKGBUILDDIR>>/obj-x86_64-linux-gnu/HSAILAsm/HSAILasm" "005_control_maxflatworkgroupsize_1" "/<<PKGBUILDDIR>>/tests/1.0/syntax"
60: Test timeout computed to be: 10000000
57: Disassembling
59: Assembling
58: Disassembling
60: Assembling
57: Comparing with disassembly
58: Comparing with disassembly
58: Decoding
60: Disassembling
59: Disassembling
57: Decoding
 57/115 Test  #58: 1.0/syntax/005_control_maxflatgridsize_1 ..........   Passed    0.01 sec
test 61
        Start  61: 1.0/syntax/005_control_maxflatworkgroupsize_2

61: Test command: /<<PKGBUILDDIR>>/tests/1.0/syntax/run_test "/<<PKGBUILDDIR>>/obj-x86_64-linux-gnu/HSAILAsm/HSAILasm" "005_control_maxflatworkgroupsize_2" "/<<PKGBUILDDIR>>/tests/1.0/syntax"
61: Test timeout computed to be: 10000000
60: Comparing with disassembly
59: Comparing with disassembly
61: Assembling
60: Decoding
59: Decoding
 58/115 Test  #57: 1.0/syntax/005_control_maxdynamicgroupsize ........   Passed    0.02 sec
test 62
        Start  62: 1.0/syntax/005_control_requireddim

62: Test command: /<<PKGBUILDDIR>>/tests/1.0/syntax/run_test "/<<PKGBUILDDIR>>/obj-x86_64-linux-gnu/HSAILAsm/HSAILasm" "005_control_requireddim" "/<<PKGBUILDDIR>>/tests/1.0/syntax"
62: Test timeout computed to be: 10000000
61: Disassembling
 59/115 Test  #60: 1.0/syntax/005_control_maxflatworkgroupsize_1 .....   Passed    0.01 sec
test 63
        Start  63: 1.0/syntax/005_control_requiredgridsize_1

63: Test command: /<<PKGBUILDDIR>>/tests/1.0/syntax/run_test "/<<PKGBUILDDIR>>/obj-x86_64-linux-gnu/HSAILAsm/HSAILasm" "005_control_requiredgridsize_1" "/<<PKGBUILDDIR>>/tests/1.0/syntax"
63: Test timeout computed to be: 10000000
62: Assembling
 60/115 Test  #59: 1.0/syntax/005_control_maxflatgridsize_2 ..........   Passed    0.02 sec
test 64
        Start  64: 1.0/syntax/005_control_requiredgridsize_2

64: Test command: /<<PKGBUILDDIR>>/tests/1.0/syntax/run_test "/<<PKGBUILDDIR>>/obj-x86_64-linux-gnu/HSAILAsm/HSAILasm" "005_control_requiredgridsize_2" "/<<PKGBUILDDIR>>/tests/1.0/syntax"
64: Test timeout computed to be: 10000000
63: Assembling
61: Comparing with disassembly
61: Decoding
64: Assembling
62: Disassembling
63: Disassembling
64: Disassembling
 61/115 Test  #61: 1.0/syntax/005_control_maxflatworkgroupsize_2 .....   Passed    0.01 sec
test 65
        Start  65: 1.0/syntax/005_control_requiredworkgroupsize_1

65: Test command: /<<PKGBUILDDIR>>/tests/1.0/syntax/run_test "/<<PKGBUILDDIR>>/obj-x86_64-linux-gnu/HSAILAsm/HSAILasm" "005_control_requiredworkgroupsize_1" "/<<PKGBUILDDIR>>/tests/1.0/syntax"
65: Test timeout computed to be: 10000000
62: Comparing with disassembly
64: Comparing with disassembly
63: Comparing with disassembly
65: Assembling
62: Decoding
64: Decoding
63: Decoding
65: Disassembling
 62/115 Test  #62: 1.0/syntax/005_control_requireddim ................   Passed    0.02 sec
test 66
        Start  66: 1.0/syntax/005_control_requiredworkgroupsize_2

66: Test command: /<<PKGBUILDDIR>>/tests/1.0/syntax/run_test "/<<PKGBUILDDIR>>/obj-x86_64-linux-gnu/HSAILAsm/HSAILasm" "005_control_requiredworkgroupsize_2" "/<<PKGBUILDDIR>>/tests/1.0/syntax"
66: Test timeout computed to be: 10000000
 63/115 Test  #64: 1.0/syntax/005_control_requiredgridsize_2 .........   Passed    0.01 sec
test 67
        Start  67: 1.0/syntax/006_loc

67: Test command: /<<PKGBUILDDIR>>/tests/1.0/syntax/run_test "/<<PKGBUILDDIR>>/obj-x86_64-linux-gnu/HSAILAsm/HSAILasm" "006_loc" "/<<PKGBUILDDIR>>/tests/1.0/syntax"
67: Test timeout computed to be: 10000000
 64/115 Test  #63: 1.0/syntax/005_control_requiredgridsize_1 .........   Passed    0.01 sec
test 68
        Start  68: 1.0/syntax/009_function_arg_align

68: Test command: /<<PKGBUILDDIR>>/tests/1.0/syntax/run_test "/<<PKGBUILDDIR>>/obj-x86_64-linux-gnu/HSAILAsm/HSAILasm" "009_function_arg_align" "/<<PKGBUILDDIR>>/tests/1.0/syntax"
68: Test timeout computed to be: 10000000
65: Comparing with disassembly
65: Decoding
66: Assembling
67: Assembling
66: Disassembling
68: Assembling
 65/115 Test  #65: 1.0/syntax/005_control_requiredworkgroupsize_1 ....   Passed    0.01 sec
test 69
        Start  69: 1.0/syntax/009_function_arg_array

69: Test command: /<<PKGBUILDDIR>>/tests/1.0/syntax/run_test "/<<PKGBUILDDIR>>/obj-x86_64-linux-gnu/HSAILAsm/HSAILasm" "009_function_arg_array" "/<<PKGBUILDDIR>>/tests/1.0/syntax"
69: Test timeout computed to be: 10000000
67: Disassembling
68: Disassembling
67: Comparing with disassembly
69: Assembling
66: Comparing with disassembly
67: Decoding
68: Comparing with disassembly
66: Decoding
69: Disassembling
 66/115 Test  #67: 1.0/syntax/006_loc ................................   Passed    0.01 sec
test 70
        Start  70: 1.0/syntax/009_function_arg_flexible_array

70: Test command: /<<PKGBUILDDIR>>/tests/1.0/syntax/run_test "/<<PKGBUILDDIR>>/obj-x86_64-linux-gnu/HSAILAsm/HSAILasm" "009_function_arg_flexible_array" "/<<PKGBUILDDIR>>/tests/1.0/syntax"
70: Test timeout computed to be: 10000000
68: Decoding
69: Comparing with disassembly
 67/115 Test  #66: 1.0/syntax/005_control_requiredworkgroupsize_2 ....   Passed    0.01 sec
test 71
        Start  71: 1.0/syntax/009_function_arg_generic

71: Test command: /<<PKGBUILDDIR>>/tests/1.0/syntax/run_test "/<<PKGBUILDDIR>>/obj-x86_64-linux-gnu/HSAILAsm/HSAILasm" "009_function_arg_generic" "/<<PKGBUILDDIR>>/tests/1.0/syntax"
71: Test timeout computed to be: 10000000
70: Assembling
 68/115 Test  #68: 1.0/syntax/009_function_arg_align .................   Passed    0.01 sec
test 72
        Start  72: 1.0/syntax/009_function_arg_generic_base

72: Test command: /<<PKGBUILDDIR>>/tests/1.0/syntax/run_test "/<<PKGBUILDDIR>>/obj-x86_64-linux-gnu/HSAILAsm/HSAILasm" "009_function_arg_generic_base" "/<<PKGBUILDDIR>>/tests/1.0/syntax"
72: Test timeout computed to be: 10000000
69: Decoding
71: Assembling
70: Disassembling
71: Disassembling
72: Assembling
 69/115 Test  #69: 1.0/syntax/009_function_arg_array .................   Passed    0.01 sec
test 73
        Start  73: 1.0/syntax/009_function_arg_passing

73: Test command: /<<PKGBUILDDIR>>/tests/1.0/syntax/run_test "/<<PKGBUILDDIR>>/obj-x86_64-linux-gnu/HSAILAsm/HSAILasm" "009_function_arg_passing" "/<<PKGBUILDDIR>>/tests/1.0/syntax"
73: Test timeout computed to be: 10000000
71: Comparing with disassembly
70: Comparing with disassembly
72: Disassembling
71: Decoding
73: Assembling
70: Decoding
72: Comparing with disassembly
73: Disassembling
 70/115 Test  #70: 1.0/syntax/009_function_arg_flexible_array ........   Passed    0.01 sec
test 74
        Start  74: 1.0/syntax/009_function_decl

74: Test command: /<<PKGBUILDDIR>>/tests/1.0/syntax/run_test "/<<PKGBUILDDIR>>/obj-x86_64-linux-gnu/HSAILAsm/HSAILasm" "009_function_decl" "/<<PKGBUILDDIR>>/tests/1.0/syntax"
74: Test timeout computed to be: 10000000
 71/115 Test  #71: 1.0/syntax/009_function_arg_generic ...............   Passed    0.01 sec
test 75
        Start  75: 1.0/syntax/009_function_forw_decl

75: Test command: /<<PKGBUILDDIR>>/tests/1.0/syntax/run_test "/<<PKGBUILDDIR>>/obj-x86_64-linux-gnu/HSAILAsm/HSAILasm" "009_function_forw_decl" "/<<PKGBUILDDIR>>/tests/1.0/syntax"
75: Test timeout computed to be: 10000000
72: Decoding
73: Comparing with disassembly
74: Assembling
75: Assembling
 72/115 Test  #72: 1.0/syntax/009_function_arg_generic_base ..........   Passed    0.01 sec
test 76
        Start  76: 1.0/syntax/009_function_generic

76: Test command: /<<PKGBUILDDIR>>/tests/1.0/syntax/run_test "/<<PKGBUILDDIR>>/obj-x86_64-linux-gnu/HSAILAsm/HSAILasm" "009_function_generic" "/<<PKGBUILDDIR>>/tests/1.0/syntax"
76: Test timeout computed to be: 10000000
73: Decoding
76: Assembling
74: Disassembling
75: Disassembling
 73/115 Test  #73: 1.0/syntax/009_function_arg_passing ...............   Passed    0.01 sec
test 77
        Start  77: 1.0/syntax/009_function_indirect

77: Test command: /<<PKGBUILDDIR>>/tests/1.0/syntax/run_test "/<<PKGBUILDDIR>>/obj-x86_64-linux-gnu/HSAILAsm/HSAILasm" "009_function_indirect" "/<<PKGBUILDDIR>>/tests/1.0/syntax"
77: Test timeout computed to be: 10000000
77: Assembling
76: Disassembling
74: Comparing with disassembly
74: Decoding
76: Comparing with disassembly
77: Disassembling
75: Comparing with disassembly
75: Decoding
 74/115 Test  #74: 1.0/syntax/009_function_decl ......................   Passed    0.01 sec
test 78
        Start  78: 1.0/syntax/009_function_indirect_small

78: Test command: /<<PKGBUILDDIR>>/tests/1.0/syntax/run_test "/<<PKGBUILDDIR>>/obj-x86_64-linux-gnu/HSAILAsm/HSAILasm" "009_function_indirect_small" "/<<PKGBUILDDIR>>/tests/1.0/syntax"
78: Test timeout computed to be: 10000000
76: Decoding
77: Comparing with disassembly
78: Assembling
 75/115 Test  #75: 1.0/syntax/009_function_forw_decl .................   Passed    0.01 sec
test 79
        Start  79: 1.0/syntax/009_function_module

79: Test command: /<<PKGBUILDDIR>>/tests/1.0/syntax/run_test "/<<PKGBUILDDIR>>/obj-x86_64-linux-gnu/HSAILAsm/HSAILasm" "009_function_module" "/<<PKGBUILDDIR>>/tests/1.0/syntax"
79: Test timeout computed to be: 10000000
77: Decoding
79: Assembling
 76/115 Test  #76: 1.0/syntax/009_function_generic ...................   Passed    0.01 sec
test 80
        Start  80: 1.0/syntax/009_function_signature_0

80: Test command: /<<PKGBUILDDIR>>/tests/1.0/syntax/run_test "/<<PKGBUILDDIR>>/obj-x86_64-linux-gnu/HSAILAsm/HSAILasm" "009_function_signature_0" "/<<PKGBUILDDIR>>/tests/1.0/syntax"
80: Test timeout computed to be: 10000000
78: Disassembling
80: Assembling
79: Disassembling
 77/115 Test  #77: 1.0/syntax/009_function_indirect ..................   Passed    0.02 sec
test 81
        Start  81: 1.0/syntax/009_function_signature_1

81: Test command: /<<PKGBUILDDIR>>/tests/1.0/syntax/run_test "/<<PKGBUILDDIR>>/obj-x86_64-linux-gnu/HSAILAsm/HSAILasm" "009_function_signature_1" "/<<PKGBUILDDIR>>/tests/1.0/syntax"
81: Test timeout computed to be: 10000000
80: Disassembling
78: Comparing with disassembly
81: Assembling
80: Comparing with disassembly
78: Decoding
79: Comparing with disassembly
81: Disassembling
79: Decoding
80: Decoding
 78/115 Test  #78: 1.0/syntax/009_function_indirect_small ............   Passed    0.02 sec
test 82
        Start  82: 1.0/syntax/009_function_width

82: Test command: /<<PKGBUILDDIR>>/tests/1.0/syntax/run_test "/<<PKGBUILDDIR>>/obj-x86_64-linux-gnu/HSAILAsm/HSAILasm" "009_function_width" "/<<PKGBUILDDIR>>/tests/1.0/syntax"
82: Test timeout computed to be: 10000000
81: Comparing with disassembly
82: Assembling
 79/115 Test  #79: 1.0/syntax/009_function_module ....................   Passed    0.02 sec
test 83
        Start  83: 1.0/syntax/010_kernel_args

83: Test command: /<<PKGBUILDDIR>>/tests/1.0/syntax/run_test "/<<PKGBUILDDIR>>/obj-x86_64-linux-gnu/HSAILAsm/HSAILasm" "010_kernel_args" "/<<PKGBUILDDIR>>/tests/1.0/syntax"
83: Test timeout computed to be: 10000000
 80/115 Test  #80: 1.0/syntax/009_function_signature_0 ...............   Passed    0.01 sec
test 84
        Start  84: 1.0/syntax/010_kernel_decl

84: Test command: /<<PKGBUILDDIR>>/tests/1.0/syntax/run_test "/<<PKGBUILDDIR>>/obj-x86_64-linux-gnu/HSAILAsm/HSAILasm" "010_kernel_decl" "/<<PKGBUILDDIR>>/tests/1.0/syntax"
84: Test timeout computed to be: 10000000
81: Decoding
83: Assembling
82: Disassembling
84: Assembling
83: Disassembling
 81/115 Test  #81: 1.0/syntax/009_function_signature_1 ...............   Passed    0.01 sec
test 85
        Start  85: 1.0/syntax/010_kernel_generic

85: Test command: /<<PKGBUILDDIR>>/tests/1.0/syntax/run_test "/<<PKGBUILDDIR>>/obj-x86_64-linux-gnu/HSAILAsm/HSAILasm" "010_kernel_generic" "/<<PKGBUILDDIR>>/tests/1.0/syntax"
85: Test timeout computed to be: 10000000
84: Disassembling
82: Comparing with disassembly
85: Assembling
82: Decoding
83: Comparing with disassembly
85: Disassembling
84: Comparing with disassembly
83: Decoding
84: Decoding
 82/115 Test  #82: 1.0/syntax/009_function_width .....................   Passed    0.01 sec
test 86
        Start  86: 1.0/syntax/010_kernel_module

86: Test command: /<<PKGBUILDDIR>>/tests/1.0/syntax/run_test "/<<PKGBUILDDIR>>/obj-x86_64-linux-gnu/HSAILAsm/HSAILasm" "010_kernel_module" "/<<PKGBUILDDIR>>/tests/1.0/syntax"
86: Test timeout computed to be: 10000000
85: Comparing with disassembly
86: Assembling
 83/115 Test  #83: 1.0/syntax/010_kernel_args ........................   Passed    0.01 sec
test 87
        Start  87: 1.0/syntax/011_argscope_generic

87: Test command: /<<PKGBUILDDIR>>/tests/1.0/syntax/run_test "/<<PKGBUILDDIR>>/obj-x86_64-linux-gnu/HSAILAsm/HSAILasm" "011_argscope_generic" "/<<PKGBUILDDIR>>/tests/1.0/syntax"
87: Test timeout computed to be: 10000000
 84/115 Test  #84: 1.0/syntax/010_kernel_decl ........................   Passed    0.01 sec
test 88
        Start  88: 1.0/syntax/011_argscope_jumps_01

88: Test command: /<<PKGBUILDDIR>>/tests/1.0/syntax/run_test "/<<PKGBUILDDIR>>/obj-x86_64-linux-gnu/HSAILAsm/HSAILasm" "011_argscope_jumps_01" "/<<PKGBUILDDIR>>/tests/1.0/syntax"
88: Test timeout computed to be: 10000000
85: Decoding
86: Disassembling
87: Assembling
 85/115 Test  #85: 1.0/syntax/010_kernel_generic .....................   Passed    0.01 sec
test 89
        Start  89: 1.0/syntax/011_argscope_jumps_02

89: Test command: /<<PKGBUILDDIR>>/tests/1.0/syntax/run_test "/<<PKGBUILDDIR>>/obj-x86_64-linux-gnu/HSAILAsm/HSAILasm" "011_argscope_jumps_02" "/<<PKGBUILDDIR>>/tests/1.0/syntax"
89: Test timeout computed to be: 10000000
86: Comparing with disassembly
86: Decoding
87: Disassembling
88: Assembling
89: Assembling
88: Disassembling
 86/115 Test  #86: 1.0/syntax/010_kernel_module ......................   Passed    0.01 sec
test 90
        Start  90: 1.0/syntax/011_argscope_jumps_03

90: Test command: /<<PKGBUILDDIR>>/tests/1.0/syntax/run_test "/<<PKGBUILDDIR>>/obj-x86_64-linux-gnu/HSAILAsm/HSAILasm" "011_argscope_jumps_03" "/<<PKGBUILDDIR>>/tests/1.0/syntax"
90: Test timeout computed to be: 10000000
87: Comparing with disassembly
89: Disassembling
90: Assembling
87: Decoding
88: Comparing with disassembly
90: Disassembling
 87/115 Test  #87: 1.0/syntax/011_argscope_generic ...................   Passed    0.01 sec
test 91
        Start  91: 1.0/syntax/011_argscope_jumps_04

91: Test command: /<<PKGBUILDDIR>>/tests/1.0/syntax/run_test "/<<PKGBUILDDIR>>/obj-x86_64-linux-gnu/HSAILAsm/HSAILasm" "011_argscope_jumps_04" "/<<PKGBUILDDIR>>/tests/1.0/syntax"
91: Test timeout computed to be: 10000000
89: Comparing with disassembly
88: Decoding
89: Decoding
91: Assembling
90: Comparing with disassembly
 88/115 Test  #88: 1.0/syntax/011_argscope_jumps_01 ..................   Passed    0.01 sec
test 92
        Start  92: 1.0/syntax/011_argscope_jumps_05

92: Test command: /<<PKGBUILDDIR>>/tests/1.0/syntax/run_test "/<<PKGBUILDDIR>>/obj-x86_64-linux-gnu/HSAILAsm/HSAILasm" "011_argscope_jumps_05" "/<<PKGBUILDDIR>>/tests/1.0/syntax"
92: Test timeout computed to be: 10000000
90: Decoding
91: Disassembling
 89/115 Test  #89: 1.0/syntax/011_argscope_jumps_02 ..................   Passed    0.01 sec
test 93
        Start  93: 1.0/syntax/011_argscope_special

93: Test command: /<<PKGBUILDDIR>>/tests/1.0/syntax/run_test "/<<PKGBUILDDIR>>/obj-x86_64-linux-gnu/HSAILAsm/HSAILasm" "011_argscope_special" "/<<PKGBUILDDIR>>/tests/1.0/syntax"
93: Test timeout computed to be: 10000000
92: Assembling
93: Assembling
91: Comparing with disassembly
 90/115 Test  #90: 1.0/syntax/011_argscope_jumps_03 ..................   Passed    0.01 sec
test 94
        Start  94: 1.0/syntax/012_var_align

94: Test command: /<<PKGBUILDDIR>>/tests/1.0/syntax/run_test "/<<PKGBUILDDIR>>/obj-x86_64-linux-gnu/HSAILAsm/HSAILasm" "012_var_align" "/<<PKGBUILDDIR>>/tests/1.0/syntax"
94: Test timeout computed to be: 10000000
91: Decoding
93: Disassembling
92: Disassembling
94: Assembling
 91/115 Test  #91: 1.0/syntax/011_argscope_jumps_04 ..................   Passed    0.01 sec
test 95
        Start  95: 1.0/syntax/012_var_alloc

95: Test command: /<<PKGBUILDDIR>>/tests/1.0/syntax/run_test "/<<PKGBUILDDIR>>/obj-x86_64-linux-gnu/HSAILAsm/HSAILasm" "012_var_alloc" "/<<PKGBUILDDIR>>/tests/1.0/syntax"
95: Test timeout computed to be: 10000000
93: Comparing with disassembly
94: Disassembling
92: Comparing with disassembly
93: Decoding
95: Assembling
92: Decoding
94: Comparing with disassembly
95: Disassembling
94: Decoding
 92/115 Test  #92: 1.0/syntax/011_argscope_jumps_05 ..................   Passed    0.01 sec
test 96
        Start  96: 1.0/syntax/012_var_array

96: Test command: /<<PKGBUILDDIR>>/tests/1.0/syntax/run_test "/<<PKGBUILDDIR>>/obj-x86_64-linux-gnu/HSAILAsm/HSAILasm" "012_var_array" "/<<PKGBUILDDIR>>/tests/1.0/syntax"
96: Test timeout computed to be: 10000000
 93/115 Test  #93: 1.0/syntax/011_argscope_special ...................   Passed    0.01 sec
test 97
        Start  97: 1.0/syntax/012_var_array_init

97: Test command: /<<PKGBUILDDIR>>/tests/1.0/syntax/run_test "/<<PKGBUILDDIR>>/obj-x86_64-linux-gnu/HSAILAsm/HSAILasm" "012_var_array_init" "/<<PKGBUILDDIR>>/tests/1.0/syntax"
97: Test timeout computed to be: 10000000
96: Assembling
95: Comparing with disassembly
 94/115 Test  #94: 1.0/syntax/012_var_align ..........................   Passed    0.01 sec
test 98
        Start  98: 1.0/syntax/012_var_base

98: Test command: /<<PKGBUILDDIR>>/tests/1.0/syntax/run_test "/<<PKGBUILDDIR>>/obj-x86_64-linux-gnu/HSAILAsm/HSAILasm" "012_var_base" "/<<PKGBUILDDIR>>/tests/1.0/syntax"
98: Test timeout computed to be: 10000000
95: Decoding
97: Assembling
98: Assembling
96: Disassembling
 95/115 Test  #95: 1.0/syntax/012_var_alloc ..........................   Passed    0.01 sec
test 99
        Start  99: 1.0/syntax/012_var_decl

99: Test command: /<<PKGBUILDDIR>>/tests/1.0/syntax/run_test "/<<PKGBUILDDIR>>/obj-x86_64-linux-gnu/HSAILAsm/HSAILasm" "012_var_decl" "/<<PKGBUILDDIR>>/tests/1.0/syntax"
99: Test timeout computed to be: 10000000
98: Disassembling
97: Disassembling
99: Assembling
98: Comparing with disassembly
96: Comparing with disassembly
98: Decoding
99: Disassembling
96: Decoding
97: Comparing with disassembly
97: Decoding
 96/115 Test  #98: 1.0/syntax/012_var_base ...........................   Passed    0.01 sec
test 100
        Start 100: 1.0/syntax/012_var_generic

100: Test command: /<<PKGBUILDDIR>>/tests/1.0/syntax/run_test "/<<PKGBUILDDIR>>/obj-x86_64-linux-gnu/HSAILAsm/HSAILasm" "012_var_generic" "/<<PKGBUILDDIR>>/tests/1.0/syntax"
100: Test timeout computed to be: 10000000
 97/115 Test  #96: 1.0/syntax/012_var_array ..........................   Passed    0.02 sec
test 101
        Start 101: 1.0/syntax/012_var_img

101: Test command: /<<PKGBUILDDIR>>/tests/1.0/syntax/run_test "/<<PKGBUILDDIR>>/obj-x86_64-linux-gnu/HSAILAsm/HSAILasm" "012_var_img" "/<<PKGBUILDDIR>>/tests/1.0/syntax"
101: Test timeout computed to be: 10000000
99: Comparing with disassembly
100: Assembling
 98/115 Test  #97: 1.0/syntax/012_var_array_init .....................   Passed    0.02 sec
test 102
        Start 102: 1.0/syntax/012_var_module

102: Test command: /<<PKGBUILDDIR>>/tests/1.0/syntax/run_test "/<<PKGBUILDDIR>>/obj-x86_64-linux-gnu/HSAILAsm/HSAILasm" "012_var_module" "/<<PKGBUILDDIR>>/tests/1.0/syntax"
102: Test timeout computed to be: 10000000
101: Assembling
99: Decoding
100: Disassembling
102: Assembling
 99/115 Test  #99: 1.0/syntax/012_var_decl ...........................   Passed    0.01 sec
test 103
        Start 103: 1.0/syntax/012_var_sampler

103: Test command: /<<PKGBUILDDIR>>/tests/1.0/syntax/run_test "/<<PKGBUILDDIR>>/obj-x86_64-linux-gnu/HSAILAsm/HSAILasm" "012_var_sampler" "/<<PKGBUILDDIR>>/tests/1.0/syntax"
103: Test timeout computed to be: 10000000
101: Disassembling
102: Disassembling
100: Comparing with disassembly
100: Decoding
103: Assembling
101: Comparing with disassembly
102: Comparing with disassembly
101: Decoding
103: Disassembling
102: Decoding
100/115 Test #100: 1.0/syntax/012_var_generic ........................   Passed    0.01 sec
test 104
        Start 104: 1.0/syntax/013_name_1

104: Test command: /<<PKGBUILDDIR>>/tests/1.0/syntax/run_test "/<<PKGBUILDDIR>>/obj-x86_64-linux-gnu/HSAILAsm/HSAILasm" "013_name_1" "/<<PKGBUILDDIR>>/tests/1.0/syntax"
104: Test timeout computed to be: 10000000
101/115 Test #101: 1.0/syntax/012_var_img ............................   Passed    0.01 sec
test 105
        Start 105: 1.0/syntax/013_name_2

105: Test command: /<<PKGBUILDDIR>>/tests/1.0/syntax/run_test "/<<PKGBUILDDIR>>/obj-x86_64-linux-gnu/HSAILAsm/HSAILasm" "013_name_2" "/<<PKGBUILDDIR>>/tests/1.0/syntax"
105: Test timeout computed to be: 10000000
103: Comparing with disassembly
103: Decoding
104: Assembling
102/115 Test #102: 1.0/syntax/012_var_module .........................   Passed    0.01 sec
test 106
        Start 106: 1.0/syntax/013_name_3

106: Test command: /<<PKGBUILDDIR>>/tests/1.0/syntax/run_test "/<<PKGBUILDDIR>>/obj-x86_64-linux-gnu/HSAILAsm/HSAILasm" "013_name_3" "/<<PKGBUILDDIR>>/tests/1.0/syntax"
106: Test timeout computed to be: 10000000
105: Assembling
104: Disassembling
106: Assembling
105: Disassembling
103/115 Test #103: 1.0/syntax/012_var_sampler ........................   Passed    0.01 sec
test 107
        Start 107: 1.0/syntax/013_name_4

107: Test command: /<<PKGBUILDDIR>>/tests/1.0/syntax/run_test "/<<PKGBUILDDIR>>/obj-x86_64-linux-gnu/HSAILAsm/HSAILasm" "013_name_4" "/<<PKGBUILDDIR>>/tests/1.0/syntax"
107: Test timeout computed to be: 10000000
104: Comparing with disassembly
107: Assembling
105: Comparing with disassembly
106: Disassembling
104: Decoding
105: Decoding
106: Comparing with disassembly
104/115 Test #105: 1.0/syntax/013_name_2 .............................   Passed    0.01 sec
test 108
        Start 108: 1.0/syntax/014_branch

108: Test command: /<<PKGBUILDDIR>>/tests/1.0/syntax/run_test "/<<PKGBUILDDIR>>/obj-x86_64-linux-gnu/HSAILAsm/HSAILasm" "014_branch" "/<<PKGBUILDDIR>>/tests/1.0/syntax"
108: Test timeout computed to be: 10000000
107: Disassembling
106: Decoding
105/115 Test #104: 1.0/syntax/013_name_1 .............................   Passed    0.01 sec
test 109
        Start 109: 1.0/syntax/015_large_memory_model

109: Test command: /<<PKGBUILDDIR>>/tests/1.0/syntax/run_test "/<<PKGBUILDDIR>>/obj-x86_64-linux-gnu/HSAILAsm/HSAILasm" "015_large_memory_model" "/<<PKGBUILDDIR>>/tests/1.0/syntax"
109: Test timeout computed to be: 10000000
107: Comparing with disassembly
108: Assembling
106/115 Test #106: 1.0/syntax/013_name_3 .............................   Passed    0.01 sec
test 110
        Start 110: 1.0/syntax/015_small_memory_model

110: Test command: /<<PKGBUILDDIR>>/tests/1.0/syntax/run_test "/<<PKGBUILDDIR>>/obj-x86_64-linux-gnu/HSAILAsm/HSAILasm" "015_small_memory_model" "/<<PKGBUILDDIR>>/tests/1.0/syntax"
110: Test timeout computed to be: 10000000
107: Decoding
109: Assembling
110: Assembling
108: Disassembling
110: Disassembling
109: Disassembling
107/115 Test #107: 1.0/syntax/013_name_4 .............................   Passed    0.01 sec
test 111
        Start 111: 1.0/syntax/016_literal_conversion

111: Test command: /<<PKGBUILDDIR>>/tests/1.0/syntax/run_test "/<<PKGBUILDDIR>>/obj-x86_64-linux-gnu/HSAILAsm/HSAILasm" "016_literal_conversion" "/<<PKGBUILDDIR>>/tests/1.0/syntax"
111: Test timeout computed to be: 10000000
110: Comparing with disassembly
110: Decoding
108: Comparing with disassembly
109: Comparing with disassembly
108: Decoding
111: Assembling
109: Decoding
108/115 Test #110: 1.0/syntax/015_small_memory_model .................   Passed    0.01 sec
test 112
        Start 112: 1.0/syntax/016_literal_conversions_1_0

112: Test command: /<<PKGBUILDDIR>>/tests/1.0/syntax/run_test "/<<PKGBUILDDIR>>/obj-x86_64-linux-gnu/HSAILAsm/HSAILasm" "016_literal_conversions_1_0" "/<<PKGBUILDDIR>>/tests/1.0/syntax"
112: Test timeout computed to be: 10000000
112: Assembling
109/115 Test #108: 1.0/syntax/014_branch .............................   Passed    0.01 sec
test 113
        Start 113: 1.0/syntax/017_addressing

113: Test command: /<<PKGBUILDDIR>>/tests/1.0/syntax/run_test "/<<PKGBUILDDIR>>/obj-x86_64-linux-gnu/HSAILAsm/HSAILasm" "017_addressing" "/<<PKGBUILDDIR>>/tests/1.0/syntax"
113: Test timeout computed to be: 10000000
111: Disassembling
113: Assembling
110/115 Test #109: 1.0/syntax/015_large_memory_model .................   Passed    0.02 sec
test 114
        Start 114: 1.0/syntax/018_aggregate_const

114: Test command: /<<PKGBUILDDIR>>/tests/1.0/syntax/run_test "/<<PKGBUILDDIR>>/obj-x86_64-linux-gnu/HSAILAsm/HSAILasm" "018_aggregate_const" "/<<PKGBUILDDIR>>/tests/1.0/syntax"
114: Test timeout computed to be: 10000000
112: Disassembling
113: Disassembling
114: Assembling
111: Comparing with disassembly
113: Comparing with disassembly
111: --- /<<PKGBUILDDIR>>/tests/1.0/syntax/016_literal_conversion.hsail	2017-03-06 16:05:12.000000000 +0000
111: +++ 016_literal_conversion_2.hsail	2021-10-26 22:53:10.690480838 +0000
111: @@ -167,9 +167,9 @@
111:  	global_b16 %xba1 = 0;
111:  	global_b16 %xba2 = -32768;
111:  	global_b32 %xba3 = 0;
111: -	global_b32 %xba4 = -2147483648;
111: +	global_b32 %xba4 = 0x80000000;
111:  	global_b64 %xba5 = 0;
111: -	global_b64 %xba6 = -9223372036854775808;
111: +	global_b64 %xba6 = 0x8000000000000000;
111:  	global_b16 %xbb1 = 0x4a00;
111:  	global_b16 %xbb2 = 0xca00;
111:  	global_b32 %xbb3 = 0x41400000;
112: Comparing with disassembly
113: Decoding
111/115 Test #111: 1.0/syntax/016_literal_conversion .................***Failed    0.02 sec
Assembling
Disassembling
Comparing with disassembly
--- /<<PKGBUILDDIR>>/tests/1.0/syntax/016_literal_conversion.hsail	2017-03-06 16:05:12.000000000 +0000
+++ 016_literal_conversion_2.hsail	2021-10-26 22:53:10.690480838 +0000
@@ -167,9 +167,9 @@
 	global_b16 %xba1 = 0;
 	global_b16 %xba2 = -32768;
 	global_b32 %xba3 = 0;
-	global_b32 %xba4 = -2147483648;
+	global_b32 %xba4 = 0x80000000;
 	global_b64 %xba5 = 0;
-	global_b64 %xba6 = -9223372036854775808;
+	global_b64 %xba6 = 0x8000000000000000;
 	global_b16 %xbb1 = 0x4a00;
 	global_b16 %xbb2 = 0xca00;
 	global_b32 %xbb3 = 0x41400000;

test 115
        Start 115: 1.0/syntax/019_reg_limit

115: Test command: /<<PKGBUILDDIR>>/tests/1.0/syntax/run_test "/<<PKGBUILDDIR>>/obj-x86_64-linux-gnu/HSAILAsm/HSAILasm" "019_reg_limit" "/<<PKGBUILDDIR>>/tests/1.0/syntax"
115: Test timeout computed to be: 10000000
112: Decoding
114: Disassembling
115: Assembling
112/115 Test #113: 1.0/syntax/017_addressing .........................   Passed    0.01 sec
114: Comparing with disassembly
114: Decoding
113/115 Test #112: 1.0/syntax/016_literal_conversions_1_0 ............   Passed    0.02 sec
115: Disassembling
114/115 Test #114: 1.0/syntax/018_aggregate_const ....................   Passed    0.01 sec
115: Comparing with disassembly
115: Decoding
115/115 Test #115: 1.0/syntax/019_reg_limit ..........................   Passed    0.01 sec

99% tests passed, 1 tests failed out of 115

Total Test time (real) =   0.93 sec

The following tests FAILED:
	111 - 1.0/syntax/016_literal_conversion (Failed)
Errors while running CTest
make[1]: *** [Makefile:139: test] Error 8
make[1]: Leaving directory '/<<PKGBUILDDIR>>/obj-x86_64-linux-gnu'
dh_auto_test: error: cd obj-x86_64-linux-gnu && make -j4 test ARGS\+=--verbose ARGS\+=-j4 returned exit code 2
make: *** [debian/rules:4: build] Error 25
dpkg-buildpackage: error: debian/rules build subprocess returned exit status 2
--------------------------------------------------------------------------------
Build finished at 2021-10-26T22:53:10Z

Finished
--------


+------------------------------------------------------------------------------+
| Cleanup                                                                      |
+------------------------------------------------------------------------------+

Purging /<<BUILDDIR>>
Not cleaning session: cloned chroot in use
E: Build failure (dpkg-buildpackage died)

+------------------------------------------------------------------------------+
| Summary                                                                      |
+------------------------------------------------------------------------------+

Build Architecture: amd64
Build Type: binary
Build-Space: 138760
Build-Time: 22
Distribution: unstable
Fail-Stage: build
Host Architecture: amd64
Install-Time: 7
Job: hsail-tools_0~20180830-1
Machine Architecture: amd64
Package: hsail-tools
Package-Time: 50
Source-Version: 0~20180830-1
Space: 138760
Status: attempted
Version: 0~20180830-1
--------------------------------------------------------------------------------
Finished at 2021-10-26T22:53:10Z
Build needed 00:00:50, 138760k disk space
E: Build failure (dpkg-buildpackage died)
DC-Status: Failed 50.666078868s
