DC-Build-Header: ccache 4.4.2-1 / 2021-10-26 22:09:09 +0000
DC-Task: type:rebuild-binarch-only source:ccache version:4.4.2-1 chroot:unstable esttime:182 logfile:/tmp/ccache_4.4.2-1_unstable_clang12.log modes:clang12:binarch-only
DC-Sbuild-call: su user42 -c 'sbuild -n --arch-any --apt-update -d unstable -v --no-run-lintian --chroot-setup-commands=/tmp/clang12 ccache_4.4.2-1'
sbuild (Debian sbuild) 0.78.1 (09 February 2019) on ip-172-31-15-183.eu-central-1.compute.internal

+==============================================================================+
| ccache 4.4.2-1 (amd64)                       Tue, 26 Oct 2021 22:09:09 +0000 |
+==============================================================================+

Package: ccache
Version: 4.4.2-1
Source Version: 4.4.2-1
Distribution: unstable
Machine Architecture: amd64
Host Architecture: amd64
Build Architecture: amd64
Build Type: binary

I: NOTICE: Log filtering will replace 'var/run/schroot/mount/sid-amd64-sbuild-ea03b05f-e0f7-490c-b95d-123692d34944' with '<<CHROOT>>'

+------------------------------------------------------------------------------+
| Chroot Setup Commands                                                        |
+------------------------------------------------------------------------------+


/tmp/clang12
------------

+ echo 'Entering customization script...'
Entering customization script...
+ CLANG_VERSION=12
+ echo 'Install of clang-12'
Install of clang-12
+ apt-get update
Get:1 http://127.0.0.1:12990/debian sid InRelease [165 kB]
Get:2 http://127.0.0.1:12990/debian sid/main Sources.diff/Index [63.6 kB]
Get:3 http://127.0.0.1:12990/debian sid/main amd64 Packages.diff/Index [63.6 kB]
Get:4 http://127.0.0.1:12990/debian sid/main Sources T-2021-10-26-2004.40-F-2021-10-26-0202.15.pdiff [47.3 kB]
Get:4 http://127.0.0.1:12990/debian sid/main Sources T-2021-10-26-2004.40-F-2021-10-26-0202.15.pdiff [47.3 kB]
Get:5 http://127.0.0.1:12990/debian sid/main amd64 Packages T-2021-10-26-2004.40-F-2021-10-26-0202.15.pdiff [55.9 kB]
Get:5 http://127.0.0.1:12990/debian sid/main amd64 Packages T-2021-10-26-2004.40-F-2021-10-26-0202.15.pdiff [55.9 kB]
Get:6 http://127.0.0.1:12990/debian sid/main Translation-en [6586 kB]
Fetched 6981 kB in 3s (2730 kB/s)
Reading package lists...
+ apt-get install --yes --no-install-recommends --force-yes clang-12 libomp-12-dev libobjc-9-dev
Reading package lists...
Building dependency tree...
The following additional packages will be installed:
  lib32gcc-s1 lib32stdc++6 libasan5 libbsd0 libc6-i386 libclang-common-12-dev
  libclang-cpp12 libclang1-12 libedit2 libelf1 libgc1 libgcc-9-dev libicu67
  libllvm12 libmd0 libobjc-11-dev libobjc4 libomp5-12 libunwind-12 libxml2
  libz3-4 llvm-12-linker-tools
Suggested packages:
  clang-12-doc libomp-12-doc
Recommended packages:
  llvm-12-dev python3
The following NEW packages will be installed:
  clang-12 lib32gcc-s1 lib32stdc++6 libasan5 libbsd0 libc6-i386
  libclang-common-12-dev libclang-cpp12 libclang1-12 libedit2 libelf1 libgc1
  libgcc-9-dev libicu67 libllvm12 libmd0 libobjc-11-dev libobjc-9-dev libobjc4
  libomp-12-dev libomp5-12 libunwind-12 libxml2 libz3-4 llvm-12-linker-tools
0 upgraded, 25 newly installed, 0 to remove and 0 not upgraded.
Need to get 67.6 MB of archives.
After this operation, 349 MB of additional disk space will be used.
Get:1 http://127.0.0.1:12990/debian sid/main amd64 libmd0 amd64 1.0.4-1 [29.6 kB]
Get:2 http://127.0.0.1:12990/debian sid/main amd64 libbsd0 amd64 0.11.3-1 [108 kB]
Get:3 http://127.0.0.1:12990/debian sid/main amd64 libedit2 amd64 3.1-20210910-1 [97.5 kB]
Get:4 http://127.0.0.1:12990/debian sid/main amd64 libicu67 amd64 67.1-7 [8622 kB]
Get:5 http://127.0.0.1:12990/debian sid/main amd64 libxml2 amd64 2.9.12+dfsg-5 [696 kB]
Get:6 http://127.0.0.1:12990/debian sid/main amd64 libz3-4 amd64 4.8.12-1+b1 [6997 kB]
Get:7 http://127.0.0.1:12990/debian sid/main amd64 libllvm12 amd64 1:12.0.1-15 [19.4 MB]
Get:8 http://127.0.0.1:12990/debian sid/main amd64 libclang-cpp12 amd64 1:12.0.1-15 [9996 kB]
Get:9 http://127.0.0.1:12990/debian sid/main amd64 libgc1 amd64 1:8.0.4-3 [239 kB]
Get:10 http://127.0.0.1:12990/debian sid/main amd64 libobjc4 amd64 11.2.0-10 [43.2 kB]
Get:11 http://127.0.0.1:12990/debian sid/main amd64 libobjc-11-dev amd64 11.2.0-10 [170 kB]
Get:12 http://127.0.0.1:12990/debian sid/main amd64 libc6-i386 amd64 2.32-4 [2624 kB]
Get:13 http://127.0.0.1:12990/debian sid/main amd64 lib32gcc-s1 amd64 11.2.0-10 [49.9 kB]
Get:14 http://127.0.0.1:12990/debian sid/main amd64 lib32stdc++6 amd64 11.2.0-10 [601 kB]
Get:15 http://127.0.0.1:12990/debian sid/main amd64 libclang-common-12-dev amd64 1:12.0.1-15 [4819 kB]
Get:16 http://127.0.0.1:12990/debian sid/main amd64 llvm-12-linker-tools amd64 1:12.0.1-15 [1222 kB]
Get:17 http://127.0.0.1:12990/debian sid/main amd64 libclang1-12 amd64 1:12.0.1-15 [5644 kB]
Get:18 http://127.0.0.1:12990/debian sid/main amd64 clang-12 amd64 1:12.0.1-15 [117 kB]
Get:19 http://127.0.0.1:12990/debian sid/main amd64 libasan5 amd64 9.4.0-3 [2734 kB]
Get:20 http://127.0.0.1:12990/debian sid/main amd64 libelf1 amd64 0.185-2 [172 kB]
Get:21 http://127.0.0.1:12990/debian sid/main amd64 libgcc-9-dev amd64 9.4.0-3 [2343 kB]
Get:22 http://127.0.0.1:12990/debian sid/main amd64 libobjc-9-dev amd64 9.4.0-3 [219 kB]
Get:23 http://127.0.0.1:12990/debian sid/main amd64 libunwind-12 amd64 1:12.0.1-15 [63.9 kB]
Get:24 http://127.0.0.1:12990/debian sid/main amd64 libomp5-12 amd64 1:12.0.1-15 [405 kB]
Get:25 http://127.0.0.1:12990/debian sid/main amd64 libomp-12-dev amd64 1:12.0.1-15 [104 kB]
debconf: delaying package configuration, since apt-utils is not installed
Fetched 67.6 MB in 0s (152 MB/s)
Selecting previously unselected package libmd0:amd64.
(Reading database ... (Reading database ... 5%(Reading database ... 10%(Reading database ... 15%(Reading database ... 20%(Reading database ... 25%(Reading database ... 30%(Reading database ... 35%(Reading database ... 40%(Reading database ... 45%(Reading database ... 50%(Reading database ... 55%(Reading database ... 60%(Reading database ... 65%(Reading database ... 70%(Reading database ... 75%(Reading database ... 80%(Reading database ... 85%(Reading database ... 90%(Reading database ... 95%(Reading database ... 100%(Reading database ... 12431 files and directories currently installed.)
Preparing to unpack .../00-libmd0_1.0.4-1_amd64.deb ...
Unpacking libmd0:amd64 (1.0.4-1) ...
Selecting previously unselected package libbsd0:amd64.
Preparing to unpack .../01-libbsd0_0.11.3-1_amd64.deb ...
Unpacking libbsd0:amd64 (0.11.3-1) ...
Selecting previously unselected package libedit2:amd64.
Preparing to unpack .../02-libedit2_3.1-20210910-1_amd64.deb ...
Unpacking libedit2:amd64 (3.1-20210910-1) ...
Selecting previously unselected package libicu67:amd64.
Preparing to unpack .../03-libicu67_67.1-7_amd64.deb ...
Unpacking libicu67:amd64 (67.1-7) ...
Selecting previously unselected package libxml2:amd64.
Preparing to unpack .../04-libxml2_2.9.12+dfsg-5_amd64.deb ...
Unpacking libxml2:amd64 (2.9.12+dfsg-5) ...
Selecting previously unselected package libz3-4:amd64.
Preparing to unpack .../05-libz3-4_4.8.12-1+b1_amd64.deb ...
Unpacking libz3-4:amd64 (4.8.12-1+b1) ...
Selecting previously unselected package libllvm12:amd64.
Preparing to unpack .../06-libllvm12_1%3a12.0.1-15_amd64.deb ...
Unpacking libllvm12:amd64 (1:12.0.1-15) ...
Selecting previously unselected package libclang-cpp12.
Preparing to unpack .../07-libclang-cpp12_1%3a12.0.1-15_amd64.deb ...
Unpacking libclang-cpp12 (1:12.0.1-15) ...
Selecting previously unselected package libgc1:amd64.
Preparing to unpack .../08-libgc1_1%3a8.0.4-3_amd64.deb ...
Unpacking libgc1:amd64 (1:8.0.4-3) ...
Selecting previously unselected package libobjc4:amd64.
Preparing to unpack .../09-libobjc4_11.2.0-10_amd64.deb ...
Unpacking libobjc4:amd64 (11.2.0-10) ...
Selecting previously unselected package libobjc-11-dev:amd64.
Preparing to unpack .../10-libobjc-11-dev_11.2.0-10_amd64.deb ...
Unpacking libobjc-11-dev:amd64 (11.2.0-10) ...
Selecting previously unselected package libc6-i386.
Preparing to unpack .../11-libc6-i386_2.32-4_amd64.deb ...
Unpacking libc6-i386 (2.32-4) ...
Selecting previously unselected package lib32gcc-s1.
Preparing to unpack .../12-lib32gcc-s1_11.2.0-10_amd64.deb ...
Unpacking lib32gcc-s1 (11.2.0-10) ...
Selecting previously unselected package lib32stdc++6.
Preparing to unpack .../13-lib32stdc++6_11.2.0-10_amd64.deb ...
Unpacking lib32stdc++6 (11.2.0-10) ...
Selecting previously unselected package libclang-common-12-dev.
Preparing to unpack .../14-libclang-common-12-dev_1%3a12.0.1-15_amd64.deb ...
Unpacking libclang-common-12-dev (1:12.0.1-15) ...
Selecting previously unselected package llvm-12-linker-tools.
Preparing to unpack .../15-llvm-12-linker-tools_1%3a12.0.1-15_amd64.deb ...
Unpacking llvm-12-linker-tools (1:12.0.1-15) ...
Selecting previously unselected package libclang1-12.
Preparing to unpack .../16-libclang1-12_1%3a12.0.1-15_amd64.deb ...
Unpacking libclang1-12 (1:12.0.1-15) ...
Selecting previously unselected package clang-12.
Preparing to unpack .../17-clang-12_1%3a12.0.1-15_amd64.deb ...
Unpacking clang-12 (1:12.0.1-15) ...
Selecting previously unselected package libasan5:amd64.
Preparing to unpack .../18-libasan5_9.4.0-3_amd64.deb ...
Unpacking libasan5:amd64 (9.4.0-3) ...
Selecting previously unselected package libelf1:amd64.
Preparing to unpack .../19-libelf1_0.185-2_amd64.deb ...
Unpacking libelf1:amd64 (0.185-2) ...
Selecting previously unselected package libgcc-9-dev:amd64.
Preparing to unpack .../20-libgcc-9-dev_9.4.0-3_amd64.deb ...
Unpacking libgcc-9-dev:amd64 (9.4.0-3) ...
Selecting previously unselected package libobjc-9-dev:amd64.
Preparing to unpack .../21-libobjc-9-dev_9.4.0-3_amd64.deb ...
Unpacking libobjc-9-dev:amd64 (9.4.0-3) ...
Selecting previously unselected package libunwind-12:amd64.
Preparing to unpack .../22-libunwind-12_1%3a12.0.1-15_amd64.deb ...
Unpacking libunwind-12:amd64 (1:12.0.1-15) ...
Selecting previously unselected package libomp5-12:amd64.
Preparing to unpack .../23-libomp5-12_1%3a12.0.1-15_amd64.deb ...
Unpacking libomp5-12:amd64 (1:12.0.1-15) ...
Selecting previously unselected package libomp-12-dev.
Preparing to unpack .../24-libomp-12-dev_1%3a12.0.1-15_amd64.deb ...
Unpacking libomp-12-dev (1:12.0.1-15) ...
Setting up libicu67:amd64 (67.1-7) ...
Setting up libasan5:amd64 (9.4.0-3) ...
Setting up libz3-4:amd64 (4.8.12-1+b1) ...
Setting up libunwind-12:amd64 (1:12.0.1-15) ...
Setting up libgc1:amd64 (1:8.0.4-3) ...
Setting up libmd0:amd64 (1.0.4-1) ...
Setting up libc6-i386 (2.32-4) ...
Setting up libbsd0:amd64 (0.11.3-1) ...
Setting up libelf1:amd64 (0.185-2) ...
Setting up libxml2:amd64 (2.9.12+dfsg-5) ...
Setting up libedit2:amd64 (3.1-20210910-1) ...
Setting up libobjc4:amd64 (11.2.0-10) ...
Setting up libgcc-9-dev:amd64 (9.4.0-3) ...
Setting up lib32gcc-s1 (11.2.0-10) ...
Setting up lib32stdc++6 (11.2.0-10) ...
Setting up libllvm12:amd64 (1:12.0.1-15) ...
Setting up libobjc-9-dev:amd64 (9.4.0-3) ...
Setting up libclang-common-12-dev (1:12.0.1-15) ...
Setting up libomp5-12:amd64 (1:12.0.1-15) ...
Setting up libobjc-11-dev:amd64 (11.2.0-10) ...
Setting up llvm-12-linker-tools (1:12.0.1-15) ...
Setting up libclang1-12 (1:12.0.1-15) ...
Setting up libclang-cpp12 (1:12.0.1-15) ...
Setting up libomp-12-dev (1:12.0.1-15) ...
Setting up clang-12 (1:12.0.1-15) ...
Processing triggers for libc-bin (2.32-4) ...
W: --force-yes is deprecated, use one of the options starting with --allow instead.
+ echo 'Replace gcc, g++ & cpp by clang'
Replace gcc, g++ & cpp by clang
+ VERSIONS='4.6 4.7 4.8 4.9 5 6 7 8 9 10 11'
+ cd /usr/bin
+ for VERSION in $VERSIONS
+ rm -f g++-4.6 gcc-4.6 cpp-4.6 gcc
+ ln -s clang++-12 g++-4.6
+ ln -s clang-12 gcc-4.6
+ ln -s clang-12 cpp-4.6
+ ln -s clang-12 gcc
+ echo 'gcc-4.6 hold'
+ dpkg --set-selections
dpkg: warning: package not in status nor available database at line 1: gcc-4.6
dpkg: warning: found unknown packages; this might mean the available database
is outdated, and needs to be updated through a frontend method;
please see the FAQ <https://wiki.debian.org/Teams/Dpkg/FAQ>
+ echo 'g++-4.6 hold'
+ dpkg --set-selections
dpkg: warning: package not in status nor available database at line 1: g++-4.6
dpkg: warning: found unknown packages; this might mean the available database
is outdated, and needs to be updated through a frontend method;
please see the FAQ <https://wiki.debian.org/Teams/Dpkg/FAQ>
+ for VERSION in $VERSIONS
+ rm -f g++-4.7 gcc-4.7 cpp-4.7 gcc
+ ln -s clang++-12 g++-4.7
+ ln -s clang-12 gcc-4.7
+ ln -s clang-12 cpp-4.7
+ ln -s clang-12 gcc
+ echo 'gcc-4.7 hold'
+ dpkg --set-selections
dpkg: warning: package not in status nor available database at line 1: gcc-4.7
dpkg: warning: found unknown packages; this might mean the available database
is outdated, and needs to be updated through a frontend method;
please see the FAQ <https://wiki.debian.org/Teams/Dpkg/FAQ>
+ echo 'g++-4.7 hold'
+ dpkg --set-selections
dpkg: warning: package not in status nor available database at line 1: g++-4.7
dpkg: warning: found unknown packages; this might mean the available database
is outdated, and needs to be updated through a frontend method;
please see the FAQ <https://wiki.debian.org/Teams/Dpkg/FAQ>
+ for VERSION in $VERSIONS
+ rm -f g++-4.8 gcc-4.8 cpp-4.8 gcc
+ ln -s clang++-12 g++-4.8
+ ln -s clang-12 gcc-4.8
+ ln -s clang-12 cpp-4.8
+ ln -s clang-12 gcc
+ echo 'gcc-4.8 hold'
+ dpkg --set-selections
dpkg: warning: package not in status nor available database at line 1: gcc-4.8
dpkg: warning: found unknown packages; this might mean the available database
is outdated, and needs to be updated through a frontend method;
please see the FAQ <https://wiki.debian.org/Teams/Dpkg/FAQ>
+ echo 'g++-4.8 hold'
+ dpkg --set-selections
dpkg: warning: package not in status nor available database at line 1: g++-4.8
dpkg: warning: found unknown packages; this might mean the available database
is outdated, and needs to be updated through a frontend method;
please see the FAQ <https://wiki.debian.org/Teams/Dpkg/FAQ>
+ for VERSION in $VERSIONS
+ rm -f g++-4.9 gcc-4.9 cpp-4.9 gcc
+ ln -s clang++-12 g++-4.9
+ ln -s clang-12 gcc-4.9
+ ln -s clang-12 cpp-4.9
+ ln -s clang-12 gcc
+ echo 'gcc-4.9 hold'
+ dpkg --set-selections
dpkg: warning: package not in status nor available database at line 1: gcc-4.9
dpkg: warning: found unknown packages; this might mean the available database
is outdated, and needs to be updated through a frontend method;
please see the FAQ <https://wiki.debian.org/Teams/Dpkg/FAQ>
+ echo 'g++-4.9 hold'
+ dpkg --set-selections
dpkg: warning: package not in status nor available database at line 1: g++-4.9
dpkg: warning: found unknown packages; this might mean the available database
is outdated, and needs to be updated through a frontend method;
please see the FAQ <https://wiki.debian.org/Teams/Dpkg/FAQ>
+ for VERSION in $VERSIONS
+ rm -f g++-5 gcc-5 cpp-5 gcc
+ ln -s clang++-12 g++-5
+ ln -s clang-12 gcc-5
+ ln -s clang-12 cpp-5
+ ln -s clang-12 gcc
+ echo 'gcc-5 hold'
+ dpkg --set-selections
dpkg: warning: package not in status nor available database at line 1: gcc-5
dpkg: warning: found unknown packages; this might mean the available database
is outdated, and needs to be updated through a frontend method;
please see the FAQ <https://wiki.debian.org/Teams/Dpkg/FAQ>
+ echo 'g++-5 hold'
+ dpkg --set-selections
dpkg: warning: package not in status nor available database at line 1: g++-5
dpkg: warning: found unknown packages; this might mean the available database
is outdated, and needs to be updated through a frontend method;
please see the FAQ <https://wiki.debian.org/Teams/Dpkg/FAQ>
+ for VERSION in $VERSIONS
+ rm -f g++-6 gcc-6 cpp-6 gcc
+ ln -s clang++-12 g++-6
+ ln -s clang-12 gcc-6
+ ln -s clang-12 cpp-6
+ ln -s clang-12 gcc
+ echo 'gcc-6 hold'
+ dpkg --set-selections
dpkg: warning: package not in status nor available database at line 1: gcc-6
dpkg: warning: found unknown packages; this might mean the available database
is outdated, and needs to be updated through a frontend method;
please see the FAQ <https://wiki.debian.org/Teams/Dpkg/FAQ>
+ echo 'g++-6 hold'
+ dpkg --set-selections
dpkg: warning: package not in status nor available database at line 1: g++-6
dpkg: warning: found unknown packages; this might mean the available database
is outdated, and needs to be updated through a frontend method;
please see the FAQ <https://wiki.debian.org/Teams/Dpkg/FAQ>
+ for VERSION in $VERSIONS
+ rm -f g++-7 gcc-7 cpp-7 gcc
+ ln -s clang++-12 g++-7
+ ln -s clang-12 gcc-7
+ ln -s clang-12 cpp-7
+ ln -s clang-12 gcc
+ echo 'gcc-7 hold'
+ dpkg --set-selections
dpkg: warning: package not in status nor available database at line 1: gcc-7
dpkg: warning: found unknown packages; this might mean the available database
is outdated, and needs to be updated through a frontend method;
please see the FAQ <https://wiki.debian.org/Teams/Dpkg/FAQ>
+ echo 'g++-7 hold'
+ dpkg --set-selections
dpkg: warning: package not in status nor available database at line 1: g++-7
dpkg: warning: found unknown packages; this might mean the available database
is outdated, and needs to be updated through a frontend method;
please see the FAQ <https://wiki.debian.org/Teams/Dpkg/FAQ>
+ for VERSION in $VERSIONS
+ rm -f g++-8 gcc-8 cpp-8 gcc
+ ln -s clang++-12 g++-8
+ ln -s clang-12 gcc-8
+ ln -s clang-12 cpp-8
+ ln -s clang-12 gcc
+ echo 'gcc-8 hold'
+ dpkg --set-selections
dpkg: warning: package not in status nor available database at line 1: gcc-8
dpkg: warning: found unknown packages; this might mean the available database
is outdated, and needs to be updated through a frontend method;
please see the FAQ <https://wiki.debian.org/Teams/Dpkg/FAQ>
+ echo 'g++-8 hold'
+ dpkg --set-selections
dpkg: warning: package not in status nor available database at line 1: g++-8
dpkg: warning: found unknown packages; this might mean the available database
is outdated, and needs to be updated through a frontend method;
please see the FAQ <https://wiki.debian.org/Teams/Dpkg/FAQ>
+ for VERSION in $VERSIONS
+ rm -f g++-9 gcc-9 cpp-9 gcc
+ ln -s clang++-12 g++-9
+ ln -s clang-12 gcc-9
+ ln -s clang-12 cpp-9
+ ln -s clang-12 gcc
+ echo 'gcc-9 hold'
+ dpkg --set-selections
dpkg: warning: package not in status nor available database at line 1: gcc-9
dpkg: warning: found unknown packages; this might mean the available database
is outdated, and needs to be updated through a frontend method;
please see the FAQ <https://wiki.debian.org/Teams/Dpkg/FAQ>
+ echo 'g++-9 hold'
+ dpkg --set-selections
dpkg: warning: package not in status nor available database at line 1: g++-9
dpkg: warning: found unknown packages; this might mean the available database
is outdated, and needs to be updated through a frontend method;
please see the FAQ <https://wiki.debian.org/Teams/Dpkg/FAQ>
+ for VERSION in $VERSIONS
+ rm -f g++-10 gcc-10 cpp-10 gcc
+ ln -s clang++-12 g++-10
+ ln -s clang-12 gcc-10
+ ln -s clang-12 cpp-10
+ ln -s clang-12 gcc
+ echo 'gcc-10 hold'
+ dpkg --set-selections
dpkg: warning: package not in status nor available database at line 1: gcc-10
dpkg: warning: found unknown packages; this might mean the available database
is outdated, and needs to be updated through a frontend method;
please see the FAQ <https://wiki.debian.org/Teams/Dpkg/FAQ>
+ echo 'g++-10 hold'
+ dpkg --set-selections
dpkg: warning: package not in status nor available database at line 1: g++-10
dpkg: warning: found unknown packages; this might mean the available database
is outdated, and needs to be updated through a frontend method;
please see the FAQ <https://wiki.debian.org/Teams/Dpkg/FAQ>
+ for VERSION in $VERSIONS
+ rm -f g++-11 gcc-11 cpp-11 gcc
+ ln -s clang++-12 g++-11
+ ln -s clang-12 gcc-11
+ ln -s clang-12 cpp-11
+ ln -s clang-12 gcc
+ echo 'gcc-11 hold'
+ dpkg --set-selections
+ echo 'g++-11 hold'
+ dpkg --set-selections
+ cd -
/build/ccache-wEc0dY
+ echo 'Check if gcc, g++ & cpp are actually clang'
Check if gcc, g++ & cpp are actually clang
+ gcc --version
+ grep clang
+ cpp --version
+ grep clang
+ g++ --version
+ grep clang
+ cd /usr/bin/
+ rm -f clang++ clang
+ ln -s clang-12 clang++
+ ln -s clang-12 clang
+ clang++ --version
Debian clang version 12.0.1-15
Target: x86_64-pc-linux-gnu
Thread model: posix
InstalledDir: /usr/bin
+ clang --version
Debian clang version 12.0.1-15
Target: x86_64-pc-linux-gnu
Thread model: posix
InstalledDir: /usr/bin
+ cd -
/build/ccache-wEc0dY
+ apt install --yes --no-install-recommends --force-yes qt5-qmake

WARNING: apt does not have a stable CLI interface. Use with caution in scripts.

Reading package lists...
Building dependency tree...
Reading state information...
The following additional packages will be installed:
  qt5-qmake-bin qtchooser
The following NEW packages will be installed:
  qt5-qmake qt5-qmake-bin qtchooser
0 upgraded, 3 newly installed, 0 to remove and 0 not upgraded.
Need to get 1322 kB of archives.
After this operation, 4914 kB of additional disk space will be used.
Get:1 http://127.0.0.1:12990/debian sid/main amd64 qt5-qmake-bin amd64 5.15.2+dfsg-12 [1046 kB]
Get:2 http://127.0.0.1:12990/debian sid/main amd64 qtchooser amd64 66-2 [26.3 kB]
Get:3 http://127.0.0.1:12990/debian sid/main amd64 qt5-qmake amd64 5.15.2+dfsg-12 [249 kB]
debconf: delaying package configuration, since apt-utils is not installed
Fetched 1322 kB in 0s (20.6 MB/s)
Selecting previously unselected package qt5-qmake-bin.
(Reading database ... (Reading database ... 5%(Reading database ... 10%(Reading database ... 15%(Reading database ... 20%(Reading database ... 25%(Reading database ... 30%(Reading database ... 35%(Reading database ... 40%(Reading database ... 45%(Reading database ... 50%(Reading database ... 55%(Reading database ... 60%(Reading database ... 65%(Reading database ... 70%(Reading database ... 75%(Reading database ... 80%(Reading database ... 85%(Reading database ... 90%(Reading database ... 95%(Reading database ... 100%(Reading database ... 13527 files and directories currently installed.)
Preparing to unpack .../qt5-qmake-bin_5.15.2+dfsg-12_amd64.deb ...
Unpacking qt5-qmake-bin (5.15.2+dfsg-12) ...
Selecting previously unselected package qtchooser.
Preparing to unpack .../qtchooser_66-2_amd64.deb ...
Unpacking qtchooser (66-2) ...
Selecting previously unselected package qt5-qmake:amd64.
Preparing to unpack .../qt5-qmake_5.15.2+dfsg-12_amd64.deb ...
Unpacking qt5-qmake:amd64 (5.15.2+dfsg-12) ...
Setting up qt5-qmake-bin (5.15.2+dfsg-12) ...
Setting up qtchooser (66-2) ...
Setting up qt5-qmake:amd64 (5.15.2+dfsg-12) ...
W: --force-yes is deprecated, use one of the options starting with --allow instead.
+ cp /usr/lib/x86_64-linux-gnu/qt5/mkspecs/linux-clang/qmake.conf /usr/lib/x86_64-linux-gnu/qt5/mkspecs/linux-clang/qplatformdefs.h /usr/lib/x86_64-linux-gnu/qt5/mkspecs/linux-g++/
+ ls -al /usr/lib/x86_64-linux-gnu/qt5/mkspecs/linux-g++/
total 16
drwxr-xr-x  2 root root 4096 Oct 26 22:09 .
drwxr-xr-x 76 root root 4096 Oct 26 22:09 ..
-rw-r--r--  1 root root  276 Oct 26 22:09 qmake.conf
-rw-r--r--  1 root root 3218 Oct 26 22:09 qplatformdefs.h
+ cat /usr/lib/x86_64-linux-gnu/qt5/mkspecs/linux-g++/qmake.conf
#
# qmake configuration for linux-clang
#

MAKEFILE_GENERATOR = UNIX
CONFIG += incremental

QMAKE_INCREMENTAL_STYLE = sublib

include(../common/linux.conf)
include(../common/gcc-base-unix.conf)
include(../common/clang.conf)

QMAKE_LFLAGS += -ccc-gcc-name g++

load(qt_config)
+ export QMAKESPEC=/usr/lib/x86_64-linux-gnu/qt5/mkspecs/linux-clang/
+ QMAKESPEC=/usr/lib/x86_64-linux-gnu/qt5/mkspecs/linux-clang/
+ sed -i -e 's|compare_problem(2,|compare_problem(0,|g' /usr/bin/dpkg-gensymbols
+ sed -i -e 's|compare_problem(1,|compare_problem(0,|g' /usr/bin/dpkg-gensymbols
+ grep 'compare_problem(' /usr/bin/dpkg-gensymbols
        compare_problem(4, g_('new libraries appeared in the symbols file: %s'), "@libs");
        compare_problem(3, g_('some libraries disappeared in the symbols file: %s'), "@libs");
        compare_problem(0, g_('some new symbols appeared in the symbols file: %s'),
        compare_problem(0, g_('some symbols or patterns disappeared in the symbols file: %s'),

I: Finished running '/tmp/clang12'.

Finished processing commands.
--------------------------------------------------------------------------------
I: NOTICE: Log filtering will replace 'build/ccache-wEc0dY/resolver-CxaEdH' with '<<RESOLVERDIR>>'

+------------------------------------------------------------------------------+
| Update chroot                                                                |
+------------------------------------------------------------------------------+

Hit:1 http://127.0.0.1:12990/debian sid InRelease
Reading package lists...
Reading package lists...
Building dependency tree...
Reading state information...
Calculating upgrade...
0 upgraded, 0 newly installed, 0 to remove and 0 not upgraded.

+------------------------------------------------------------------------------+
| Fetch source files                                                           |
+------------------------------------------------------------------------------+


Check APT
---------

Checking available source versions...

Download source files with APT
------------------------------

Reading package lists...
NOTICE: 'ccache' packaging is maintained in the 'Git' version control system at:
https://salsa.debian.org/debian/ccache.git
Please use:
git clone https://salsa.debian.org/debian/ccache.git
to retrieve the latest (possibly unreleased) updates to the package.
Need to get 531 kB of source archives.
Get:1 http://127.0.0.1:12990/debian sid/main ccache 4.4.2-1 (dsc) [1976 B]
Get:2 http://127.0.0.1:12990/debian sid/main ccache 4.4.2-1 (tar) [510 kB]
Get:3 http://127.0.0.1:12990/debian sid/main ccache 4.4.2-1 (diff) [18.5 kB]
Fetched 531 kB in 0s (5617 kB/s)
Download complete and in download only mode
I: NOTICE: Log filtering will replace 'build/ccache-wEc0dY/ccache-4.4.2' with '<<PKGBUILDDIR>>'
I: NOTICE: Log filtering will replace 'build/ccache-wEc0dY' with '<<BUILDDIR>>'

+------------------------------------------------------------------------------+
| Install package build dependencies                                           |
+------------------------------------------------------------------------------+


Setup apt archive
-----------------

Merged Build-Depends: debhelper-compat (= 13), dpkg-dev (>= 1.16.1~), elfutils, cmake (>= 3.10), libzstd-dev (>= 1.1.2), libhiredis-dev (>= 0.14.1), asciidoctor, build-essential, fakeroot
Filtered Build-Depends: debhelper-compat (= 13), dpkg-dev (>= 1.16.1~), elfutils, cmake (>= 3.10), libzstd-dev (>= 1.1.2), libhiredis-dev (>= 0.14.1), asciidoctor, build-essential, fakeroot
dpkg-deb: building package 'sbuild-build-depends-main-dummy' in '/<<RESOLVERDIR>>/apt_archive/sbuild-build-depends-main-dummy.deb'.
Ign:1 copy:/<<RESOLVERDIR>>/apt_archive ./ InRelease
Get:2 copy:/<<RESOLVERDIR>>/apt_archive ./ Release [957 B]
Ign:3 copy:/<<RESOLVERDIR>>/apt_archive ./ Release.gpg
Get:4 copy:/<<RESOLVERDIR>>/apt_archive ./ Sources [431 B]
Get:5 copy:/<<RESOLVERDIR>>/apt_archive ./ Packages [516 B]
Fetched 1904 B in 0s (180 kB/s)
Reading package lists...
Reading package lists...

Install main build dependencies (apt-based resolver)
----------------------------------------------------

Installing build dependencies
Reading package lists...
Building dependency tree...
Reading state information...
The following additional packages will be installed:
  asciidoctor autoconf automake autopoint autotools-dev bsdextrautils
  ca-certificates cmake cmake-data debhelper dh-autoreconf dh-elpa-helper
  dh-strip-nondeterminism dwz elfutils emacsen-common file gettext
  gettext-base groff-base intltool-debian libarchive-zip-perl libarchive13
  libasm1 libbrotli1 libcurl4 libdebhelper-perl libdw1 libexpat1
  libfile-stripnondeterminism-perl libhiredis-dev libhiredis0.14 libjsoncpp24
  libldap-2.4-2 libmagic-mgc libmagic1 libncurses6 libncursesw6 libnghttp2-14
  libpipeline1 libprocps8 libpsl5 librhash0 librtmp1 libruby2.7 libsasl2-2
  libsasl2-modules-db libsigsegv2 libssh2-1 libsub-override-perl libtool
  libuchardet0 libuv1 libyaml-0-2 libzstd-dev m4 man-db openssl po-debconf
  procps rake ruby ruby-asciidoctor ruby-minitest ruby-net-telnet
  ruby-power-assert ruby-rubygems ruby-test-unit ruby-xmlrpc ruby2.7
  rubygems-integration sensible-utils
Suggested packages:
  autoconf-archive gnu-standards autoconf-doc cmake-doc ninja-build dh-make
  gettext-doc libasprintf-dev libgettextpo-dev groff lrzip libtool-doc
  gfortran | fortran95-compiler gcj-jdk m4-doc apparmor less www-browser
  libmail-box-perl ri ruby-dev bundler
Recommended packages:
  curl | wget | lynx libarchive-cpio-perl libldap-common libgpm2 publicsuffix
  libsasl2-modules libltdl-dev libmail-sendmail-perl psmisc zip fonts-lato
  libjs-jquery
The following NEW packages will be installed:
  asciidoctor autoconf automake autopoint autotools-dev bsdextrautils
  ca-certificates cmake cmake-data debhelper dh-autoreconf dh-elpa-helper
  dh-strip-nondeterminism dwz elfutils emacsen-common file gettext
  gettext-base groff-base intltool-debian libarchive-zip-perl libarchive13
  libasm1 libbrotli1 libcurl4 libdebhelper-perl libdw1 libexpat1
  libfile-stripnondeterminism-perl libhiredis-dev libhiredis0.14 libjsoncpp24
  libldap-2.4-2 libmagic-mgc libmagic1 libncurses6 libncursesw6 libnghttp2-14
  libpipeline1 libprocps8 libpsl5 librhash0 librtmp1 libruby2.7 libsasl2-2
  libsasl2-modules-db libsigsegv2 libssh2-1 libsub-override-perl libtool
  libuchardet0 libuv1 libyaml-0-2 libzstd-dev m4 man-db openssl po-debconf
  procps rake ruby ruby-asciidoctor ruby-minitest ruby-net-telnet
  ruby-power-assert ruby-rubygems ruby-test-unit ruby-xmlrpc ruby2.7
  rubygems-integration sbuild-build-depends-main-dummy sensible-utils
0 upgraded, 73 newly installed, 0 to remove and 0 not upgraded.
Need to get 29.7 MB of archives.
After this operation, 105 MB of additional disk space will be used.
Get:1 copy:/<<RESOLVERDIR>>/apt_archive ./ sbuild-build-depends-main-dummy 0.invalid.0 [944 B]
Get:2 http://127.0.0.1:12990/debian sid/main amd64 bsdextrautils amd64 2.37.2-4 [143 kB]
Get:3 http://127.0.0.1:12990/debian sid/main amd64 libuchardet0 amd64 0.0.7-1 [67.8 kB]
Get:4 http://127.0.0.1:12990/debian sid/main amd64 groff-base amd64 1.22.4-7 [935 kB]
Get:5 http://127.0.0.1:12990/debian sid/main amd64 libpipeline1 amd64 1.5.3-1 [34.3 kB]
Get:6 http://127.0.0.1:12990/debian sid/main amd64 man-db amd64 2.9.4-2 [1354 kB]
Get:7 http://127.0.0.1:12990/debian sid/main amd64 libncurses6 amd64 6.2+20210905-1 [102 kB]
Get:8 http://127.0.0.1:12990/debian sid/main amd64 libncursesw6 amd64 6.2+20210905-1 [133 kB]
Get:9 http://127.0.0.1:12990/debian sid/main amd64 libprocps8 amd64 2:3.3.17-5 [63.9 kB]
Get:10 http://127.0.0.1:12990/debian sid/main amd64 procps amd64 2:3.3.17-5 [502 kB]
Get:11 http://127.0.0.1:12990/debian sid/main amd64 sensible-utils all 0.0.17 [21.5 kB]
Get:12 http://127.0.0.1:12990/debian sid/main amd64 openssl amd64 1.1.1l-1 [851 kB]
Get:13 http://127.0.0.1:12990/debian sid/main amd64 ca-certificates all 20211016 [156 kB]
Get:14 http://127.0.0.1:12990/debian sid/main amd64 libmagic-mgc amd64 1:5.39-3 [273 kB]
Get:15 http://127.0.0.1:12990/debian sid/main amd64 libmagic1 amd64 1:5.39-3 [126 kB]
Get:16 http://127.0.0.1:12990/debian sid/main amd64 file amd64 1:5.39-3 [69.1 kB]
Get:17 http://127.0.0.1:12990/debian sid/main amd64 gettext-base amd64 0.21-4 [175 kB]
Get:18 http://127.0.0.1:12990/debian sid/main amd64 rubygems-integration all 1.18 [6704 B]
Get:19 http://127.0.0.1:12990/debian sid/main amd64 rake all 13.0.3-1 [84.7 kB]
Get:20 http://127.0.0.1:12990/debian sid/main amd64 ruby-minitest all 5.13.0-1 [57.3 kB]
Get:21 http://127.0.0.1:12990/debian sid/main amd64 ruby-net-telnet all 0.1.1-2 [12.5 kB]
Get:22 http://127.0.0.1:12990/debian sid/main amd64 ruby-power-assert all 1.1.7-2 [11.5 kB]
Get:23 http://127.0.0.1:12990/debian sid/main amd64 ruby-test-unit all 3.3.9-1 [86.1 kB]
Get:24 http://127.0.0.1:12990/debian sid/main amd64 ruby-xmlrpc all 0.3.0-2 [23.7 kB]
Get:25 http://127.0.0.1:12990/debian sid/main amd64 libyaml-0-2 amd64 0.2.2-1 [49.6 kB]
Get:26 http://127.0.0.1:12990/debian sid/main amd64 libruby2.7 amd64 2.7.4-1+b1 [4198 kB]
Get:27 http://127.0.0.1:12990/debian sid/main amd64 ruby2.7 amd64 2.7.4-1+b1 [747 kB]
Get:28 http://127.0.0.1:12990/debian sid/main amd64 ruby-rubygems all 3.2.27-2 [272 kB]
Get:29 http://127.0.0.1:12990/debian sid/main amd64 ruby amd64 1:2.7.5 [11.9 kB]
Get:30 http://127.0.0.1:12990/debian sid/main amd64 ruby-asciidoctor all 2.0.16-2 [210 kB]
Get:31 http://127.0.0.1:12990/debian sid/main amd64 asciidoctor all 2.0.16-2 [87.6 kB]
Get:32 http://127.0.0.1:12990/debian sid/main amd64 libsigsegv2 amd64 2.13-1 [34.8 kB]
Get:33 http://127.0.0.1:12990/debian sid/main amd64 m4 amd64 1.4.18-5 [204 kB]
Get:34 http://127.0.0.1:12990/debian sid/main amd64 autoconf all 2.71-2 [343 kB]
Get:35 http://127.0.0.1:12990/debian sid/main amd64 autotools-dev all 20180224.1+nmu1 [77.1 kB]
Get:36 http://127.0.0.1:12990/debian sid/main amd64 automake all 1:1.16.5-1 [823 kB]
Get:37 http://127.0.0.1:12990/debian sid/main amd64 autopoint all 0.21-4 [510 kB]
Get:38 http://127.0.0.1:12990/debian sid/main amd64 libarchive13 amd64 3.4.3-2+b1 [343 kB]
Get:39 http://127.0.0.1:12990/debian sid/main amd64 libbrotli1 amd64 1.0.9-2+b2 [279 kB]
Get:40 http://127.0.0.1:12990/debian sid/main amd64 libsasl2-modules-db amd64 2.1.27+dfsg-2.1 [69.1 kB]
Get:41 http://127.0.0.1:12990/debian sid/main amd64 libsasl2-2 amd64 2.1.27+dfsg-2.1 [106 kB]
Get:42 http://127.0.0.1:12990/debian sid/main amd64 libldap-2.4-2 amd64 2.4.59+dfsg-1 [232 kB]
Get:43 http://127.0.0.1:12990/debian sid/main amd64 libnghttp2-14 amd64 1.43.0-1 [77.1 kB]
Get:44 http://127.0.0.1:12990/debian sid/main amd64 libpsl5 amd64 0.21.0-1.2 [57.3 kB]
Get:45 http://127.0.0.1:12990/debian sid/main amd64 librtmp1 amd64 2.4+20151223.gitfa8646d.1-2+b2 [60.8 kB]
Get:46 http://127.0.0.1:12990/debian sid/main amd64 libssh2-1 amd64 1.10.0-2 [178 kB]
Get:47 http://127.0.0.1:12990/debian sid/main amd64 libcurl4 amd64 7.74.0-1.3+b1 [341 kB]
Get:48 http://127.0.0.1:12990/debian sid/main amd64 libexpat1 amd64 2.4.1-3 [104 kB]
Get:49 http://127.0.0.1:12990/debian sid/main amd64 libjsoncpp24 amd64 1.9.4-5 [78.8 kB]
Get:50 http://127.0.0.1:12990/debian sid/main amd64 librhash0 amd64 1.4.2-1 [129 kB]
Get:51 http://127.0.0.1:12990/debian sid/main amd64 libuv1 amd64 1.42.0-1 [135 kB]
Get:52 http://127.0.0.1:12990/debian sid/main amd64 dh-elpa-helper all 2.0.9 [11.2 kB]
Get:53 http://127.0.0.1:12990/debian sid/main amd64 emacsen-common all 3.0.4 [19.3 kB]
Get:54 http://127.0.0.1:12990/debian sid/main amd64 cmake-data all 3.21.3-5 [1878 kB]
Get:55 http://127.0.0.1:12990/debian sid/main amd64 cmake amd64 3.21.3-5 [7907 kB]
Get:56 http://127.0.0.1:12990/debian sid/main amd64 libdebhelper-perl all 13.5.2 [192 kB]
Get:57 http://127.0.0.1:12990/debian sid/main amd64 libtool all 2.4.6-15 [513 kB]
Get:58 http://127.0.0.1:12990/debian sid/main amd64 dh-autoreconf all 20 [17.1 kB]
Get:59 http://127.0.0.1:12990/debian sid/main amd64 libarchive-zip-perl all 1.68-1 [104 kB]
Get:60 http://127.0.0.1:12990/debian sid/main amd64 libsub-override-perl all 0.09-2 [10.2 kB]
Get:61 http://127.0.0.1:12990/debian sid/main amd64 libfile-stripnondeterminism-perl all 1.12.0-2 [26.3 kB]
Get:62 http://127.0.0.1:12990/debian sid/main amd64 dh-strip-nondeterminism all 1.12.0-2 [15.5 kB]
Get:63 http://127.0.0.1:12990/debian sid/main amd64 dwz amd64 0.14-1 [98.3 kB]
Get:64 http://127.0.0.1:12990/debian sid/main amd64 gettext amd64 0.21-4 [1311 kB]
Get:65 http://127.0.0.1:12990/debian sid/main amd64 intltool-debian all 0.35.0+20060710.5 [26.8 kB]
Get:66 http://127.0.0.1:12990/debian sid/main amd64 po-debconf all 1.0.21+nmu1 [248 kB]
Get:67 http://127.0.0.1:12990/debian sid/main amd64 debhelper all 13.5.2 [1056 kB]
Get:68 http://127.0.0.1:12990/debian sid/main amd64 libdw1 amd64 0.185-2 [236 kB]
Get:69 http://127.0.0.1:12990/debian sid/main amd64 libasm1 amd64 0.185-2 [32.5 kB]
Get:70 http://127.0.0.1:12990/debian sid/main amd64 elfutils amd64 0.185-2 [459 kB]
Get:71 http://127.0.0.1:12990/debian sid/main amd64 libhiredis0.14 amd64 0.14.1-2 [35.7 kB]
Get:72 http://127.0.0.1:12990/debian sid/main amd64 libhiredis-dev amd64 0.14.1-2 [55.5 kB]
Get:73 http://127.0.0.1:12990/debian sid/main amd64 libzstd-dev amd64 1.4.8+dfsg-3 [382 kB]
debconf: delaying package configuration, since apt-utils is not installed
Fetched 29.7 MB in 0s (142 MB/s)
Selecting previously unselected package bsdextrautils.
(Reading database ... 14272 files and directories currently installed.)
Preparing to unpack .../00-bsdextrautils_2.37.2-4_amd64.deb ...
Unpacking bsdextrautils (2.37.2-4) ...
Selecting previously unselected package libuchardet0:amd64.
Preparing to unpack .../01-libuchardet0_0.0.7-1_amd64.deb ...
Unpacking libuchardet0:amd64 (0.0.7-1) ...
Selecting previously unselected package groff-base.
Preparing to unpack .../02-groff-base_1.22.4-7_amd64.deb ...
Unpacking groff-base (1.22.4-7) ...
Selecting previously unselected package libpipeline1:amd64.
Preparing to unpack .../03-libpipeline1_1.5.3-1_amd64.deb ...
Unpacking libpipeline1:amd64 (1.5.3-1) ...
Selecting previously unselected package man-db.
Preparing to unpack .../04-man-db_2.9.4-2_amd64.deb ...
Unpacking man-db (2.9.4-2) ...
Selecting previously unselected package libncurses6:amd64.
Preparing to unpack .../05-libncurses6_6.2+20210905-1_amd64.deb ...
Unpacking libncurses6:amd64 (6.2+20210905-1) ...
Selecting previously unselected package libncursesw6:amd64.
Preparing to unpack .../06-libncursesw6_6.2+20210905-1_amd64.deb ...
Unpacking libncursesw6:amd64 (6.2+20210905-1) ...
Selecting previously unselected package libprocps8:amd64.
Preparing to unpack .../07-libprocps8_2%3a3.3.17-5_amd64.deb ...
Unpacking libprocps8:amd64 (2:3.3.17-5) ...
Selecting previously unselected package procps.
Preparing to unpack .../08-procps_2%3a3.3.17-5_amd64.deb ...
Unpacking procps (2:3.3.17-5) ...
Selecting previously unselected package sensible-utils.
Preparing to unpack .../09-sensible-utils_0.0.17_all.deb ...
Unpacking sensible-utils (0.0.17) ...
Selecting previously unselected package openssl.
Preparing to unpack .../10-openssl_1.1.1l-1_amd64.deb ...
Unpacking openssl (1.1.1l-1) ...
Selecting previously unselected package ca-certificates.
Preparing to unpack .../11-ca-certificates_20211016_all.deb ...
Unpacking ca-certificates (20211016) ...
Selecting previously unselected package libmagic-mgc.
Preparing to unpack .../12-libmagic-mgc_1%3a5.39-3_amd64.deb ...
Unpacking libmagic-mgc (1:5.39-3) ...
Selecting previously unselected package libmagic1:amd64.
Preparing to unpack .../13-libmagic1_1%3a5.39-3_amd64.deb ...
Unpacking libmagic1:amd64 (1:5.39-3) ...
Selecting previously unselected package file.
Preparing to unpack .../14-file_1%3a5.39-3_amd64.deb ...
Unpacking file (1:5.39-3) ...
Selecting previously unselected package gettext-base.
Preparing to unpack .../15-gettext-base_0.21-4_amd64.deb ...
Unpacking gettext-base (0.21-4) ...
Selecting previously unselected package rubygems-integration.
Preparing to unpack .../16-rubygems-integration_1.18_all.deb ...
Unpacking rubygems-integration (1.18) ...
Selecting previously unselected package rake.
Preparing to unpack .../17-rake_13.0.3-1_all.deb ...
Unpacking rake (13.0.3-1) ...
Selecting previously unselected package ruby-minitest.
Preparing to unpack .../18-ruby-minitest_5.13.0-1_all.deb ...
Unpacking ruby-minitest (5.13.0-1) ...
Selecting previously unselected package ruby-net-telnet.
Preparing to unpack .../19-ruby-net-telnet_0.1.1-2_all.deb ...
Unpacking ruby-net-telnet (0.1.1-2) ...
Selecting previously unselected package ruby-power-assert.
Preparing to unpack .../20-ruby-power-assert_1.1.7-2_all.deb ...
Unpacking ruby-power-assert (1.1.7-2) ...
Selecting previously unselected package ruby-test-unit.
Preparing to unpack .../21-ruby-test-unit_3.3.9-1_all.deb ...
Unpacking ruby-test-unit (3.3.9-1) ...
Selecting previously unselected package ruby-xmlrpc.
Preparing to unpack .../22-ruby-xmlrpc_0.3.0-2_all.deb ...
Unpacking ruby-xmlrpc (0.3.0-2) ...
Selecting previously unselected package libyaml-0-2:amd64.
Preparing to unpack .../23-libyaml-0-2_0.2.2-1_amd64.deb ...
Unpacking libyaml-0-2:amd64 (0.2.2-1) ...
Selecting previously unselected package libruby2.7:amd64.
Preparing to unpack .../24-libruby2.7_2.7.4-1+b1_amd64.deb ...
Unpacking libruby2.7:amd64 (2.7.4-1+b1) ...
Selecting previously unselected package ruby2.7.
Preparing to unpack .../25-ruby2.7_2.7.4-1+b1_amd64.deb ...
Unpacking ruby2.7 (2.7.4-1+b1) ...
Selecting previously unselected package ruby-rubygems.
Preparing to unpack .../26-ruby-rubygems_3.2.27-2_all.deb ...
Unpacking ruby-rubygems (3.2.27-2) ...
Selecting previously unselected package ruby.
Preparing to unpack .../27-ruby_1%3a2.7.5_amd64.deb ...
Unpacking ruby (1:2.7.5) ...
Selecting previously unselected package ruby-asciidoctor.
Preparing to unpack .../28-ruby-asciidoctor_2.0.16-2_all.deb ...
Unpacking ruby-asciidoctor (2.0.16-2) ...
Selecting previously unselected package asciidoctor.
Preparing to unpack .../29-asciidoctor_2.0.16-2_all.deb ...
Unpacking asciidoctor (2.0.16-2) ...
Selecting previously unselected package libsigsegv2:amd64.
Preparing to unpack .../30-libsigsegv2_2.13-1_amd64.deb ...
Unpacking libsigsegv2:amd64 (2.13-1) ...
Selecting previously unselected package m4.
Preparing to unpack .../31-m4_1.4.18-5_amd64.deb ...
Unpacking m4 (1.4.18-5) ...
Selecting previously unselected package autoconf.
Preparing to unpack .../32-autoconf_2.71-2_all.deb ...
Unpacking autoconf (2.71-2) ...
Selecting previously unselected package autotools-dev.
Preparing to unpack .../33-autotools-dev_20180224.1+nmu1_all.deb ...
Unpacking autotools-dev (20180224.1+nmu1) ...
Selecting previously unselected package automake.
Preparing to unpack .../34-automake_1%3a1.16.5-1_all.deb ...
Unpacking automake (1:1.16.5-1) ...
Selecting previously unselected package autopoint.
Preparing to unpack .../35-autopoint_0.21-4_all.deb ...
Unpacking autopoint (0.21-4) ...
Selecting previously unselected package libarchive13:amd64.
Preparing to unpack .../36-libarchive13_3.4.3-2+b1_amd64.deb ...
Unpacking libarchive13:amd64 (3.4.3-2+b1) ...
Selecting previously unselected package libbrotli1:amd64.
Preparing to unpack .../37-libbrotli1_1.0.9-2+b2_amd64.deb ...
Unpacking libbrotli1:amd64 (1.0.9-2+b2) ...
Selecting previously unselected package libsasl2-modules-db:amd64.
Preparing to unpack .../38-libsasl2-modules-db_2.1.27+dfsg-2.1_amd64.deb ...
Unpacking libsasl2-modules-db:amd64 (2.1.27+dfsg-2.1) ...
Selecting previously unselected package libsasl2-2:amd64.
Preparing to unpack .../39-libsasl2-2_2.1.27+dfsg-2.1_amd64.deb ...
Unpacking libsasl2-2:amd64 (2.1.27+dfsg-2.1) ...
Selecting previously unselected package libldap-2.4-2:amd64.
Preparing to unpack .../40-libldap-2.4-2_2.4.59+dfsg-1_amd64.deb ...
Unpacking libldap-2.4-2:amd64 (2.4.59+dfsg-1) ...
Selecting previously unselected package libnghttp2-14:amd64.
Preparing to unpack .../41-libnghttp2-14_1.43.0-1_amd64.deb ...
Unpacking libnghttp2-14:amd64 (1.43.0-1) ...
Selecting previously unselected package libpsl5:amd64.
Preparing to unpack .../42-libpsl5_0.21.0-1.2_amd64.deb ...
Unpacking libpsl5:amd64 (0.21.0-1.2) ...
Selecting previously unselected package librtmp1:amd64.
Preparing to unpack .../43-librtmp1_2.4+20151223.gitfa8646d.1-2+b2_amd64.deb ...
Unpacking librtmp1:amd64 (2.4+20151223.gitfa8646d.1-2+b2) ...
Selecting previously unselected package libssh2-1:amd64.
Preparing to unpack .../44-libssh2-1_1.10.0-2_amd64.deb ...
Unpacking libssh2-1:amd64 (1.10.0-2) ...
Selecting previously unselected package libcurl4:amd64.
Preparing to unpack .../45-libcurl4_7.74.0-1.3+b1_amd64.deb ...
Unpacking libcurl4:amd64 (7.74.0-1.3+b1) ...
Selecting previously unselected package libexpat1:amd64.
Preparing to unpack .../46-libexpat1_2.4.1-3_amd64.deb ...
Unpacking libexpat1:amd64 (2.4.1-3) ...
Selecting previously unselected package libjsoncpp24:amd64.
Preparing to unpack .../47-libjsoncpp24_1.9.4-5_amd64.deb ...
Unpacking libjsoncpp24:amd64 (1.9.4-5) ...
Selecting previously unselected package librhash0:amd64.
Preparing to unpack .../48-librhash0_1.4.2-1_amd64.deb ...
Unpacking librhash0:amd64 (1.4.2-1) ...
Selecting previously unselected package libuv1:amd64.
Preparing to unpack .../49-libuv1_1.42.0-1_amd64.deb ...
Unpacking libuv1:amd64 (1.42.0-1) ...
Selecting previously unselected package dh-elpa-helper.
Preparing to unpack .../50-dh-elpa-helper_2.0.9_all.deb ...
Unpacking dh-elpa-helper (2.0.9) ...
Selecting previously unselected package emacsen-common.
Preparing to unpack .../51-emacsen-common_3.0.4_all.deb ...
Unpacking emacsen-common (3.0.4) ...
Selecting previously unselected package cmake-data.
Preparing to unpack .../52-cmake-data_3.21.3-5_all.deb ...
Unpacking cmake-data (3.21.3-5) ...
Selecting previously unselected package cmake.
Preparing to unpack .../53-cmake_3.21.3-5_amd64.deb ...
Unpacking cmake (3.21.3-5) ...
Selecting previously unselected package libdebhelper-perl.
Preparing to unpack .../54-libdebhelper-perl_13.5.2_all.deb ...
Unpacking libdebhelper-perl (13.5.2) ...
Selecting previously unselected package libtool.
Preparing to unpack .../55-libtool_2.4.6-15_all.deb ...
Unpacking libtool (2.4.6-15) ...
Selecting previously unselected package dh-autoreconf.
Preparing to unpack .../56-dh-autoreconf_20_all.deb ...
Unpacking dh-autoreconf (20) ...
Selecting previously unselected package libarchive-zip-perl.
Preparing to unpack .../57-libarchive-zip-perl_1.68-1_all.deb ...
Unpacking libarchive-zip-perl (1.68-1) ...
Selecting previously unselected package libsub-override-perl.
Preparing to unpack .../58-libsub-override-perl_0.09-2_all.deb ...
Unpacking libsub-override-perl (0.09-2) ...
Selecting previously unselected package libfile-stripnondeterminism-perl.
Preparing to unpack .../59-libfile-stripnondeterminism-perl_1.12.0-2_all.deb ...
Unpacking libfile-stripnondeterminism-perl (1.12.0-2) ...
Selecting previously unselected package dh-strip-nondeterminism.
Preparing to unpack .../60-dh-strip-nondeterminism_1.12.0-2_all.deb ...
Unpacking dh-strip-nondeterminism (1.12.0-2) ...
Selecting previously unselected package dwz.
Preparing to unpack .../61-dwz_0.14-1_amd64.deb ...
Unpacking dwz (0.14-1) ...
Selecting previously unselected package gettext.
Preparing to unpack .../62-gettext_0.21-4_amd64.deb ...
Unpacking gettext (0.21-4) ...
Selecting previously unselected package intltool-debian.
Preparing to unpack .../63-intltool-debian_0.35.0+20060710.5_all.deb ...
Unpacking intltool-debian (0.35.0+20060710.5) ...
Selecting previously unselected package po-debconf.
Preparing to unpack .../64-po-debconf_1.0.21+nmu1_all.deb ...
Unpacking po-debconf (1.0.21+nmu1) ...
Selecting previously unselected package debhelper.
Preparing to unpack .../65-debhelper_13.5.2_all.deb ...
Unpacking debhelper (13.5.2) ...
Selecting previously unselected package libdw1:amd64.
Preparing to unpack .../66-libdw1_0.185-2_amd64.deb ...
Unpacking libdw1:amd64 (0.185-2) ...
Selecting previously unselected package libasm1:amd64.
Preparing to unpack .../67-libasm1_0.185-2_amd64.deb ...
Unpacking libasm1:amd64 (0.185-2) ...
Selecting previously unselected package elfutils.
Preparing to unpack .../68-elfutils_0.185-2_amd64.deb ...
Unpacking elfutils (0.185-2) ...
Selecting previously unselected package libhiredis0.14:amd64.
Preparing to unpack .../69-libhiredis0.14_0.14.1-2_amd64.deb ...
Unpacking libhiredis0.14:amd64 (0.14.1-2) ...
Selecting previously unselected package libhiredis-dev:amd64.
Preparing to unpack .../70-libhiredis-dev_0.14.1-2_amd64.deb ...
Unpacking libhiredis-dev:amd64 (0.14.1-2) ...
Selecting previously unselected package libzstd-dev:amd64.
Preparing to unpack .../71-libzstd-dev_1.4.8+dfsg-3_amd64.deb ...
Unpacking libzstd-dev:amd64 (1.4.8+dfsg-3) ...
Selecting previously unselected package sbuild-build-depends-main-dummy.
Preparing to unpack .../72-sbuild-build-depends-main-dummy_0.invalid.0_amd64.deb ...
Unpacking sbuild-build-depends-main-dummy (0.invalid.0) ...
Setting up libexpat1:amd64 (2.4.1-3) ...
Setting up libpipeline1:amd64 (1.5.3-1) ...
Setting up libdw1:amd64 (0.185-2) ...
Setting up libpsl5:amd64 (0.21.0-1.2) ...
Setting up libzstd-dev:amd64 (1.4.8+dfsg-3) ...
Setting up bsdextrautils (2.37.2-4) ...
update-alternatives: using /usr/bin/write.ul to provide /usr/bin/write (write) in auto mode
Setting up ruby-power-assert (1.1.7-2) ...
Setting up libmagic-mgc (1:5.39-3) ...
Setting up libarchive13:amd64 (3.4.3-2+b1) ...
Setting up libarchive-zip-perl (1.68-1) ...
Setting up libyaml-0-2:amd64 (0.2.2-1) ...
Setting up libdebhelper-perl (13.5.2) ...
Setting up libbrotli1:amd64 (1.0.9-2+b2) ...
Setting up libnghttp2-14:amd64 (1.43.0-1) ...
Setting up libmagic1:amd64 (1:5.39-3) ...
Setting up gettext-base (0.21-4) ...
Setting up file (1:5.39-3) ...
Setting up libsasl2-modules-db:amd64 (2.1.27+dfsg-2.1) ...
Setting up ruby-minitest (5.13.0-1) ...
Setting up autotools-dev (20180224.1+nmu1) ...
Setting up libuv1:amd64 (1.42.0-1) ...
Setting up emacsen-common (3.0.4) ...
Setting up ruby-test-unit (3.3.9-1) ...
Setting up librtmp1:amd64 (2.4+20151223.gitfa8646d.1-2+b2) ...
Setting up dh-elpa-helper (2.0.9) ...
Setting up libncurses6:amd64 (6.2+20210905-1) ...
Setting up ruby-net-telnet (0.1.1-2) ...
Setting up libsigsegv2:amd64 (2.13-1) ...
Setting up autopoint (0.21-4) ...
Setting up libncursesw6:amd64 (6.2+20210905-1) ...
Setting up libsasl2-2:amd64 (2.1.27+dfsg-2.1) ...
Setting up libjsoncpp24:amd64 (1.9.4-5) ...
Setting up dwz (0.14-1) ...
Setting up sensible-utils (0.0.17) ...
Setting up librhash0:amd64 (1.4.2-1) ...
Setting up libuchardet0:amd64 (0.0.7-1) ...
Setting up libsub-override-perl (0.09-2) ...
Setting up libssh2-1:amd64 (1.10.0-2) ...
Setting up libasm1:amd64 (0.185-2) ...
Setting up cmake-data (3.21.3-5) ...
Setting up openssl (1.1.1l-1) ...
Setting up ruby-xmlrpc (0.3.0-2) ...
Setting up libprocps8:amd64 (2:3.3.17-5) ...
Setting up libhiredis0.14:amd64 (0.14.1-2) ...
Setting up libfile-stripnondeterminism-perl (1.12.0-2) ...
Setting up elfutils (0.185-2) ...
Setting up gettext (0.21-4) ...
Setting up libhiredis-dev:amd64 (0.14.1-2) ...
Setting up libtool (2.4.6-15) ...
Setting up libldap-2.4-2:amd64 (2.4.59+dfsg-1) ...
Setting up m4 (1.4.18-5) ...
Setting up intltool-debian (0.35.0+20060710.5) ...
Setting up ca-certificates (20211016) ...
Updating certificates in /etc/ssl/certs...
127 added, 0 removed; done.
Setting up autoconf (2.71-2) ...
Setting up dh-strip-nondeterminism (1.12.0-2) ...
Setting up groff-base (1.22.4-7) ...
Setting up procps (2:3.3.17-5) ...
Setting up libcurl4:amd64 (7.74.0-1.3+b1) ...
Setting up automake (1:1.16.5-1) ...
update-alternatives: using /usr/bin/automake-1.16 to provide /usr/bin/automake (automake) in auto mode
Setting up po-debconf (1.0.21+nmu1) ...
Setting up rubygems-integration (1.18) ...
Setting up man-db (2.9.4-2) ...
Not building database; man-db/auto-update is not 'true'.
Setting up dh-autoreconf (20) ...
Setting up cmake (3.21.3-5) ...
Setting up debhelper (13.5.2) ...
Setting up ruby2.7 (2.7.4-1+b1) ...
Setting up ruby-rubygems (3.2.27-2) ...
Setting up ruby (1:2.7.5) ...
Setting up ruby-asciidoctor (2.0.16-2) ...
Setting up rake (13.0.3-1) ...
Setting up asciidoctor (2.0.16-2) ...
Setting up sbuild-build-depends-main-dummy (0.invalid.0) ...
Setting up libruby2.7:amd64 (2.7.4-1+b1) ...
Processing triggers for libc-bin (2.32-4) ...
Processing triggers for ca-certificates (20211016) ...
Updating certificates in /etc/ssl/certs...
0 added, 0 removed; done.
Running hooks in /etc/ca-certificates/update.d...
done.

+------------------------------------------------------------------------------+
| Check architectures                                                          |
+------------------------------------------------------------------------------+

Arch check ok (amd64 included in any)

+------------------------------------------------------------------------------+
| Build environment                                                            |
+------------------------------------------------------------------------------+

Kernel: Linux 4.19.0-6-cloud-amd64 #1 SMP Debian 4.19.67-2+deb10u2 (2019-11-11) amd64 (x86_64)
Toolchain package versions: binutils_2.37-7 dpkg-dev_1.20.9 g++-11_11.2.0-10 gcc-11_11.2.0-10 libc6-dev_2.32-4 libstdc++-11-dev_11.2.0-10 libstdc++6_11.2.0-10 linux-libc-dev_5.14.12-1
Package versions: adduser_3.118 apt_2.3.11 asciidoctor_2.0.16-2 autoconf_2.71-2 automake_1:1.16.5-1 autopoint_0.21-4 autotools-dev_20180224.1+nmu1 base-files_12 base-passwd_3.5.52 bash_5.1-3+b2 binutils_2.37-7 binutils-common_2.37-7 binutils-x86-64-linux-gnu_2.37-7 bsdextrautils_2.37.2-4 bsdutils_1:2.37.2-4 build-essential_12.9 bzip2_1.0.8-4 ca-certificates_20211016 clang-12_1:12.0.1-15 cmake_3.21.3-5 cmake-data_3.21.3-5 coreutils_8.32-4+b1 cpp_4:11.2.0-2 cpp-11_11.2.0-10 dash_0.5.11+git20210120+802ebd4-2 debconf_1.5.78 debhelper_13.5.2 debian-archive-keyring_2021.1.1 debianutils_5.5-1 dh-autoreconf_20 dh-elpa-helper_2.0.9 dh-strip-nondeterminism_1.12.0-2 diffutils_1:3.7-5 dpkg_1.20.9 dpkg-dev_1.20.9 dwz_0.14-1 e2fsprogs_1.46.4-1 elfutils_0.185-2 emacsen-common_3.0.4 fakeroot_1.26-1 file_1:5.39-3 findutils_4.8.0-1 g++_4:11.2.0-2 g++-11_11.2.0-10 gcc_4:11.2.0-2 gcc-10-base_10.3.0-11 gcc-11_11.2.0-10 gcc-11-base_11.2.0-10 gcc-9-base_9.4.0-3 gettext_0.21-4 gettext-base_0.21-4 gpgv_2.2.27-2 grep_3.7-1 groff-base_1.22.4-7 gzip_1.10-4 hostname_3.23 init-system-helpers_1.60 intltool-debian_0.35.0+20060710.5 lib32gcc-s1_11.2.0-10 lib32stdc++6_11.2.0-10 libacl1_2.3.1-1 libapt-pkg6.0_2.3.11 libarchive-zip-perl_1.68-1 libarchive13_3.4.3-2+b1 libasan5_9.4.0-3 libasan6_11.2.0-10 libasm1_0.185-2 libatomic1_11.2.0-10 libattr1_1:2.5.1-1 libaudit-common_1:3.0.6-1 libaudit1_1:3.0.6-1 libbinutils_2.37-7 libblkid1_2.37.2-4 libbrotli1_1.0.9-2+b2 libbsd0_0.11.3-1 libbz2-1.0_1.0.8-4 libc-bin_2.32-4 libc-dev-bin_2.32-4 libc6_2.32-4 libc6-dev_2.32-4 libc6-i386_2.32-4 libcap-ng0_0.7.9-2.2+b1 libcap2_1:2.44-1 libcc1-0_11.2.0-10 libclang-common-12-dev_1:12.0.1-15 libclang-cpp12_1:12.0.1-15 libclang1-12_1:12.0.1-15 libcom-err2_1.46.4-1 libcrypt-dev_1:4.4.25-2 libcrypt1_1:4.4.25-2 libctf-nobfd0_2.37-7 libctf0_2.37-7 libcurl4_7.74.0-1.3+b1 libdb5.3_5.3.28+dfsg1-0.8 libdebconfclient0_0.260 libdebhelper-perl_13.5.2 libdpkg-perl_1.20.9 libdw1_0.185-2 libedit2_3.1-20210910-1 libelf1_0.185-2 libexpat1_2.4.1-3 libext2fs2_1.46.4-1 libfakeroot_1.26-1 libffi8_3.4.2-3 libfile-stripnondeterminism-perl_1.12.0-2 libgc1_1:8.0.4-3 libgcc-11-dev_11.2.0-10 libgcc-9-dev_9.4.0-3 libgcc-s1_11.2.0-10 libgcrypt20_1.9.4-3+b1 libgdbm-compat4_1.22-1 libgdbm6_1.22-1 libgmp10_2:6.2.1+dfsg-2 libgnutls30_3.7.2-2 libgomp1_11.2.0-10 libgpg-error0_1.42-3 libgssapi-krb5-2_1.18.3-7 libhiredis-dev_0.14.1-2 libhiredis0.14_0.14.1-2 libhogweed6_3.7.3-1 libicu67_67.1-7 libidn2-0_2.3.2-2 libisl23_0.24-2 libitm1_11.2.0-10 libjsoncpp24_1.9.4-5 libk5crypto3_1.18.3-7 libkeyutils1_1.6.1-2 libkrb5-3_1.18.3-7 libkrb5support0_1.18.3-7 libldap-2.4-2_2.4.59+dfsg-1 libllvm12_1:12.0.1-15 liblsan0_11.2.0-10 liblz4-1_1.9.3-2 liblzma5_5.2.5-2 libmagic-mgc_1:5.39-3 libmagic1_1:5.39-3 libmd0_1.0.4-1 libmount1_2.37.2-4 libmpc3_1.2.1-1 libmpfr6_4.1.0-3 libncurses6_6.2+20210905-1 libncursesw6_6.2+20210905-1 libnettle8_3.7.3-1 libnghttp2-14_1.43.0-1 libnsl-dev_1.3.0-2 libnsl2_1.3.0-2 libobjc-11-dev_11.2.0-10 libobjc-9-dev_9.4.0-3 libobjc4_11.2.0-10 libomp-12-dev_1:12.0.1-15 libomp5-12_1:12.0.1-15 libp11-kit0_0.24.0-5 libpam-modules_1.4.0-10 libpam-modules-bin_1.4.0-10 libpam-runtime_1.4.0-10 libpam0g_1.4.0-10 libpcre2-8-0_10.36-2 libpcre3_2:8.39-13 libperl5.32_5.32.1-6 libpipeline1_1.5.3-1 libprocps8_2:3.3.17-5 libpsl5_0.21.0-1.2 libquadmath0_11.2.0-10 librhash0_1.4.2-1 librtmp1_2.4+20151223.gitfa8646d.1-2+b2 libruby2.7_2.7.4-1+b1 libsasl2-2_2.1.27+dfsg-2.1 libsasl2-modules-db_2.1.27+dfsg-2.1 libseccomp2_2.5.2-2 libselinux1_3.1-3 libsemanage-common_3.1-1 libsemanage1_3.1-1+b2 libsepol1_3.1-1 libsigsegv2_2.13-1 libsmartcols1_2.37.2-4 libss2_1.46.4-1 libssh2-1_1.10.0-2 libssl1.1_1.1.1l-1 libstdc++-11-dev_11.2.0-10 libstdc++6_11.2.0-10 libsub-override-perl_0.09-2 libsystemd0_249.5-1 libtasn1-6_4.17.0-2 libtinfo6_6.2+20210905-1 libtirpc-common_1.3.2-2 libtirpc-dev_1.3.2-2 libtirpc3_1.3.2-2 libtool_2.4.6-15 libtsan0_11.2.0-10 libubsan1_11.2.0-10 libuchardet0_0.0.7-1 libudev1_249.5-1 libunistring2_0.9.10-6 libunwind-12_1:12.0.1-15 libuuid1_2.37.2-4 libuv1_1.42.0-1 libxml2_2.9.12+dfsg-5 libxxhash0_0.8.0-2 libyaml-0-2_0.2.2-1 libz3-4_4.8.12-1+b1 libzstd-dev_1.4.8+dfsg-3 libzstd1_1.4.8+dfsg-3 linux-libc-dev_5.14.12-1 llvm-12-linker-tools_1:12.0.1-15 login_1:4.8.1-1 logsave_1.46.4-1 lsb-base_11.1.0 m4_1.4.18-5 make_4.3-4.1 man-db_2.9.4-2 mawk_1.3.4.20200120-2 mount_2.37.2-4 ncurses-base_6.2+20210905-1 ncurses-bin_6.2+20210905-1 openssl_1.1.1l-1 passwd_1:4.8.1-1 patch_2.7.6-7 perl_5.32.1-6 perl-base_5.32.1-6 perl-modules-5.32_5.32.1-6 po-debconf_1.0.21+nmu1 procps_2:3.3.17-5 qt5-qmake_5.15.2+dfsg-12 qt5-qmake-bin_5.15.2+dfsg-12 qtchooser_66-2 rake_13.0.3-1 rpcsvc-proto_1.4.2-4 ruby_1:2.7.5 ruby-asciidoctor_2.0.16-2 ruby-minitest_5.13.0-1 ruby-net-telnet_0.1.1-2 ruby-power-assert_1.1.7-2 ruby-rubygems_3.2.27-2 ruby-test-unit_3.3.9-1 ruby-xmlrpc_0.3.0-2 ruby2.7_2.7.4-1+b1 rubygems-integration_1.18 sbuild-build-depends-main-dummy_0.invalid.0 sed_4.8-1 sensible-utils_0.0.17 sysvinit-utils_3.00-1 tar_1.34+dfsg-1 tzdata_2021e-1 util-linux_2.37.2-4 xz-utils_5.2.5-2 zlib1g_1:1.2.11.dfsg-2

+------------------------------------------------------------------------------+
| Build                                                                        |
+------------------------------------------------------------------------------+


Unpack source
-------------

-----BEGIN PGP SIGNED MESSAGE-----
Hash: SHA256

Format: 3.0 (quilt)
Source: ccache
Binary: ccache
Architecture: any
Version: 4.4.2-1
Maintainer: Joel Rosdahl <joel@debian.org>
Homepage: https://ccache.dev
Standards-Version: 4.6.0
Vcs-Browser: https://salsa.debian.org/debian/ccache
Vcs-Git: https://salsa.debian.org/debian/ccache.git
Testsuite: autopkgtest
Testsuite-Triggers: binutils, elfutils, gcc, libc-dev
Build-Depends: debhelper-compat (= 13), dpkg-dev (>= 1.16.1~), elfutils, cmake (>= 3.10), libzstd-dev (>= 1.1.2), libhiredis-dev (>= 0.14.1), asciidoctor
Package-List:
 ccache deb devel optional arch=any
Checksums-Sha1:
 7ea79fb47cd45ce9eab6bbcfc8455e73d31a18c1 510260 ccache_4.4.2.orig.tar.xz
 3e4917e7f4d8ebf5a9bb352326f647f1c980cac1 18472 ccache_4.4.2-1.debian.tar.xz
Checksums-Sha256:
 9200cafbaa5fd62c2600fccb40a18214e57747825e6cdcd76688b4b61c2dcba0 510260 ccache_4.4.2.orig.tar.xz
 fffb00a11e21918fd5b435669838b69b981533e199f1c82ad92f9182e4180391 18472 ccache_4.4.2-1.debian.tar.xz
Files:
 a38921ab61002b245b9f08235c04009c 510260 ccache_4.4.2.orig.tar.xz
 58e2ee748c009a2e0f9fcfc5a5434e70 18472 ccache_4.4.2-1.debian.tar.xz

-----BEGIN PGP SIGNATURE-----

iQIzBAEBCAAdFiEEWpOacaRnks9XhmpRmW3aB1WUrbgFAmFUCqoACgkQmW3aB1WU
rbgw3g/9Hlm1jBDsvsOgDhTQ5iYP2ODk4aW1YInSjhiwxwV6u+OzF71SywwA+KSR
lXu+RIXLkpAdomSTaRPG6qYVJqZQolxq/4Xf9Vj31p7JMNt1sSKLdxIaDQh3mNRd
NedxPFdlpVR3efxSUm+t7/pcDb1RyCMfxDjSxCZcrWG82Kz04EIsr0SmMTc4iEeM
mMuLq4DwAKMJL+IiKtuGiCL1mfdlI+51/peZlKxDZlLc9OzLslqJlY6Nf0o9zQDO
OLF50hU/sfX++H0i/1b+HU7lzyuvUwO3YNJcS0F0/xbM06B48LUJxMfldrXNxYSA
0hRxz0wspsJHi9Lm6YOdFq6UGWkX0jTGp23gRhRYrXW8tKB98Vg+heuKuUE4LAYE
Z7Z4UhbgVWJX6Di/T7BJfGqZfaERp9p8pDKPFN9gsP9MR8SVOOhVZn8rIoFmiRbM
TEUxtfEzi1AIkQOaHTNyLNxbXKagCtL0VUL2l2ayR3Kshe174LhartA1oS40H0YX
TL+FnU/WntEgh72qP+JJHwuN3qciByULgr+x0dZLPO29ry7zUl9vLfqPsIeg1HkB
z4thM3ay3NkfZ3U4bTTA3r74nnRnu9jrvkGCrtQ5JRRBBo6StPDtfUrNosjShT4N
AvWdxbkF62yLcVn0GqH5IKW9yQ3RHYFrSEAQYSdFCiioqZFT1fE=
=ZTZP
-----END PGP SIGNATURE-----

gpgv: unknown type of key resource 'trustedkeys.kbx'
gpgv: keyblock resource '/tmp/dpkg-verify-sig.rj8kRq58/trustedkeys.kbx': General error
gpgv: Signature made Wed Sep 29 06:41:46 2021 UTC
gpgv:                using RSA key 5A939A71A46792CF57866A51996DDA075594ADB8
gpgv: Can't check signature: No public key
dpkg-source: warning: failed to verify signature on ./ccache_4.4.2-1.dsc
dpkg-source: info: extracting ccache in /<<PKGBUILDDIR>>
dpkg-source: info: unpacking ccache_4.4.2.orig.tar.xz
dpkg-source: info: unpacking ccache_4.4.2-1.debian.tar.xz
dpkg-source: info: using patch list from debian/patches/series
dpkg-source: info: applying debian_specific_usage_docs.patch

Check disk space
----------------

Sufficient free space for build

User Environment
----------------

APT_CONFIG=/var/lib/sbuild/apt.conf
HOME=/sbuild-nonexistent
LANG=C.UTF-8
LC_ALL=C.UTF-8
LOGNAME=user42
PATH=/usr/local/sbin:/usr/local/bin:/usr/sbin:/usr/bin:/sbin:/bin:/usr/games
SCHROOT_ALIAS_NAME=unstable
SCHROOT_CHROOT_NAME=sid-amd64-sbuild
SCHROOT_COMMAND=env
SCHROOT_GID=1001
SCHROOT_GROUP=user42
SCHROOT_SESSION_ID=sid-amd64-sbuild-ea03b05f-e0f7-490c-b95d-123692d34944
SCHROOT_UID=1001
SCHROOT_USER=user42
SHELL=/bin/sh
USER=user42

dpkg-buildpackage
-----------------

Command: dpkg-buildpackage -us -uc -b -rfakeroot
dpkg-buildpackage: info: source package ccache
dpkg-buildpackage: info: source version 4.4.2-1
dpkg-buildpackage: info: source distribution unstable
dpkg-buildpackage: info: source changed by Joel Rosdahl <joel@debian.org>
 dpkg-source --before-build .
dpkg-buildpackage: info: host architecture amd64
 fakeroot debian/rules clean
dh clean
   dh_clean
 debian/rules build
dh build
   dh_update_autotools_config
   dh_autoreconf
   dh_auto_configure
	cd obj-x86_64-linux-gnu && cmake -DCMAKE_INSTALL_PREFIX=/usr -DCMAKE_BUILD_TYPE=None -DCMAKE_INSTALL_SYSCONFDIR=/etc -DCMAKE_INSTALL_LOCALSTATEDIR=/var -DCMAKE_EXPORT_NO_PACKAGE_REGISTRY=ON -DCMAKE_FIND_USE_PACKAGE_REGISTRY=OFF -DCMAKE_FIND_PACKAGE_NO_PACKAGE_REGISTRY=ON -DCMAKE_INSTALL_RUNSTATEDIR=/run -DCMAKE_SKIP_INSTALL_ALL_DEPENDENCY=ON "-GUnix Makefiles" -DCMAKE_VERBOSE_MAKEFILE=ON -DCMAKE_INSTALL_LIBDIR=lib/x86_64-linux-gnu ..
-- The C compiler identification is Clang 12.0.1
-- The CXX compiler identification is Clang 12.0.1
-- Detecting C compiler ABI info
-- Detecting C compiler ABI info - done
-- Check for working C compiler: /usr/bin/cc - skipped
-- Detecting C compile features
-- Detecting C compile features - done
-- Detecting CXX compiler ABI info
-- Detecting CXX compiler ABI info - done
-- Check for working CXX compiler: /usr/bin/c++ - skipped
-- Detecting CXX compile features
-- Detecting CXX compile features - done
-- The ASM compiler identification is Clang
-- Found assembler: /usr/bin/cc
-- Ccache version: 4.4.2
-- Ccache dev mode: OFF
-- Performing Test std_atomic_without_libatomic
-- Performing Test std_atomic_without_libatomic - Success
-- Looking for linux/fs.h
-- Looking for linux/fs.h - found
-- Looking for pwd.h
-- Looking for pwd.h - found
-- Looking for sys/clonefile.h
-- Looking for sys/clonefile.h - not found
-- Looking for sys/ioctl.h
-- Looking for sys/ioctl.h - found
-- Looking for sys/mman.h
-- Looking for sys/mman.h - found
-- Looking for sys/time.h
-- Looking for sys/time.h - found
-- Looking for sys/wait.h
-- Looking for sys/wait.h - found
-- Looking for sys/file.h
-- Looking for sys/file.h - found
-- Looking for syslog.h
-- Looking for syslog.h - found
-- Looking for termios.h
-- Looking for termios.h - found
-- Looking for dirent.h
-- Looking for dirent.h - found
-- Looking for strings.h
-- Looking for strings.h - found
-- Looking for unistd.h
-- Looking for unistd.h - found
-- Looking for utime.h
-- Looking for utime.h - found
-- Looking for sys/utime.h
-- Looking for sys/utime.h - not found
-- Looking for varargs.h
-- Looking for varargs.h - not found
-- Looking for asctime_r
-- Looking for asctime_r - found
-- Looking for geteuid
-- Looking for geteuid - found
-- Looking for getopt_long
-- Looking for getopt_long - found
-- Looking for getpwuid
-- Looking for getpwuid - found
-- Looking for gettimeofday
-- Looking for gettimeofday - found
-- Looking for posix_fallocate
-- Looking for posix_fallocate - found
-- Looking for realpath
-- Looking for realpath - found
-- Looking for setenv
-- Looking for setenv - found
-- Looking for strndup
-- Looking for strndup - found
-- Looking for syslog
-- Looking for syslog - found
-- Looking for unsetenv
-- Looking for unsetenv - found
-- Looking for utimes
-- Looking for utimes - found
-- Performing Test HAVE_PTHREAD_MUTEX_ROBUST
-- Performing Test HAVE_PTHREAD_MUTEX_ROBUST - Success
-- Looking for pthread_mutexattr_setpshared
-- Looking for pthread_mutexattr_setpshared - found
-- Performing Test HAVE_STRUCT_STAT_ST_ATIM
-- Performing Test HAVE_STRUCT_STAT_ST_ATIM - Success
-- Performing Test HAVE_STRUCT_STAT_ST_CTIM
-- Performing Test HAVE_STRUCT_STAT_ST_CTIM - Success
-- Performing Test HAVE_STRUCT_STAT_ST_MTIM
-- Performing Test HAVE_STRUCT_STAT_ST_MTIM - Success
-- Performing Test HAVE_STRUCT_STATFS_F_FSTYPENAME
-- Performing Test HAVE_STRUCT_STATFS_F_FSTYPENAME - Failed
-- Performing Test HAVE_AVX2
-- Performing Test HAVE_AVX2 - Success
-- Looking for sys/types.h
-- Looking for sys/types.h - found
-- Looking for stdint.h
-- Looking for stdint.h - found
-- Looking for stddef.h
-- Looking for stddef.h - found
-- Check size of long long
-- Check size of long long - done
-- Found zstd: /usr/include (Required is at least version "1.1.2") 
-- Could NOT find PkgConfig (missing: PKG_CONFIG_EXECUTABLE) 
-- Found hiredis: /usr/include (Required is at least version "0.13.3") 
-- Looking for pthread.h
-- Looking for pthread.h - found
-- Performing Test CMAKE_HAVE_LIBC_PTHREAD
-- Performing Test CMAKE_HAVE_LIBC_PTHREAD - Failed
-- Check if compiler accepts -pthread
-- Check if compiler accepts -pthread - yes
-- Found Threads: TRUE  
-- Performing Test HAVE_ASM_SSE2
-- Performing Test HAVE_ASM_SSE2 - Success
-- Performing Test HAVE_ASM_SSE41
-- Performing Test HAVE_ASM_SSE41 - Success
-- Performing Test HAVE_ASM_AVX2
-- Performing Test HAVE_ASM_AVX2 - Success
-- Performing Test HAVE_ASM_AVX512
-- Performing Test HAVE_ASM_AVX512 - Success
-- Performing Test HAVE_NEON
-- Performing Test HAVE_NEON - Failed
-- Configuring done
-- Generating done
CMake Warning:
  Manually-specified variables were not used by the project:

    CMAKE_EXPORT_NO_PACKAGE_REGISTRY
    CMAKE_FIND_PACKAGE_NO_PACKAGE_REGISTRY


-- Build files have been written to: /<<PKGBUILDDIR>>/obj-x86_64-linux-gnu
   dh_auto_build
	cd obj-x86_64-linux-gnu && make -j4 "INSTALL=install --strip-program=true" VERBOSE=1
make[1]: Entering directory '/<<PKGBUILDDIR>>/obj-x86_64-linux-gnu'
/usr/bin/cmake -S/<<PKGBUILDDIR>> -B/<<PKGBUILDDIR>>/obj-x86_64-linux-gnu --check-build-system CMakeFiles/Makefile.cmake 0
/usr/bin/cmake -E cmake_progress_start /<<PKGBUILDDIR>>/obj-x86_64-linux-gnu/CMakeFiles /<<PKGBUILDDIR>>/obj-x86_64-linux-gnu//CMakeFiles/progress.marks
make  -f CMakeFiles/Makefile2 all
make[2]: Entering directory '/<<PKGBUILDDIR>>/obj-x86_64-linux-gnu'
make  -f src/third_party/blake3/CMakeFiles/blake3.dir/build.make src/third_party/blake3/CMakeFiles/blake3.dir/depend
make  -f src/third_party/CMakeFiles/third_party.dir/build.make src/third_party/CMakeFiles/third_party.dir/depend
make  -f doc/CMakeFiles/doc-html.dir/build.make doc/CMakeFiles/doc-html.dir/depend
make  -f doc/CMakeFiles/doc-man-page.dir/build.make doc/CMakeFiles/doc-man-page.dir/depend
make[3]: Entering directory '/<<PKGBUILDDIR>>/obj-x86_64-linux-gnu'
cd /<<PKGBUILDDIR>>/obj-x86_64-linux-gnu && /usr/bin/cmake -E cmake_depends "Unix Makefiles" /<<PKGBUILDDIR>> /<<PKGBUILDDIR>>/src/third_party/blake3 /<<PKGBUILDDIR>>/obj-x86_64-linux-gnu /<<PKGBUILDDIR>>/obj-x86_64-linux-gnu/src/third_party/blake3 /<<PKGBUILDDIR>>/obj-x86_64-linux-gnu/src/third_party/blake3/CMakeFiles/blake3.dir/DependInfo.cmake --color=
make[3]: Entering directory '/<<PKGBUILDDIR>>/obj-x86_64-linux-gnu'
make[3]: Entering directory '/<<PKGBUILDDIR>>/obj-x86_64-linux-gnu'
cd /<<PKGBUILDDIR>>/obj-x86_64-linux-gnu && /usr/bin/cmake -E cmake_depends "Unix Makefiles" /<<PKGBUILDDIR>> /<<PKGBUILDDIR>>/src/third_party /<<PKGBUILDDIR>>/obj-x86_64-linux-gnu /<<PKGBUILDDIR>>/obj-x86_64-linux-gnu/src/third_party /<<PKGBUILDDIR>>/obj-x86_64-linux-gnu/src/third_party/CMakeFiles/third_party.dir/DependInfo.cmake --color=
cd /<<PKGBUILDDIR>>/obj-x86_64-linux-gnu && /usr/bin/cmake -E cmake_depends "Unix Makefiles" /<<PKGBUILDDIR>> /<<PKGBUILDDIR>>/doc /<<PKGBUILDDIR>>/obj-x86_64-linux-gnu /<<PKGBUILDDIR>>/obj-x86_64-linux-gnu/doc /<<PKGBUILDDIR>>/obj-x86_64-linux-gnu/doc/CMakeFiles/doc-html.dir/DependInfo.cmake --color=
make[3]: Entering directory '/<<PKGBUILDDIR>>/obj-x86_64-linux-gnu'
cd /<<PKGBUILDDIR>>/obj-x86_64-linux-gnu && /usr/bin/cmake -E cmake_depends "Unix Makefiles" /<<PKGBUILDDIR>> /<<PKGBUILDDIR>>/doc /<<PKGBUILDDIR>>/obj-x86_64-linux-gnu /<<PKGBUILDDIR>>/obj-x86_64-linux-gnu/doc /<<PKGBUILDDIR>>/obj-x86_64-linux-gnu/doc/CMakeFiles/doc-man-page.dir/DependInfo.cmake --color=
Dependee "/<<PKGBUILDDIR>>/obj-x86_64-linux-gnu/src/third_party/blake3/CMakeFiles/blake3.dir/DependInfo.cmake" is newer than depender "/<<PKGBUILDDIR>>/obj-x86_64-linux-gnu/src/third_party/blake3/CMakeFiles/blake3.dir/depend.internal".
Dependee "/<<PKGBUILDDIR>>/obj-x86_64-linux-gnu/src/third_party/blake3/CMakeFiles/CMakeDirectoryInformation.cmake" is newer than depender "/<<PKGBUILDDIR>>/obj-x86_64-linux-gnu/src/third_party/blake3/CMakeFiles/blake3.dir/depend.internal".
make[3]: Leaving directory '/<<PKGBUILDDIR>>/obj-x86_64-linux-gnu'
make  -f doc/CMakeFiles/doc-man-page.dir/build.make doc/CMakeFiles/doc-man-page.dir/build
make[3]: Leaving directory '/<<PKGBUILDDIR>>/obj-x86_64-linux-gnu'
make[3]: Leaving directory '/<<PKGBUILDDIR>>/obj-x86_64-linux-gnu'
make  -f src/third_party/CMakeFiles/third_party.dir/build.make src/third_party/CMakeFiles/third_party.dir/build
make  -f doc/CMakeFiles/doc-html.dir/build.make doc/CMakeFiles/doc-html.dir/build
make[3]: Entering directory '/<<PKGBUILDDIR>>/obj-x86_64-linux-gnu'
make[3]: Entering directory '/<<PKGBUILDDIR>>/obj-x86_64-linux-gnu'
make[3]: Entering directory '/<<PKGBUILDDIR>>/obj-x86_64-linux-gnu'
Scanning dependencies of target blake3
make[3]: Leaving directory '/<<PKGBUILDDIR>>/obj-x86_64-linux-gnu'
make  -f src/third_party/blake3/CMakeFiles/blake3.dir/build.make src/third_party/blake3/CMakeFiles/blake3.dir/build
make[3]: Entering directory '/<<PKGBUILDDIR>>/obj-x86_64-linux-gnu'
[  1%] Generating ccache.1.tmp
cd /<<PKGBUILDDIR>>/obj-x86_64-linux-gnu/doc && /usr/bin/asciidoctor -o ccache.1.tmp -a revnumber="4.4.2" -a icons=font -a toc=left -a sectanchors -a stylesheet="/<<PKGBUILDDIR>>/doc/ccache-doc.css" -b manpage /<<PKGBUILDDIR>>/doc/MANUAL.adoc
[  2%] Generating AUTHORS.html
[  3%] Building C object src/third_party/CMakeFiles/third_party.dir/base32hex.c.o
cd /<<PKGBUILDDIR>>/obj-x86_64-linux-gnu/doc && /usr/bin/asciidoctor -o AUTHORS.html -a revnumber="4.4.2" -a icons=font -a toc=left -a sectanchors -a stylesheet="/<<PKGBUILDDIR>>/doc/ccache-doc.css" -b html /<<PKGBUILDDIR>>/doc/AUTHORS.adoc
cd /<<PKGBUILDDIR>>/obj-x86_64-linux-gnu/src/third_party && /usr/bin/cc  -I/<<PKGBUILDDIR>>/obj-x86_64-linux-gnu -I/<<PKGBUILDDIR>>/src/third_party -I/<<PKGBUILDDIR>>/src/third_party/SYSTEM -g -O2 -ffile-prefix-map=/<<PKGBUILDDIR>>=. -fstack-protector-strong -Wformat -Werror=format-security -Wdate-time -D_FORTIFY_SOURCE=2 -include /<<PKGBUILDDIR>>/obj-x86_64-linux-gnu/config.h -std=c99 -MD -MT src/third_party/CMakeFiles/third_party.dir/base32hex.c.o -MF CMakeFiles/third_party.dir/base32hex.c.o.d -o CMakeFiles/third_party.dir/base32hex.c.o -c /<<PKGBUILDDIR>>/src/third_party/base32hex.c
[  3%] Building C object src/third_party/blake3/CMakeFiles/blake3.dir/blake3.c.o
cd /<<PKGBUILDDIR>>/obj-x86_64-linux-gnu/src/third_party/blake3 && /usr/bin/cc   -g -O2 -ffile-prefix-map=/<<PKGBUILDDIR>>=. -fstack-protector-strong -Wformat -Werror=format-security -Wdate-time -D_FORTIFY_SOURCE=2 -include /<<PKGBUILDDIR>>/obj-x86_64-linux-gnu/config.h -std=c99 -MD -MT src/third_party/blake3/CMakeFiles/blake3.dir/blake3.c.o -MF CMakeFiles/blake3.dir/blake3.c.o.d -o CMakeFiles/blake3.dir/blake3.c.o -c /<<PKGBUILDDIR>>/src/third_party/blake3/blake3.c
[  4%] Building CXX object src/third_party/CMakeFiles/third_party.dir/format.cpp.o
cd /<<PKGBUILDDIR>>/obj-x86_64-linux-gnu/src/third_party && /usr/bin/c++  -I/<<PKGBUILDDIR>>/obj-x86_64-linux-gnu -I/<<PKGBUILDDIR>>/src/third_party -I/<<PKGBUILDDIR>>/src/third_party/SYSTEM -g -O2 -ffile-prefix-map=/<<PKGBUILDDIR>>=. -fstack-protector-strong -Wformat -Werror=format-security -Wdate-time -D_FORTIFY_SOURCE=2 -include /<<PKGBUILDDIR>>/obj-x86_64-linux-gnu/config.h -std=c++14 -MD -MT src/third_party/CMakeFiles/third_party.dir/format.cpp.o -MF CMakeFiles/third_party.dir/format.cpp.o.d -o CMakeFiles/third_party.dir/format.cpp.o -c /<<PKGBUILDDIR>>/src/third_party/format.cpp
[  5%] Generating LICENSE.html
cd /<<PKGBUILDDIR>>/obj-x86_64-linux-gnu/doc && /usr/bin/asciidoctor -o LICENSE.html -a revnumber="4.4.2" -a icons=font -a toc=left -a sectanchors -a stylesheet="/<<PKGBUILDDIR>>/doc/ccache-doc.css" -b html /<<PKGBUILDDIR>>/LICENSE.adoc
[  5%] Generating ccache.1
cd /<<PKGBUILDDIR>>/obj-x86_64-linux-gnu/doc && perl -pe 's!\\f\(CR(.*?)\\fP!\\fB\1\\fP!g' ccache.1.tmp >ccache.1
make[3]: Leaving directory '/<<PKGBUILDDIR>>/obj-x86_64-linux-gnu'
[  5%] Built target doc-man-page
[  6%] Building C object src/third_party/blake3/CMakeFiles/blake3.dir/blake3_dispatch_ccache.c.o
cd /<<PKGBUILDDIR>>/obj-x86_64-linux-gnu/src/third_party/blake3 && /usr/bin/cc   -g -O2 -ffile-prefix-map=/<<PKGBUILDDIR>>=. -fstack-protector-strong -Wformat -Werror=format-security -Wdate-time -D_FORTIFY_SOURCE=2 -include /<<PKGBUILDDIR>>/obj-x86_64-linux-gnu/config.h -std=c99 -MD -MT src/third_party/blake3/CMakeFiles/blake3.dir/blake3_dispatch_ccache.c.o -MF CMakeFiles/blake3.dir/blake3_dispatch_ccache.c.o.d -o CMakeFiles/blake3.dir/blake3_dispatch_ccache.c.o -c /<<PKGBUILDDIR>>/src/third_party/blake3/blake3_dispatch_ccache.c
[  7%] Generating MANUAL.html
cd /<<PKGBUILDDIR>>/obj-x86_64-linux-gnu/doc && /usr/bin/asciidoctor -o MANUAL.html -a revnumber="4.4.2" -a icons=font -a toc=left -a sectanchors -a stylesheet="/<<PKGBUILDDIR>>/doc/ccache-doc.css" -b html /<<PKGBUILDDIR>>/doc/MANUAL.adoc
[  8%] Generating NEWS.html
cd /<<PKGBUILDDIR>>/obj-x86_64-linux-gnu/doc && /usr/bin/asciidoctor -o NEWS.html -a revnumber="4.4.2" -a icons=font -a toc=left -a sectanchors -a stylesheet="/<<PKGBUILDDIR>>/doc/ccache-doc.css" -b html /<<PKGBUILDDIR>>/doc/NEWS.adoc
[  9%] Building C object src/third_party/blake3/CMakeFiles/blake3.dir/blake3_portable.c.o
cd /<<PKGBUILDDIR>>/obj-x86_64-linux-gnu/src/third_party/blake3 && /usr/bin/cc   -g -O2 -ffile-prefix-map=/<<PKGBUILDDIR>>=. -fstack-protector-strong -Wformat -Werror=format-security -Wdate-time -D_FORTIFY_SOURCE=2 -include /<<PKGBUILDDIR>>/obj-x86_64-linux-gnu/config.h -std=c99 -MD -MT src/third_party/blake3/CMakeFiles/blake3.dir/blake3_portable.c.o -MF CMakeFiles/blake3.dir/blake3_portable.c.o.d -o CMakeFiles/blake3.dir/blake3_portable.c.o -c /<<PKGBUILDDIR>>/src/third_party/blake3/blake3_portable.c
[ 10%] Building ASM object src/third_party/blake3/CMakeFiles/blake3.dir/blake3_sse2_x86-64_unix.S.o
cd /<<PKGBUILDDIR>>/obj-x86_64-linux-gnu/src/third_party/blake3 && /usr/bin/cc   -Wdate-time -D_FORTIFY_SOURCE=2 -include /<<PKGBUILDDIR>>/obj-x86_64-linux-gnu/config.h -msse2 -o CMakeFiles/blake3.dir/blake3_sse2_x86-64_unix.S.o -c /<<PKGBUILDDIR>>/src/third_party/blake3/blake3_sse2_x86-64_unix.S
asciidoctor: ERROR: NEWS.adoc: line 25: level 0 sections can only be used when doctype is book
[ 11%] Building ASM object src/third_party/blake3/CMakeFiles/blake3.dir/blake3_sse41_x86-64_unix.S.o
cd /<<PKGBUILDDIR>>/obj-x86_64-linux-gnu/src/third_party/blake3 && /usr/bin/cc   -Wdate-time -D_FORTIFY_SOURCE=2 -include /<<PKGBUILDDIR>>/obj-x86_64-linux-gnu/config.h -msse4.1 -o CMakeFiles/blake3.dir/blake3_sse41_x86-64_unix.S.o -c /<<PKGBUILDDIR>>/src/third_party/blake3/blake3_sse41_x86-64_unix.S
make[3]: Leaving directory '/<<PKGBUILDDIR>>/obj-x86_64-linux-gnu'
[ 11%] Built target doc-html
make  -f doc/CMakeFiles/doc.dir/build.make doc/CMakeFiles/doc.dir/depend
make[3]: Entering directory '/<<PKGBUILDDIR>>/obj-x86_64-linux-gnu'
cd /<<PKGBUILDDIR>>/obj-x86_64-linux-gnu && /usr/bin/cmake -E cmake_depends "Unix Makefiles" /<<PKGBUILDDIR>> /<<PKGBUILDDIR>>/doc /<<PKGBUILDDIR>>/obj-x86_64-linux-gnu /<<PKGBUILDDIR>>/obj-x86_64-linux-gnu/doc /<<PKGBUILDDIR>>/obj-x86_64-linux-gnu/doc/CMakeFiles/doc.dir/DependInfo.cmake --color=
make[3]: Leaving directory '/<<PKGBUILDDIR>>/obj-x86_64-linux-gnu'
make  -f doc/CMakeFiles/doc.dir/build.make doc/CMakeFiles/doc.dir/build
make[3]: Entering directory '/<<PKGBUILDDIR>>/obj-x86_64-linux-gnu'
make[3]: Nothing to be done for 'doc/CMakeFiles/doc.dir/build'.
make[3]: Leaving directory '/<<PKGBUILDDIR>>/obj-x86_64-linux-gnu'
[ 11%] Built target doc
[ 12%] Building ASM object src/third_party/blake3/CMakeFiles/blake3.dir/blake3_avx2_x86-64_unix.S.o
cd /<<PKGBUILDDIR>>/obj-x86_64-linux-gnu/src/third_party/blake3 && /usr/bin/cc   -Wdate-time -D_FORTIFY_SOURCE=2 -include /<<PKGBUILDDIR>>/obj-x86_64-linux-gnu/config.h -mavx2 -o CMakeFiles/blake3.dir/blake3_avx2_x86-64_unix.S.o -c /<<PKGBUILDDIR>>/src/third_party/blake3/blake3_avx2_x86-64_unix.S
[ 12%] Building ASM object src/third_party/blake3/CMakeFiles/blake3.dir/blake3_avx512_x86-64_unix.S.o
cd /<<PKGBUILDDIR>>/obj-x86_64-linux-gnu/src/third_party/blake3 && /usr/bin/cc   -Wdate-time -D_FORTIFY_SOURCE=2 -include /<<PKGBUILDDIR>>/obj-x86_64-linux-gnu/config.h -mavx512f -mavx512vl -o CMakeFiles/blake3.dir/blake3_avx512_x86-64_unix.S.o -c /<<PKGBUILDDIR>>/src/third_party/blake3/blake3_avx512_x86-64_unix.S
[ 13%] Building CXX object src/third_party/CMakeFiles/third_party.dir/httplib.cpp.o
cd /<<PKGBUILDDIR>>/obj-x86_64-linux-gnu/src/third_party && /usr/bin/c++  -I/<<PKGBUILDDIR>>/obj-x86_64-linux-gnu -I/<<PKGBUILDDIR>>/src/third_party -I/<<PKGBUILDDIR>>/src/third_party/SYSTEM -g -O2 -ffile-prefix-map=/<<PKGBUILDDIR>>=. -fstack-protector-strong -Wformat -Werror=format-security -Wdate-time -D_FORTIFY_SOURCE=2 -include /<<PKGBUILDDIR>>/obj-x86_64-linux-gnu/config.h -std=c++14 -MD -MT src/third_party/CMakeFiles/third_party.dir/httplib.cpp.o -MF CMakeFiles/third_party.dir/httplib.cpp.o.d -o CMakeFiles/third_party.dir/httplib.cpp.o -c /<<PKGBUILDDIR>>/src/third_party/httplib.cpp
[ 14%] Building CXX object src/third_party/CMakeFiles/third_party.dir/url.cpp.o
cd /<<PKGBUILDDIR>>/obj-x86_64-linux-gnu/src/third_party && /usr/bin/c++  -I/<<PKGBUILDDIR>>/obj-x86_64-linux-gnu -I/<<PKGBUILDDIR>>/src/third_party -I/<<PKGBUILDDIR>>/src/third_party/SYSTEM -g -O2 -ffile-prefix-map=/<<PKGBUILDDIR>>=. -fstack-protector-strong -Wformat -Werror=format-security -Wdate-time -D_FORTIFY_SOURCE=2 -include /<<PKGBUILDDIR>>/obj-x86_64-linux-gnu/config.h -std=c++14 -MD -MT src/third_party/CMakeFiles/third_party.dir/url.cpp.o -MF CMakeFiles/third_party.dir/url.cpp.o.d -o CMakeFiles/third_party.dir/url.cpp.o -c /<<PKGBUILDDIR>>/src/third_party/url.cpp
[ 15%] Linking C static library libblake3.a
cd /<<PKGBUILDDIR>>/obj-x86_64-linux-gnu/src/third_party/blake3 && /usr/bin/cmake -P CMakeFiles/blake3.dir/cmake_clean_target.cmake
cd /<<PKGBUILDDIR>>/obj-x86_64-linux-gnu/src/third_party/blake3 && /usr/bin/cmake -E cmake_link_script CMakeFiles/blake3.dir/link.txt --verbose=1
/usr/bin/ar qc libblake3.a CMakeFiles/blake3.dir/blake3.c.o CMakeFiles/blake3.dir/blake3_dispatch_ccache.c.o CMakeFiles/blake3.dir/blake3_portable.c.o CMakeFiles/blake3.dir/blake3_sse2_x86-64_unix.S.o CMakeFiles/blake3.dir/blake3_sse41_x86-64_unix.S.o CMakeFiles/blake3.dir/blake3_avx2_x86-64_unix.S.o CMakeFiles/blake3.dir/blake3_avx512_x86-64_unix.S.o
/usr/bin/ranlib libblake3.a
make[3]: Leaving directory '/<<PKGBUILDDIR>>/obj-x86_64-linux-gnu'
[ 15%] Built target blake3
[ 15%] Building C object src/third_party/CMakeFiles/third_party.dir/xxhash.c.o
cd /<<PKGBUILDDIR>>/obj-x86_64-linux-gnu/src/third_party && /usr/bin/cc  -I/<<PKGBUILDDIR>>/obj-x86_64-linux-gnu -I/<<PKGBUILDDIR>>/src/third_party -I/<<PKGBUILDDIR>>/src/third_party/SYSTEM -g -O2 -ffile-prefix-map=/<<PKGBUILDDIR>>=. -fstack-protector-strong -Wformat -Werror=format-security -Wdate-time -D_FORTIFY_SOURCE=2 -include /<<PKGBUILDDIR>>/obj-x86_64-linux-gnu/config.h -std=c99 -MD -MT src/third_party/CMakeFiles/third_party.dir/xxhash.c.o -MF CMakeFiles/third_party.dir/xxhash.c.o.d -o CMakeFiles/third_party.dir/xxhash.c.o -c /<<PKGBUILDDIR>>/src/third_party/xxhash.c
[ 16%] Building C object src/third_party/CMakeFiles/third_party.dir/getopt_long.c.o
cd /<<PKGBUILDDIR>>/obj-x86_64-linux-gnu/src/third_party && /usr/bin/cc  -I/<<PKGBUILDDIR>>/obj-x86_64-linux-gnu -I/<<PKGBUILDDIR>>/src/third_party -I/<<PKGBUILDDIR>>/src/third_party/SYSTEM -g -O2 -ffile-prefix-map=/<<PKGBUILDDIR>>=. -fstack-protector-strong -Wformat -Werror=format-security -Wdate-time -D_FORTIFY_SOURCE=2 -include /<<PKGBUILDDIR>>/obj-x86_64-linux-gnu/config.h -std=c99 -MD -MT src/third_party/CMakeFiles/third_party.dir/getopt_long.c.o -MF CMakeFiles/third_party.dir/getopt_long.c.o.d -o CMakeFiles/third_party.dir/getopt_long.c.o -c /<<PKGBUILDDIR>>/src/third_party/getopt_long.c
[ 17%] Building C object src/third_party/CMakeFiles/third_party.dir/xxh_x86dispatch.c.o
cd /<<PKGBUILDDIR>>/obj-x86_64-linux-gnu/src/third_party && /usr/bin/cc  -I/<<PKGBUILDDIR>>/obj-x86_64-linux-gnu -I/<<PKGBUILDDIR>>/src/third_party -I/<<PKGBUILDDIR>>/src/third_party/SYSTEM -g -O2 -ffile-prefix-map=/<<PKGBUILDDIR>>=. -fstack-protector-strong -Wformat -Werror=format-security -Wdate-time -D_FORTIFY_SOURCE=2 -include /<<PKGBUILDDIR>>/obj-x86_64-linux-gnu/config.h -std=c99 -MD -MT src/third_party/CMakeFiles/third_party.dir/xxh_x86dispatch.c.o -MF CMakeFiles/third_party.dir/xxh_x86dispatch.c.o.d -o CMakeFiles/third_party.dir/xxh_x86dispatch.c.o -c /<<PKGBUILDDIR>>/src/third_party/xxh_x86dispatch.c
[ 18%] Linking CXX static library libthird_party.a
cd /<<PKGBUILDDIR>>/obj-x86_64-linux-gnu/src/third_party && /usr/bin/cmake -P CMakeFiles/third_party.dir/cmake_clean_target.cmake
cd /<<PKGBUILDDIR>>/obj-x86_64-linux-gnu/src/third_party && /usr/bin/cmake -E cmake_link_script CMakeFiles/third_party.dir/link.txt --verbose=1
/usr/bin/ar qc libthird_party.a CMakeFiles/third_party.dir/base32hex.c.o CMakeFiles/third_party.dir/format.cpp.o CMakeFiles/third_party.dir/httplib.cpp.o CMakeFiles/third_party.dir/url.cpp.o CMakeFiles/third_party.dir/xxhash.c.o CMakeFiles/third_party.dir/getopt_long.c.o CMakeFiles/third_party.dir/xxh_x86dispatch.c.o
/usr/bin/ranlib libthird_party.a
make[3]: Leaving directory '/<<PKGBUILDDIR>>/obj-x86_64-linux-gnu'
[ 18%] Built target third_party
make  -f src/CMakeFiles/ccache_framework.dir/build.make src/CMakeFiles/ccache_framework.dir/depend
make[3]: Entering directory '/<<PKGBUILDDIR>>/obj-x86_64-linux-gnu'
cd /<<PKGBUILDDIR>>/obj-x86_64-linux-gnu && /usr/bin/cmake -E cmake_depends "Unix Makefiles" /<<PKGBUILDDIR>> /<<PKGBUILDDIR>>/src /<<PKGBUILDDIR>>/obj-x86_64-linux-gnu /<<PKGBUILDDIR>>/obj-x86_64-linux-gnu/src /<<PKGBUILDDIR>>/obj-x86_64-linux-gnu/src/CMakeFiles/ccache_framework.dir/DependInfo.cmake --color=
make[3]: Leaving directory '/<<PKGBUILDDIR>>/obj-x86_64-linux-gnu'
make  -f src/CMakeFiles/ccache_framework.dir/build.make src/CMakeFiles/ccache_framework.dir/build
make[3]: Entering directory '/<<PKGBUILDDIR>>/obj-x86_64-linux-gnu'
[ 21%] Building CXX object src/CMakeFiles/ccache_framework.dir/Args.cpp.o
[ 21%] Building CXX object src/CMakeFiles/ccache_framework.dir/CacheEntryReader.cpp.o
[ 21%] Building CXX object src/CMakeFiles/ccache_framework.dir/AtomicFile.cpp.o
cd /<<PKGBUILDDIR>>/obj-x86_64-linux-gnu/src && /usr/bin/c++ -DHAVE_REDIS_STORAGE_BACKEND -DUSE_XXH_DISPATCH -DXXH_STATIC_LINKING_ONLY -Dnssv_CONFIG_SELECT_STRING_VIEW=nssv_STRING_VIEW_NONSTD -I/<<PKGBUILDDIR>>/obj-x86_64-linux-gnu -I/<<PKGBUILDDIR>>/src -g -O2 -ffile-prefix-map=/<<PKGBUILDDIR>>=. -fstack-protector-strong -Wformat -Werror=format-security -Wdate-time -D_FORTIFY_SOURCE=2 -include /<<PKGBUILDDIR>>/obj-x86_64-linux-gnu/config.h -Wall -pthread -std=c++14 -MD -MT src/CMakeFiles/ccache_framework.dir/CacheEntryReader.cpp.o -MF CMakeFiles/ccache_framework.dir/CacheEntryReader.cpp.o.d -o CMakeFiles/ccache_framework.dir/CacheEntryReader.cpp.o -c /<<PKGBUILDDIR>>/src/CacheEntryReader.cpp
cd /<<PKGBUILDDIR>>/obj-x86_64-linux-gnu/src && /usr/bin/c++ -DHAVE_REDIS_STORAGE_BACKEND -DUSE_XXH_DISPATCH -DXXH_STATIC_LINKING_ONLY -Dnssv_CONFIG_SELECT_STRING_VIEW=nssv_STRING_VIEW_NONSTD -I/<<PKGBUILDDIR>>/obj-x86_64-linux-gnu -I/<<PKGBUILDDIR>>/src -g -O2 -ffile-prefix-map=/<<PKGBUILDDIR>>=. -fstack-protector-strong -Wformat -Werror=format-security -Wdate-time -D_FORTIFY_SOURCE=2 -include /<<PKGBUILDDIR>>/obj-x86_64-linux-gnu/config.h -Wall -pthread -std=c++14 -MD -MT src/CMakeFiles/ccache_framework.dir/Args.cpp.o -MF CMakeFiles/ccache_framework.dir/Args.cpp.o.d -o CMakeFiles/ccache_framework.dir/Args.cpp.o -c /<<PKGBUILDDIR>>/src/Args.cpp
[ 21%] Building CXX object src/CMakeFiles/ccache_framework.dir/CacheEntryWriter.cpp.o
cd /<<PKGBUILDDIR>>/obj-x86_64-linux-gnu/src && /usr/bin/c++ -DHAVE_REDIS_STORAGE_BACKEND -DUSE_XXH_DISPATCH -DXXH_STATIC_LINKING_ONLY -Dnssv_CONFIG_SELECT_STRING_VIEW=nssv_STRING_VIEW_NONSTD -I/<<PKGBUILDDIR>>/obj-x86_64-linux-gnu -I/<<PKGBUILDDIR>>/src -g -O2 -ffile-prefix-map=/<<PKGBUILDDIR>>=. -fstack-protector-strong -Wformat -Werror=format-security -Wdate-time -D_FORTIFY_SOURCE=2 -include /<<PKGBUILDDIR>>/obj-x86_64-linux-gnu/config.h -Wall -pthread -std=c++14 -MD -MT src/CMakeFiles/ccache_framework.dir/AtomicFile.cpp.o -MF CMakeFiles/ccache_framework.dir/AtomicFile.cpp.o.d -o CMakeFiles/ccache_framework.dir/AtomicFile.cpp.o -c /<<PKGBUILDDIR>>/src/AtomicFile.cpp
cd /<<PKGBUILDDIR>>/obj-x86_64-linux-gnu/src && /usr/bin/c++ -DHAVE_REDIS_STORAGE_BACKEND -DUSE_XXH_DISPATCH -DXXH_STATIC_LINKING_ONLY -Dnssv_CONFIG_SELECT_STRING_VIEW=nssv_STRING_VIEW_NONSTD -I/<<PKGBUILDDIR>>/obj-x86_64-linux-gnu -I/<<PKGBUILDDIR>>/src -g -O2 -ffile-prefix-map=/<<PKGBUILDDIR>>=. -fstack-protector-strong -Wformat -Werror=format-security -Wdate-time -D_FORTIFY_SOURCE=2 -include /<<PKGBUILDDIR>>/obj-x86_64-linux-gnu/config.h -Wall -pthread -std=c++14 -MD -MT src/CMakeFiles/ccache_framework.dir/CacheEntryWriter.cpp.o -MF CMakeFiles/ccache_framework.dir/CacheEntryWriter.cpp.o.d -o CMakeFiles/ccache_framework.dir/CacheEntryWriter.cpp.o -c /<<PKGBUILDDIR>>/src/CacheEntryWriter.cpp
[ 22%] Building CXX object src/CMakeFiles/ccache_framework.dir/Config.cpp.o
cd /<<PKGBUILDDIR>>/obj-x86_64-linux-gnu/src && /usr/bin/c++ -DHAVE_REDIS_STORAGE_BACKEND -DUSE_XXH_DISPATCH -DXXH_STATIC_LINKING_ONLY -Dnssv_CONFIG_SELECT_STRING_VIEW=nssv_STRING_VIEW_NONSTD -I/<<PKGBUILDDIR>>/obj-x86_64-linux-gnu -I/<<PKGBUILDDIR>>/src -g -O2 -ffile-prefix-map=/<<PKGBUILDDIR>>=. -fstack-protector-strong -Wformat -Werror=format-security -Wdate-time -D_FORTIFY_SOURCE=2 -include /<<PKGBUILDDIR>>/obj-x86_64-linux-gnu/config.h -Wall -pthread -std=c++14 -MD -MT src/CMakeFiles/ccache_framework.dir/Config.cpp.o -MF CMakeFiles/ccache_framework.dir/Config.cpp.o.d -o CMakeFiles/ccache_framework.dir/Config.cpp.o -c /<<PKGBUILDDIR>>/src/Config.cpp
[ 23%] Building CXX object src/CMakeFiles/ccache_framework.dir/Context.cpp.o
cd /<<PKGBUILDDIR>>/obj-x86_64-linux-gnu/src && /usr/bin/c++ -DHAVE_REDIS_STORAGE_BACKEND -DUSE_XXH_DISPATCH -DXXH_STATIC_LINKING_ONLY -Dnssv_CONFIG_SELECT_STRING_VIEW=nssv_STRING_VIEW_NONSTD -I/<<PKGBUILDDIR>>/obj-x86_64-linux-gnu -I/<<PKGBUILDDIR>>/src -g -O2 -ffile-prefix-map=/<<PKGBUILDDIR>>=. -fstack-protector-strong -Wformat -Werror=format-security -Wdate-time -D_FORTIFY_SOURCE=2 -include /<<PKGBUILDDIR>>/obj-x86_64-linux-gnu/config.h -Wall -pthread -std=c++14 -MD -MT src/CMakeFiles/ccache_framework.dir/Context.cpp.o -MF CMakeFiles/ccache_framework.dir/Context.cpp.o.d -o CMakeFiles/ccache_framework.dir/Context.cpp.o -c /<<PKGBUILDDIR>>/src/Context.cpp
[ 24%] Building CXX object src/CMakeFiles/ccache_framework.dir/Depfile.cpp.o
cd /<<PKGBUILDDIR>>/obj-x86_64-linux-gnu/src && /usr/bin/c++ -DHAVE_REDIS_STORAGE_BACKEND -DUSE_XXH_DISPATCH -DXXH_STATIC_LINKING_ONLY -Dnssv_CONFIG_SELECT_STRING_VIEW=nssv_STRING_VIEW_NONSTD -I/<<PKGBUILDDIR>>/obj-x86_64-linux-gnu -I/<<PKGBUILDDIR>>/src -g -O2 -ffile-prefix-map=/<<PKGBUILDDIR>>=. -fstack-protector-strong -Wformat -Werror=format-security -Wdate-time -D_FORTIFY_SOURCE=2 -include /<<PKGBUILDDIR>>/obj-x86_64-linux-gnu/config.h -Wall -pthread -std=c++14 -MD -MT src/CMakeFiles/ccache_framework.dir/Depfile.cpp.o -MF CMakeFiles/ccache_framework.dir/Depfile.cpp.o.d -o CMakeFiles/ccache_framework.dir/Depfile.cpp.o -c /<<PKGBUILDDIR>>/src/Depfile.cpp
[ 25%] Building CXX object src/CMakeFiles/ccache_framework.dir/Fd.cpp.o
cd /<<PKGBUILDDIR>>/obj-x86_64-linux-gnu/src && /usr/bin/c++ -DHAVE_REDIS_STORAGE_BACKEND -DUSE_XXH_DISPATCH -DXXH_STATIC_LINKING_ONLY -Dnssv_CONFIG_SELECT_STRING_VIEW=nssv_STRING_VIEW_NONSTD -I/<<PKGBUILDDIR>>/obj-x86_64-linux-gnu -I/<<PKGBUILDDIR>>/src -g -O2 -ffile-prefix-map=/<<PKGBUILDDIR>>=. -fstack-protector-strong -Wformat -Werror=format-security -Wdate-time -D_FORTIFY_SOURCE=2 -include /<<PKGBUILDDIR>>/obj-x86_64-linux-gnu/config.h -Wall -pthread -std=c++14 -MD -MT src/CMakeFiles/ccache_framework.dir/Fd.cpp.o -MF CMakeFiles/ccache_framework.dir/Fd.cpp.o.d -o CMakeFiles/ccache_framework.dir/Fd.cpp.o -c /<<PKGBUILDDIR>>/src/Fd.cpp
[ 26%] Building CXX object src/CMakeFiles/ccache_framework.dir/Hash.cpp.o
cd /<<PKGBUILDDIR>>/obj-x86_64-linux-gnu/src && /usr/bin/c++ -DHAVE_REDIS_STORAGE_BACKEND -DUSE_XXH_DISPATCH -DXXH_STATIC_LINKING_ONLY -Dnssv_CONFIG_SELECT_STRING_VIEW=nssv_STRING_VIEW_NONSTD -I/<<PKGBUILDDIR>>/obj-x86_64-linux-gnu -I/<<PKGBUILDDIR>>/src -g -O2 -ffile-prefix-map=/<<PKGBUILDDIR>>=. -fstack-protector-strong -Wformat -Werror=format-security -Wdate-time -D_FORTIFY_SOURCE=2 -include /<<PKGBUILDDIR>>/obj-x86_64-linux-gnu/config.h -Wall -pthread -std=c++14 -MD -MT src/CMakeFiles/ccache_framework.dir/Hash.cpp.o -MF CMakeFiles/ccache_framework.dir/Hash.cpp.o.d -o CMakeFiles/ccache_framework.dir/Hash.cpp.o -c /<<PKGBUILDDIR>>/src/Hash.cpp
[ 27%] Building CXX object src/CMakeFiles/ccache_framework.dir/Lockfile.cpp.o
cd /<<PKGBUILDDIR>>/obj-x86_64-linux-gnu/src && /usr/bin/c++ -DHAVE_REDIS_STORAGE_BACKEND -DUSE_XXH_DISPATCH -DXXH_STATIC_LINKING_ONLY -Dnssv_CONFIG_SELECT_STRING_VIEW=nssv_STRING_VIEW_NONSTD -I/<<PKGBUILDDIR>>/obj-x86_64-linux-gnu -I/<<PKGBUILDDIR>>/src -g -O2 -ffile-prefix-map=/<<PKGBUILDDIR>>=. -fstack-protector-strong -Wformat -Werror=format-security -Wdate-time -D_FORTIFY_SOURCE=2 -include /<<PKGBUILDDIR>>/obj-x86_64-linux-gnu/config.h -Wall -pthread -std=c++14 -MD -MT src/CMakeFiles/ccache_framework.dir/Lockfile.cpp.o -MF CMakeFiles/ccache_framework.dir/Lockfile.cpp.o.d -o CMakeFiles/ccache_framework.dir/Lockfile.cpp.o -c /<<PKGBUILDDIR>>/src/Lockfile.cpp
[ 27%] Building CXX object src/CMakeFiles/ccache_framework.dir/Logging.cpp.o
cd /<<PKGBUILDDIR>>/obj-x86_64-linux-gnu/src && /usr/bin/c++ -DHAVE_REDIS_STORAGE_BACKEND -DUSE_XXH_DISPATCH -DXXH_STATIC_LINKING_ONLY -Dnssv_CONFIG_SELECT_STRING_VIEW=nssv_STRING_VIEW_NONSTD -I/<<PKGBUILDDIR>>/obj-x86_64-linux-gnu -I/<<PKGBUILDDIR>>/src -g -O2 -ffile-prefix-map=/<<PKGBUILDDIR>>=. -fstack-protector-strong -Wformat -Werror=format-security -Wdate-time -D_FORTIFY_SOURCE=2 -include /<<PKGBUILDDIR>>/obj-x86_64-linux-gnu/config.h -Wall -pthread -std=c++14 -MD -MT src/CMakeFiles/ccache_framework.dir/Logging.cpp.o -MF CMakeFiles/ccache_framework.dir/Logging.cpp.o.d -o CMakeFiles/ccache_framework.dir/Logging.cpp.o -c /<<PKGBUILDDIR>>/src/Logging.cpp
[ 28%] Building CXX object src/CMakeFiles/ccache_framework.dir/Manifest.cpp.o
cd /<<PKGBUILDDIR>>/obj-x86_64-linux-gnu/src && /usr/bin/c++ -DHAVE_REDIS_STORAGE_BACKEND -DUSE_XXH_DISPATCH -DXXH_STATIC_LINKING_ONLY -Dnssv_CONFIG_SELECT_STRING_VIEW=nssv_STRING_VIEW_NONSTD -I/<<PKGBUILDDIR>>/obj-x86_64-linux-gnu -I/<<PKGBUILDDIR>>/src -g -O2 -ffile-prefix-map=/<<PKGBUILDDIR>>=. -fstack-protector-strong -Wformat -Werror=format-security -Wdate-time -D_FORTIFY_SOURCE=2 -include /<<PKGBUILDDIR>>/obj-x86_64-linux-gnu/config.h -Wall -pthread -std=c++14 -MD -MT src/CMakeFiles/ccache_framework.dir/Manifest.cpp.o -MF CMakeFiles/ccache_framework.dir/Manifest.cpp.o.d -o CMakeFiles/ccache_framework.dir/Manifest.cpp.o -c /<<PKGBUILDDIR>>/src/Manifest.cpp
[ 29%] Building CXX object src/CMakeFiles/ccache_framework.dir/ProgressBar.cpp.o
cd /<<PKGBUILDDIR>>/obj-x86_64-linux-gnu/src && /usr/bin/c++ -DHAVE_REDIS_STORAGE_BACKEND -DUSE_XXH_DISPATCH -DXXH_STATIC_LINKING_ONLY -Dnssv_CONFIG_SELECT_STRING_VIEW=nssv_STRING_VIEW_NONSTD -I/<<PKGBUILDDIR>>/obj-x86_64-linux-gnu -I/<<PKGBUILDDIR>>/src -g -O2 -ffile-prefix-map=/<<PKGBUILDDIR>>=. -fstack-protector-strong -Wformat -Werror=format-security -Wdate-time -D_FORTIFY_SOURCE=2 -include /<<PKGBUILDDIR>>/obj-x86_64-linux-gnu/config.h -Wall -pthread -std=c++14 -MD -MT src/CMakeFiles/ccache_framework.dir/ProgressBar.cpp.o -MF CMakeFiles/ccache_framework.dir/ProgressBar.cpp.o.d -o CMakeFiles/ccache_framework.dir/ProgressBar.cpp.o -c /<<PKGBUILDDIR>>/src/ProgressBar.cpp
[ 30%] Building CXX object src/CMakeFiles/ccache_framework.dir/Result.cpp.o
cd /<<PKGBUILDDIR>>/obj-x86_64-linux-gnu/src && /usr/bin/c++ -DHAVE_REDIS_STORAGE_BACKEND -DUSE_XXH_DISPATCH -DXXH_STATIC_LINKING_ONLY -Dnssv_CONFIG_SELECT_STRING_VIEW=nssv_STRING_VIEW_NONSTD -I/<<PKGBUILDDIR>>/obj-x86_64-linux-gnu -I/<<PKGBUILDDIR>>/src -g -O2 -ffile-prefix-map=/<<PKGBUILDDIR>>=. -fstack-protector-strong -Wformat -Werror=format-security -Wdate-time -D_FORTIFY_SOURCE=2 -include /<<PKGBUILDDIR>>/obj-x86_64-linux-gnu/config.h -Wall -pthread -std=c++14 -MD -MT src/CMakeFiles/ccache_framework.dir/Result.cpp.o -MF CMakeFiles/ccache_framework.dir/Result.cpp.o.d -o CMakeFiles/ccache_framework.dir/Result.cpp.o -c /<<PKGBUILDDIR>>/src/Result.cpp
[ 31%] Building CXX object src/CMakeFiles/ccache_framework.dir/ResultDumper.cpp.o
cd /<<PKGBUILDDIR>>/obj-x86_64-linux-gnu/src && /usr/bin/c++ -DHAVE_REDIS_STORAGE_BACKEND -DUSE_XXH_DISPATCH -DXXH_STATIC_LINKING_ONLY -Dnssv_CONFIG_SELECT_STRING_VIEW=nssv_STRING_VIEW_NONSTD -I/<<PKGBUILDDIR>>/obj-x86_64-linux-gnu -I/<<PKGBUILDDIR>>/src -g -O2 -ffile-prefix-map=/<<PKGBUILDDIR>>=. -fstack-protector-strong -Wformat -Werror=format-security -Wdate-time -D_FORTIFY_SOURCE=2 -include /<<PKGBUILDDIR>>/obj-x86_64-linux-gnu/config.h -Wall -pthread -std=c++14 -MD -MT src/CMakeFiles/ccache_framework.dir/ResultDumper.cpp.o -MF CMakeFiles/ccache_framework.dir/ResultDumper.cpp.o.d -o CMakeFiles/ccache_framework.dir/ResultDumper.cpp.o -c /<<PKGBUILDDIR>>/src/ResultDumper.cpp
[ 32%] Building CXX object src/CMakeFiles/ccache_framework.dir/ResultExtractor.cpp.o
cd /<<PKGBUILDDIR>>/obj-x86_64-linux-gnu/src && /usr/bin/c++ -DHAVE_REDIS_STORAGE_BACKEND -DUSE_XXH_DISPATCH -DXXH_STATIC_LINKING_ONLY -Dnssv_CONFIG_SELECT_STRING_VIEW=nssv_STRING_VIEW_NONSTD -I/<<PKGBUILDDIR>>/obj-x86_64-linux-gnu -I/<<PKGBUILDDIR>>/src -g -O2 -ffile-prefix-map=/<<PKGBUILDDIR>>=. -fstack-protector-strong -Wformat -Werror=format-security -Wdate-time -D_FORTIFY_SOURCE=2 -include /<<PKGBUILDDIR>>/obj-x86_64-linux-gnu/config.h -Wall -pthread -std=c++14 -MD -MT src/CMakeFiles/ccache_framework.dir/ResultExtractor.cpp.o -MF CMakeFiles/ccache_framework.dir/ResultExtractor.cpp.o.d -o CMakeFiles/ccache_framework.dir/ResultExtractor.cpp.o -c /<<PKGBUILDDIR>>/src/ResultExtractor.cpp
[ 33%] Building CXX object src/CMakeFiles/ccache_framework.dir/ResultRetriever.cpp.o
cd /<<PKGBUILDDIR>>/obj-x86_64-linux-gnu/src && /usr/bin/c++ -DHAVE_REDIS_STORAGE_BACKEND -DUSE_XXH_DISPATCH -DXXH_STATIC_LINKING_ONLY -Dnssv_CONFIG_SELECT_STRING_VIEW=nssv_STRING_VIEW_NONSTD -I/<<PKGBUILDDIR>>/obj-x86_64-linux-gnu -I/<<PKGBUILDDIR>>/src -g -O2 -ffile-prefix-map=/<<PKGBUILDDIR>>=. -fstack-protector-strong -Wformat -Werror=format-security -Wdate-time -D_FORTIFY_SOURCE=2 -include /<<PKGBUILDDIR>>/obj-x86_64-linux-gnu/config.h -Wall -pthread -std=c++14 -MD -MT src/CMakeFiles/ccache_framework.dir/ResultRetriever.cpp.o -MF CMakeFiles/ccache_framework.dir/ResultRetriever.cpp.o.d -o CMakeFiles/ccache_framework.dir/ResultRetriever.cpp.o -c /<<PKGBUILDDIR>>/src/ResultRetriever.cpp
[ 33%] Building CXX object src/CMakeFiles/ccache_framework.dir/SignalHandler.cpp.o
cd /<<PKGBUILDDIR>>/obj-x86_64-linux-gnu/src && /usr/bin/c++ -DHAVE_REDIS_STORAGE_BACKEND -DUSE_XXH_DISPATCH -DXXH_STATIC_LINKING_ONLY -Dnssv_CONFIG_SELECT_STRING_VIEW=nssv_STRING_VIEW_NONSTD -I/<<PKGBUILDDIR>>/obj-x86_64-linux-gnu -I/<<PKGBUILDDIR>>/src -g -O2 -ffile-prefix-map=/<<PKGBUILDDIR>>=. -fstack-protector-strong -Wformat -Werror=format-security -Wdate-time -D_FORTIFY_SOURCE=2 -include /<<PKGBUILDDIR>>/obj-x86_64-linux-gnu/config.h -Wall -pthread -std=c++14 -MD -MT src/CMakeFiles/ccache_framework.dir/SignalHandler.cpp.o -MF CMakeFiles/ccache_framework.dir/SignalHandler.cpp.o.d -o CMakeFiles/ccache_framework.dir/SignalHandler.cpp.o -c /<<PKGBUILDDIR>>/src/SignalHandler.cpp
[ 34%] Building CXX object src/CMakeFiles/ccache_framework.dir/Stat.cpp.o
cd /<<PKGBUILDDIR>>/obj-x86_64-linux-gnu/src && /usr/bin/c++ -DHAVE_REDIS_STORAGE_BACKEND -DUSE_XXH_DISPATCH -DXXH_STATIC_LINKING_ONLY -Dnssv_CONFIG_SELECT_STRING_VIEW=nssv_STRING_VIEW_NONSTD -I/<<PKGBUILDDIR>>/obj-x86_64-linux-gnu -I/<<PKGBUILDDIR>>/src -g -O2 -ffile-prefix-map=/<<PKGBUILDDIR>>=. -fstack-protector-strong -Wformat -Werror=format-security -Wdate-time -D_FORTIFY_SOURCE=2 -include /<<PKGBUILDDIR>>/obj-x86_64-linux-gnu/config.h -Wall -pthread -std=c++14 -MD -MT src/CMakeFiles/ccache_framework.dir/Stat.cpp.o -MF CMakeFiles/ccache_framework.dir/Stat.cpp.o.d -o CMakeFiles/ccache_framework.dir/Stat.cpp.o -c /<<PKGBUILDDIR>>/src/Stat.cpp
[ 35%] Building CXX object src/CMakeFiles/ccache_framework.dir/TemporaryFile.cpp.o
cd /<<PKGBUILDDIR>>/obj-x86_64-linux-gnu/src && /usr/bin/c++ -DHAVE_REDIS_STORAGE_BACKEND -DUSE_XXH_DISPATCH -DXXH_STATIC_LINKING_ONLY -Dnssv_CONFIG_SELECT_STRING_VIEW=nssv_STRING_VIEW_NONSTD -I/<<PKGBUILDDIR>>/obj-x86_64-linux-gnu -I/<<PKGBUILDDIR>>/src -g -O2 -ffile-prefix-map=/<<PKGBUILDDIR>>=. -fstack-protector-strong -Wformat -Werror=format-security -Wdate-time -D_FORTIFY_SOURCE=2 -include /<<PKGBUILDDIR>>/obj-x86_64-linux-gnu/config.h -Wall -pthread -std=c++14 -MD -MT src/CMakeFiles/ccache_framework.dir/TemporaryFile.cpp.o -MF CMakeFiles/ccache_framework.dir/TemporaryFile.cpp.o.d -o CMakeFiles/ccache_framework.dir/TemporaryFile.cpp.o -c /<<PKGBUILDDIR>>/src/TemporaryFile.cpp
[ 36%] Building CXX object src/CMakeFiles/ccache_framework.dir/ThreadPool.cpp.o
cd /<<PKGBUILDDIR>>/obj-x86_64-linux-gnu/src && /usr/bin/c++ -DHAVE_REDIS_STORAGE_BACKEND -DUSE_XXH_DISPATCH -DXXH_STATIC_LINKING_ONLY -Dnssv_CONFIG_SELECT_STRING_VIEW=nssv_STRING_VIEW_NONSTD -I/<<PKGBUILDDIR>>/obj-x86_64-linux-gnu -I/<<PKGBUILDDIR>>/src -g -O2 -ffile-prefix-map=/<<PKGBUILDDIR>>=. -fstack-protector-strong -Wformat -Werror=format-security -Wdate-time -D_FORTIFY_SOURCE=2 -include /<<PKGBUILDDIR>>/obj-x86_64-linux-gnu/config.h -Wall -pthread -std=c++14 -MD -MT src/CMakeFiles/ccache_framework.dir/ThreadPool.cpp.o -MF CMakeFiles/ccache_framework.dir/ThreadPool.cpp.o.d -o CMakeFiles/ccache_framework.dir/ThreadPool.cpp.o -c /<<PKGBUILDDIR>>/src/ThreadPool.cpp
[ 37%] Building CXX object src/CMakeFiles/ccache_framework.dir/Util.cpp.o
cd /<<PKGBUILDDIR>>/obj-x86_64-linux-gnu/src && /usr/bin/c++ -DHAVE_REDIS_STORAGE_BACKEND -DUSE_XXH_DISPATCH -DXXH_STATIC_LINKING_ONLY -Dnssv_CONFIG_SELECT_STRING_VIEW=nssv_STRING_VIEW_NONSTD -I/<<PKGBUILDDIR>>/obj-x86_64-linux-gnu -I/<<PKGBUILDDIR>>/src -g -O2 -ffile-prefix-map=/<<PKGBUILDDIR>>=. -fstack-protector-strong -Wformat -Werror=format-security -Wdate-time -D_FORTIFY_SOURCE=2 -include /<<PKGBUILDDIR>>/obj-x86_64-linux-gnu/config.h -Wall -pthread -std=c++14 -MD -MT src/CMakeFiles/ccache_framework.dir/Util.cpp.o -MF CMakeFiles/ccache_framework.dir/Util.cpp.o.d -o CMakeFiles/ccache_framework.dir/Util.cpp.o -c /<<PKGBUILDDIR>>/src/Util.cpp
[ 38%] Building CXX object src/CMakeFiles/ccache_framework.dir/argprocessing.cpp.o
cd /<<PKGBUILDDIR>>/obj-x86_64-linux-gnu/src && /usr/bin/c++ -DHAVE_REDIS_STORAGE_BACKEND -DUSE_XXH_DISPATCH -DXXH_STATIC_LINKING_ONLY -Dnssv_CONFIG_SELECT_STRING_VIEW=nssv_STRING_VIEW_NONSTD -I/<<PKGBUILDDIR>>/obj-x86_64-linux-gnu -I/<<PKGBUILDDIR>>/src -g -O2 -ffile-prefix-map=/<<PKGBUILDDIR>>=. -fstack-protector-strong -Wformat -Werror=format-security -Wdate-time -D_FORTIFY_SOURCE=2 -include /<<PKGBUILDDIR>>/obj-x86_64-linux-gnu/config.h -Wall -pthread -std=c++14 -MD -MT src/CMakeFiles/ccache_framework.dir/argprocessing.cpp.o -MF CMakeFiles/ccache_framework.dir/argprocessing.cpp.o.d -o CMakeFiles/ccache_framework.dir/argprocessing.cpp.o -c /<<PKGBUILDDIR>>/src/argprocessing.cpp
[ 39%] Building CXX object src/CMakeFiles/ccache_framework.dir/assertions.cpp.o
cd /<<PKGBUILDDIR>>/obj-x86_64-linux-gnu/src && /usr/bin/c++ -DHAVE_REDIS_STORAGE_BACKEND -DUSE_XXH_DISPATCH -DXXH_STATIC_LINKING_ONLY -Dnssv_CONFIG_SELECT_STRING_VIEW=nssv_STRING_VIEW_NONSTD -I/<<PKGBUILDDIR>>/obj-x86_64-linux-gnu -I/<<PKGBUILDDIR>>/src -g -O2 -ffile-prefix-map=/<<PKGBUILDDIR>>=. -fstack-protector-strong -Wformat -Werror=format-security -Wdate-time -D_FORTIFY_SOURCE=2 -include /<<PKGBUILDDIR>>/obj-x86_64-linux-gnu/config.h -Wall -pthread -std=c++14 -MD -MT src/CMakeFiles/ccache_framework.dir/assertions.cpp.o -MF CMakeFiles/ccache_framework.dir/assertions.cpp.o.d -o CMakeFiles/ccache_framework.dir/assertions.cpp.o -c /<<PKGBUILDDIR>>/src/assertions.cpp
[ 39%] Building CXX object src/CMakeFiles/ccache_framework.dir/ccache.cpp.o
cd /<<PKGBUILDDIR>>/obj-x86_64-linux-gnu/src && /usr/bin/c++ -DHAVE_REDIS_STORAGE_BACKEND -DUSE_XXH_DISPATCH -DXXH_STATIC_LINKING_ONLY -Dnssv_CONFIG_SELECT_STRING_VIEW=nssv_STRING_VIEW_NONSTD -I/<<PKGBUILDDIR>>/obj-x86_64-linux-gnu -I/<<PKGBUILDDIR>>/src -g -O2 -ffile-prefix-map=/<<PKGBUILDDIR>>=. -fstack-protector-strong -Wformat -Werror=format-security -Wdate-time -D_FORTIFY_SOURCE=2 -include /<<PKGBUILDDIR>>/obj-x86_64-linux-gnu/config.h -Wall -pthread -std=c++14 -MD -MT src/CMakeFiles/ccache_framework.dir/ccache.cpp.o -MF CMakeFiles/ccache_framework.dir/ccache.cpp.o.d -o CMakeFiles/ccache_framework.dir/ccache.cpp.o -c /<<PKGBUILDDIR>>/src/ccache.cpp
[ 40%] Building CXX object src/CMakeFiles/ccache_framework.dir/compopt.cpp.o
cd /<<PKGBUILDDIR>>/obj-x86_64-linux-gnu/src && /usr/bin/c++ -DHAVE_REDIS_STORAGE_BACKEND -DUSE_XXH_DISPATCH -DXXH_STATIC_LINKING_ONLY -Dnssv_CONFIG_SELECT_STRING_VIEW=nssv_STRING_VIEW_NONSTD -I/<<PKGBUILDDIR>>/obj-x86_64-linux-gnu -I/<<PKGBUILDDIR>>/src -g -O2 -ffile-prefix-map=/<<PKGBUILDDIR>>=. -fstack-protector-strong -Wformat -Werror=format-security -Wdate-time -D_FORTIFY_SOURCE=2 -include /<<PKGBUILDDIR>>/obj-x86_64-linux-gnu/config.h -Wall -pthread -std=c++14 -MD -MT src/CMakeFiles/ccache_framework.dir/compopt.cpp.o -MF CMakeFiles/ccache_framework.dir/compopt.cpp.o.d -o CMakeFiles/ccache_framework.dir/compopt.cpp.o -c /<<PKGBUILDDIR>>/src/compopt.cpp
[ 41%] Building CXX object src/CMakeFiles/ccache_framework.dir/execute.cpp.o
cd /<<PKGBUILDDIR>>/obj-x86_64-linux-gnu/src && /usr/bin/c++ -DHAVE_REDIS_STORAGE_BACKEND -DUSE_XXH_DISPATCH -DXXH_STATIC_LINKING_ONLY -Dnssv_CONFIG_SELECT_STRING_VIEW=nssv_STRING_VIEW_NONSTD -I/<<PKGBUILDDIR>>/obj-x86_64-linux-gnu -I/<<PKGBUILDDIR>>/src -g -O2 -ffile-prefix-map=/<<PKGBUILDDIR>>=. -fstack-protector-strong -Wformat -Werror=format-security -Wdate-time -D_FORTIFY_SOURCE=2 -include /<<PKGBUILDDIR>>/obj-x86_64-linux-gnu/config.h -Wall -pthread -std=c++14 -MD -MT src/CMakeFiles/ccache_framework.dir/execute.cpp.o -MF CMakeFiles/ccache_framework.dir/execute.cpp.o.d -o CMakeFiles/ccache_framework.dir/execute.cpp.o -c /<<PKGBUILDDIR>>/src/execute.cpp
[ 42%] Building CXX object src/CMakeFiles/ccache_framework.dir/hashutil.cpp.o
cd /<<PKGBUILDDIR>>/obj-x86_64-linux-gnu/src && /usr/bin/c++ -DHAVE_REDIS_STORAGE_BACKEND -DUSE_XXH_DISPATCH -DXXH_STATIC_LINKING_ONLY -Dnssv_CONFIG_SELECT_STRING_VIEW=nssv_STRING_VIEW_NONSTD -I/<<PKGBUILDDIR>>/obj-x86_64-linux-gnu -I/<<PKGBUILDDIR>>/src -g -O2 -ffile-prefix-map=/<<PKGBUILDDIR>>=. -fstack-protector-strong -Wformat -Werror=format-security -Wdate-time -D_FORTIFY_SOURCE=2 -include /<<PKGBUILDDIR>>/obj-x86_64-linux-gnu/config.h -Wall -pthread -std=c++14 -MD -MT src/CMakeFiles/ccache_framework.dir/hashutil.cpp.o -MF CMakeFiles/ccache_framework.dir/hashutil.cpp.o.d -o CMakeFiles/ccache_framework.dir/hashutil.cpp.o -c /<<PKGBUILDDIR>>/src/hashutil.cpp
[ 43%] Building CXX object src/CMakeFiles/ccache_framework.dir/language.cpp.o
cd /<<PKGBUILDDIR>>/obj-x86_64-linux-gnu/src && /usr/bin/c++ -DHAVE_REDIS_STORAGE_BACKEND -DUSE_XXH_DISPATCH -DXXH_STATIC_LINKING_ONLY -Dnssv_CONFIG_SELECT_STRING_VIEW=nssv_STRING_VIEW_NONSTD -I/<<PKGBUILDDIR>>/obj-x86_64-linux-gnu -I/<<PKGBUILDDIR>>/src -g -O2 -ffile-prefix-map=/<<PKGBUILDDIR>>=. -fstack-protector-strong -Wformat -Werror=format-security -Wdate-time -D_FORTIFY_SOURCE=2 -include /<<PKGBUILDDIR>>/obj-x86_64-linux-gnu/config.h -Wall -pthread -std=c++14 -MD -MT src/CMakeFiles/ccache_framework.dir/language.cpp.o -MF CMakeFiles/ccache_framework.dir/language.cpp.o.d -o CMakeFiles/ccache_framework.dir/language.cpp.o -c /<<PKGBUILDDIR>>/src/language.cpp
[ 44%] Building CXX object src/CMakeFiles/ccache_framework.dir/version.cpp.o
cd /<<PKGBUILDDIR>>/obj-x86_64-linux-gnu/src && /usr/bin/c++ -DHAVE_REDIS_STORAGE_BACKEND -DUSE_XXH_DISPATCH -DXXH_STATIC_LINKING_ONLY -Dnssv_CONFIG_SELECT_STRING_VIEW=nssv_STRING_VIEW_NONSTD -I/<<PKGBUILDDIR>>/obj-x86_64-linux-gnu -I/<<PKGBUILDDIR>>/src -g -O2 -ffile-prefix-map=/<<PKGBUILDDIR>>=. -fstack-protector-strong -Wformat -Werror=format-security -Wdate-time -D_FORTIFY_SOURCE=2 -include /<<PKGBUILDDIR>>/obj-x86_64-linux-gnu/config.h -Wall -pthread -std=c++14 -MD -MT src/CMakeFiles/ccache_framework.dir/version.cpp.o -MF CMakeFiles/ccache_framework.dir/version.cpp.o.d -o CMakeFiles/ccache_framework.dir/version.cpp.o -c /<<PKGBUILDDIR>>/obj-x86_64-linux-gnu/src/version.cpp
[ 45%] Building CXX object src/CMakeFiles/ccache_framework.dir/InodeCache.cpp.o
cd /<<PKGBUILDDIR>>/obj-x86_64-linux-gnu/src && /usr/bin/c++ -DHAVE_REDIS_STORAGE_BACKEND -DUSE_XXH_DISPATCH -DXXH_STATIC_LINKING_ONLY -Dnssv_CONFIG_SELECT_STRING_VIEW=nssv_STRING_VIEW_NONSTD -I/<<PKGBUILDDIR>>/obj-x86_64-linux-gnu -I/<<PKGBUILDDIR>>/src -g -O2 -ffile-prefix-map=/<<PKGBUILDDIR>>=. -fstack-protector-strong -Wformat -Werror=format-security -Wdate-time -D_FORTIFY_SOURCE=2 -include /<<PKGBUILDDIR>>/obj-x86_64-linux-gnu/config.h -Wall -pthread -std=c++14 -MD -MT src/CMakeFiles/ccache_framework.dir/InodeCache.cpp.o -MF CMakeFiles/ccache_framework.dir/InodeCache.cpp.o.d -o CMakeFiles/ccache_framework.dir/InodeCache.cpp.o -c /<<PKGBUILDDIR>>/src/InodeCache.cpp
[ 45%] Building CXX object src/CMakeFiles/ccache_framework.dir/compression/Compressor.cpp.o
cd /<<PKGBUILDDIR>>/obj-x86_64-linux-gnu/src && /usr/bin/c++ -DHAVE_REDIS_STORAGE_BACKEND -DUSE_XXH_DISPATCH -DXXH_STATIC_LINKING_ONLY -Dnssv_CONFIG_SELECT_STRING_VIEW=nssv_STRING_VIEW_NONSTD -I/<<PKGBUILDDIR>>/obj-x86_64-linux-gnu -I/<<PKGBUILDDIR>>/src -g -O2 -ffile-prefix-map=/<<PKGBUILDDIR>>=. -fstack-protector-strong -Wformat -Werror=format-security -Wdate-time -D_FORTIFY_SOURCE=2 -include /<<PKGBUILDDIR>>/obj-x86_64-linux-gnu/config.h -Wall -pthread -std=c++14 -MD -MT src/CMakeFiles/ccache_framework.dir/compression/Compressor.cpp.o -MF CMakeFiles/ccache_framework.dir/compression/Compressor.cpp.o.d -o CMakeFiles/ccache_framework.dir/compression/Compressor.cpp.o -c /<<PKGBUILDDIR>>/src/compression/Compressor.cpp
[ 46%] Building CXX object src/CMakeFiles/ccache_framework.dir/compression/Decompressor.cpp.o
cd /<<PKGBUILDDIR>>/obj-x86_64-linux-gnu/src && /usr/bin/c++ -DHAVE_REDIS_STORAGE_BACKEND -DUSE_XXH_DISPATCH -DXXH_STATIC_LINKING_ONLY -Dnssv_CONFIG_SELECT_STRING_VIEW=nssv_STRING_VIEW_NONSTD -I/<<PKGBUILDDIR>>/obj-x86_64-linux-gnu -I/<<PKGBUILDDIR>>/src -g -O2 -ffile-prefix-map=/<<PKGBUILDDIR>>=. -fstack-protector-strong -Wformat -Werror=format-security -Wdate-time -D_FORTIFY_SOURCE=2 -include /<<PKGBUILDDIR>>/obj-x86_64-linux-gnu/config.h -Wall -pthread -std=c++14 -MD -MT src/CMakeFiles/ccache_framework.dir/compression/Decompressor.cpp.o -MF CMakeFiles/ccache_framework.dir/compression/Decompressor.cpp.o.d -o CMakeFiles/ccache_framework.dir/compression/Decompressor.cpp.o -c /<<PKGBUILDDIR>>/src/compression/Decompressor.cpp
[ 47%] Building CXX object src/CMakeFiles/ccache_framework.dir/compression/NullCompressor.cpp.o
cd /<<PKGBUILDDIR>>/obj-x86_64-linux-gnu/src && /usr/bin/c++ -DHAVE_REDIS_STORAGE_BACKEND -DUSE_XXH_DISPATCH -DXXH_STATIC_LINKING_ONLY -Dnssv_CONFIG_SELECT_STRING_VIEW=nssv_STRING_VIEW_NONSTD -I/<<PKGBUILDDIR>>/obj-x86_64-linux-gnu -I/<<PKGBUILDDIR>>/src -g -O2 -ffile-prefix-map=/<<PKGBUILDDIR>>=. -fstack-protector-strong -Wformat -Werror=format-security -Wdate-time -D_FORTIFY_SOURCE=2 -include /<<PKGBUILDDIR>>/obj-x86_64-linux-gnu/config.h -Wall -pthread -std=c++14 -MD -MT src/CMakeFiles/ccache_framework.dir/compression/NullCompressor.cpp.o -MF CMakeFiles/ccache_framework.dir/compression/NullCompressor.cpp.o.d -o CMakeFiles/ccache_framework.dir/compression/NullCompressor.cpp.o -c /<<PKGBUILDDIR>>/src/compression/NullCompressor.cpp
[ 48%] Building CXX object src/CMakeFiles/ccache_framework.dir/compression/NullDecompressor.cpp.o
cd /<<PKGBUILDDIR>>/obj-x86_64-linux-gnu/src && /usr/bin/c++ -DHAVE_REDIS_STORAGE_BACKEND -DUSE_XXH_DISPATCH -DXXH_STATIC_LINKING_ONLY -Dnssv_CONFIG_SELECT_STRING_VIEW=nssv_STRING_VIEW_NONSTD -I/<<PKGBUILDDIR>>/obj-x86_64-linux-gnu -I/<<PKGBUILDDIR>>/src -g -O2 -ffile-prefix-map=/<<PKGBUILDDIR>>=. -fstack-protector-strong -Wformat -Werror=format-security -Wdate-time -D_FORTIFY_SOURCE=2 -include /<<PKGBUILDDIR>>/obj-x86_64-linux-gnu/config.h -Wall -pthread -std=c++14 -MD -MT src/CMakeFiles/ccache_framework.dir/compression/NullDecompressor.cpp.o -MF CMakeFiles/ccache_framework.dir/compression/NullDecompressor.cpp.o.d -o CMakeFiles/ccache_framework.dir/compression/NullDecompressor.cpp.o -c /<<PKGBUILDDIR>>/src/compression/NullDecompressor.cpp
[ 50%] Building CXX object src/CMakeFiles/ccache_framework.dir/compression/ZstdCompressor.cpp.o
cd /<<PKGBUILDDIR>>/obj-x86_64-linux-gnu/src && /usr/bin/c++ -DHAVE_REDIS_STORAGE_BACKEND -DUSE_XXH_DISPATCH -DXXH_STATIC_LINKING_ONLY -Dnssv_CONFIG_SELECT_STRING_VIEW=nssv_STRING_VIEW_NONSTD -I/<<PKGBUILDDIR>>/obj-x86_64-linux-gnu -I/<<PKGBUILDDIR>>/src -g -O2 -ffile-prefix-map=/<<PKGBUILDDIR>>=. -fstack-protector-strong -Wformat -Werror=format-security -Wdate-time -D_FORTIFY_SOURCE=2 -include /<<PKGBUILDDIR>>/obj-x86_64-linux-gnu/config.h -Wall -pthread -std=c++14 -MD -MT src/CMakeFiles/ccache_framework.dir/compression/ZstdCompressor.cpp.o -MF CMakeFiles/ccache_framework.dir/compression/ZstdCompressor.cpp.o.d -o CMakeFiles/ccache_framework.dir/compression/ZstdCompressor.cpp.o -c /<<PKGBUILDDIR>>/src/compression/ZstdCompressor.cpp
[ 51%] Building CXX object src/CMakeFiles/ccache_framework.dir/compression/ZstdDecompressor.cpp.o
cd /<<PKGBUILDDIR>>/obj-x86_64-linux-gnu/src && /usr/bin/c++ -DHAVE_REDIS_STORAGE_BACKEND -DUSE_XXH_DISPATCH -DXXH_STATIC_LINKING_ONLY -Dnssv_CONFIG_SELECT_STRING_VIEW=nssv_STRING_VIEW_NONSTD -I/<<PKGBUILDDIR>>/obj-x86_64-linux-gnu -I/<<PKGBUILDDIR>>/src -g -O2 -ffile-prefix-map=/<<PKGBUILDDIR>>=. -fstack-protector-strong -Wformat -Werror=format-security -Wdate-time -D_FORTIFY_SOURCE=2 -include /<<PKGBUILDDIR>>/obj-x86_64-linux-gnu/config.h -Wall -pthread -std=c++14 -MD -MT src/CMakeFiles/ccache_framework.dir/compression/ZstdDecompressor.cpp.o -MF CMakeFiles/ccache_framework.dir/compression/ZstdDecompressor.cpp.o.d -o CMakeFiles/ccache_framework.dir/compression/ZstdDecompressor.cpp.o -c /<<PKGBUILDDIR>>/src/compression/ZstdDecompressor.cpp
[ 52%] Building CXX object src/CMakeFiles/ccache_framework.dir/compression/types.cpp.o
cd /<<PKGBUILDDIR>>/obj-x86_64-linux-gnu/src && /usr/bin/c++ -DHAVE_REDIS_STORAGE_BACKEND -DUSE_XXH_DISPATCH -DXXH_STATIC_LINKING_ONLY -Dnssv_CONFIG_SELECT_STRING_VIEW=nssv_STRING_VIEW_NONSTD -I/<<PKGBUILDDIR>>/obj-x86_64-linux-gnu -I/<<PKGBUILDDIR>>/src -g -O2 -ffile-prefix-map=/<<PKGBUILDDIR>>=. -fstack-protector-strong -Wformat -Werror=format-security -Wdate-time -D_FORTIFY_SOURCE=2 -include /<<PKGBUILDDIR>>/obj-x86_64-linux-gnu/config.h -Wall -pthread -std=c++14 -MD -MT src/CMakeFiles/ccache_framework.dir/compression/types.cpp.o -MF CMakeFiles/ccache_framework.dir/compression/types.cpp.o.d -o CMakeFiles/ccache_framework.dir/compression/types.cpp.o -c /<<PKGBUILDDIR>>/src/compression/types.cpp
[ 52%] Building CXX object src/CMakeFiles/ccache_framework.dir/core/Statistics.cpp.o
cd /<<PKGBUILDDIR>>/obj-x86_64-linux-gnu/src && /usr/bin/c++ -DHAVE_REDIS_STORAGE_BACKEND -DUSE_XXH_DISPATCH -DXXH_STATIC_LINKING_ONLY -Dnssv_CONFIG_SELECT_STRING_VIEW=nssv_STRING_VIEW_NONSTD -I/<<PKGBUILDDIR>>/obj-x86_64-linux-gnu -I/<<PKGBUILDDIR>>/src -g -O2 -ffile-prefix-map=/<<PKGBUILDDIR>>=. -fstack-protector-strong -Wformat -Werror=format-security -Wdate-time -D_FORTIFY_SOURCE=2 -include /<<PKGBUILDDIR>>/obj-x86_64-linux-gnu/config.h -Wall -pthread -std=c++14 -MD -MT src/CMakeFiles/ccache_framework.dir/core/Statistics.cpp.o -MF CMakeFiles/ccache_framework.dir/core/Statistics.cpp.o.d -o CMakeFiles/ccache_framework.dir/core/Statistics.cpp.o -c /<<PKGBUILDDIR>>/src/core/Statistics.cpp
[ 53%] Building CXX object src/CMakeFiles/ccache_framework.dir/core/StatisticsCounters.cpp.o
cd /<<PKGBUILDDIR>>/obj-x86_64-linux-gnu/src && /usr/bin/c++ -DHAVE_REDIS_STORAGE_BACKEND -DUSE_XXH_DISPATCH -DXXH_STATIC_LINKING_ONLY -Dnssv_CONFIG_SELECT_STRING_VIEW=nssv_STRING_VIEW_NONSTD -I/<<PKGBUILDDIR>>/obj-x86_64-linux-gnu -I/<<PKGBUILDDIR>>/src -g -O2 -ffile-prefix-map=/<<PKGBUILDDIR>>=. -fstack-protector-strong -Wformat -Werror=format-security -Wdate-time -D_FORTIFY_SOURCE=2 -include /<<PKGBUILDDIR>>/obj-x86_64-linux-gnu/config.h -Wall -pthread -std=c++14 -MD -MT src/CMakeFiles/ccache_framework.dir/core/StatisticsCounters.cpp.o -MF CMakeFiles/ccache_framework.dir/core/StatisticsCounters.cpp.o.d -o CMakeFiles/ccache_framework.dir/core/StatisticsCounters.cpp.o -c /<<PKGBUILDDIR>>/src/core/StatisticsCounters.cpp
[ 54%] Building CXX object src/CMakeFiles/ccache_framework.dir/core/StatsLog.cpp.o
cd /<<PKGBUILDDIR>>/obj-x86_64-linux-gnu/src && /usr/bin/c++ -DHAVE_REDIS_STORAGE_BACKEND -DUSE_XXH_DISPATCH -DXXH_STATIC_LINKING_ONLY -Dnssv_CONFIG_SELECT_STRING_VIEW=nssv_STRING_VIEW_NONSTD -I/<<PKGBUILDDIR>>/obj-x86_64-linux-gnu -I/<<PKGBUILDDIR>>/src -g -O2 -ffile-prefix-map=/<<PKGBUILDDIR>>=. -fstack-protector-strong -Wformat -Werror=format-security -Wdate-time -D_FORTIFY_SOURCE=2 -include /<<PKGBUILDDIR>>/obj-x86_64-linux-gnu/config.h -Wall -pthread -std=c++14 -MD -MT src/CMakeFiles/ccache_framework.dir/core/StatsLog.cpp.o -MF CMakeFiles/ccache_framework.dir/core/StatsLog.cpp.o.d -o CMakeFiles/ccache_framework.dir/core/StatsLog.cpp.o -c /<<PKGBUILDDIR>>/src/core/StatsLog.cpp
[ 55%] Building CXX object src/CMakeFiles/ccache_framework.dir/core/mainoptions.cpp.o
cd /<<PKGBUILDDIR>>/obj-x86_64-linux-gnu/src && /usr/bin/c++ -DHAVE_REDIS_STORAGE_BACKEND -DUSE_XXH_DISPATCH -DXXH_STATIC_LINKING_ONLY -Dnssv_CONFIG_SELECT_STRING_VIEW=nssv_STRING_VIEW_NONSTD -I/<<PKGBUILDDIR>>/obj-x86_64-linux-gnu -I/<<PKGBUILDDIR>>/src -g -O2 -ffile-prefix-map=/<<PKGBUILDDIR>>=. -fstack-protector-strong -Wformat -Werror=format-security -Wdate-time -D_FORTIFY_SOURCE=2 -include /<<PKGBUILDDIR>>/obj-x86_64-linux-gnu/config.h -Wall -pthread -std=c++14 -MD -MT src/CMakeFiles/ccache_framework.dir/core/mainoptions.cpp.o -MF CMakeFiles/ccache_framework.dir/core/mainoptions.cpp.o.d -o CMakeFiles/ccache_framework.dir/core/mainoptions.cpp.o -c /<<PKGBUILDDIR>>/src/core/mainoptions.cpp
[ 56%] Building CXX object src/CMakeFiles/ccache_framework.dir/storage/primary/CacheFile.cpp.o
cd /<<PKGBUILDDIR>>/obj-x86_64-linux-gnu/src && /usr/bin/c++ -DHAVE_REDIS_STORAGE_BACKEND -DUSE_XXH_DISPATCH -DXXH_STATIC_LINKING_ONLY -Dnssv_CONFIG_SELECT_STRING_VIEW=nssv_STRING_VIEW_NONSTD -I/<<PKGBUILDDIR>>/obj-x86_64-linux-gnu -I/<<PKGBUILDDIR>>/src -g -O2 -ffile-prefix-map=/<<PKGBUILDDIR>>=. -fstack-protector-strong -Wformat -Werror=format-security -Wdate-time -D_FORTIFY_SOURCE=2 -include /<<PKGBUILDDIR>>/obj-x86_64-linux-gnu/config.h -Wall -pthread -std=c++14 -MD -MT src/CMakeFiles/ccache_framework.dir/storage/primary/CacheFile.cpp.o -MF CMakeFiles/ccache_framework.dir/storage/primary/CacheFile.cpp.o.d -o CMakeFiles/ccache_framework.dir/storage/primary/CacheFile.cpp.o -c /<<PKGBUILDDIR>>/src/storage/primary/CacheFile.cpp
[ 57%] Building CXX object src/CMakeFiles/ccache_framework.dir/storage/primary/PrimaryStorage.cpp.o
cd /<<PKGBUILDDIR>>/obj-x86_64-linux-gnu/src && /usr/bin/c++ -DHAVE_REDIS_STORAGE_BACKEND -DUSE_XXH_DISPATCH -DXXH_STATIC_LINKING_ONLY -Dnssv_CONFIG_SELECT_STRING_VIEW=nssv_STRING_VIEW_NONSTD -I/<<PKGBUILDDIR>>/obj-x86_64-linux-gnu -I/<<PKGBUILDDIR>>/src -g -O2 -ffile-prefix-map=/<<PKGBUILDDIR>>=. -fstack-protector-strong -Wformat -Werror=format-security -Wdate-time -D_FORTIFY_SOURCE=2 -include /<<PKGBUILDDIR>>/obj-x86_64-linux-gnu/config.h -Wall -pthread -std=c++14 -MD -MT src/CMakeFiles/ccache_framework.dir/storage/primary/PrimaryStorage.cpp.o -MF CMakeFiles/ccache_framework.dir/storage/primary/PrimaryStorage.cpp.o.d -o CMakeFiles/ccache_framework.dir/storage/primary/PrimaryStorage.cpp.o -c /<<PKGBUILDDIR>>/src/storage/primary/PrimaryStorage.cpp
[ 58%] Building CXX object src/CMakeFiles/ccache_framework.dir/storage/primary/PrimaryStorage_cleanup.cpp.o
cd /<<PKGBUILDDIR>>/obj-x86_64-linux-gnu/src && /usr/bin/c++ -DHAVE_REDIS_STORAGE_BACKEND -DUSE_XXH_DISPATCH -DXXH_STATIC_LINKING_ONLY -Dnssv_CONFIG_SELECT_STRING_VIEW=nssv_STRING_VIEW_NONSTD -I/<<PKGBUILDDIR>>/obj-x86_64-linux-gnu -I/<<PKGBUILDDIR>>/src -g -O2 -ffile-prefix-map=/<<PKGBUILDDIR>>=. -fstack-protector-strong -Wformat -Werror=format-security -Wdate-time -D_FORTIFY_SOURCE=2 -include /<<PKGBUILDDIR>>/obj-x86_64-linux-gnu/config.h -Wall -pthread -std=c++14 -MD -MT src/CMakeFiles/ccache_framework.dir/storage/primary/PrimaryStorage_cleanup.cpp.o -MF CMakeFiles/ccache_framework.dir/storage/primary/PrimaryStorage_cleanup.cpp.o.d -o CMakeFiles/ccache_framework.dir/storage/primary/PrimaryStorage_cleanup.cpp.o -c /<<PKGBUILDDIR>>/src/storage/primary/PrimaryStorage_cleanup.cpp
[ 58%] Building CXX object src/CMakeFiles/ccache_framework.dir/storage/primary/PrimaryStorage_compress.cpp.o
cd /<<PKGBUILDDIR>>/obj-x86_64-linux-gnu/src && /usr/bin/c++ -DHAVE_REDIS_STORAGE_BACKEND -DUSE_XXH_DISPATCH -DXXH_STATIC_LINKING_ONLY -Dnssv_CONFIG_SELECT_STRING_VIEW=nssv_STRING_VIEW_NONSTD -I/<<PKGBUILDDIR>>/obj-x86_64-linux-gnu -I/<<PKGBUILDDIR>>/src -g -O2 -ffile-prefix-map=/<<PKGBUILDDIR>>=. -fstack-protector-strong -Wformat -Werror=format-security -Wdate-time -D_FORTIFY_SOURCE=2 -include /<<PKGBUILDDIR>>/obj-x86_64-linux-gnu/config.h -Wall -pthread -std=c++14 -MD -MT src/CMakeFiles/ccache_framework.dir/storage/primary/PrimaryStorage_compress.cpp.o -MF CMakeFiles/ccache_framework.dir/storage/primary/PrimaryStorage_compress.cpp.o.d -o CMakeFiles/ccache_framework.dir/storage/primary/PrimaryStorage_compress.cpp.o -c /<<PKGBUILDDIR>>/src/storage/primary/PrimaryStorage_compress.cpp
[ 59%] Building CXX object src/CMakeFiles/ccache_framework.dir/storage/primary/PrimaryStorage_statistics.cpp.o
cd /<<PKGBUILDDIR>>/obj-x86_64-linux-gnu/src && /usr/bin/c++ -DHAVE_REDIS_STORAGE_BACKEND -DUSE_XXH_DISPATCH -DXXH_STATIC_LINKING_ONLY -Dnssv_CONFIG_SELECT_STRING_VIEW=nssv_STRING_VIEW_NONSTD -I/<<PKGBUILDDIR>>/obj-x86_64-linux-gnu -I/<<PKGBUILDDIR>>/src -g -O2 -ffile-prefix-map=/<<PKGBUILDDIR>>=. -fstack-protector-strong -Wformat -Werror=format-security -Wdate-time -D_FORTIFY_SOURCE=2 -include /<<PKGBUILDDIR>>/obj-x86_64-linux-gnu/config.h -Wall -pthread -std=c++14 -MD -MT src/CMakeFiles/ccache_framework.dir/storage/primary/PrimaryStorage_statistics.cpp.o -MF CMakeFiles/ccache_framework.dir/storage/primary/PrimaryStorage_statistics.cpp.o.d -o CMakeFiles/ccache_framework.dir/storage/primary/PrimaryStorage_statistics.cpp.o -c /<<PKGBUILDDIR>>/src/storage/primary/PrimaryStorage_statistics.cpp
[ 60%] Building CXX object src/CMakeFiles/ccache_framework.dir/storage/primary/StatsFile.cpp.o
cd /<<PKGBUILDDIR>>/obj-x86_64-linux-gnu/src && /usr/bin/c++ -DHAVE_REDIS_STORAGE_BACKEND -DUSE_XXH_DISPATCH -DXXH_STATIC_LINKING_ONLY -Dnssv_CONFIG_SELECT_STRING_VIEW=nssv_STRING_VIEW_NONSTD -I/<<PKGBUILDDIR>>/obj-x86_64-linux-gnu -I/<<PKGBUILDDIR>>/src -g -O2 -ffile-prefix-map=/<<PKGBUILDDIR>>=. -fstack-protector-strong -Wformat -Werror=format-security -Wdate-time -D_FORTIFY_SOURCE=2 -include /<<PKGBUILDDIR>>/obj-x86_64-linux-gnu/config.h -Wall -pthread -std=c++14 -MD -MT src/CMakeFiles/ccache_framework.dir/storage/primary/StatsFile.cpp.o -MF CMakeFiles/ccache_framework.dir/storage/primary/StatsFile.cpp.o.d -o CMakeFiles/ccache_framework.dir/storage/primary/StatsFile.cpp.o -c /<<PKGBUILDDIR>>/src/storage/primary/StatsFile.cpp
[ 61%] Building CXX object src/CMakeFiles/ccache_framework.dir/storage/primary/util.cpp.o
cd /<<PKGBUILDDIR>>/obj-x86_64-linux-gnu/src && /usr/bin/c++ -DHAVE_REDIS_STORAGE_BACKEND -DUSE_XXH_DISPATCH -DXXH_STATIC_LINKING_ONLY -Dnssv_CONFIG_SELECT_STRING_VIEW=nssv_STRING_VIEW_NONSTD -I/<<PKGBUILDDIR>>/obj-x86_64-linux-gnu -I/<<PKGBUILDDIR>>/src -g -O2 -ffile-prefix-map=/<<PKGBUILDDIR>>=. -fstack-protector-strong -Wformat -Werror=format-security -Wdate-time -D_FORTIFY_SOURCE=2 -include /<<PKGBUILDDIR>>/obj-x86_64-linux-gnu/config.h -Wall -pthread -std=c++14 -MD -MT src/CMakeFiles/ccache_framework.dir/storage/primary/util.cpp.o -MF CMakeFiles/ccache_framework.dir/storage/primary/util.cpp.o.d -o CMakeFiles/ccache_framework.dir/storage/primary/util.cpp.o -c /<<PKGBUILDDIR>>/src/storage/primary/util.cpp
[ 62%] Building CXX object src/CMakeFiles/ccache_framework.dir/storage/secondary/FileStorage.cpp.o
cd /<<PKGBUILDDIR>>/obj-x86_64-linux-gnu/src && /usr/bin/c++ -DHAVE_REDIS_STORAGE_BACKEND -DUSE_XXH_DISPATCH -DXXH_STATIC_LINKING_ONLY -Dnssv_CONFIG_SELECT_STRING_VIEW=nssv_STRING_VIEW_NONSTD -I/<<PKGBUILDDIR>>/obj-x86_64-linux-gnu -I/<<PKGBUILDDIR>>/src -g -O2 -ffile-prefix-map=/<<PKGBUILDDIR>>=. -fstack-protector-strong -Wformat -Werror=format-security -Wdate-time -D_FORTIFY_SOURCE=2 -include /<<PKGBUILDDIR>>/obj-x86_64-linux-gnu/config.h -Wall -pthread -std=c++14 -MD -MT src/CMakeFiles/ccache_framework.dir/storage/secondary/FileStorage.cpp.o -MF CMakeFiles/ccache_framework.dir/storage/secondary/FileStorage.cpp.o.d -o CMakeFiles/ccache_framework.dir/storage/secondary/FileStorage.cpp.o -c /<<PKGBUILDDIR>>/src/storage/secondary/FileStorage.cpp
[ 63%] Building CXX object src/CMakeFiles/ccache_framework.dir/storage/secondary/HttpStorage.cpp.o
cd /<<PKGBUILDDIR>>/obj-x86_64-linux-gnu/src && /usr/bin/c++ -DHAVE_REDIS_STORAGE_BACKEND -DUSE_XXH_DISPATCH -DXXH_STATIC_LINKING_ONLY -Dnssv_CONFIG_SELECT_STRING_VIEW=nssv_STRING_VIEW_NONSTD -I/<<PKGBUILDDIR>>/obj-x86_64-linux-gnu -I/<<PKGBUILDDIR>>/src -g -O2 -ffile-prefix-map=/<<PKGBUILDDIR>>=. -fstack-protector-strong -Wformat -Werror=format-security -Wdate-time -D_FORTIFY_SOURCE=2 -include /<<PKGBUILDDIR>>/obj-x86_64-linux-gnu/config.h -Wall -pthread -std=c++14 -MD -MT src/CMakeFiles/ccache_framework.dir/storage/secondary/HttpStorage.cpp.o -MF CMakeFiles/ccache_framework.dir/storage/secondary/HttpStorage.cpp.o.d -o CMakeFiles/ccache_framework.dir/storage/secondary/HttpStorage.cpp.o -c /<<PKGBUILDDIR>>/src/storage/secondary/HttpStorage.cpp
[ 63%] Building CXX object src/CMakeFiles/ccache_framework.dir/storage/secondary/SecondaryStorage.cpp.o
cd /<<PKGBUILDDIR>>/obj-x86_64-linux-gnu/src && /usr/bin/c++ -DHAVE_REDIS_STORAGE_BACKEND -DUSE_XXH_DISPATCH -DXXH_STATIC_LINKING_ONLY -Dnssv_CONFIG_SELECT_STRING_VIEW=nssv_STRING_VIEW_NONSTD -I/<<PKGBUILDDIR>>/obj-x86_64-linux-gnu -I/<<PKGBUILDDIR>>/src -g -O2 -ffile-prefix-map=/<<PKGBUILDDIR>>=. -fstack-protector-strong -Wformat -Werror=format-security -Wdate-time -D_FORTIFY_SOURCE=2 -include /<<PKGBUILDDIR>>/obj-x86_64-linux-gnu/config.h -Wall -pthread -std=c++14 -MD -MT src/CMakeFiles/ccache_framework.dir/storage/secondary/SecondaryStorage.cpp.o -MF CMakeFiles/ccache_framework.dir/storage/secondary/SecondaryStorage.cpp.o.d -o CMakeFiles/ccache_framework.dir/storage/secondary/SecondaryStorage.cpp.o -c /<<PKGBUILDDIR>>/src/storage/secondary/SecondaryStorage.cpp
[ 64%] Building CXX object src/CMakeFiles/ccache_framework.dir/storage/secondary/RedisStorage.cpp.o
cd /<<PKGBUILDDIR>>/obj-x86_64-linux-gnu/src && /usr/bin/c++ -DHAVE_REDIS_STORAGE_BACKEND -DUSE_XXH_DISPATCH -DXXH_STATIC_LINKING_ONLY -Dnssv_CONFIG_SELECT_STRING_VIEW=nssv_STRING_VIEW_NONSTD -I/<<PKGBUILDDIR>>/obj-x86_64-linux-gnu -I/<<PKGBUILDDIR>>/src -g -O2 -ffile-prefix-map=/<<PKGBUILDDIR>>=. -fstack-protector-strong -Wformat -Werror=format-security -Wdate-time -D_FORTIFY_SOURCE=2 -include /<<PKGBUILDDIR>>/obj-x86_64-linux-gnu/config.h -Wall -pthread -std=c++14 -MD -MT src/CMakeFiles/ccache_framework.dir/storage/secondary/RedisStorage.cpp.o -MF CMakeFiles/ccache_framework.dir/storage/secondary/RedisStorage.cpp.o.d -o CMakeFiles/ccache_framework.dir/storage/secondary/RedisStorage.cpp.o -c /<<PKGBUILDDIR>>/src/storage/secondary/RedisStorage.cpp
[ 65%] Building CXX object src/CMakeFiles/ccache_framework.dir/storage/Storage.cpp.o
cd /<<PKGBUILDDIR>>/obj-x86_64-linux-gnu/src && /usr/bin/c++ -DHAVE_REDIS_STORAGE_BACKEND -DUSE_XXH_DISPATCH -DXXH_STATIC_LINKING_ONLY -Dnssv_CONFIG_SELECT_STRING_VIEW=nssv_STRING_VIEW_NONSTD -I/<<PKGBUILDDIR>>/obj-x86_64-linux-gnu -I/<<PKGBUILDDIR>>/src -g -O2 -ffile-prefix-map=/<<PKGBUILDDIR>>=. -fstack-protector-strong -Wformat -Werror=format-security -Wdate-time -D_FORTIFY_SOURCE=2 -include /<<PKGBUILDDIR>>/obj-x86_64-linux-gnu/config.h -Wall -pthread -std=c++14 -MD -MT src/CMakeFiles/ccache_framework.dir/storage/Storage.cpp.o -MF CMakeFiles/ccache_framework.dir/storage/Storage.cpp.o.d -o CMakeFiles/ccache_framework.dir/storage/Storage.cpp.o -c /<<PKGBUILDDIR>>/src/storage/Storage.cpp
[ 66%] Building CXX object src/CMakeFiles/ccache_framework.dir/util/TextTable.cpp.o
cd /<<PKGBUILDDIR>>/obj-x86_64-linux-gnu/src && /usr/bin/c++ -DHAVE_REDIS_STORAGE_BACKEND -DUSE_XXH_DISPATCH -DXXH_STATIC_LINKING_ONLY -Dnssv_CONFIG_SELECT_STRING_VIEW=nssv_STRING_VIEW_NONSTD -I/<<PKGBUILDDIR>>/obj-x86_64-linux-gnu -I/<<PKGBUILDDIR>>/src -g -O2 -ffile-prefix-map=/<<PKGBUILDDIR>>=. -fstack-protector-strong -Wformat -Werror=format-security -Wdate-time -D_FORTIFY_SOURCE=2 -include /<<PKGBUILDDIR>>/obj-x86_64-linux-gnu/config.h -Wall -pthread -std=c++14 -MD -MT src/CMakeFiles/ccache_framework.dir/util/TextTable.cpp.o -MF CMakeFiles/ccache_framework.dir/util/TextTable.cpp.o.d -o CMakeFiles/ccache_framework.dir/util/TextTable.cpp.o -c /<<PKGBUILDDIR>>/src/util/TextTable.cpp
[ 67%] Building CXX object src/CMakeFiles/ccache_framework.dir/util/Tokenizer.cpp.o
cd /<<PKGBUILDDIR>>/obj-x86_64-linux-gnu/src && /usr/bin/c++ -DHAVE_REDIS_STORAGE_BACKEND -DUSE_XXH_DISPATCH -DXXH_STATIC_LINKING_ONLY -Dnssv_CONFIG_SELECT_STRING_VIEW=nssv_STRING_VIEW_NONSTD -I/<<PKGBUILDDIR>>/obj-x86_64-linux-gnu -I/<<PKGBUILDDIR>>/src -g -O2 -ffile-prefix-map=/<<PKGBUILDDIR>>=. -fstack-protector-strong -Wformat -Werror=format-security -Wdate-time -D_FORTIFY_SOURCE=2 -include /<<PKGBUILDDIR>>/obj-x86_64-linux-gnu/config.h -Wall -pthread -std=c++14 -MD -MT src/CMakeFiles/ccache_framework.dir/util/Tokenizer.cpp.o -MF CMakeFiles/ccache_framework.dir/util/Tokenizer.cpp.o.d -o CMakeFiles/ccache_framework.dir/util/Tokenizer.cpp.o -c /<<PKGBUILDDIR>>/src/util/Tokenizer.cpp
[ 68%] Building CXX object src/CMakeFiles/ccache_framework.dir/util/file.cpp.o
cd /<<PKGBUILDDIR>>/obj-x86_64-linux-gnu/src && /usr/bin/c++ -DHAVE_REDIS_STORAGE_BACKEND -DUSE_XXH_DISPATCH -DXXH_STATIC_LINKING_ONLY -Dnssv_CONFIG_SELECT_STRING_VIEW=nssv_STRING_VIEW_NONSTD -I/<<PKGBUILDDIR>>/obj-x86_64-linux-gnu -I/<<PKGBUILDDIR>>/src -g -O2 -ffile-prefix-map=/<<PKGBUILDDIR>>=. -fstack-protector-strong -Wformat -Werror=format-security -Wdate-time -D_FORTIFY_SOURCE=2 -include /<<PKGBUILDDIR>>/obj-x86_64-linux-gnu/config.h -Wall -pthread -std=c++14 -MD -MT src/CMakeFiles/ccache_framework.dir/util/file.cpp.o -MF CMakeFiles/ccache_framework.dir/util/file.cpp.o.d -o CMakeFiles/ccache_framework.dir/util/file.cpp.o -c /<<PKGBUILDDIR>>/src/util/file.cpp
[ 69%] Building CXX object src/CMakeFiles/ccache_framework.dir/util/path.cpp.o
cd /<<PKGBUILDDIR>>/obj-x86_64-linux-gnu/src && /usr/bin/c++ -DHAVE_REDIS_STORAGE_BACKEND -DUSE_XXH_DISPATCH -DXXH_STATIC_LINKING_ONLY -Dnssv_CONFIG_SELECT_STRING_VIEW=nssv_STRING_VIEW_NONSTD -I/<<PKGBUILDDIR>>/obj-x86_64-linux-gnu -I/<<PKGBUILDDIR>>/src -g -O2 -ffile-prefix-map=/<<PKGBUILDDIR>>=. -fstack-protector-strong -Wformat -Werror=format-security -Wdate-time -D_FORTIFY_SOURCE=2 -include /<<PKGBUILDDIR>>/obj-x86_64-linux-gnu/config.h -Wall -pthread -std=c++14 -MD -MT src/CMakeFiles/ccache_framework.dir/util/path.cpp.o -MF CMakeFiles/ccache_framework.dir/util/path.cpp.o.d -o CMakeFiles/ccache_framework.dir/util/path.cpp.o -c /<<PKGBUILDDIR>>/src/util/path.cpp
[ 69%] Building CXX object src/CMakeFiles/ccache_framework.dir/util/string.cpp.o
cd /<<PKGBUILDDIR>>/obj-x86_64-linux-gnu/src && /usr/bin/c++ -DHAVE_REDIS_STORAGE_BACKEND -DUSE_XXH_DISPATCH -DXXH_STATIC_LINKING_ONLY -Dnssv_CONFIG_SELECT_STRING_VIEW=nssv_STRING_VIEW_NONSTD -I/<<PKGBUILDDIR>>/obj-x86_64-linux-gnu -I/<<PKGBUILDDIR>>/src -g -O2 -ffile-prefix-map=/<<PKGBUILDDIR>>=. -fstack-protector-strong -Wformat -Werror=format-security -Wdate-time -D_FORTIFY_SOURCE=2 -include /<<PKGBUILDDIR>>/obj-x86_64-linux-gnu/config.h -Wall -pthread -std=c++14 -MD -MT src/CMakeFiles/ccache_framework.dir/util/string.cpp.o -MF CMakeFiles/ccache_framework.dir/util/string.cpp.o.d -o CMakeFiles/ccache_framework.dir/util/string.cpp.o -c /<<PKGBUILDDIR>>/src/util/string.cpp
[ 70%] Linking CXX static library libccache_framework.a
cd /<<PKGBUILDDIR>>/obj-x86_64-linux-gnu/src && /usr/bin/cmake -P CMakeFiles/ccache_framework.dir/cmake_clean_target.cmake
cd /<<PKGBUILDDIR>>/obj-x86_64-linux-gnu/src && /usr/bin/cmake -E cmake_link_script CMakeFiles/ccache_framework.dir/link.txt --verbose=1
/usr/bin/ar qc libccache_framework.a CMakeFiles/ccache_framework.dir/Args.cpp.o CMakeFiles/ccache_framework.dir/AtomicFile.cpp.o CMakeFiles/ccache_framework.dir/CacheEntryReader.cpp.o CMakeFiles/ccache_framework.dir/CacheEntryWriter.cpp.o CMakeFiles/ccache_framework.dir/Config.cpp.o CMakeFiles/ccache_framework.dir/Context.cpp.o CMakeFiles/ccache_framework.dir/Depfile.cpp.o CMakeFiles/ccache_framework.dir/Fd.cpp.o CMakeFiles/ccache_framework.dir/Hash.cpp.o CMakeFiles/ccache_framework.dir/Lockfile.cpp.o CMakeFiles/ccache_framework.dir/Logging.cpp.o CMakeFiles/ccache_framework.dir/Manifest.cpp.o CMakeFiles/ccache_framework.dir/ProgressBar.cpp.o CMakeFiles/ccache_framework.dir/Result.cpp.o CMakeFiles/ccache_framework.dir/ResultDumper.cpp.o CMakeFiles/ccache_framework.dir/ResultExtractor.cpp.o CMakeFiles/ccache_framework.dir/ResultRetriever.cpp.o CMakeFiles/ccache_framework.dir/SignalHandler.cpp.o CMakeFiles/ccache_framework.dir/Stat.cpp.o CMakeFiles/ccache_framework.dir/TemporaryFile.cpp.o CMakeFiles/ccache_framework.dir/ThreadPool.cpp.o CMakeFiles/ccache_framework.dir/Util.cpp.o CMakeFiles/ccache_framework.dir/argprocessing.cpp.o CMakeFiles/ccache_framework.dir/assertions.cpp.o CMakeFiles/ccache_framework.dir/ccache.cpp.o CMakeFiles/ccache_framework.dir/compopt.cpp.o CMakeFiles/ccache_framework.dir/execute.cpp.o CMakeFiles/ccache_framework.dir/hashutil.cpp.o CMakeFiles/ccache_framework.dir/language.cpp.o CMakeFiles/ccache_framework.dir/version.cpp.o CMakeFiles/ccache_framework.dir/InodeCache.cpp.o CMakeFiles/ccache_framework.dir/compression/Compressor.cpp.o CMakeFiles/ccache_framework.dir/compression/Decompressor.cpp.o CMakeFiles/ccache_framework.dir/compression/NullCompressor.cpp.o CMakeFiles/ccache_framework.dir/compression/NullDecompressor.cpp.o CMakeFiles/ccache_framework.dir/compression/ZstdCompressor.cpp.o CMakeFiles/ccache_framework.dir/compression/ZstdDecompressor.cpp.o CMakeFiles/ccache_framework.dir/compression/types.cpp.o CMakeFiles/ccache_framework.dir/core/Statistics.cpp.o CMakeFiles/ccache_framework.dir/core/StatisticsCounters.cpp.o CMakeFiles/ccache_framework.dir/core/StatsLog.cpp.o CMakeFiles/ccache_framework.dir/core/mainoptions.cpp.o CMakeFiles/ccache_framework.dir/storage/primary/CacheFile.cpp.o CMakeFiles/ccache_framework.dir/storage/primary/PrimaryStorage.cpp.o CMakeFiles/ccache_framework.dir/storage/primary/PrimaryStorage_cleanup.cpp.o CMakeFiles/ccache_framework.dir/storage/primary/PrimaryStorage_compress.cpp.o CMakeFiles/ccache_framework.dir/storage/primary/PrimaryStorage_statistics.cpp.o CMakeFiles/ccache_framework.dir/storage/primary/StatsFile.cpp.o CMakeFiles/ccache_framework.dir/storage/primary/util.cpp.o CMakeFiles/ccache_framework.dir/storage/secondary/FileStorage.cpp.o CMakeFiles/ccache_framework.dir/storage/secondary/HttpStorage.cpp.o CMakeFiles/ccache_framework.dir/storage/secondary/SecondaryStorage.cpp.o CMakeFiles/ccache_framework.dir/storage/secondary/RedisStorage.cpp.o CMakeFiles/ccache_framework.dir/storage/Storage.cpp.o CMakeFiles/ccache_framework.dir/util/TextTable.cpp.o CMakeFiles/ccache_framework.dir/util/Tokenizer.cpp.o CMakeFiles/ccache_framework.dir/util/file.cpp.o CMakeFiles/ccache_framework.dir/util/path.cpp.o CMakeFiles/ccache_framework.dir/util/string.cpp.o
/usr/bin/ranlib libccache_framework.a
make[3]: Leaving directory '/<<PKGBUILDDIR>>/obj-x86_64-linux-gnu'
[ 70%] Built target ccache_framework
make  -f CMakeFiles/ccache.dir/build.make CMakeFiles/ccache.dir/depend
make  -f unittest/CMakeFiles/unittest.dir/build.make unittest/CMakeFiles/unittest.dir/depend
make[3]: Entering directory '/<<PKGBUILDDIR>>/obj-x86_64-linux-gnu'
cd /<<PKGBUILDDIR>>/obj-x86_64-linux-gnu && /usr/bin/cmake -E cmake_depends "Unix Makefiles" /<<PKGBUILDDIR>> /<<PKGBUILDDIR>> /<<PKGBUILDDIR>>/obj-x86_64-linux-gnu /<<PKGBUILDDIR>>/obj-x86_64-linux-gnu /<<PKGBUILDDIR>>/obj-x86_64-linux-gnu/CMakeFiles/ccache.dir/DependInfo.cmake --color=
make[3]: Entering directory '/<<PKGBUILDDIR>>/obj-x86_64-linux-gnu'
cd /<<PKGBUILDDIR>>/obj-x86_64-linux-gnu && /usr/bin/cmake -E cmake_depends "Unix Makefiles" /<<PKGBUILDDIR>> /<<PKGBUILDDIR>>/unittest /<<PKGBUILDDIR>>/obj-x86_64-linux-gnu /<<PKGBUILDDIR>>/obj-x86_64-linux-gnu/unittest /<<PKGBUILDDIR>>/obj-x86_64-linux-gnu/unittest/CMakeFiles/unittest.dir/DependInfo.cmake --color=
make[3]: Leaving directory '/<<PKGBUILDDIR>>/obj-x86_64-linux-gnu'
make  -f CMakeFiles/ccache.dir/build.make CMakeFiles/ccache.dir/build
make[3]: Leaving directory '/<<PKGBUILDDIR>>/obj-x86_64-linux-gnu'
make  -f unittest/CMakeFiles/unittest.dir/build.make unittest/CMakeFiles/unittest.dir/build
make[3]: Entering directory '/<<PKGBUILDDIR>>/obj-x86_64-linux-gnu'
make[3]: Entering directory '/<<PKGBUILDDIR>>/obj-x86_64-linux-gnu'
[ 71%] Building CXX object CMakeFiles/ccache.dir/src/main.cpp.o
/usr/bin/c++ -DUSE_XXH_DISPATCH -DXXH_STATIC_LINKING_ONLY -Dnssv_CONFIG_SELECT_STRING_VIEW=nssv_STRING_VIEW_NONSTD  -g -O2 -ffile-prefix-map=/<<PKGBUILDDIR>>=. -fstack-protector-strong -Wformat -Werror=format-security -Wdate-time -D_FORTIFY_SOURCE=2 -include /<<PKGBUILDDIR>>/obj-x86_64-linux-gnu/config.h -Wall -std=c++14 -MD -MT CMakeFiles/ccache.dir/src/main.cpp.o -MF CMakeFiles/ccache.dir/src/main.cpp.o.d -o CMakeFiles/ccache.dir/src/main.cpp.o -c /<<PKGBUILDDIR>>/src/main.cpp
[ 73%] Building CXX object unittest/CMakeFiles/unittest.dir/main.cpp.o
[ 74%] Building CXX object unittest/CMakeFiles/unittest.dir/TestUtil.cpp.o
cd /<<PKGBUILDDIR>>/obj-x86_64-linux-gnu/unittest && /usr/bin/c++ -DUSE_XXH_DISPATCH -DXXH_STATIC_LINKING_ONLY -Dnssv_CONFIG_SELECT_STRING_VIEW=nssv_STRING_VIEW_NONSTD -I/<<PKGBUILDDIR>>/obj-x86_64-linux-gnu -I/<<PKGBUILDDIR>>/unittest -I/<<PKGBUILDDIR>>/src -g -O2 -ffile-prefix-map=/<<PKGBUILDDIR>>=. -fstack-protector-strong -Wformat -Werror=format-security -Wdate-time -D_FORTIFY_SOURCE=2 -include /<<PKGBUILDDIR>>/obj-x86_64-linux-gnu/config.h -Wall -std=c++14 -MD -MT unittest/CMakeFiles/unittest.dir/TestUtil.cpp.o -MF CMakeFiles/unittest.dir/TestUtil.cpp.o.d -o CMakeFiles/unittest.dir/TestUtil.cpp.o -c /<<PKGBUILDDIR>>/unittest/TestUtil.cpp
[ 73%] Building CXX object unittest/CMakeFiles/unittest.dir/test_Args.cpp.o
cd /<<PKGBUILDDIR>>/obj-x86_64-linux-gnu/unittest && /usr/bin/c++ -DUSE_XXH_DISPATCH -DXXH_STATIC_LINKING_ONLY -Dnssv_CONFIG_SELECT_STRING_VIEW=nssv_STRING_VIEW_NONSTD -I/<<PKGBUILDDIR>>/obj-x86_64-linux-gnu -I/<<PKGBUILDDIR>>/unittest -I/<<PKGBUILDDIR>>/src -g -O2 -ffile-prefix-map=/<<PKGBUILDDIR>>=. -fstack-protector-strong -Wformat -Werror=format-security -Wdate-time -D_FORTIFY_SOURCE=2 -include /<<PKGBUILDDIR>>/obj-x86_64-linux-gnu/config.h -Wall -std=c++14 -MD -MT unittest/CMakeFiles/unittest.dir/main.cpp.o -MF CMakeFiles/unittest.dir/main.cpp.o.d -o CMakeFiles/unittest.dir/main.cpp.o -c /<<PKGBUILDDIR>>/unittest/main.cpp
cd /<<PKGBUILDDIR>>/obj-x86_64-linux-gnu/unittest && /usr/bin/c++ -DUSE_XXH_DISPATCH -DXXH_STATIC_LINKING_ONLY -Dnssv_CONFIG_SELECT_STRING_VIEW=nssv_STRING_VIEW_NONSTD -I/<<PKGBUILDDIR>>/obj-x86_64-linux-gnu -I/<<PKGBUILDDIR>>/unittest -I/<<PKGBUILDDIR>>/src -g -O2 -ffile-prefix-map=/<<PKGBUILDDIR>>=. -fstack-protector-strong -Wformat -Werror=format-security -Wdate-time -D_FORTIFY_SOURCE=2 -include /<<PKGBUILDDIR>>/obj-x86_64-linux-gnu/config.h -Wall -std=c++14 -MD -MT unittest/CMakeFiles/unittest.dir/test_Args.cpp.o -MF CMakeFiles/unittest.dir/test_Args.cpp.o.d -o CMakeFiles/unittest.dir/test_Args.cpp.o -c /<<PKGBUILDDIR>>/unittest/test_Args.cpp
[ 75%] Linking CXX executable ccache
/usr/bin/cmake -E cmake_link_script CMakeFiles/ccache.dir/link.txt --verbose=1
/usr/bin/c++ -g -O2 -ffile-prefix-map=/<<PKGBUILDDIR>>=. -fstack-protector-strong -Wformat -Werror=format-security -Wdate-time -D_FORTIFY_SOURCE=2 -Wl,-z,relro -Wl,-z,now CMakeFiles/ccache.dir/src/main.cpp.o -o ccache  src/libccache_framework.a /usr/lib/x86_64-linux-gnu/libzstd.so -pthread src/third_party/libthird_party.a src/third_party/blake3/libblake3.a /usr/lib/x86_64-linux-gnu/libhiredis.so 
make[3]: Leaving directory '/<<PKGBUILDDIR>>/obj-x86_64-linux-gnu'
[ 75%] Built target ccache
[ 75%] Building CXX object unittest/CMakeFiles/unittest.dir/test_AtomicFile.cpp.o
cd /<<PKGBUILDDIR>>/obj-x86_64-linux-gnu/unittest && /usr/bin/c++ -DUSE_XXH_DISPATCH -DXXH_STATIC_LINKING_ONLY -Dnssv_CONFIG_SELECT_STRING_VIEW=nssv_STRING_VIEW_NONSTD -I/<<PKGBUILDDIR>>/obj-x86_64-linux-gnu -I/<<PKGBUILDDIR>>/unittest -I/<<PKGBUILDDIR>>/src -g -O2 -ffile-prefix-map=/<<PKGBUILDDIR>>=. -fstack-protector-strong -Wformat -Werror=format-security -Wdate-time -D_FORTIFY_SOURCE=2 -include /<<PKGBUILDDIR>>/obj-x86_64-linux-gnu/config.h -Wall -std=c++14 -MD -MT unittest/CMakeFiles/unittest.dir/test_AtomicFile.cpp.o -MF CMakeFiles/unittest.dir/test_AtomicFile.cpp.o.d -o CMakeFiles/unittest.dir/test_AtomicFile.cpp.o -c /<<PKGBUILDDIR>>/unittest/test_AtomicFile.cpp
[ 76%] Building CXX object unittest/CMakeFiles/unittest.dir/test_Checksum.cpp.o
cd /<<PKGBUILDDIR>>/obj-x86_64-linux-gnu/unittest && /usr/bin/c++ -DUSE_XXH_DISPATCH -DXXH_STATIC_LINKING_ONLY -Dnssv_CONFIG_SELECT_STRING_VIEW=nssv_STRING_VIEW_NONSTD -I/<<PKGBUILDDIR>>/obj-x86_64-linux-gnu -I/<<PKGBUILDDIR>>/unittest -I/<<PKGBUILDDIR>>/src -g -O2 -ffile-prefix-map=/<<PKGBUILDDIR>>=. -fstack-protector-strong -Wformat -Werror=format-security -Wdate-time -D_FORTIFY_SOURCE=2 -include /<<PKGBUILDDIR>>/obj-x86_64-linux-gnu/config.h -Wall -std=c++14 -MD -MT unittest/CMakeFiles/unittest.dir/test_Checksum.cpp.o -MF CMakeFiles/unittest.dir/test_Checksum.cpp.o.d -o CMakeFiles/unittest.dir/test_Checksum.cpp.o -c /<<PKGBUILDDIR>>/unittest/test_Checksum.cpp
[ 77%] Building CXX object unittest/CMakeFiles/unittest.dir/test_Config.cpp.o
cd /<<PKGBUILDDIR>>/obj-x86_64-linux-gnu/unittest && /usr/bin/c++ -DUSE_XXH_DISPATCH -DXXH_STATIC_LINKING_ONLY -Dnssv_CONFIG_SELECT_STRING_VIEW=nssv_STRING_VIEW_NONSTD -I/<<PKGBUILDDIR>>/obj-x86_64-linux-gnu -I/<<PKGBUILDDIR>>/unittest -I/<<PKGBUILDDIR>>/src -g -O2 -ffile-prefix-map=/<<PKGBUILDDIR>>=. -fstack-protector-strong -Wformat -Werror=format-security -Wdate-time -D_FORTIFY_SOURCE=2 -include /<<PKGBUILDDIR>>/obj-x86_64-linux-gnu/config.h -Wall -std=c++14 -MD -MT unittest/CMakeFiles/unittest.dir/test_Config.cpp.o -MF CMakeFiles/unittest.dir/test_Config.cpp.o.d -o CMakeFiles/unittest.dir/test_Config.cpp.o -c /<<PKGBUILDDIR>>/unittest/test_Config.cpp
[ 78%] Building CXX object unittest/CMakeFiles/unittest.dir/test_Depfile.cpp.o
cd /<<PKGBUILDDIR>>/obj-x86_64-linux-gnu/unittest && /usr/bin/c++ -DUSE_XXH_DISPATCH -DXXH_STATIC_LINKING_ONLY -Dnssv_CONFIG_SELECT_STRING_VIEW=nssv_STRING_VIEW_NONSTD -I/<<PKGBUILDDIR>>/obj-x86_64-linux-gnu -I/<<PKGBUILDDIR>>/unittest -I/<<PKGBUILDDIR>>/src -g -O2 -ffile-prefix-map=/<<PKGBUILDDIR>>=. -fstack-protector-strong -Wformat -Werror=format-security -Wdate-time -D_FORTIFY_SOURCE=2 -include /<<PKGBUILDDIR>>/obj-x86_64-linux-gnu/config.h -Wall -std=c++14 -MD -MT unittest/CMakeFiles/unittest.dir/test_Depfile.cpp.o -MF CMakeFiles/unittest.dir/test_Depfile.cpp.o.d -o CMakeFiles/unittest.dir/test_Depfile.cpp.o -c /<<PKGBUILDDIR>>/unittest/test_Depfile.cpp
[ 79%] Building CXX object unittest/CMakeFiles/unittest.dir/test_FormatNonstdStringView.cpp.o
cd /<<PKGBUILDDIR>>/obj-x86_64-linux-gnu/unittest && /usr/bin/c++ -DUSE_XXH_DISPATCH -DXXH_STATIC_LINKING_ONLY -Dnssv_CONFIG_SELECT_STRING_VIEW=nssv_STRING_VIEW_NONSTD -I/<<PKGBUILDDIR>>/obj-x86_64-linux-gnu -I/<<PKGBUILDDIR>>/unittest -I/<<PKGBUILDDIR>>/src -g -O2 -ffile-prefix-map=/<<PKGBUILDDIR>>=. -fstack-protector-strong -Wformat -Werror=format-security -Wdate-time -D_FORTIFY_SOURCE=2 -include /<<PKGBUILDDIR>>/obj-x86_64-linux-gnu/config.h -Wall -std=c++14 -MD -MT unittest/CMakeFiles/unittest.dir/test_FormatNonstdStringView.cpp.o -MF CMakeFiles/unittest.dir/test_FormatNonstdStringView.cpp.o.d -o CMakeFiles/unittest.dir/test_FormatNonstdStringView.cpp.o -c /<<PKGBUILDDIR>>/unittest/test_FormatNonstdStringView.cpp
[ 80%] Building CXX object unittest/CMakeFiles/unittest.dir/test_Hash.cpp.o
cd /<<PKGBUILDDIR>>/obj-x86_64-linux-gnu/unittest && /usr/bin/c++ -DUSE_XXH_DISPATCH -DXXH_STATIC_LINKING_ONLY -Dnssv_CONFIG_SELECT_STRING_VIEW=nssv_STRING_VIEW_NONSTD -I/<<PKGBUILDDIR>>/obj-x86_64-linux-gnu -I/<<PKGBUILDDIR>>/unittest -I/<<PKGBUILDDIR>>/src -g -O2 -ffile-prefix-map=/<<PKGBUILDDIR>>=. -fstack-protector-strong -Wformat -Werror=format-security -Wdate-time -D_FORTIFY_SOURCE=2 -include /<<PKGBUILDDIR>>/obj-x86_64-linux-gnu/config.h -Wall -std=c++14 -MD -MT unittest/CMakeFiles/unittest.dir/test_Hash.cpp.o -MF CMakeFiles/unittest.dir/test_Hash.cpp.o.d -o CMakeFiles/unittest.dir/test_Hash.cpp.o -c /<<PKGBUILDDIR>>/unittest/test_Hash.cpp
[ 81%] Building CXX object unittest/CMakeFiles/unittest.dir/test_Lockfile.cpp.o
cd /<<PKGBUILDDIR>>/obj-x86_64-linux-gnu/unittest && /usr/bin/c++ -DUSE_XXH_DISPATCH -DXXH_STATIC_LINKING_ONLY -Dnssv_CONFIG_SELECT_STRING_VIEW=nssv_STRING_VIEW_NONSTD -I/<<PKGBUILDDIR>>/obj-x86_64-linux-gnu -I/<<PKGBUILDDIR>>/unittest -I/<<PKGBUILDDIR>>/src -g -O2 -ffile-prefix-map=/<<PKGBUILDDIR>>=. -fstack-protector-strong -Wformat -Werror=format-security -Wdate-time -D_FORTIFY_SOURCE=2 -include /<<PKGBUILDDIR>>/obj-x86_64-linux-gnu/config.h -Wall -std=c++14 -MD -MT unittest/CMakeFiles/unittest.dir/test_Lockfile.cpp.o -MF CMakeFiles/unittest.dir/test_Lockfile.cpp.o.d -o CMakeFiles/unittest.dir/test_Lockfile.cpp.o -c /<<PKGBUILDDIR>>/unittest/test_Lockfile.cpp
[ 81%] Building CXX object unittest/CMakeFiles/unittest.dir/test_NullCompression.cpp.o
cd /<<PKGBUILDDIR>>/obj-x86_64-linux-gnu/unittest && /usr/bin/c++ -DUSE_XXH_DISPATCH -DXXH_STATIC_LINKING_ONLY -Dnssv_CONFIG_SELECT_STRING_VIEW=nssv_STRING_VIEW_NONSTD -I/<<PKGBUILDDIR>>/obj-x86_64-linux-gnu -I/<<PKGBUILDDIR>>/unittest -I/<<PKGBUILDDIR>>/src -g -O2 -ffile-prefix-map=/<<PKGBUILDDIR>>=. -fstack-protector-strong -Wformat -Werror=format-security -Wdate-time -D_FORTIFY_SOURCE=2 -include /<<PKGBUILDDIR>>/obj-x86_64-linux-gnu/config.h -Wall -std=c++14 -MD -MT unittest/CMakeFiles/unittest.dir/test_NullCompression.cpp.o -MF CMakeFiles/unittest.dir/test_NullCompression.cpp.o.d -o CMakeFiles/unittest.dir/test_NullCompression.cpp.o -c /<<PKGBUILDDIR>>/unittest/test_NullCompression.cpp
[ 82%] Building CXX object unittest/CMakeFiles/unittest.dir/test_Stat.cpp.o
cd /<<PKGBUILDDIR>>/obj-x86_64-linux-gnu/unittest && /usr/bin/c++ -DUSE_XXH_DISPATCH -DXXH_STATIC_LINKING_ONLY -Dnssv_CONFIG_SELECT_STRING_VIEW=nssv_STRING_VIEW_NONSTD -I/<<PKGBUILDDIR>>/obj-x86_64-linux-gnu -I/<<PKGBUILDDIR>>/unittest -I/<<PKGBUILDDIR>>/src -g -O2 -ffile-prefix-map=/<<PKGBUILDDIR>>=. -fstack-protector-strong -Wformat -Werror=format-security -Wdate-time -D_FORTIFY_SOURCE=2 -include /<<PKGBUILDDIR>>/obj-x86_64-linux-gnu/config.h -Wall -std=c++14 -MD -MT unittest/CMakeFiles/unittest.dir/test_Stat.cpp.o -MF CMakeFiles/unittest.dir/test_Stat.cpp.o.d -o CMakeFiles/unittest.dir/test_Stat.cpp.o -c /<<PKGBUILDDIR>>/unittest/test_Stat.cpp
[ 83%] Building CXX object unittest/CMakeFiles/unittest.dir/test_Util.cpp.o
cd /<<PKGBUILDDIR>>/obj-x86_64-linux-gnu/unittest && /usr/bin/c++ -DUSE_XXH_DISPATCH -DXXH_STATIC_LINKING_ONLY -Dnssv_CONFIG_SELECT_STRING_VIEW=nssv_STRING_VIEW_NONSTD -I/<<PKGBUILDDIR>>/obj-x86_64-linux-gnu -I/<<PKGBUILDDIR>>/unittest -I/<<PKGBUILDDIR>>/src -g -O2 -ffile-prefix-map=/<<PKGBUILDDIR>>=. -fstack-protector-strong -Wformat -Werror=format-security -Wdate-time -D_FORTIFY_SOURCE=2 -include /<<PKGBUILDDIR>>/obj-x86_64-linux-gnu/config.h -Wall -std=c++14 -MD -MT unittest/CMakeFiles/unittest.dir/test_Util.cpp.o -MF CMakeFiles/unittest.dir/test_Util.cpp.o.d -o CMakeFiles/unittest.dir/test_Util.cpp.o -c /<<PKGBUILDDIR>>/unittest/test_Util.cpp
[ 84%] Building CXX object unittest/CMakeFiles/unittest.dir/test_ZstdCompression.cpp.o
cd /<<PKGBUILDDIR>>/obj-x86_64-linux-gnu/unittest && /usr/bin/c++ -DUSE_XXH_DISPATCH -DXXH_STATIC_LINKING_ONLY -Dnssv_CONFIG_SELECT_STRING_VIEW=nssv_STRING_VIEW_NONSTD -I/<<PKGBUILDDIR>>/obj-x86_64-linux-gnu -I/<<PKGBUILDDIR>>/unittest -I/<<PKGBUILDDIR>>/src -g -O2 -ffile-prefix-map=/<<PKGBUILDDIR>>=. -fstack-protector-strong -Wformat -Werror=format-security -Wdate-time -D_FORTIFY_SOURCE=2 -include /<<PKGBUILDDIR>>/obj-x86_64-linux-gnu/config.h -Wall -std=c++14 -MD -MT unittest/CMakeFiles/unittest.dir/test_ZstdCompression.cpp.o -MF CMakeFiles/unittest.dir/test_ZstdCompression.cpp.o.d -o CMakeFiles/unittest.dir/test_ZstdCompression.cpp.o -c /<<PKGBUILDDIR>>/unittest/test_ZstdCompression.cpp
[ 85%] Building CXX object unittest/CMakeFiles/unittest.dir/test_argprocessing.cpp.o
cd /<<PKGBUILDDIR>>/obj-x86_64-linux-gnu/unittest && /usr/bin/c++ -DUSE_XXH_DISPATCH -DXXH_STATIC_LINKING_ONLY -Dnssv_CONFIG_SELECT_STRING_VIEW=nssv_STRING_VIEW_NONSTD -I/<<PKGBUILDDIR>>/obj-x86_64-linux-gnu -I/<<PKGBUILDDIR>>/unittest -I/<<PKGBUILDDIR>>/src -g -O2 -ffile-prefix-map=/<<PKGBUILDDIR>>=. -fstack-protector-strong -Wformat -Werror=format-security -Wdate-time -D_FORTIFY_SOURCE=2 -include /<<PKGBUILDDIR>>/obj-x86_64-linux-gnu/config.h -Wall -std=c++14 -MD -MT unittest/CMakeFiles/unittest.dir/test_argprocessing.cpp.o -MF CMakeFiles/unittest.dir/test_argprocessing.cpp.o.d -o CMakeFiles/unittest.dir/test_argprocessing.cpp.o -c /<<PKGBUILDDIR>>/unittest/test_argprocessing.cpp
[ 86%] Building CXX object unittest/CMakeFiles/unittest.dir/test_ccache.cpp.o
cd /<<PKGBUILDDIR>>/obj-x86_64-linux-gnu/unittest && /usr/bin/c++ -DUSE_XXH_DISPATCH -DXXH_STATIC_LINKING_ONLY -Dnssv_CONFIG_SELECT_STRING_VIEW=nssv_STRING_VIEW_NONSTD -I/<<PKGBUILDDIR>>/obj-x86_64-linux-gnu -I/<<PKGBUILDDIR>>/unittest -I/<<PKGBUILDDIR>>/src -g -O2 -ffile-prefix-map=/<<PKGBUILDDIR>>=. -fstack-protector-strong -Wformat -Werror=format-security -Wdate-time -D_FORTIFY_SOURCE=2 -include /<<PKGBUILDDIR>>/obj-x86_64-linux-gnu/config.h -Wall -std=c++14 -MD -MT unittest/CMakeFiles/unittest.dir/test_ccache.cpp.o -MF CMakeFiles/unittest.dir/test_ccache.cpp.o.d -o CMakeFiles/unittest.dir/test_ccache.cpp.o -c /<<PKGBUILDDIR>>/unittest/test_ccache.cpp
[ 87%] Building CXX object unittest/CMakeFiles/unittest.dir/test_compopt.cpp.o
cd /<<PKGBUILDDIR>>/obj-x86_64-linux-gnu/unittest && /usr/bin/c++ -DUSE_XXH_DISPATCH -DXXH_STATIC_LINKING_ONLY -Dnssv_CONFIG_SELECT_STRING_VIEW=nssv_STRING_VIEW_NONSTD -I/<<PKGBUILDDIR>>/obj-x86_64-linux-gnu -I/<<PKGBUILDDIR>>/unittest -I/<<PKGBUILDDIR>>/src -g -O2 -ffile-prefix-map=/<<PKGBUILDDIR>>=. -fstack-protector-strong -Wformat -Werror=format-security -Wdate-time -D_FORTIFY_SOURCE=2 -include /<<PKGBUILDDIR>>/obj-x86_64-linux-gnu/config.h -Wall -std=c++14 -MD -MT unittest/CMakeFiles/unittest.dir/test_compopt.cpp.o -MF CMakeFiles/unittest.dir/test_compopt.cpp.o.d -o CMakeFiles/unittest.dir/test_compopt.cpp.o -c /<<PKGBUILDDIR>>/unittest/test_compopt.cpp
[ 87%] Building CXX object unittest/CMakeFiles/unittest.dir/test_compression_types.cpp.o
cd /<<PKGBUILDDIR>>/obj-x86_64-linux-gnu/unittest && /usr/bin/c++ -DUSE_XXH_DISPATCH -DXXH_STATIC_LINKING_ONLY -Dnssv_CONFIG_SELECT_STRING_VIEW=nssv_STRING_VIEW_NONSTD -I/<<PKGBUILDDIR>>/obj-x86_64-linux-gnu -I/<<PKGBUILDDIR>>/unittest -I/<<PKGBUILDDIR>>/src -g -O2 -ffile-prefix-map=/<<PKGBUILDDIR>>=. -fstack-protector-strong -Wformat -Werror=format-security -Wdate-time -D_FORTIFY_SOURCE=2 -include /<<PKGBUILDDIR>>/obj-x86_64-linux-gnu/config.h -Wall -std=c++14 -MD -MT unittest/CMakeFiles/unittest.dir/test_compression_types.cpp.o -MF CMakeFiles/unittest.dir/test_compression_types.cpp.o.d -o CMakeFiles/unittest.dir/test_compression_types.cpp.o -c /<<PKGBUILDDIR>>/unittest/test_compression_types.cpp
[ 88%] Building CXX object unittest/CMakeFiles/unittest.dir/test_core_Statistics.cpp.o
cd /<<PKGBUILDDIR>>/obj-x86_64-linux-gnu/unittest && /usr/bin/c++ -DUSE_XXH_DISPATCH -DXXH_STATIC_LINKING_ONLY -Dnssv_CONFIG_SELECT_STRING_VIEW=nssv_STRING_VIEW_NONSTD -I/<<PKGBUILDDIR>>/obj-x86_64-linux-gnu -I/<<PKGBUILDDIR>>/unittest -I/<<PKGBUILDDIR>>/src -g -O2 -ffile-prefix-map=/<<PKGBUILDDIR>>=. -fstack-protector-strong -Wformat -Werror=format-security -Wdate-time -D_FORTIFY_SOURCE=2 -include /<<PKGBUILDDIR>>/obj-x86_64-linux-gnu/config.h -Wall -std=c++14 -MD -MT unittest/CMakeFiles/unittest.dir/test_core_Statistics.cpp.o -MF CMakeFiles/unittest.dir/test_core_Statistics.cpp.o.d -o CMakeFiles/unittest.dir/test_core_Statistics.cpp.o -c /<<PKGBUILDDIR>>/unittest/test_core_Statistics.cpp
[ 89%] Building CXX object unittest/CMakeFiles/unittest.dir/test_core_StatisticsCounters.cpp.o
cd /<<PKGBUILDDIR>>/obj-x86_64-linux-gnu/unittest && /usr/bin/c++ -DUSE_XXH_DISPATCH -DXXH_STATIC_LINKING_ONLY -Dnssv_CONFIG_SELECT_STRING_VIEW=nssv_STRING_VIEW_NONSTD -I/<<PKGBUILDDIR>>/obj-x86_64-linux-gnu -I/<<PKGBUILDDIR>>/unittest -I/<<PKGBUILDDIR>>/src -g -O2 -ffile-prefix-map=/<<PKGBUILDDIR>>=. -fstack-protector-strong -Wformat -Werror=format-security -Wdate-time -D_FORTIFY_SOURCE=2 -include /<<PKGBUILDDIR>>/obj-x86_64-linux-gnu/config.h -Wall -std=c++14 -MD -MT unittest/CMakeFiles/unittest.dir/test_core_StatisticsCounters.cpp.o -MF CMakeFiles/unittest.dir/test_core_StatisticsCounters.cpp.o.d -o CMakeFiles/unittest.dir/test_core_StatisticsCounters.cpp.o -c /<<PKGBUILDDIR>>/unittest/test_core_StatisticsCounters.cpp
[ 90%] Building CXX object unittest/CMakeFiles/unittest.dir/test_core_StatsLog.cpp.o
cd /<<PKGBUILDDIR>>/obj-x86_64-linux-gnu/unittest && /usr/bin/c++ -DUSE_XXH_DISPATCH -DXXH_STATIC_LINKING_ONLY -Dnssv_CONFIG_SELECT_STRING_VIEW=nssv_STRING_VIEW_NONSTD -I/<<PKGBUILDDIR>>/obj-x86_64-linux-gnu -I/<<PKGBUILDDIR>>/unittest -I/<<PKGBUILDDIR>>/src -g -O2 -ffile-prefix-map=/<<PKGBUILDDIR>>=. -fstack-protector-strong -Wformat -Werror=format-security -Wdate-time -D_FORTIFY_SOURCE=2 -include /<<PKGBUILDDIR>>/obj-x86_64-linux-gnu/config.h -Wall -std=c++14 -MD -MT unittest/CMakeFiles/unittest.dir/test_core_StatsLog.cpp.o -MF CMakeFiles/unittest.dir/test_core_StatsLog.cpp.o.d -o CMakeFiles/unittest.dir/test_core_StatsLog.cpp.o -c /<<PKGBUILDDIR>>/unittest/test_core_StatsLog.cpp
[ 91%] Building CXX object unittest/CMakeFiles/unittest.dir/test_hashutil.cpp.o
cd /<<PKGBUILDDIR>>/obj-x86_64-linux-gnu/unittest && /usr/bin/c++ -DUSE_XXH_DISPATCH -DXXH_STATIC_LINKING_ONLY -Dnssv_CONFIG_SELECT_STRING_VIEW=nssv_STRING_VIEW_NONSTD -I/<<PKGBUILDDIR>>/obj-x86_64-linux-gnu -I/<<PKGBUILDDIR>>/unittest -I/<<PKGBUILDDIR>>/src -g -O2 -ffile-prefix-map=/<<PKGBUILDDIR>>=. -fstack-protector-strong -Wformat -Werror=format-security -Wdate-time -D_FORTIFY_SOURCE=2 -include /<<PKGBUILDDIR>>/obj-x86_64-linux-gnu/config.h -Wall -std=c++14 -MD -MT unittest/CMakeFiles/unittest.dir/test_hashutil.cpp.o -MF CMakeFiles/unittest.dir/test_hashutil.cpp.o.d -o CMakeFiles/unittest.dir/test_hashutil.cpp.o -c /<<PKGBUILDDIR>>/unittest/test_hashutil.cpp
[ 92%] Building CXX object unittest/CMakeFiles/unittest.dir/test_storage_primary_StatsFile.cpp.o
cd /<<PKGBUILDDIR>>/obj-x86_64-linux-gnu/unittest && /usr/bin/c++ -DUSE_XXH_DISPATCH -DXXH_STATIC_LINKING_ONLY -Dnssv_CONFIG_SELECT_STRING_VIEW=nssv_STRING_VIEW_NONSTD -I/<<PKGBUILDDIR>>/obj-x86_64-linux-gnu -I/<<PKGBUILDDIR>>/unittest -I/<<PKGBUILDDIR>>/src -g -O2 -ffile-prefix-map=/<<PKGBUILDDIR>>=. -fstack-protector-strong -Wformat -Werror=format-security -Wdate-time -D_FORTIFY_SOURCE=2 -include /<<PKGBUILDDIR>>/obj-x86_64-linux-gnu/config.h -Wall -std=c++14 -MD -MT unittest/CMakeFiles/unittest.dir/test_storage_primary_StatsFile.cpp.o -MF CMakeFiles/unittest.dir/test_storage_primary_StatsFile.cpp.o.d -o CMakeFiles/unittest.dir/test_storage_primary_StatsFile.cpp.o -c /<<PKGBUILDDIR>>/unittest/test_storage_primary_StatsFile.cpp
[ 93%] Building CXX object unittest/CMakeFiles/unittest.dir/test_storage_primary_util.cpp.o
cd /<<PKGBUILDDIR>>/obj-x86_64-linux-gnu/unittest && /usr/bin/c++ -DUSE_XXH_DISPATCH -DXXH_STATIC_LINKING_ONLY -Dnssv_CONFIG_SELECT_STRING_VIEW=nssv_STRING_VIEW_NONSTD -I/<<PKGBUILDDIR>>/obj-x86_64-linux-gnu -I/<<PKGBUILDDIR>>/unittest -I/<<PKGBUILDDIR>>/src -g -O2 -ffile-prefix-map=/<<PKGBUILDDIR>>=. -fstack-protector-strong -Wformat -Werror=format-security -Wdate-time -D_FORTIFY_SOURCE=2 -include /<<PKGBUILDDIR>>/obj-x86_64-linux-gnu/config.h -Wall -std=c++14 -MD -MT unittest/CMakeFiles/unittest.dir/test_storage_primary_util.cpp.o -MF CMakeFiles/unittest.dir/test_storage_primary_util.cpp.o.d -o CMakeFiles/unittest.dir/test_storage_primary_util.cpp.o -c /<<PKGBUILDDIR>>/unittest/test_storage_primary_util.cpp
[ 93%] Building CXX object unittest/CMakeFiles/unittest.dir/test_util_TextTable.cpp.o
cd /<<PKGBUILDDIR>>/obj-x86_64-linux-gnu/unittest && /usr/bin/c++ -DUSE_XXH_DISPATCH -DXXH_STATIC_LINKING_ONLY -Dnssv_CONFIG_SELECT_STRING_VIEW=nssv_STRING_VIEW_NONSTD -I/<<PKGBUILDDIR>>/obj-x86_64-linux-gnu -I/<<PKGBUILDDIR>>/unittest -I/<<PKGBUILDDIR>>/src -g -O2 -ffile-prefix-map=/<<PKGBUILDDIR>>=. -fstack-protector-strong -Wformat -Werror=format-security -Wdate-time -D_FORTIFY_SOURCE=2 -include /<<PKGBUILDDIR>>/obj-x86_64-linux-gnu/config.h -Wall -std=c++14 -MD -MT unittest/CMakeFiles/unittest.dir/test_util_TextTable.cpp.o -MF CMakeFiles/unittest.dir/test_util_TextTable.cpp.o.d -o CMakeFiles/unittest.dir/test_util_TextTable.cpp.o -c /<<PKGBUILDDIR>>/unittest/test_util_TextTable.cpp
[ 94%] Building CXX object unittest/CMakeFiles/unittest.dir/test_util_Tokenizer.cpp.o
cd /<<PKGBUILDDIR>>/obj-x86_64-linux-gnu/unittest && /usr/bin/c++ -DUSE_XXH_DISPATCH -DXXH_STATIC_LINKING_ONLY -Dnssv_CONFIG_SELECT_STRING_VIEW=nssv_STRING_VIEW_NONSTD -I/<<PKGBUILDDIR>>/obj-x86_64-linux-gnu -I/<<PKGBUILDDIR>>/unittest -I/<<PKGBUILDDIR>>/src -g -O2 -ffile-prefix-map=/<<PKGBUILDDIR>>=. -fstack-protector-strong -Wformat -Werror=format-security -Wdate-time -D_FORTIFY_SOURCE=2 -include /<<PKGBUILDDIR>>/obj-x86_64-linux-gnu/config.h -Wall -std=c++14 -MD -MT unittest/CMakeFiles/unittest.dir/test_util_Tokenizer.cpp.o -MF CMakeFiles/unittest.dir/test_util_Tokenizer.cpp.o.d -o CMakeFiles/unittest.dir/test_util_Tokenizer.cpp.o -c /<<PKGBUILDDIR>>/unittest/test_util_Tokenizer.cpp
[ 95%] Building CXX object unittest/CMakeFiles/unittest.dir/test_util_expected.cpp.o
cd /<<PKGBUILDDIR>>/obj-x86_64-linux-gnu/unittest && /usr/bin/c++ -DUSE_XXH_DISPATCH -DXXH_STATIC_LINKING_ONLY -Dnssv_CONFIG_SELECT_STRING_VIEW=nssv_STRING_VIEW_NONSTD -I/<<PKGBUILDDIR>>/obj-x86_64-linux-gnu -I/<<PKGBUILDDIR>>/unittest -I/<<PKGBUILDDIR>>/src -g -O2 -ffile-prefix-map=/<<PKGBUILDDIR>>=. -fstack-protector-strong -Wformat -Werror=format-security -Wdate-time -D_FORTIFY_SOURCE=2 -include /<<PKGBUILDDIR>>/obj-x86_64-linux-gnu/config.h -Wall -std=c++14 -MD -MT unittest/CMakeFiles/unittest.dir/test_util_expected.cpp.o -MF CMakeFiles/unittest.dir/test_util_expected.cpp.o.d -o CMakeFiles/unittest.dir/test_util_expected.cpp.o -c /<<PKGBUILDDIR>>/unittest/test_util_expected.cpp
[ 96%] Building CXX object unittest/CMakeFiles/unittest.dir/test_util_path.cpp.o
cd /<<PKGBUILDDIR>>/obj-x86_64-linux-gnu/unittest && /usr/bin/c++ -DUSE_XXH_DISPATCH -DXXH_STATIC_LINKING_ONLY -Dnssv_CONFIG_SELECT_STRING_VIEW=nssv_STRING_VIEW_NONSTD -I/<<PKGBUILDDIR>>/obj-x86_64-linux-gnu -I/<<PKGBUILDDIR>>/unittest -I/<<PKGBUILDDIR>>/src -g -O2 -ffile-prefix-map=/<<PKGBUILDDIR>>=. -fstack-protector-strong -Wformat -Werror=format-security -Wdate-time -D_FORTIFY_SOURCE=2 -include /<<PKGBUILDDIR>>/obj-x86_64-linux-gnu/config.h -Wall -std=c++14 -MD -MT unittest/CMakeFiles/unittest.dir/test_util_path.cpp.o -MF CMakeFiles/unittest.dir/test_util_path.cpp.o.d -o CMakeFiles/unittest.dir/test_util_path.cpp.o -c /<<PKGBUILDDIR>>/unittest/test_util_path.cpp
[ 97%] Building CXX object unittest/CMakeFiles/unittest.dir/test_util_string.cpp.o
cd /<<PKGBUILDDIR>>/obj-x86_64-linux-gnu/unittest && /usr/bin/c++ -DUSE_XXH_DISPATCH -DXXH_STATIC_LINKING_ONLY -Dnssv_CONFIG_SELECT_STRING_VIEW=nssv_STRING_VIEW_NONSTD -I/<<PKGBUILDDIR>>/obj-x86_64-linux-gnu -I/<<PKGBUILDDIR>>/unittest -I/<<PKGBUILDDIR>>/src -g -O2 -ffile-prefix-map=/<<PKGBUILDDIR>>=. -fstack-protector-strong -Wformat -Werror=format-security -Wdate-time -D_FORTIFY_SOURCE=2 -include /<<PKGBUILDDIR>>/obj-x86_64-linux-gnu/config.h -Wall -std=c++14 -MD -MT unittest/CMakeFiles/unittest.dir/test_util_string.cpp.o -MF CMakeFiles/unittest.dir/test_util_string.cpp.o.d -o CMakeFiles/unittest.dir/test_util_string.cpp.o -c /<<PKGBUILDDIR>>/unittest/test_util_string.cpp
[ 98%] Building CXX object unittest/CMakeFiles/unittest.dir/test_InodeCache.cpp.o
cd /<<PKGBUILDDIR>>/obj-x86_64-linux-gnu/unittest && /usr/bin/c++ -DUSE_XXH_DISPATCH -DXXH_STATIC_LINKING_ONLY -Dnssv_CONFIG_SELECT_STRING_VIEW=nssv_STRING_VIEW_NONSTD -I/<<PKGBUILDDIR>>/obj-x86_64-linux-gnu -I/<<PKGBUILDDIR>>/unittest -I/<<PKGBUILDDIR>>/src -g -O2 -ffile-prefix-map=/<<PKGBUILDDIR>>=. -fstack-protector-strong -Wformat -Werror=format-security -Wdate-time -D_FORTIFY_SOURCE=2 -include /<<PKGBUILDDIR>>/obj-x86_64-linux-gnu/config.h -Wall -std=c++14 -MD -MT unittest/CMakeFiles/unittest.dir/test_InodeCache.cpp.o -MF CMakeFiles/unittest.dir/test_InodeCache.cpp.o.d -o CMakeFiles/unittest.dir/test_InodeCache.cpp.o -c /<<PKGBUILDDIR>>/unittest/test_InodeCache.cpp
[100%] Linking CXX executable unittest
cd /<<PKGBUILDDIR>>/obj-x86_64-linux-gnu/unittest && /usr/bin/cmake -E cmake_link_script CMakeFiles/unittest.dir/link.txt --verbose=1
/usr/bin/c++ -g -O2 -ffile-prefix-map=/<<PKGBUILDDIR>>=. -fstack-protector-strong -Wformat -Werror=format-security -Wdate-time -D_FORTIFY_SOURCE=2 -Wl,-z,relro -Wl,-z,now CMakeFiles/unittest.dir/TestUtil.cpp.o CMakeFiles/unittest.dir/main.cpp.o CMakeFiles/unittest.dir/test_Args.cpp.o CMakeFiles/unittest.dir/test_AtomicFile.cpp.o CMakeFiles/unittest.dir/test_Checksum.cpp.o CMakeFiles/unittest.dir/test_Config.cpp.o CMakeFiles/unittest.dir/test_Depfile.cpp.o CMakeFiles/unittest.dir/test_FormatNonstdStringView.cpp.o CMakeFiles/unittest.dir/test_Hash.cpp.o CMakeFiles/unittest.dir/test_Lockfile.cpp.o CMakeFiles/unittest.dir/test_NullCompression.cpp.o CMakeFiles/unittest.dir/test_Stat.cpp.o CMakeFiles/unittest.dir/test_Util.cpp.o CMakeFiles/unittest.dir/test_ZstdCompression.cpp.o CMakeFiles/unittest.dir/test_argprocessing.cpp.o CMakeFiles/unittest.dir/test_ccache.cpp.o CMakeFiles/unittest.dir/test_compopt.cpp.o CMakeFiles/unittest.dir/test_compression_types.cpp.o CMakeFiles/unittest.dir/test_core_Statistics.cpp.o CMakeFiles/unittest.dir/test_core_StatisticsCounters.cpp.o CMakeFiles/unittest.dir/test_core_StatsLog.cpp.o CMakeFiles/unittest.dir/test_hashutil.cpp.o CMakeFiles/unittest.dir/test_storage_primary_StatsFile.cpp.o CMakeFiles/unittest.dir/test_storage_primary_util.cpp.o CMakeFiles/unittest.dir/test_util_TextTable.cpp.o CMakeFiles/unittest.dir/test_util_Tokenizer.cpp.o CMakeFiles/unittest.dir/test_util_expected.cpp.o CMakeFiles/unittest.dir/test_util_path.cpp.o CMakeFiles/unittest.dir/test_util_string.cpp.o CMakeFiles/unittest.dir/test_InodeCache.cpp.o -o unittest  ../src/libccache_framework.a ../src/third_party/libthird_party.a ../src/third_party/blake3/libblake3.a /usr/lib/x86_64-linux-gnu/libzstd.so -pthread /usr/lib/x86_64-linux-gnu/libhiredis.so 
make[3]: Leaving directory '/<<PKGBUILDDIR>>/obj-x86_64-linux-gnu'
[100%] Built target unittest
make[2]: Leaving directory '/<<PKGBUILDDIR>>/obj-x86_64-linux-gnu'
/usr/bin/cmake -E cmake_progress_start /<<PKGBUILDDIR>>/obj-x86_64-linux-gnu/CMakeFiles 0
make[1]: Leaving directory '/<<PKGBUILDDIR>>/obj-x86_64-linux-gnu'
   dh_auto_test
	cd obj-x86_64-linux-gnu && make -j4 test ARGS\+=--verbose ARGS\+=-j4
make[1]: Entering directory '/<<PKGBUILDDIR>>/obj-x86_64-linux-gnu'
Running tests...
/usr/bin/ctest --force-new-ctest-process --output-on-failure --verbose -j4
UpdateCTestConfiguration  from :/<<PKGBUILDDIR>>/obj-x86_64-linux-gnu/DartConfiguration.tcl
UpdateCTestConfiguration  from :/<<PKGBUILDDIR>>/obj-x86_64-linux-gnu/DartConfiguration.tcl
Test project /<<PKGBUILDDIR>>/obj-x86_64-linux-gnu
Constructing a list of tests
Done constructing a list of tests
Updating test list for fixtures
Added 0 tests to meet fixture requirements
Checking test dependency graph...
Checking test dependency graph end
test 1
      Start  1: unittest

1: Test command: /<<PKGBUILDDIR>>/obj-x86_64-linux-gnu/unittest/unittest
1: Test timeout computed to be: 10000000
test 2
      Start  2: test.base

2: Test command: /bin/bash "/<<PKGBUILDDIR>>/test/run" "base"
2: Environment variables: 
2:  CCACHE=/<<PKGBUILDDIR>>/obj-x86_64-linux-gnu/ccache
2:  EXIT_IF_SKIPPED=true
2: Test timeout computed to be: 10000000
test 3
      Start  3: test.basedir

3: Test command: /bin/bash "/<<PKGBUILDDIR>>/test/run" "basedir"
3: Environment variables: 
3:  CCACHE=/<<PKGBUILDDIR>>/obj-x86_64-linux-gnu/ccache
3:  EXIT_IF_SKIPPED=true
3: Test timeout computed to be: 10000000
test 4
      Start  4: test.cache_levels

4: Test command: /bin/bash "/<<PKGBUILDDIR>>/test/run" "cache_levels"
4: Environment variables: 
4:  CCACHE=/<<PKGBUILDDIR>>/obj-x86_64-linux-gnu/ccache
4:  EXIT_IF_SKIPPED=true
4: Test timeout computed to be: 10000000
1: [doctest] doctest version is "2.4.6"
1: [doctest] run with "--help" for options
1: ===============================================================================
1: [doctest] test cases:  171 |  171 passed | 0 failed | 0 skipped
1: [doctest] assertions: 2434 | 2434 passed | 0 failed |
1: [doctest] Status: SUCCESS!
 1/44 Test  #1: unittest .........................   Passed    0.07 sec
test 5
      Start  5: test.cleanup

5: Test command: /bin/bash "/<<PKGBUILDDIR>>/test/run" "cleanup"
5: Environment variables: 
5:  CCACHE=/<<PKGBUILDDIR>>/obj-x86_64-linux-gnu/ccache
5:  EXIT_IF_SKIPPED=true
5: Test timeout computed to be: 10000000
2: Compiler:         gcc (/usr/bin/gcc)
4: Compiler:         gcc (/usr/bin/gcc)
3: Compiler:         gcc (/usr/bin/gcc)
2: Compiler version: Debian clang version 12.0.1-15
2: CUDA compiler:    not available
2: 
4: Compiler version: Debian clang version 12.0.1-15
4: CUDA compiler:    not available
4: 
3: Compiler version: Debian clang version 12.0.1-15
3: CUDA compiler:    not available
3: 
5: Compiler:         gcc (/usr/bin/gcc)
5: Compiler version: Debian clang version 12.0.1-15
5: CUDA compiler:    not available
5: 
4: Running test suite cache_levels.....
4: PASSED
 2/44 Test  #4: test.cache_levels ................   Passed    1.17 sec
test 6
      Start  6: test.color_diagnostics

6: Test command: /bin/bash "/<<PKGBUILDDIR>>/test/run" "color_diagnostics"
6: Environment variables: 
6:  CCACHE=/<<PKGBUILDDIR>>/obj-x86_64-linux-gnu/ccache
6:  EXIT_IF_SKIPPED=true
6: Test timeout computed to be: 10000000
6: Compiler:         gcc (/usr/bin/gcc)
6: Compiler version: Debian clang version 12.0.1-15
6: CUDA compiler:    not available
6: 
6: Running test suite color_diagnostics....
6: FAILED
6: 
6: Test suite:     color_diagnostics (line 193)
6: Test case:      Cache object shared across color,tty color,notty nocolor,tty nocolor,notty (run_second_cpp=true)
6: Failure reason: Expected cache_miss to be 1, actual 0
6: 
6: Actual statistics counters
6: ==========================
6: autoconf_test                    0
6: bad_compiler_arguments           0
6: bad_output_file                  0
6: cache_miss                       0
6: cache_size_kibibyte              0
6: called_for_link                  0
6: called_for_preprocessing         0
6: cleanups_performed               0
6: compile_failed                   0
6: compiler_check_failed            0
6: compiler_produced_empty_output   0
6: compiler_produced_no_output      0
6: compiler_produced_stdout         0
6: could_not_find_compiler          0
6: could_not_use_modules            0
6: could_not_use_precompiled_header 0
6: direct_cache_hit                 0
6: direct_cache_miss                0
6: error_hashing_extra_file         0
6: files_in_cache                   0
6: internal_error                   0
6: missing_cache_file               0
6: multiple_source_files            0
6: no_input_file                    0
6: output_to_stdout                 0
6: preprocessed_cache_hit           0
6: preprocessed_cache_miss          0
6: preprocessor_error               0
6: primary_storage_hit              0
6: primary_storage_miss             0
6: recache                          0
6: secondary_storage_error          0
6: secondary_storage_hit            0
6: secondary_storage_miss           0
6: secondary_storage_timeout        0
6: unsupported_code_directive       0
6: unsupported_compiler_option      4
6: unsupported_source_language      0
6: 
6: Test data and log file have been left in testdir/28400 / testdir/failed
 3/44 Test  #6: test.color_diagnostics ...........***Failed    1.00 sec
Compiler:         gcc (/usr/bin/gcc)
Compiler version: Debian clang version 12.0.1-15
CUDA compiler:    not available

Running test suite color_diagnostics....
FAILED

Test suite:     color_diagnostics (line 193)
Test case:      Cache object shared across color,tty color,notty nocolor,tty nocolor,notty (run_second_cpp=true)
Failure reason: Expected cache_miss to be 1, actual 0

Actual statistics counters
==========================
autoconf_test                    0
bad_compiler_arguments           0
bad_output_file                  0
cache_miss                       0
cache_size_kibibyte              0
called_for_link                  0
called_for_preprocessing         0
cleanups_performed               0
compile_failed                   0
compiler_check_failed            0
compiler_produced_empty_output   0
compiler_produced_no_output      0
compiler_produced_stdout         0
could_not_find_compiler          0
could_not_use_modules            0
could_not_use_precompiled_header 0
direct_cache_hit                 0
direct_cache_miss                0
error_hashing_extra_file         0
files_in_cache                   0
internal_error                   0
missing_cache_file               0
multiple_source_files            0
no_input_file                    0
output_to_stdout                 0
preprocessed_cache_hit           0
preprocessed_cache_miss          0
preprocessor_error               0
primary_storage_hit              0
primary_storage_miss             0
recache                          0
secondary_storage_error          0
secondary_storage_hit            0
secondary_storage_miss           0
secondary_storage_timeout        0
unsupported_code_directive       0
unsupported_compiler_option      4
unsupported_source_language      0

Test data and log file have been left in testdir/28400 / testdir/failed

test 7
      Start  7: test.config

7: Test command: /bin/bash "/<<PKGBUILDDIR>>/test/run" "config"
7: Environment variables: 
7:  CCACHE=/<<PKGBUILDDIR>>/obj-x86_64-linux-gnu/ccache
7:  EXIT_IF_SKIPPED=true
7: Test timeout computed to be: 10000000
7: Compiler:         gcc (/usr/bin/gcc)
7: Compiler version: Debian clang version 12.0.1-15
7: CUDA compiler:    not available
7: 
7: Running test suite config.
7: PASSED
 4/44 Test  #7: test.config ......................   Passed    0.25 sec
test 8
      Start  8: test.cpp1

8: Test command: /bin/bash "/<<PKGBUILDDIR>>/test/run" "cpp1"
8: Environment variables: 
8:  CCACHE=/<<PKGBUILDDIR>>/obj-x86_64-linux-gnu/ccache
8:  EXIT_IF_SKIPPED=true
8: Test timeout computed to be: 10000000
8: Compiler:         gcc (/usr/bin/gcc)
8: Compiler version: Debian clang version 12.0.1-15
8: CUDA compiler:    not available
8: 
8: Running test suite cpp1.
8: PASSED
 5/44 Test  #8: test.cpp1 ........................   Passed    0.53 sec
test 9
      Start  9: test.debug_prefix_map

9: Test command: /bin/bash "/<<PKGBUILDDIR>>/test/run" "debug_prefix_map"
9: Environment variables: 
9:  CCACHE=/<<PKGBUILDDIR>>/obj-x86_64-linux-gnu/ccache
9:  EXIT_IF_SKIPPED=true
9: Test timeout computed to be: 10000000
9: Compiler:         gcc (/usr/bin/gcc)
9: Compiler version: Debian clang version 12.0.1-15
9: CUDA compiler:    not available
9: 
5: Running test suite cleanup..........
5: PASSED
 6/44 Test  #5: test.cleanup .....................   Passed    3.13 sec
test 10
      Start 10: test.depend

10: Test command: /bin/bash "/<<PKGBUILDDIR>>/test/run" "depend"
10: Environment variables: 
10:  CCACHE=/<<PKGBUILDDIR>>/obj-x86_64-linux-gnu/ccache
10:  EXIT_IF_SKIPPED=true
10: Test timeout computed to be: 10000000
10: Compiler:         gcc (/usr/bin/gcc)
10: Compiler version: Debian clang version 12.0.1-15
10: CUDA compiler:    not available
10: 
9: Running test suite debug_prefix_map..
9: PASSED
 7/44 Test  #9: test.debug_prefix_map ............   Passed    0.65 sec
test 11
      Start 11: test.direct

11: Test command: /bin/bash "/<<PKGBUILDDIR>>/test/run" "direct"
11: Environment variables: 
11:  CCACHE=/<<PKGBUILDDIR>>/obj-x86_64-linux-gnu/ccache
11:  EXIT_IF_SKIPPED=true
11: Test timeout computed to be: 10000000
11: Compiler:         gcc (/usr/bin/gcc)
11: Compiler version: Debian clang version 12.0.1-15
11: CUDA compiler:    not available
11: 
3: Running test suite basedir.............
3: PASSED
 8/44 Test  #3: test.basedir .....................   Passed    4.24 sec
test 12
      Start 12: test.direct_gcc

12: Test command: /bin/bash "/<<PKGBUILDDIR>>/test/run" "direct_gcc"
12: Environment variables: 
12:  CCACHE=/<<PKGBUILDDIR>>/obj-x86_64-linux-gnu/ccache
12:  EXIT_IF_SKIPPED=true
12: Test timeout computed to be: 10000000
12: Compiler:         gcc (/usr/bin/gcc)
12: Compiler version: Debian clang version 12.0.1-15
12: CUDA compiler:    not available
12: 
12: Skipped test suite direct_gcc [Skipping GCC only test cases]
 9/44 Test #12: test.direct_gcc ..................***Skipped   0.22 sec
test 13
      Start 13: test.fileclone

13: Test command: /bin/bash "/<<PKGBUILDDIR>>/test/run" "fileclone"
13: Environment variables: 
13:  CCACHE=/<<PKGBUILDDIR>>/obj-x86_64-linux-gnu/ccache
13:  EXIT_IF_SKIPPED=true
13: Test timeout computed to be: 10000000
13: Compiler:         gcc (/usr/bin/gcc)
13: Compiler version: Debian clang version 12.0.1-15
13: CUDA compiler:    not available
13: 
13: Skipped test suite fileclone [file system doesn't support file cloning]
10/44 Test #13: test.fileclone ...................***Skipped   0.23 sec
test 14
      Start 14: test.hardlink

14: Test command: /bin/bash "/<<PKGBUILDDIR>>/test/run" "hardlink"
14: Environment variables: 
14:  CCACHE=/<<PKGBUILDDIR>>/obj-x86_64-linux-gnu/ccache
14:  EXIT_IF_SKIPPED=true
14: Test timeout computed to be: 10000000
14: Compiler:         gcc (/usr/bin/gcc)
14: Compiler version: Debian clang version 12.0.1-15
14: CUDA compiler:    not available
14: 
14: Running test suite hardlink...clang: warning: argument unused during compilation: '-fdiagnostics-color' [-Wunused-command-line-argument]
14: clang: warning: argument unused during compilation: '-fdiagnostics-color' [-Wunused-command-line-argument]
14: clang: warning: argument unused during compilation: '-fdiagnostics-color' [-Wunused-command-line-argument]
10: Running test suite depend.......
10: PASSED
11/44 Test #10: test.depend ......................   Passed    2.64 sec
test 15
      Start 15: test.inode_cache

15: Test command: /bin/bash "/<<PKGBUILDDIR>>/test/run" "inode_cache"
15: Environment variables: 
15:  CCACHE=/<<PKGBUILDDIR>>/obj-x86_64-linux-gnu/ccache
15:  EXIT_IF_SKIPPED=true
15: Test timeout computed to be: 10000000
14: ..
14: PASSED
12/44 Test #14: test.hardlink ....................   Passed    1.22 sec
test 16
      Start 16: test.input_charset

16: Test command: /bin/bash "/<<PKGBUILDDIR>>/test/run" "input_charset"
16: Environment variables: 
16:  CCACHE=/<<PKGBUILDDIR>>/obj-x86_64-linux-gnu/ccache
16:  EXIT_IF_SKIPPED=true
16: Test timeout computed to be: 10000000
15: Compiler:         gcc (/usr/bin/gcc)
15: Compiler version: Debian clang version 12.0.1-15
15: CUDA compiler:    not available
15: 
15: stat: cannot read file system information for '/<<PKGBUILDDIR>>/obj-x86_64-linux-gnu/testdir/31995/.ccache': No such file or directory
16: Compiler:         gcc (/usr/bin/gcc)
16: Compiler version: Debian clang version 12.0.1-15
16: CUDA compiler:    not available
16: 
16: Skipped test suite input_charset [compiler doesn't support -finput-charset]
13/44 Test #16: test.input_charset ...............***Skipped   0.27 sec
test 17
      Start 17: test.ivfsoverlay

17: Test command: /bin/bash "/<<PKGBUILDDIR>>/test/run" "ivfsoverlay"
17: Environment variables: 
17:  CCACHE=/<<PKGBUILDDIR>>/obj-x86_64-linux-gnu/ccache
17:  EXIT_IF_SKIPPED=true
17: Test timeout computed to be: 10000000
17: Compiler:         gcc (/usr/bin/gcc)
17: Compiler version: Debian clang version 12.0.1-15
17: CUDA compiler:    not available
17: 
17: Running test suite ivfsoverlay..
17: PASSED
14/44 Test #17: test.ivfsoverlay .................   Passed    0.48 sec
test 18
      Start 18: test.masquerading

18: Test command: /bin/bash "/<<PKGBUILDDIR>>/test/run" "masquerading"
18: Environment variables: 
18:  CCACHE=/<<PKGBUILDDIR>>/obj-x86_64-linux-gnu/ccache
18:  EXIT_IF_SKIPPED=true
18: Test timeout computed to be: 10000000
18: Compiler:         gcc (/usr/bin/gcc)
18: Compiler version: Debian clang version 12.0.1-15
18: CUDA compiler:    not available
18: 
15: Running test suite inode_cache......
15: PASSED
15/44 Test #15: test.inode_cache .................   Passed    1.15 sec
test 19
      Start 19: test.modules

19: Test command: /bin/bash "/<<PKGBUILDDIR>>/test/run" "modules"
19: Environment variables: 
19:  CCACHE=/<<PKGBUILDDIR>>/obj-x86_64-linux-gnu/ccache
19:  EXIT_IF_SKIPPED=true
19: Test timeout computed to be: 10000000
19: Compiler:         gcc (/usr/bin/gcc)
19: Compiler version: Debian clang version 12.0.1-15
19: CUDA compiler:    not available
19: 
18: Running test suite masquerading..
18: PASSED
16/44 Test #18: test.masquerading ................   Passed    0.66 sec
test 20
      Start 20: test.multi_arch

20: Test command: /bin/bash "/<<PKGBUILDDIR>>/test/run" "multi_arch"
20: Environment variables: 
20:  CCACHE=/<<PKGBUILDDIR>>/obj-x86_64-linux-gnu/ccache
20:  EXIT_IF_SKIPPED=true
20: Test timeout computed to be: 10000000
20: Compiler:         gcc (/usr/bin/gcc)
20: Compiler version: Debian clang version 12.0.1-15
20: CUDA compiler:    not available
20: 
20: Skipped test suite multi_arch [multiple -arch options not supported on Linux]
17/44 Test #20: test.multi_arch ..................***Skipped   0.22 sec
test 21
      Start 21: test.no_compression

21: Test command: /bin/bash "/<<PKGBUILDDIR>>/test/run" "no_compression"
21: Environment variables: 
21:  CCACHE=/<<PKGBUILDDIR>>/obj-x86_64-linux-gnu/ccache
21:  EXIT_IF_SKIPPED=true
21: Test timeout computed to be: 10000000
21: Compiler:         gcc (/usr/bin/gcc)
21: Compiler version: Debian clang version 12.0.1-15
21: CUDA compiler:    not available
21: 
21: Running test suite no_compression....
21: PASSED
18/44 Test #21: test.no_compression ..............   Passed    0.93 sec
test 22
      Start 22: test.nocpp2

22: Test command: /bin/bash "/<<PKGBUILDDIR>>/test/run" "nocpp2"
22: Environment variables: 
22:  CCACHE=/<<PKGBUILDDIR>>/obj-x86_64-linux-gnu/ccache
22:  EXIT_IF_SKIPPED=true
22: Test timeout computed to be: 10000000
22: Compiler:         gcc (/usr/bin/gcc)
22: Compiler version: Debian clang version 12.0.1-15
22: CUDA compiler:    not available
22: 
19: Running test suite modules....
19: PASSED
19/44 Test #19: test.modules .....................   Passed    1.90 sec
test 23
      Start 23: test.nvcc

23: Test command: /bin/bash "/<<PKGBUILDDIR>>/test/run" "nvcc"
23: Environment variables: 
23:  CCACHE=/<<PKGBUILDDIR>>/obj-x86_64-linux-gnu/ccache
23:  EXIT_IF_SKIPPED=true
23: Test timeout computed to be: 10000000
23: Compiler:         gcc (/usr/bin/gcc)
23: Compiler version: Debian clang version 12.0.1-15
23: CUDA compiler:    not available
23: 
23: Skipped test suite nvcc [nvcc is not available]
20/44 Test #23: test.nvcc ........................***Skipped   0.23 sec
test 24
      Start 24: test.nvcc_direct

24: Test command: /bin/bash "/<<PKGBUILDDIR>>/test/run" "nvcc_direct"
24: Environment variables: 
24:  CCACHE=/<<PKGBUILDDIR>>/obj-x86_64-linux-gnu/ccache
24:  EXIT_IF_SKIPPED=true
24: Test timeout computed to be: 10000000
24: Compiler:         gcc (/usr/bin/gcc)
24: Compiler version: Debian clang version 12.0.1-15
24: CUDA compiler:    not available
24: 
24: Skipped test suite nvcc_direct [nvcc is not available]
21/44 Test #24: test.nvcc_direct .................***Skipped   0.23 sec
test 25
      Start 25: test.nvcc_ldir

25: Test command: /bin/bash "/<<PKGBUILDDIR>>/test/run" "nvcc_ldir"
25: Environment variables: 
25:  CCACHE=/<<PKGBUILDDIR>>/obj-x86_64-linux-gnu/ccache
25:  EXIT_IF_SKIPPED=true
25: Test timeout computed to be: 10000000
25: Compiler:         gcc (/usr/bin/gcc)
25: Compiler version: Debian clang version 12.0.1-15
25: CUDA compiler:    not available
25: 
25: Skipped test suite nvcc_ldir [nvcc is not available]
22/44 Test #25: test.nvcc_ldir ...................***Skipped   0.24 sec
test 26
      Start 26: test.nvcc_nocpp2

26: Test command: /bin/bash "/<<PKGBUILDDIR>>/test/run" "nvcc_nocpp2"
26: Environment variables: 
26:  CCACHE=/<<PKGBUILDDIR>>/obj-x86_64-linux-gnu/ccache
26:  EXIT_IF_SKIPPED=true
26: Test timeout computed to be: 10000000
26: Compiler:         gcc (/usr/bin/gcc)
26: Compiler version: Debian clang version 12.0.1-15
26: CUDA compiler:    not available
26: 
26: Skipped test suite nvcc_nocpp2 [nvcc is not available]
23/44 Test #26: test.nvcc_nocpp2 .................***Skipped   0.23 sec
test 27
      Start 27: test.pch

27: Test command: /bin/bash "/<<PKGBUILDDIR>>/test/run" "pch"
27: Environment variables: 
27:  CCACHE=/<<PKGBUILDDIR>>/obj-x86_64-linux-gnu/ccache
27:  EXIT_IF_SKIPPED=true
27: Test timeout computed to be: 10000000
27: Compiler:         gcc (/usr/bin/gcc)
27: Compiler version: Debian clang version 12.0.1-15
27: CUDA compiler:    not available
27: 
2: Running test suite base...................................................clang: warning: argument unused during compilation: '-fdiagnostics-color' [-Wunused-command-line-argument]
2: clang: warning: argument unused during compilation: '-fdiagnostics-color' [-Wunused-command-line-argument]
2: .................................
2: PASSED
24/44 Test  #2: test.base ........................   Passed   16.90 sec
test 28
      Start 28: test.profiling

28: Test command: /bin/bash "/<<PKGBUILDDIR>>/test/run" "profiling"
28: Environment variables: 
28:  CCACHE=/<<PKGBUILDDIR>>/obj-x86_64-linux-gnu/ccache
28:  EXIT_IF_SKIPPED=true
28: Test timeout computed to be: 10000000
28: Compiler:         gcc (/usr/bin/gcc)
28: Compiler version: Debian clang version 12.0.1-15
28: CUDA compiler:    not available
28: 
28: Skipped test suite profiling [llvm-profdatagcc tool not found]
25/44 Test #28: test.profiling ...................***Skipped   0.27 sec
test 29
      Start 29: test.profiling_clang

29: Test command: /bin/bash "/<<PKGBUILDDIR>>/test/run" "profiling_clang"
29: Environment variables: 
29:  CCACHE=/<<PKGBUILDDIR>>/obj-x86_64-linux-gnu/ccache
29:  EXIT_IF_SKIPPED=true
29: Test timeout computed to be: 10000000
29: Compiler:         gcc (/usr/bin/gcc)
29: Compiler version: Debian clang version 12.0.1-15
29: CUDA compiler:    not available
29: 
29: Skipped test suite profiling_clang [llvm-profdatagcc tool not found]
26/44 Test #29: test.profiling_clang .............***Skipped   0.22 sec
test 30
      Start 30: test.profiling_gcc

30: Test command: /bin/bash "/<<PKGBUILDDIR>>/test/run" "profiling_gcc"
30: Environment variables: 
30:  CCACHE=/<<PKGBUILDDIR>>/obj-x86_64-linux-gnu/ccache
30:  EXIT_IF_SKIPPED=true
30: Test timeout computed to be: 10000000
27: Running test suite pch...............
27: FAILED
27: 
27: Test suite:     pch (line 660)
27: Test case:      Create .pch, include file mtime changed
27: Failure reason: Expected direct_cache_hit to be 0, actual 1
27: 
27: Actual statistics counters
27: ==========================
27: autoconf_test                    0
27: bad_compiler_arguments           0
27: bad_output_file                  0
27: cache_miss                       1
27: cache_size_kibibyte              180
27: called_for_link                  0
27: called_for_preprocessing         0
27: cleanups_performed               0
27: compile_failed                   0
27: compiler_check_failed            0
27: compiler_produced_empty_output   0
27: compiler_produced_no_output      0
27: compiler_produced_stdout         0
27: could_not_find_compiler          0
27: could_not_use_modules            0
27: could_not_use_precompiled_header 0
27: direct_cache_hit                 1
27: direct_cache_miss                1
27: error_hashing_extra_file         0
27: files_in_cache                   2
27: internal_error                   0
27: missing_cache_file               0
27: multiple_source_files            0
27: no_input_file                    0
27: output_to_stdout                 0
27: preprocessed_cache_hit           0
27: preprocessed_cache_miss          1
27: preprocessor_error               0
27: primary_storage_hit              2
27: primary_storage_miss             2
27: recache                          0
27: secondary_storage_error          0
27: secondary_storage_hit            0
27: secondary_storage_miss           0
27: secondary_storage_timeout        0
27: unsupported_code_directive       0
27: unsupported_compiler_option      0
27: unsupported_source_language      0
27: 
27: Test data and log file have been left in testdir/2261 / testdir/failed
30: Compiler:         gcc (/usr/bin/gcc)
27/44 Test #27: test.pch .........................***Failed    7.74 sec
Compiler:         gcc (/usr/bin/gcc)
Compiler version: Debian clang version 12.0.1-15
CUDA compiler:    not available

Running test suite pch...............
FAILED

Test suite:     pch (line 660)
Test case:      Create .pch, include file mtime changed
Failure reason: Expected direct_cache_hit to be 0, actual 1

Actual statistics counters
==========================
autoconf_test                    0
bad_compiler_arguments           0
bad_output_file                  0
cache_miss                       1
cache_size_kibibyte              180
called_for_link                  0
called_for_preprocessing         0
cleanups_performed               0
compile_failed                   0
compiler_check_failed            0
compiler_produced_empty_output   0
compiler_produced_no_output      0
compiler_produced_stdout         0
could_not_find_compiler          0
could_not_use_modules            0
could_not_use_precompiled_header 0
direct_cache_hit                 1
direct_cache_miss                1
error_hashing_extra_file         0
files_in_cache                   2
internal_error                   0
missing_cache_file               0
multiple_source_files            0
no_input_file                    0
output_to_stdout                 0
preprocessed_cache_hit           0
preprocessed_cache_miss          1
preprocessor_error               0
primary_storage_hit              2
primary_storage_miss             2
recache                          0
secondary_storage_error          0
secondary_storage_hit            0
secondary_storage_miss           0
secondary_storage_timeout        0
unsupported_code_directive       0
unsupported_compiler_option      0
unsupported_source_language      0

Test data and log file have been left in testdir/2261 / testdir/failed

test 31
      Start 31: test.profiling_hip_clang

31: Test command: /bin/bash "/<<PKGBUILDDIR>>/test/run" "profiling_hip_clang"
31: Environment variables: 
31:  CCACHE=/<<PKGBUILDDIR>>/obj-x86_64-linux-gnu/ccache
31:  EXIT_IF_SKIPPED=true
31: Test timeout computed to be: 10000000
30: Compiler version: Debian clang version 12.0.1-15
30: CUDA compiler:    not available
30: 
30: Skipped test suite profiling_gcc [compiler is not GCC]
28/44 Test #30: test.profiling_gcc ...............***Skipped   0.22 sec
test 32
      Start 32: test.readonly

32: Test command: /bin/bash "/<<PKGBUILDDIR>>/test/run" "readonly"
32: Environment variables: 
32:  CCACHE=/<<PKGBUILDDIR>>/obj-x86_64-linux-gnu/ccache
32:  EXIT_IF_SKIPPED=true
32: Test timeout computed to be: 10000000
31: Compiler:         gcc (/usr/bin/gcc)
31: Compiler version: Debian clang version 12.0.1-15
31: CUDA compiler:    not available
31: 
32: Compiler:         gcc (/usr/bin/gcc)
32: Compiler version: Debian clang version 12.0.1-15
32: CUDA compiler:    not available
32: 
31: Skipped test suite profiling_hip_clang [Hip not supported]
29/44 Test #31: test.profiling_hip_clang .........***Skipped   0.27 sec
test 33
      Start 33: test.readonly_direct

33: Test command: /bin/bash "/<<PKGBUILDDIR>>/test/run" "readonly_direct"
33: Environment variables: 
33:  CCACHE=/<<PKGBUILDDIR>>/obj-x86_64-linux-gnu/ccache
33:  EXIT_IF_SKIPPED=true
33: Test timeout computed to be: 10000000
33: Compiler:         gcc (/usr/bin/gcc)
33: Compiler version: Debian clang version 12.0.1-15
33: CUDA compiler:    not available
33: 
32: Running test suite readonly...
32: PASSED
30/44 Test #32: test.readonly ....................   Passed    0.74 sec
test 34
      Start 34: test.sanitize_blacklist

34: Test command: /bin/bash "/<<PKGBUILDDIR>>/test/run" "sanitize_blacklist"
34: Environment variables: 
34:  CCACHE=/<<PKGBUILDDIR>>/obj-x86_64-linux-gnu/ccache
34:  EXIT_IF_SKIPPED=true
34: Test timeout computed to be: 10000000
33: Running test suite readonly_direct..
33: PASSED
31/44 Test #33: test.readonly_direct .............   Passed    0.64 sec
test 35
      Start 35: test.secondary_file

35: Test command: /bin/bash "/<<PKGBUILDDIR>>/test/run" "secondary_file"
35: Environment variables: 
35:  CCACHE=/<<PKGBUILDDIR>>/obj-x86_64-linux-gnu/ccache
35:  EXIT_IF_SKIPPED=true
35: Test timeout computed to be: 10000000
34: Compiler:         gcc (/usr/bin/gcc)
34: Compiler version: Debian clang version 12.0.1-15
34: CUDA compiler:    not available
34: 
35: Compiler:         gcc (/usr/bin/gcc)
35: Compiler version: Debian clang version 12.0.1-15
35: CUDA compiler:    not available
35: 
34: Running test suite sanitize_blacklist...
34: PASSED
32/44 Test #34: test.sanitize_blacklist ..........   Passed    0.99 sec
test 36
      Start 36: test.secondary_http

36: Test command: /bin/bash "/<<PKGBUILDDIR>>/test/run" "secondary_http"
36: Environment variables: 
36:  CCACHE=/<<PKGBUILDDIR>>/obj-x86_64-linux-gnu/ccache
36:  EXIT_IF_SKIPPED=true
36: Test timeout computed to be: 10000000
36: Compiler:         gcc (/usr/bin/gcc)
36: Compiler version: Debian clang version 12.0.1-15
36: CUDA compiler:    not available
36: 
36: Skipped test suite secondary_http [cannot execute /<<PKGBUILDDIR>>/test/http-server - Python 3 might be missing]
33/44 Test #36: test.secondary_http ..............***Skipped   0.25 sec
test 37
      Start 37: test.secondary_redis

37: Test command: /bin/bash "/<<PKGBUILDDIR>>/test/run" "secondary_redis"
37: Environment variables: 
37:  CCACHE=/<<PKGBUILDDIR>>/obj-x86_64-linux-gnu/ccache
37:  EXIT_IF_SKIPPED=true
37: Test timeout computed to be: 10000000
22: Running test suite nocpp2...................................................clang: warning: argument unused during compilation: '-fdiagnostics-color' [-Wunused-command-line-argument]
22: clang: warning: argument unused during compilation: '-fdiagnostics-color' [-Wunused-command-line-argument]
37: Compiler:         gcc (/usr/bin/gcc)
37: Compiler version: Debian clang version 12.0.1-15
37: CUDA compiler:    not available
37: 
37: Skipped test suite secondary_redis [redis-server not found]
34/44 Test #37: test.secondary_redis .............***Skipped   0.24 sec
test 38
      Start 38: test.secondary_url

38: Test command: /bin/bash "/<<PKGBUILDDIR>>/test/run" "secondary_url"
38: Environment variables: 
38:  CCACHE=/<<PKGBUILDDIR>>/obj-x86_64-linux-gnu/ccache
38:  EXIT_IF_SKIPPED=true
38: Test timeout computed to be: 10000000
38: Compiler:         gcc (/usr/bin/gcc)
38: Compiler version: Debian clang version 12.0.1-15
38: CUDA compiler:    not available
38: 
38: Running test suite secondary_url....
38: PASSED
35/44 Test #38: test.secondary_url ...............   Passed    0.30 sec
test 39
      Start 39: test.serialize_diagnostics

39: Test command: /bin/bash "/<<PKGBUILDDIR>>/test/run" "serialize_diagnostics"
39: Environment variables: 
39:  CCACHE=/<<PKGBUILDDIR>>/obj-x86_64-linux-gnu/ccache
39:  EXIT_IF_SKIPPED=true
39: Test timeout computed to be: 10000000
39: Compiler:         gcc (/usr/bin/gcc)
39: Compiler version: Debian clang version 12.0.1-15
39: CUDA compiler:    not available
39: 
35: Running test suite secondary_file........
35: PASSED
36/44 Test #35: test.secondary_file ..............   Passed    2.12 sec
test 40
      Start 40: test.source_date_epoch

40: Test command: /bin/bash "/<<PKGBUILDDIR>>/test/run" "source_date_epoch"
40: Environment variables: 
40:  CCACHE=/<<PKGBUILDDIR>>/obj-x86_64-linux-gnu/ccache
40:  EXIT_IF_SKIPPED=true
40: Test timeout computed to be: 10000000
40: Compiler:         gcc (/usr/bin/gcc)
40: Compiler version: Debian clang version 12.0.1-15
40: CUDA compiler:    not available
40: 
40: Skipped test suite source_date_epoch [SOURCE_DATE_EPOCH not supported by compiler]
37/44 Test #40: test.source_date_epoch ...........***Skipped   0.26 sec
test 41
      Start 41: test.split_dwarf

41: Test command: /bin/bash "/<<PKGBUILDDIR>>/test/run" "split_dwarf"
41: Environment variables: 
41:  CCACHE=/<<PKGBUILDDIR>>/obj-x86_64-linux-gnu/ccache
41:  EXIT_IF_SKIPPED=true
41: Test timeout computed to be: 10000000
39: Running test suite serialize_diagnostics...
39: PASSED
38/44 Test #39: test.serialize_diagnostics .......   Passed    0.83 sec
test 42
      Start 42: test.stats_log

42: Test command: /bin/bash "/<<PKGBUILDDIR>>/test/run" "stats_log"
42: Environment variables: 
42:  CCACHE=/<<PKGBUILDDIR>>/obj-x86_64-linux-gnu/ccache
42:  EXIT_IF_SKIPPED=true
42: Test timeout computed to be: 10000000
11: Running test suite direct....................................................
11: PASSED
39/44 Test #11: test.direct ......................   Passed   17.40 sec
test 43
      Start 43: test.trim_dir

43: Test command: /bin/bash "/<<PKGBUILDDIR>>/test/run" "trim_dir"
43: Environment variables: 
43:  CCACHE=/<<PKGBUILDDIR>>/obj-x86_64-linux-gnu/ccache
43:  EXIT_IF_SKIPPED=true
43: Test timeout computed to be: 10000000
41: Compiler:         gcc (/usr/bin/gcc)
41: Compiler version: Debian clang version 12.0.1-15
41: CUDA compiler:    not available
41: 
42: Compiler:         gcc (/usr/bin/gcc)
41: Skipped test suite split_dwarf [-gsplit-dwarf not supported by compiler]
40/44 Test #41: test.split_dwarf .................***Skipped   0.28 sec
test 44
      Start 44: test.upgrade

44: Test command: /bin/bash "/<<PKGBUILDDIR>>/test/run" "upgrade"
44: Environment variables: 
44:  CCACHE=/<<PKGBUILDDIR>>/obj-x86_64-linux-gnu/ccache
44:  EXIT_IF_SKIPPED=true
44: Test timeout computed to be: 10000000
42: Compiler version: Debian clang version 12.0.1-15
42: CUDA compiler:    not available
42: 
43: Compiler:         gcc (/usr/bin/gcc)
43: Compiler version: Debian clang version 12.0.1-15
43: CUDA compiler:    not available
43: 
42: Running test suite stats_log.
42: PASSED
41/44 Test #42: test.stats_log ...................   Passed    0.36 sec
43: Running test suite trim_dir..
43: PASSED
44: Compiler:         gcc (/usr/bin/gcc)
42/44 Test #43: test.trim_dir ....................   Passed    0.29 sec
44: Compiler version: Debian clang version 12.0.1-15
44: CUDA compiler:    not available
44: 
44: Running test suite upgrade.....
44: PASSED
43/44 Test #44: test.upgrade .....................   Passed    0.30 sec
22: .................................
22: PASSED
44/44 Test #22: test.nocpp2 ......................   Passed   15.75 sec

95% tests passed, 2 tests failed out of 44

Total Test time (real) =  24.22 sec

The following tests did not run:
	 12 - test.direct_gcc (Skipped)
	 13 - test.fileclone (Skipped)
	 16 - test.input_charset (Skipped)
	 20 - test.multi_arch (Skipped)
	 23 - test.nvcc (Skipped)
	 24 - test.nvcc_direct (Skipped)
	 25 - test.nvcc_ldir (Skipped)
	 26 - test.nvcc_nocpp2 (Skipped)
	 28 - test.profiling (Skipped)
	 29 - test.profiling_clang (Skipped)
	 30 - test.profiling_gcc (Skipped)
	 31 - test.profiling_hip_clang (Skipped)
	 36 - test.secondary_http (Skipped)
	 37 - test.secondary_redis (Skipped)
	 40 - test.source_date_epoch (Skipped)
	 41 - test.split_dwarf (Skipped)

The following tests FAILED:
	  6 - test.color_diagnostics (Failed)
	 27 - test.pch (Failed)
Errors while running CTest
make[1]: *** [Makefile:139: test] Error 8
make[1]: Leaving directory '/<<PKGBUILDDIR>>/obj-x86_64-linux-gnu'
dh_auto_test: error: cd obj-x86_64-linux-gnu && make -j4 test ARGS\+=--verbose ARGS\+=-j4 returned exit code 2
make: *** [debian/rules:7: build] Error 25
dpkg-buildpackage: error: debian/rules build subprocess returned exit status 2
--------------------------------------------------------------------------------
Build finished at 2021-10-26T22:11:21Z

Finished
--------


+------------------------------------------------------------------------------+
| Cleanup                                                                      |
+------------------------------------------------------------------------------+

Purging /<<BUILDDIR>>
Not cleaning session: cloned chroot in use
E: Build failure (dpkg-buildpackage died)

+------------------------------------------------------------------------------+
| Summary                                                                      |
+------------------------------------------------------------------------------+

Build Architecture: amd64
Build Type: binary
Build-Space: 156628
Build-Time: 101
Distribution: unstable
Fail-Stage: build
Host Architecture: amd64
Install-Time: 9
Job: ccache_4.4.2-1
Machine Architecture: amd64
Package: ccache
Package-Time: 132
Source-Version: 4.4.2-1
Space: 156628
Status: attempted
Version: 4.4.2-1
--------------------------------------------------------------------------------
Finished at 2021-10-26T22:11:21Z
Build needed 00:02:12, 156628k disk space
E: Build failure (dpkg-buildpackage died)
DC-Status: Failed 133.51555674s
